2ff0
fe85
0007
0000
0000
0001
c9f9
d73d
7f75
0000
0010
0000
0000
0000
0010
0000
0b70
fe85
0007
0000
0000
0000
0010
0000
0000
0000
0010
0000
0000
0000
0010
0000
03a0
0e8f
0100
0000
108f
0001
0000
0000
0010
128f
0001
0000
0000
0000
0000
0010
0040
1c8f
0010
0000
0000
0000
0010
0000
0000
0000
0010
0000
0000
0000
0010
0000
2ff0
188f
8450
4a13
0000
1a8f
017f
0000
0000
0001
d241
d73d
7f75
0000
5a8f
0015
0000
249f
008b
00ac
0000
268f
00cc
000a
0000
808f
0000
1c40
0000
828f
7f49
8000
849f
0000
00d0
868f
4fac
00ea
0000
888f
0680
11e0
0000
8a8f
7f49
0000
0010
0000
0ab0
008f
0425
0000
0010
0000
0000
0000
0010
0000
0000
0000
0010
0000
0000
0000
0050
01c3
1020
0010
0000
0000
0000
0010
81c3
1020
0000
0000
0000
41c3
1020
0010
c1c3
1020
0000
0010
0000
0000
0203
1020
0000
0010
0000
0000
0000
0010
8203
1020
4203
1020
0010
c203
1020
0000
0000
0010
0000
0000
0243
1020
0000
0010
0000
0000
8253
1020
0000
4243
1020
0010
0000
c243
1020
0000
0000
0010
0000
0000
0283
1020
0020
8283
1020
0000
0000
4283
1020
0010
0000
c283
1020
0000
0000
0010
0000
0000
82d3
1020
0000
42c3
1020
0010
0000
c2c3
1020
0000
0000
0010
0000
0000
02c3
1020
0020
8303
1020
0000
0000
4303
1020
0010
0000
c303
1020
0000
0000
0010
0000
0000
0303
1020
0010
0000
0000
0000
0010
8003
1020
0000
0000
0000
4003
1020
0010
0000
c003
1020
0000
0010
0000
0000
0003
1020
0000
0010
0000
0000
0000
0010
8043
1020
4043
1020
0010
c043
1020
0000
0000
0010
0000
0000
0043
1020
0000
0010
0000
0000
8093
1020
0000
4083
1020
0010
0000
c083
1020
0000
0000
0010
0000
0000
0083
1020
0020
80c3
1020
0000
0000
40c3
1020
0010
0000
c0c3
1020
0000
0000
0010
0000
0000
00c3
1020
0010
0000
0000
0000
0010
8103
1020
0000
0000
0000
4103
1020
0010
0000
c103
1020
0000
0010
0000
0000
0103
1020
0000
0010
0000
0000
0000
0010
8143
1020
4143
1020
0010
c143
1020
0000
0000
0010
0000
0000
0143
1020
0000
0010
0000
0000
8193
1020
0000
4183
1020
0010
0000
c183
1020
0000
0000
0010
0000
0000
0183
1020
0020
85c3
3020
0000
0000
45c3
3020
0010
0000
c5c3
3020
0000
0000
0010
0000
0000
05c3
3020
0010
0000
0000
0000
0010
8603
3020
0000
0000
0000
4603
3020
0010
0000
c603
3020
0000
0010
0000
0000
0603
3020
0000
0010
0000
0000
0000
0010
8643
3020
4643
3020
0010
c643
3020
0000
0000
0010
0000
0000
0643
3020
0000
0010
0000
0000
0540
fe85
0007
0000
0000
0010
0000
0000
0000
0010
0000
0000
0000
0010
0000
0000
0580
024d
0000
0000
0010
022d
0000
0000
024d
0000
0000
026d
0000
040a
0000
020d
0000
023d
0000
0000
024d
0000
020a
0000
026d
0000
040a
0000
020d
0000
060a
0010
022d
0000
000a
024d
0000
020a
0000
026d
0000
040a
0000
020d
0000
060a
0010
022d
0000
000a
024d
0000
020a
0000
026d
0000
040a
0000
020d
0000
060a
2c0a
0010
022d
0000
000a
024d
0000
020a
0000
026d
0000
2a0a
0000
020d
0000
060a
2c0a
0010
022d
0000
000a
2e0a
024d
0000
280a
0000
026d
0000
2a0a
0000
020d
0000
2c0a
0010
022d
0000
2e0a
280a
0000
026d
0000
2a0a
0000
020d
0000
0010
2e0a
0000
280a
0000
0000
2ff0
034d
0000
0000
0001
e3de
d73d
7f75
0000
032d
0000
0010
024d
0000
0000
036d
0000
030d
0000
0000
022d
0000
0010
024d
0000
0000
026d
0000
0c0a
0000
020d
0000
022d
0000
025d
0000
0a0a
0000
026d
0000
0c0a
0000
020d
0000
0e0a
0000
022d
0000
080a
025d
0000
0a0a
0000
026d
0000
0c0a
0000
020d
0000
0e0a
0000
022d
0000
080a
025d
0000
0a0a
026d
0000
0c0a
0000
020d
0000
0e0a
0000
022d
0000
080a
0010
024d
0000
0a0a
026d
0000
0c0a
0000
020d
0000
0e0a
0000
022d
0000
080a
0010
024d
0000
0a0a
026d
0000
0c0a
0000
020d
0000
0e0a
0000
022d
0000
080a
0010
024d
0000
0a0a
026d
0000
0c0a
020d
0000
0e0a
0000
022d
0000
080a
0010
024d
0000
0a0a
0000
026d
0000
0c0a
020d
0000
0e0a
2c0a
0000
022d
0000
080a
0010
024d
0000
0a0a
0000
026d
0000
2a0a
020d
0000
0e0a
2c0a
0000
022d
0000
080a
2e0a
0010
024d
0000
280a
0000
026d
0000
2a0a
020d
0000
940a
0000
022d
0000
2e0a
0010
024d
0000
280a
0000
026d
0000
920a
020d
0000
940a
0000
022d
0000
960a
0010
024d
0000
900a
0000
026d
0000
920a
020d
0000
0000
022d
0000
960a
0010
900a
0000
026d
0000
0000
020d
0000
0000
0020
2c0a
0010
024d
0000
0000
2a0a
0000
940a
0000
022d
0000
2e0a
0010
024d
0000
280a
026d
0000
920a
0000
020d
0000
0000
022d
0000
960a
0010
024d
0000
900a
0000
026d
0000
0c0a
020d
0000
0000
022d
0000
0010
024d
0000
0a0a
0000
026d
0000
0c0a
020d
0000
0e0a
940a
022d
0000
080a
0010
024d
0000
0a0a
0000
026d
0000
920a
0000
020d
0000
0e0a
2c0a
022d
0000
080a
960a
0010
024d
0000
900a
0000
026d
0000
2a0a
020d
0000
022d
0000
2e0a
0010
024d
0000
280a
0000
026d
0000
0c0a
0000
020d
0000
022d
0000
025d
0000
0a0a
0000
026d
0000
0c0a
0000
020d
0000
0e0a
0000
022d
0000
080a
025d
0000
0a0a
0000
026d
0000
0c0a
0000
020d
0000
0e0a
2c0a
0000
022d
0000
080a
0a1a
0000
026d
0000
2a0a
0000
020d
0000
0e0a
0000
080a
2e0a
0010
280a
0000
0030
024d
0000
0000
0000
022d
0000
0010
024d
0000
0000
026d
0000
0c0a
0000
020d
0000
022d
0000
0010
024d
0000
0a0a
0000
026d
0000
0c0a
0000
020d
0000
0e0a
0000
022d
0000
080a
025d
0000
0a0a
0000
026d
0000
0c0a
0000
020d
0000
0e0a
0000
022d
0000
080a
025d
0000
0a0a
0000
026d
0000
0c0a
0000
020d
0000
0e0a
0000
022d
0000
080a
025d
0000
0a0a
0000
026d
0000
0c0a
0000
020d
0000
0e0a
0000
022d
0000
080a
025d
0000
0a0a
026d
0000
0c0a
0000
020d
0000
0e0a
0000
022d
0000
080a
0010
024d
0000
0a0a
026d
0000
0c0a
0000
020d
0000
0e0a
0000
022d
0000
080a
0010
024d
0000
0a0a
026d
0000
0c0a
0000
020d
0000
0e0a
0000
022d
0000
080a
0010
024d
0000
0a0a
026d
0000
0c0a
020d
0000
0e0a
0000
022d
0000
080a
0010
0a0a
0000
026d
0000
0c0a
020d
0000
0e0a
080a
0010
0a0a
0000
0000
0e0a
0000
080a
0010
0000
0000
0000
0010
0460
024d
0000
0000
0000
0010
024d
0000
0000
0c0a
0000
0000
0010
024d
0000
0000
0c0a
0000
0010
024d
0000
0000
0c0a
0000
0000
0010
024d
0000
0000
0c0a
0000
0000
025d
0000
0c0a
0000
940a
0000
0010
024d
0000
0000
0000
0000
0010
024d
0000
0000
0c0a
940a
0000
0010
024d
0000
0000
0000
940a
0000
0010
024d
0000
0000
0000
2c0a
025d
0000
940a
0000
0010
024d
0000
0000
0000
2c0a
0000
0010
0000
0000
0000
0010
0580
022d
0000
0010
026d
0000
0000
020d
0000
0000
022d
0000
0010
0a0a
0000
026d
0000
020d
0000
0e0a
0000
022d
0000
080a
0010
024d
0000
0a0a
0000
026d
0000
0000
020d
0000
0e0a
2c0a
022d
0000
080a
0010
024d
0000
0a0a
0000
026d
0000
0000
020d
0000
0e0a
2c0a
022d
0000
080a
0010
024d
0000
0a0a
0000
026d
0000
0000
020d
0000
0e0a
2c0a
022d
0000
080a
0010
024d
0000
0a0a
0000
026d
0000
920a
0000
020d
0000
0e0a
2c0a
022d
0000
080a
960a
0010
024d
0000
900a
0000
026d
0000
0000
020d
0000
940a
022d
0000
0010
024d
0000
0a0a
0000
026d
0000
920a
0000
020d
0000
0e0a
2c0a
022d
0000
080a
960a
901a
0000
026d
0000
920a
0000
020d
0000
0000
022d
0000
960a
901a
026d
0000
2a0a
0000
020d
0000
0000
022d
0000
2e0a
0010
024d
0000
280a
0000
026d
0000
920a
020d
0000
0000
022d
0000
960a
0010
024d
0000
900a
0000
026d
0000
0c0a
2a0a
020d
0000
2c0a
0000
022d
0000
2e0a
0010
024d
0000
280a
0000
026d
0000
2a0a
020d
0000
940a
0000
022d
0000
2e0a
0010
024d
0000
280a
0000
026d
0000
2a0a
020d
0000
940a
022d
0000
2e0a
0010
280a
0000
026d
0000
2a0a
0000
020d
0000
0000
022d
0000
2e0a
281a
0000
026d
0000
2a0a
0000
020d
0000
0000
022d
0000
2e0a
0010
024d
0000
280a
026d
0000
920a
0000
020d
0000
0000
022d
0000
960a
0010
024d
0000
900a
026d
0000
0c0a
2a0a
0000
020d
0000
2c0a
0000
2e0a
0010
024d
0000
280a
0000
2c0a
0010
0000
0000
0000
022d
0000
0010
0000
026d
0000
0000
020d
0000
0000
022d
0000
0a1a
0000
026d
0000
2a0a
0000
020d
0000
0e0a
0000
022d
0000
080a
2e0a
0010
280a
026d
0000
920a
0000
020d
0000
0000
022d
0000
960a
0010
900a
0000
026d
0000
920a
020d
0000
0000
960a
0010
900a
0000
0000
0000
0010
0000
0000
0000
022d
0000
027d
0000
020d
0000
022d
0000
0010
0a0a
0000
026d
0000
2a0a
0000
020d
0000
0e0a
022d
0000
080a
2e0a
281a
0000
026d
0000
2a0a
0000
020d
0000
0000
2e0a
0010
280a
0ee0
024d
0000
026d
0000
0000
2c0a
0000
022d
0000
2e0a
0010
024d
0000
0000
026d
0000
2a0a
020d
0000
0000
022d
0000
0010
024d
0000
280a
0000
026d
0000
0c0a
0000
020d
0000
0e0a
2c0a
022d
0000
2e0a
0010
024d
0000
0a0a
0000
026d
0000
2a0a
0000
020d
0000
940a
022d
0000
080a
960a
0010
024d
0000
280a
0000
026d
0000
920a
0000
020d
0000
2c0a
022d
0000
2e0a
0010
024d
0000
900a
0000
026d
0000
2a0a
0000
020d
0000
2c0a
022d
0000
2e0a
0010
024d
0000
280a
0000
026d
0000
2a0a
0000
020d
0000
2c0a
022d
0000
2e0a
0010
024d
0000
280a
0000
026d
0000
2a0a
0000
020d
0000
2c0a
022d
0000
2e0a
025d
0000
280a
0000
026d
0000
2a0a
0000
020d
0000
940a
0000
022d
0000
960a
025d
0000
280a
0000
026d
0000
920a
0000
020d
0000
2c0a
0000
022d
0000
2e0a
025d
0000
900a
0000
026d
0000
2a0a
0000
020d
0000
2c0a
0000
022d
0000
2e0a
025d
0000
280a
026d
0000
2a0a
0000
020d
0000
2c0a
0000
022d
0000
2e0a
0010
024d
0000
280a
026d
0000
2a0a
0000
020d
0000
2c0a
0000
022d
0000
2e0a
0010
280a
0000
2a0a
020d
0000
0000
0010
280a
0000
0000
0000
0010
014d
0000
0000
016d
0000
0000
012d
0000
0010
0000
010d
0000
0000
0010
024d
0000
0000
740a
0000
0000
0010
024d
0000
740a
0000
0000
0010
024d
0000
0000
740a
0000
0000
0010
024d
0000
0000
026d
0000
2c0a
760a
0000
0010
024d
0000
0000
026d
0000
0000
2c0a
760a
0000
0010
024d
0000
026d
0000
0000
020d
0000
2c0a
760a
0000
700a
0010
024d
0000
0000
026d
0000
020d
0000
2c0a
2e0a
700a
0010
024d
0000
0000
026d
0000
0000
020d
0000
2c0a
0000
2e0a
700a
025d
0000
0000
026d
0000
0000
020d
0000
2c0a
0000
022d
0000
2e0a
0010
024d
0000
280a
720a
026d
0000
0000
020d
0000
2c0a
0000
022d
0000
2e0a
0010
024d
0000
280a
720a
026d
0000
0000
020d
0000
2c0a
0000
022d
0000
2e0a
0010
024d
0000
280a
720a
026d
0000
0000
020d
0000
2c0a
0000
022d
0000
2e0a
0010
024d
0000
280a
026d
0000
2a0a
020d
0000
2c0a
0000
022d
0000
2e0a
0010
280a
0000
026d
0000
2a0a
020d
0000
022d
0000
2e0a
0010
280a
0000
026d
0000
2a0a
0000
020d
0000
0000
022d
0000
2e0a
281a
0000
026d
0000
2a0a
0000
020d
0000
0000
022d
0000
2e0a
0010
280a
2a0a
020d
0000
0000
022d
0000
0010
280a
0000
2a0a
0000
020d
0000
0000
022d
0000
281a
2a0a
0000
0000
022d
0000
0010
0000
2a0a
0000
0000
022d
0000
0010
0000
2a0a
022d
0000
2a1a
0000
0000
0010
0000
0000
0000
0010
0000
0000
0000
0010
0000
0000
09c0
024d
0000
0000
940a
0000
0010
024d
0000
0000
0000
940a
0000
0010
024d
0000
2c0a
025d
0000
0000
0000
2c0a
0000
0010
024d
0000
0000
0000
2c0a
0000
0010
024d
0000
0000
0000
0010
024d
0000
0000
0c0a
0000
2c0a
0000
0010
024d
0000
0000
0000
2c0a
0010
024d
0000
0000
0000
2c0a
0000
0010
024d
0000
0000
0000
2c0a
0000
0010
024d
0000
0000
2c0a
0000
0010
024d
0000
0000
0000
2c0a
0000
0010
024d
0000
0000
025d
0000
0c0a
0000
940a
0000
0010
0000
026d
0000
0000
020d
0000
0000
022d
0000
960a
901a
0000
026d
0000
920a
0000
020d
0000
0000
022d
0000
960a
0010
900a
0000
026d
0000
920a
020d
0000
022d
0000
2e0a
281a
026d
0000
2a0a
020d
0000
022d
0000
2e0a
281a
0000
026d
0000
2a0a
0000
020d
0000
0000
022d
0000
2e0a
0010
280a
0000
026d
0000
2a0a
020d
0000
0000
022d
0000
0010
0000
026d
0000
0000
020d
0000
0e0a
022d
0000
080a
2e0a
0a1a
280a
0000
026d
0000
2a0a
0000
020d
0000
0000
022d
0000
2e0a
281a
0000
026d
0000
2a0a
0000
020d
0000
0000
022d
0000
2e0a
0010
280a
0000
026d
0000
2a0a
020d
0000
0000
022d
0000
2e0a
0010
280a
0000
026d
0000
2a0a
0000
020d
0000
022d
0000
2e0a
0010
280a
0000
026d
0000
2a0a
0000
020d
0000
0000
022d
0000
2e0a
281a
0000
026d
0000
2a0a
0000
020d
0000
0000
022d
0000
0010
0000
026d
0000
020d
0000
0e0a
0000
022d
0000
080a
960a
0010
0a0a
900a
0000
920a
0000
0000
0fc0
034d
0000
0000
0000
0010
024d
0000
0000
0000
0000
0010
0000
0000
0000
0010
340a
0000
0010
0000
0000
0000
0010
0000
0000
0000
0010
0000
0000
0000
0010
0000
0460
034d
0000
0000
0000
0010
024d
0000
0000
0000
0000
0010
0000
0000
0000
0010
0020
340a
0000
0010
034d
0000
0000
0000
0000
0010
024d
0000
0000
0000
0000
0010
0030
340a
0000
0010
024d
0000
0000
640a
0000
0000
0010
0000
0000
0000
0010
0000
0130
036d
0000
0000
0010
0000
026d
0000
0000
0000
0010
0000
0000
0000
0010
0000
360a
0010
0000
036d
0000
0000
0000
0010
0000
026d
0000
0000
0000
0010
0000
0000
0030
360a
0010
0000
036d
0000
0000
0000
0010
0000
026d
0000
0000
0000
0010
0000
031d
0000
0010
0000
0000
020d
0000
0000
0010
0000
0000
360a
0000
0010
0000
026d
0000
660a
0000
300a
0010
0000
0000
030d
0000
0000
0010
0000
0000
020d
0000
0000
0040
300a
0010
0000
030d
0000
0000
0010
0000
0000
020d
0000
0000
0010
0000
0000
033d
0000
0010
0000
0000
012d
0000
0010
0000
0000
0000
300a
0010
0000
0000
020d
0000
600a
0010
0000
0000
0000
0010
0000
0000
0000
022d
0000
0010
0000
0000
0000
0020
320a
0000
0000
0010
0000
0000
0000
0010
0000
0000
0000
0010
0000
0000
0000
0060
024d
0000
026d
0000
0000
020d
0000
0000
0010
024d
0000
0000
026d
0000
0c0a
020d
0000
0e0a
940a
080a
960a
0010
024d
0000
900a
0000
026d
0000
0000
020d
0000
025d
0000
026d
0000
0c0a
020d
0000
0e0a
e40a
0000
080a
e60a
0010
024d
0000
e00a
026d
0000
020d
0000
e40a
0000
e60a
0010
e00a
0000
0000
0000
0010
0000
0000
0000
0030
024d
0000
026d
0000
0000
020d
0000
e40a
0000
e60a
0010
024d
0000
e00a
0000
026d
0000
020d
0000
e40a
0000
e60a
0010
024d
0000
e00a
0000
026d
0000
0000
020d
0000
940a
960a
0010
024d
0000
900a
0000
026d
0000
6c0a
0000
020d
0000
6e0a
0000
680a
025d
0000
0000
026d
0000
0000
020d
0000
0000
0010
0000
0c0a
0000
0e0a
0000
080a
0010
0000
0000
0010
0000
0000
0000
0010
024d
0000
0000
026d
0000
0000
020d
0000
0010
024d
0000
0000
026d
0000
0c0a
0000
020d
0000
0e0a
0000
080a
0010
024d
0000
026d
0000
0c0a
0000
020d
0000
0e0a
0000
080a
0010
024d
0000
0000
026d
0000
0c0a
020d
0000
0e0a
0000
080a
0010
024d
0000
0000
026d
0000
0c0a
0000
020d
0000
0e0a
940a
080a
960a
0010
024d
0000
900a
0000
026d
0000
0000
020d
0000
940a
0000
960a
901a
0000
0000
0000
0010
0000
0000
0000
0010
0000
0000
0000
0010
0000
0000
05c0
024d
0000
026d
0000
0000
020d
0000
2c0a
0000
2e0a
0010
024d
0000
280a
0000
026d
0000
020d
0000
940a
0000
960a
0010
024d
0000
900a
0000
026d
0000
0000
020d
0000
940a
960a
0010
024d
0000
900a
0000
026d
0000
0000
020d
0000
940a
0000
960a
025d
0000
900a
026d
0000
0000
020d
0000
0000
0010
024d
0000
0000
026d
0000
0c0a
020d
0000
0e0a
2c0a
080a
2e0a
0010
024d
0000
280a
0000
026d
0000
0000
020d
0000
2c0a
2e0a
0010
024d
0000
280a
0000
026d
0000
0000
020d
0000
2c0a
0000
2e0a
0010
024d
0000
280a
026d
0000
0000
020d
0000
2c0a
0000
2e0a
0010
024d
0000
280a
0000
026d
0000
020d
0000
2c0a
0000
2e0a
0010
024d
0000
280a
0000
026d
0000
0000
020d
0000
2c0a
2e0a
0010
024d
0000
280a
0000
026d
0000
0000
020d
0000
2c0a
0000
2e0a
025d
0000
280a
026d
0000
0000
020d
0000
2c0a
0000
2e0a
0010
280a
0000
0000
0000
00b0
024d
0000
026d
0000
0000
020d
0000
2c0a
0000
2e0a
0010
024d
0000
280a
0000
026d
0000
020d
0000
2c0a
0000
2e0a
0010
024d
0000
280a
0000
026d
0000
0000
020d
0000
2c0a
2e0a
0010
024d
0000
280a
0000
026d
0000
0000
020d
0000
2c0a
0000
2e0a
025d
0000
280a
026d
0000
0000
020d
0000
2c0a
0000
2e0a
0010
024d
0000
280a
0000
026d
0000
020d
0000
2c0a
0000
2e0a
0010
024d
0000
280a
0000
026d
0000
0000
020d
0000
2c0a
2e0a
0010
024d
0000
280a
0000
026d
0000
0000
020d
0000
2c0a
0000
2e0a
025d
0000
280a
026d
0000
0000
020d
0000
2c0a
0000
2e0a
0010
024d
0000
280a
0000
026d
0000
020d
0000
2c0a
0000
2e0a
0010
024d
0000
280a
0000
026d
0000
0000
020d
0000
2c0a
2e0a
0010
024d
0000
280a
0000
026d
0000
0000
020d
0000
2c0a
0000
2e0a
025d
0000
280a
026d
0000
0000
020d
0000
2c0a
0000
2e0a
0010
280a
0000
0000
0000
0040
024d
0000
026d
0000
0000
020d
0000
0000
0010
024d
0000
0000
026d
0000
0c0a
020d
0000
0e0a
2c0a
080a
2e0a
0010
024d
0000
280a
0000
026d
0000
0000
020d
0000
2c0a
2e0a
0010
280a
0000
0000
0000
0010
0000
0000
0000
0010
0000
0000
0000
0010
00c0
032d
0000
0010
0000
0000
022d
0000
0010
0000
0000
0000
0010
0000
0000
0000
0030
320a
0000
0000
032d
0000
0010
0000
0000
0000
022d
0000
0010
0000
0000
0000
0040
320a
0000
0000
022d
0000
0010
620a
0000
0000
0000
0010
0000
0000
0000
0010
0020
022d
0000
0010
0000
0000
022d
0000
0010
0a0a
0000
920a
0000
0000
022d
0000
023d
0000
0a1a
0000
e20a
0000
0000
022d
0000
0010
0000
e20a
0000
0000
022d
0000
e21a
022d
0000
0010
0000
e20a
0000
0000
022d
0000
0010
0000
920a
0000
0000
022d
0000
6a1a
0000
0000
0000
022d
0000
0010
0000
0000
0000
0010
0a0a
0000
0000
0000
0020
022d
0000
0010
0000
0000
022d
0000
0010
0a0a
0000
0000
0000
022d
0000
0010
0a0a
0000
0000
022d
0000
0010
0a0a
0000
0000
0000
022d
0000
0010
0a0a
0000
920a
022d
0000
921a
0000
0000
022d
0000
0010
0000
2a0a
0000
0000
022d
0000
0010
0000
920a
0000
022d
0000
0010
0000
920a
0000
0000
022d
0000
0010
0000
920a
0000
0000
022d
0000
025d
0000
0000
026d
0000
0000
020d
0000
2c0a
0000
022d
0000
2e0a
0010
024d
0000
0a0a
280a
026d
0000
2a0a
0000
020d
0000
0000
022d
0000
0010
024d
0000
026d
0000
8c0a
2a0a
020d
0000
8e0a
940a
0000
022d
0000
880a
960a
0010
024d
0000
900a
026d
0000
2a0a
0000
020d
0000
940a
0000
022d
0000
960a
0010
900a
0000
2a0a
022d
0000
2a1a
0000
0000
022d
0000
0010
0000
2a0a
0000
0000
022d
0000
0010
024d
0000
026d
0000
2a0a
0000
020d
0000
0000
022d
0000
0010
024d
0000
0000
026d
0000
0c0a
2a0a
020d
0000
0e0a
0000
022d
0000
080a
0010
024d
0000
0000
026d
0000
0c0a
2a0a
020d
0000
0e0a
940a
0000
022d
0000
080a
960a
0010
024d
0000
900a
0000
026d
0000
2a0a
020d
0000
940a
0000
022d
0000
960a
0010
024d
0000
900a
0000
026d
0000
2a0a
020d
0000
940a
0000
022d
0000
960a
0010
900a
0000
2a0a
0000
0000
022d
0000
2a1a
022d
0000
0010
0000
2a0a
0000
0000
022d
0000
0010
0000
2a0a
0000
0000
022d
0000
0010
2a0a
0000
0000
022d
0000
0010
0000
2a0a
0000
0000
022d
0000
0010
0000
2a0a
0000
022d
0000
0010
0000
2a0a
0000
0000
022d
0000
0010
0000
2a0a
0000
0000
022d
0000
0010
2a0a
0000
0000
0010
0000
0000
0000
0010
0000
0000
0000
0010
0000
023d
0000
025d
0000
0000
026d
0000
0000
020d
0000
940a
0000
022d
0000
960a
0010
024d
0000
0a0a
900a
026d
0000
2a0a
0000
020d
0000
940a
0000
022d
0000
960a
0010
024d
0000
900a
026d
0000
2a0a
0000
020d
0000
940a
0000
022d
0000
960a
0010
024d
0000
900a
026d
0000
2a0a
0000
020d
0000
940a
0000
022d
0000
960a
0010
900a
0000
022d
0000
025d
0000
8a0a
026d
0000
920a
0000
020d
0000
940a
0000
022d
0000
960a
025d
0000
900a
026d
0000
920a
0000
020d
0000
940a
0000
960a
0010
024d
0000
900a
026d
0000
020d
0000
940a
0000
960a
0010
024d
0000
900a
0000
026d
0000
0000
020d
0000
940a
960a
0010
900a
0000
0000
0000
022d
0000
0010
0000
0000
0000
022d
0000
0a1a
0000
0000
022d
0000
0010
0a0a
0000
920a
0000
0000
022d
0000
0010
0000
920a
022d
0000
921a
0000
0000
022d
0000
0010
0000
920a
0000
0000
022d
0000
0010
0000
920a
0000
022d
0000
0010
0000
920a
0000
0000
022d
0000
0010
0000
920a
0000
0000
023d
0000
0010
920a
0000
0000
022d
0000
0010
0000
920a
0000
0000
022d
0000
0010
920a
0000
022d
0000
0010
0000
920a
0000
0000
0010
0000
0000
0000
0010
0000
0000
03f0
024d
0000
026d
0000
0000
020d
0000
940a
0000
960a
0010
024d
0000
900a
0000
026d
0000
020d
0000
940a
0000
022d
0000
960a
0010
024d
0000
900a
0000
026d
0000
920a
020d
0000
940a
0000
022d
0000
960a
0010
024d
0000
900a
0000
026d
0000
920a
020d
0000
940a
022d
0000
960a
0010
900a
0000
920a
0000
0000
022d
0000
0010
024d
0000
026d
0000
920a
0000
020d
0000
940a
0000
960a
0010
024d
0000
900a
0000
026d
0000
020d
0000
940a
0000
022d
0000
960a
0010
024d
0000
900a
0000
026d
0000
920a
020d
0000
940a
022d
0000
960a
0010
024d
0000
900a
0000
026d
0000
920a
0000
020d
0000
940a
022d
0000
960a
0010
024d
0000
900a
0000
026d
0000
920a
0000
020d
0000
2c0a
022d
0000
2e0a
0010
280a
0000
920a
0000
0000
022d
0000
0010
0000
2a0a
0000
0ad0
024d
0000
026d
0000
0000
e40a
0000
e60a
0010
024d
0000
0000
026d
0000
0000
020d
0000
e40a
022d
0000
e60a
0010
024d
0000
e00a
0000
026d
0000
e20a
0000
020d
0000
e40a
022d
0000
e60a
0010
024d
0000
e00a
0000
026d
0000
e20a
0000
020d
0000
e40a
022d
0000
e60a
0010
024d
0000
e00a
0000
026d
0000
e20a
0000
020d
0000
0000
022d
0000
025d
0000
e00a
0000
026d
0000
8c0a
e20a
0000
020d
0000
8e0a
2c0a
0000
022d
0000
2e0a
025d
0000
0000
026d
0000
0000
020d
0000
2c0a
0000
022d
0000
880a
2e0a
025d
0000
8a0a
280a
0000
026d
0000
2a0a
0000
020d
0000
2c0a
0000
022d
0000
2e0a
025d
0000
280a
0000
026d
0000
2a0a
0000
020d
0000
2c0a
0000
022d
0000
2e0a
281a
2a0a
0000
020d
0000
0000
022d
0000
0010
280a
0000
2a0a
0000
0000
0010
014d
0000
016d
0000
0000
0000
0010
0000
0000
010d
0000
0000
012d
0000
0010
024d
0000
740a
0000
0010
024d
0000
0000
740a
0000
0000
0010
024d
0000
0000
740a
0000
0000
035d
0000
026d
0000
0000
760a
0000
0010
024d
0000
0000
026d
0000
7c0a
0000
760a
027d
0000
020d
0000
760a
0000
700a
0010
0000
036d
0000
0000
020d
0000
0000
700a
027d
0000
020d
0000
7e0a
700a
0010
0000
0000
030d
0000
0000
022d
0000
0010
720a
020d
0000
022d
0000
780a
721a
0000
0000
0000
022d
0000
0010
720a
0000
0000
0000
032d
0000
0010
0000
0000
022d
0000
0010
034d
0000
7a0a
0000
036d
0000
0000
030d
0000
032d
0000
0010
034d
0000
0000
036d
0000
0000
030d
0000
0000
032d
0000
0010
024d
0000
016d
0000
340a
0000
020d
0000
0000
012d
0000
300a
0010
014d
0000
0000
026d
0000
010d
0000
360a
0000
022d
0000
0010
024d
0000
320a
0000
016d
0000
340a
020d
0000
012d
0000
300a
0010
014d
0000
0000
026d
0000
0000
010d
0000
360a
0000
022d
0000
025d
0000
320a
0000
016d
0000
340a
0000
020d
0000
0000
012d
0000
300a
015d
0000
026d
0000
010d
0000
360a
022d
0000
025d
0000
320a
016d
0000
340a
020d
0000
012d
0000
300a
0010
0000
026d
0000
0000
360a
0000
022d
0000
0010
320a
0000
03e0
024d
0000
340a
0000
020d
0000
0000
300a
0010
024d
0000
0000
016d
0000
340a
020d
0000
012d
0000
300a
0010
014d
0000
0000
026d
0000
0000
010d
0000
360a
0000
022d
0000
025d
0000
320a
0000
016d
0000
340a
0000
020d
0000
0000
012d
0000
300a
015d
0000
026d
0000
0000
010d
0000
360a
0000
022d
0000
0010
024d
0000
320a
0000
016d
0000
340a
020d
0000
0000
012d
0000
300a
0010
014d
0000
0000
026d
0000
0000
010d
0000
360a
022d
0000
0010
024d
0000
320a
0000
016d
0000
340a
0000
020d
0000
012d
0000
300a
015d
0000
0000
026d
0000
0000
010d
0000
360a
0000
022d
0000
0010
024d
0000
320a
016d
0000
340a
0000
020d
0000
0000
012d
0000
300a
0010
014d
0000
026d
0000
010d
0000
360a
0000
022d
0000
0010
320a
0000
016d
0000
0000
0000
012d
0000
025d
0000
0000
340a
0000
020d
0000
0000
300a
0010
014d
0000
0000
0000
010d
0000
0010
0000
026d
0000
0000
360a
0000
022d
0000
0010
320a
0000
016d
0000
0000
012d
0000
025d
0000
0000
340a
0000
020d
0000
0000
300a
0010
0000
0000
0000
0010
026d
0000
360a
0000
022d
0000
0010
320a
0000
016d
0000
0000
0000
012d
0000
0010
026d
0000
360a
0000
022d
0000
0010
320a
0000
0000
0000
0010
0000
0000
0000
0010
0150
024d
0000
340a
0000
020d
0000
0000
300a
0010
024d
0000
0000
016d
0000
340a
020d
0000
012d
0000
300a
0010
034d
0000
0000
026d
0000
0000
030d
0000
360a
0000
022d
0000
025d
0000
320a
0000
026d
0000
0000
020d
0000
940a
360a
0000
022d
0000
035d
0000
900a
320a
036d
0000
0000
030d
0000
0000
032d
0000
0010
024d
0000
0000
026d
0000
020d
0000
940a
0000
022d
0000
960a
0010
900a
0000
036d
0000
920a
0000
032d
0000
0010
026d
0000
0000
0000
022d
0000
960a
0010
024d
0000
0000
920a
340a
020d
0000
300a
0010
024d
0000
0000
0000
020d
0000
0000
0010
024d
0000
0000
026d
0000
0c0a
020d
0000
e40a
360a
0000
022d
0000
080a
0010
034d
0000
e00a
320a
0000
026d
0000
030d
0000
0000
022d
0000
0010
0000
026d
0000
0000
0e0a
0000
022d
0000
e60a
0a1a
0000
036d
0000
e20a
0000
0000
032d
0000
0010
0000
0000
0000
0010
0000
0350
024d
0000
0000
020d
0000
940a
0000
0010
034d
0000
900a
0000
026d
0000
0000
030d
0000
022d
0000
960a
0010
024d
0000
0000
036d
0000
920a
0000
020d
0000
940a
032d
0000
025d
0000
900a
0000
026d
0000
0000
020d
0000
2c0a
0000
022d
0000
960a
025d
0000
280a
026d
0000
920a
0000
020d
0000
940a
0000
022d
0000
2e0a
0010
024d
0000
900a
026d
0000
2a0a
0000
020d
0000
940a
0000
022d
0000
960a
0010
024d
0000
900a
026d
0000
920a
0000
020d
0000
e40a
0000
022d
0000
960a
0010
e00a
0000
026d
0000
920a
0000
022d
0000
e60a
0010
024d
0000
0000
e20a
340a
0000
020d
0000
0000
300a
025d
0000
0000
016d
0000
340a
0000
020d
0000
0000
012d
0000
300a
0010
0000
026d
0000
360a
0000
022d
0000
0010
320a
0000
026d
0000
0000
360a
0000
022d
0000
321a
0000
0000
0010
0000
0000
0000
0010
0000
0000
0000
0010
0000
0000
0000
0010
01b0
024d
0000
340a
0000
020d
0000
0000
300a
0010
024d
0000
0000
016d
0000
340a
020d
0000
012d
0000
300a
0010
014d
0000
0000
026d
0000
0000
010d
0000
360a
0000
022d
0000
025d
0000
320a
0000
016d
0000
340a
0000
020d
0000
0000
012d
0000
300a
035d
0000
026d
0000
0000
030d
0000
360a
0000
022d
0000
0010
024d
0000
320a
0000
026d
0000
020d
0000
940a
360a
0000
022d
0000
0010
034d
0000
900a
320a
0000
036d
0000
030d
0000
0000
032d
0000
0010
024d
0000
0000
026d
0000
0000
020d
0000
940a
022d
0000
960a
025d
0000
900a
0000
036d
0000
920a
0000
020d
0000
940a
0000
032d
0000
901a
0000
026d
0000
0000
0000
022d
0000
960a
0010
0000
026d
0000
920a
0000
022d
0000
960a
0010
920a
0000
0000
0010
0000
0000
0000
0010
024d
0000
0000
0000
020d
0000
0010
024d
0000
0000
0c0a
0000
020d
0000
2c0a
0000
080a
0010
280a
0000
026d
0000
0000
022d
0000
0010
0000
026d
0000
0000
0e0a
0000
022d
0000
2e0a
0010
0a0a
2a0a
0000
0000
0010
0000
0000
0000
0010
0000
0000
0000
0010
0000
0000
0000
03f0
020d
0000
0010
024d
0000
e00a
0000
0000
030d
0000
e40a
0000
0010
034d
0000
020d
0000
025d
0000
900a
0000
0000
030d
0000
940a
0000
0010
034d
0000
0000
0000
020d
0000
0010
024d
0000
900a
0000
0000
030d
0000
940a
0000
0010
034d
0000
0000
020d
0000
780a
0010
024d
0000
0000
7c0a
0000
0000
0010
0000
0000
0000
0010
0000
0460
026d
0000
0000
022d
0000
e60a
0010
0000
036d
0000
e20a
0000
0000
032d
0000
027d
0000
022d
0000
960a
0010
0000
036d
0000
920a
0000
0000
032d
0000
0010
0000
026d
0000
0000
022d
0000
960a
0010
0000
036d
0000
920a
0000
0000
032d
0000
0010
026d
0000
7e0a
0000
022d
0000
0010
034d
0000
7a0a
0000
036d
0000
0000
030d
0000
032d
0000
035d
0000
0000
036d
0000
0000
030d
0000
0000
032d
0000
0010
024d
0000
016d
0000
020d
0000
0000
012d
0000
0010
0000
0000
0000
0010
0000
340a
0000
0000
300a
035d
0000
0000
026d
0000
0000
030d
0000
0000
022d
0000
0010
014d
0000
0000
010d
0000
0010
0000
0000
360a
0000
0010
024d
0000
320a
0000
036d
0000
0000
020d
0000
032d
0000
0010
0000
016d
0000
0000
0000
012d
0000
0010
0000
0000
0000
0010
341a
0000
0010
034d
0000
0000
026d
0000
0000
0000
300a
0010
014d
0000
0000
0000
030d
0000
022d
0000
0010
0000
0000
010d
0000
0000
0010
0000
0000
0000
0010
0000
360a
0010
0000
036d
0000
0000
0000
0010
320a
0000
016d
0000
0000
0000
032d
0000
013d
0000
025d
0000
0000
0000
0000
0010
0000
0000
0000
0010
0000
0000
020d
0000
0020
340a
0000
0010
024d
0000
0000
026d
0000
0000
e40a
0000
0010
024d
0000
0000
6c0a
0000
300a
0010
0000
0000
020d
0000
0000
022d
0000
0010
e00a
0000
0000
020d
0000
680a
0010
0000
0000
360a
0000
0010
0000
026d
0000
0000
0000
e60a
0010
0000
026d
0000
6e0a
0000
0010
320a
0000
0000
0000
022d
0000
0010
0000
e20a
0000
0000
022d
0000
6a1a
0000
0000
0000
0010
0000
0000
0000
0010
0000
0000
0000
0010
034d
0000
0000
0000
0010
024d
0000
0000
7c0a
0000
0000
0010
0000
0000
0000
0010
0000
030d
0000
0010
0000
0000
020d
0000
0000
780a
0010
0000
036d
0000
0000
0000
0010
026d
0000
7e0a
0000
0010
0000
0000
0000
032d
0000
0010
0000
0000
0000
022d
0000
035d
0000
7a0a
036d
0000
0000
030d
0000
0000
032d
0000
0010
034d
0000
0000
036d
0000
030d
0000
0000
032d
0000
0010
024d
0000
0000
016d
0000
340a
0000
020d
0000
012d
0000
300a
025d
0000
0000
026d
0000
0000
020d
0000
940a
360a
0000
022d
0000
025d
0000
900a
320a
026d
0000
0000
020d
0000
940a
0000
022d
0000
960a
0010
024d
0000
900a
026d
0000
920a
0000
020d
0000
0000
022d
0000
960a
0010
0000
026d
0000
8c0a
920a
0000
022d
0000
880a
0010
0000
0000
8e0a
0000
0010
8a0a
0000
0000
0000
0840
024d
0000
026d
0000
0000
020d
0000
940a
0000
022d
0000
960a
0010
024d
0000
900a
026d
0000
920a
0000
020d
0000
940a
0000
022d
0000
960a
0010
900a
0000
920a
0020
024d
0000
016d
0000
340a
0000
020d
0000
0000
012d
0000
300a
0010
014d
0000
026d
0000
010d
0000
360a
0000
022d
0000
0010
024d
0000
320a
0000
016d
0000
340a
020d
0000
012d
0000
300a
0010
014d
0000
0000
026d
0000
0000
010d
0000
360a
0000
022d
0000
025d
0000
320a
0000
016d
0000
340a
0000
020d
0000
0000
012d
0000
300a
015d
0000
026d
0000
0000
010d
0000
360a
0000
022d
0000
0010
024d
0000
320a
0000
016d
0000
340a
020d
0000
0000
012d
0000
300a
0010
024d
0000
0000
026d
0000
0000
020d
0000
940a
360a
022d
0000
0010
024d
0000
900a
320a
0000
026d
0000
0000
020d
0000
940a
022d
0000
960a
0010
024d
0000
900a
0000
026d
0000
920a
0000
020d
0000
022d
0000
960a
025d
0000
0000
026d
0000
8c0a
920a
0000
020d
0000
940a
0000
022d
0000
880a
025d
0000
900a
0000
026d
0000
0000
020d
0000
8e0a
940a
0000
022d
0000
960a
025d
0000
8a0a
900a
0000
026d
0000
920a
0000
020d
0000
940a
0000
022d
0000
960a
025d
0000
900a
0000
026d
0000
920a
0000
020d
0000
940a
0000
022d
0000
960a
025d
0000
900a
026d
0000
920a
0000
020d
0000
940a
0000
022d
0000
960a
0010
024d
0000
900a
026d
0000
920a
0000
020d
0000
940a
0000
022d
0000
960a
0010
900a
0000
026d
0000
920a
0000
022d
0000
960a
0010
0000
920a
0000
0000
0010
024d
0000
0000
340a
020d
0000
0000
300a
0010
0000
026d
0000
0000
360a
0000
022d
0000
0010
320a
04f0
024d
0000
340a
0000
020d
0000
0000
300a
0010
024d
0000
0000
340a
0000
020d
0000
300a
0010
024d
0000
0000
340a
0000
020d
0000
0000
300a
0010
024d
0000
0000
340a
020d
0000
0000
300a
0010
024d
0000
0000
340a
0000
020d
0000
0000
300a
0010
024d
0000
340a
0000
020d
0000
0000
300a
0010
024d
0000
0000
340a
0000
020d
0000
300a
035d
0000
0000
0000
030d
0000
0000
0010
0000
0000
0000
0010
0000
0000
0000
0060
026d
0000
360a
0000
022d
0000
0010
024d
0000
320a
0000
026d
0000
0000
020d
0000
940a
360a
022d
0000
0010
034d
0000
900a
320a
0000
026d
0000
0000
030d
0000
360a
022d
0000
0010
024d
0000
320a
0000
026d
0000
0000
020d
0000
940a
360a
0000
022d
0000
035d
0000
900a
320a
0000
026d
0000
0000
030d
0000
360a
0000
022d
0000
025d
0000
320a
026d
0000
0000
020d
0000
940a
360a
0000
022d
0000
0010
900a
320a
026d
0000
360a
0000
022d
0000
0010
034d
0000
320a
0000
036d
0000
0000
030d
0000
032d
0000
025d
0000
0000
026d
0000
0000
020d
0000
940a
0000
022d
0000
960a
0010
024d
0000
900a
920a
0000
020d
0000
e40a
0000
0010
024d
0000
e00a
0000
0000
020d
0000
940a
0010
024d
0000
900a
0000
0000
020d
0000
940a
0000
0010
900a
0000
0000
0020
036d
0000
0000
032d
0000
0010
0000
026d
0000
0000
0000
022d
0000
960a
0010
920a
0000
0010
0000
0000
0000
0010
0000
036d
0000
0000
0000
032d
0000
0010
0000
026d
0000
0000
022d
0000
960a
0010
0000
920a
0000
0000
0010
0000
0000
0000
0010
036d
0000
0000
032d
0000
0010
0000
026d
0000
0000
0000
022d
0000
960a
0010
0000
026d
0000
920a
0000
022d
0000
e60a
0010
0000
026d
0000
e20a
0000
0000
022d
0000
960a
0010
026d
0000
920a
0000
0000
022d
0000
960a
0010
0000
920a
0000
0000
0010
04a0
020d
0000
0010
024d
0000
900a
0000
026d
0000
0000
020d
0000
940a
0000
022d
0000
960a
025d
0000
900a
0000
026d
0000
920a
0000
020d
0000
940a
0000
022d
0000
960a
025d
0000
900a
0000
026d
0000
920a
0000
940a
0000
022d
0000
960a
0010
0000
920a
0000
0010
0000
0000
020d
0000
0000
300a
0010
024d
0000
0000
016d
0000
340a
020d
0000
022d
0000
0010
024d
0000
900a
320a
0000
026d
0000
0000
020d
0000
940a
360a
022d
0000
0010
024d
0000
e00a
0000
026d
0000
920a
0000
020d
0000
e40a
0000
022d
0000
960a
025d
0000
900a
0000
026d
0000
e20a
0000
940a
0000
022d
0000
e60a
027d
0000
920a
960a
0010
0000
0000
020d
0000
0000
300a
0010
024d
0000
0000
340a
020d
0000
012d
0000
300a
0010
024d
0000
0000
016d
0000
340a
0000
010d
0000
0000
022d
0000
015d
0000
320a
0000
026d
0000
0000
020d
0000
360a
0000
012d
0000
300a
025d
0000
016d
0000
340a
0000
010d
0000
0000
022d
0000
0010
014d
0000
320a
0000
026d
0000
020d
0000
360a
012d
0000
300a
025d
0000
016d
0000
340a
010d
0000
022d
0000
015d
0000
320a
0000
026d
0000
0000
020d
0000
360a
0000
012d
0000
300a
0010
024d
0000
016d
0000
340a
0000
010d
0000
0000
022d
0000
0010
014d
0000
320a
0000
026d
0000
020d
0000
360a
0000
012d
0000
300a
0010
024d
0000
0000
016d
0000
340a
022d
0000
321a
026d
0000
0000
360a
0000
012d
0000
0010
0000
016d
0000
0000
030d
0000
022d
0000
0010
320a
0000
026d
0000
0000
020d
0000
360a
0000
0010
034d
0000
900a
0000
0000
0010
024d
0000
0000
0000
940a
0000
0010
0000
0000
0000
032d
0000
037d
0000
022d
0000
0010
0000
026d
0000
920a
0000
030d
0000
0000
960a
0010
0000
020d
0000
0010
034d
0000
900a
0000
0000
0000
0010
024d
0000
0000
0000
940a
0000
0030
032d
0000
0010
036d
0000
0000
0000
022d
0000
0010
0000
026d
0000
920a
0000
960a
0010
0000
0000
0010
0000
0000
0000
0010
0000
0000
0000
0010
0000
0000
0000
0960
020d
0000
0010
024d
0000
0000
0000
030d
0000
0000
022d
0000
080a
0010
034d
0000
026d
0000
0c0a
0000
020d
0000
0000
032d
0000
0010
024d
0000
0a0a
900a
0000
036d
0000
020d
0000
0e0a
940a
0000
022d
0000
0010
024d
0000
280a
0000
026d
0000
920a
020d
0000
2c0a
0000
022d
0000
960a
0010
024d
0000
e00a
0000
026d
0000
2a0a
020d
0000
e40a
022d
0000
2e0a
0010
024d
0000
280a
0000
026d
0000
e20a
0000
030d
0000
2c0a
022d
0000
e60a
0010
034d
0000
0000
026d
0000
2a0a
0000
020d
0000
0000
032d
0000
2e0a
025d
0000
900a
0000
036d
0000
0000
020d
0000
940a
0000
022d
0000
025d
0000
280a
026d
0000
920a
0000
020d
0000
2c0a
0000
022d
0000
960a
0010
024d
0000
900a
026d
0000
2a0a
0000
020d
0000
940a
0000
022d
0000
2e0a
0010
024d
0000
900a
026d
0000
920a
0000
940a
0000
022d
0000
960a
0010
0000
026d
0000
920a
0000
960a
0010
0000
0000
0010
0000
0000
020d
0000
0000
0010
024d
0000
0000
0000
020d
0000
022d
0000
080a
0010
024d
0000
900a
0000
026d
0000
0c0a
0000
020d
0000
940a
022d
0000
025d
0000
0a0a
e00a
0000
026d
0000
920a
0000
030d
0000
0e0a
e40a
0000
022d
0000
960a
035d
0000
0000
026d
0000
e20a
0000
020d
0000
0000
032d
0000
e60a
780a
025d
0000
0000
036d
0000
7c0a
0000
0000
022d
0000
0010
7a0a
0000
026d
0000
030d
0000
7e0a
032d
0000
0010
034d
0000
0000
036d
0000
0000
030d
0000
0000
032d
0000
035d
0000
0000
036d
0000
0000
0000
0010
0000
0000
0000
0010
0000
0000
0000
0050
030d
0000
032d
0000
0010
034d
0000
0000
036d
0000
0000
020d
0000
0000
012d
0000
025d
0000
0000
016d
0000
0000
0000
300a
0010
0000
340a
0000
010d
0000
0000
022d
0000
015d
0000
0000
026d
0000
0000
0000
0010
320a
0000
0000
020d
0000
360a
012d
0000
025d
0000
0000
016d
0000
0000
0000
300a
0010
0000
340a
0000
010d
0000
022d
0000
015d
0000
0000
026d
0000
0000
0000
0010
320a
0000
0000
020d
0000
360a
012d
0000
025d
0000
0000
016d
0000
0000
0000
300a
0010
0000
340a
0000
0000
022d
0000
0010
026d
0000
0000
0000
0010
320a
0000
0000
360a
0000
0010
0000
0000
0000
04b0
020d
0000
012d
0000
0010
0000
0000
0000
300a
0010
024d
0000
0000
016d
0000
022d
0000
341a
0000
0000
0010
320a
0000
026d
0000
0000
0000
0010
0000
0000
360a
0080
030d
0000
0010
0000
0000
020d
0000
0000
780a
0010
034d
0000
0000
0000
0000
032d
0000
025d
0000
0000
7c0a
0000
0000
022d
0000
0010
7a0a
0000
036d
0000
0000
027d
0000
030d
0000
7e0a
0000
032d
0000
0010
034d
0000
0000
036d
0000
0000
030d
0000
032d
0000
0010
034d
0000
0000
036d
0000
0000
020d
0000
0000
022d
0000
0010
024d
0000
026d
0000
0000
0000
080a
0010
0a0a
0000
0c0a
0000
020d
0000
0e0a
0000
022d
0000
680a
025d
0000
6a0a
0000
026d
0000
6c0a
0000
020d
0000
6e0a
0000
022d
0000
025d
0000
0000
026d
0000
0000
0000
080a
0010
0a0a
0000
0c0a
0000
0e0a
0000
0020
020d
0000
022d
0000
0010
900a
0000
920a
0000
020d
0000
0000
022d
0000
0010
024d
0000
900a
026d
0000
920a
0000
020d
0000
940a
0000
022d
0000
960a
0010
024d
0000
280a
026d
0000
2a0a
0000
020d
0000
940a
0000
022d
0000
960a
0010
024d
0000
900a
026d
0000
920a
0000
020d
0000
2c0a
0000
022d
0000
2e0a
0010
024d
0000
900a
026d
0000
920a
940a
0000
960a
0010
024d
0000
0000
026d
0000
0000
940a
0000
960a
021d
0000
012d
0000
300a
0010
0000
0000
020d
0000
0000
022d
0000
0010
024d
0000
280a
320a
016d
0000
340a
0000
020d
0000
0000
022d
0000
0010
024d
0000
280a
0000
026d
0000
2a0a
020d
0000
2c0a
360a
0000
022d
0000
0010
024d
0000
280a
0000
026d
0000
2a0a
020d
0000
2c0a
0000
022d
0000
2e0a
0010
024d
0000
280a
0000
026d
0000
2a0a
020d
0000
2c0a
0000
022d
0000
2e0a
0010
024d
0000
900a
0000
026d
0000
2a0a
020d
0000
2c0a
022d
0000
2e0a
0010
024d
0000
280a
0000
026d
0000
920a
0000
020d
0000
940a
022d
0000
2e0a
0010
024d
0000
280a
0000
026d
0000
2a0a
0000
2c0a
0000
022d
0000
960a
025d
0000
0000
026d
0000
2a0a
0000
2c0a
0000
2e0a
0010
0000
026d
0000
0000
2e0a
0010
0000
0000
0000
0010
0000
0000
0000
0010
0000
0000
0000
0010
031d
0000
0010
0000
0000
010d
0000
0000
0010
0000
0000
0000
0010
0000
0000
020d
0000
200a
0010
0000
0000
0000
0010
0000
0000
0000
0010
0000
0000
0000
0010
034d
0000
0000
0000
0010
024d
0000
0000
240a
0000
0000
032d
0000
0010
0000
0000
0000
012d
0000
0010
0000
0000
0010
0000
0000
0000
022d
0000
0010
220a
0000
036d
0000
017d
0000
0000
0010
0000
0000
0000
0010
0000
0000
0000
0010
0000
026d
0000
0000
260a
0010
0000
0000
0000
0010
0000
0000
0000
0010
0000
0000
0000
0010
0000
0000
05f0
0046
0010
0000
020d
0000
0000
780a
0006
0010
0000
0000
0000
0010
0000
0000
0030
024d
0000
7c0a
8006
0000
0000
0010
0000
80c6
0000
0000
0010
0000
0000
0000
0020
0086
0000
0010
0000
0000
0000
0010
0000
8046
0000
0000
0010
0000
0000
0000
0040
0106
0000
0010
0000
0000
0000
0010
0000
0000
0000
8086
0010
0000
0000
0000
00c6
0010
0000
0000
0010
0000
0000
0000
0010
0000
0000
0000
0010
0000
0000
0000
c0c6
0010
0000
0000
8146
0010
0000
0000
0000
0010
0000
0000
0000
0010
0000
0000
4046
0010
0000
0000
0010
0000
c046
0000
0000
0010
0000
0000
0000
0010
0000
0000
0030
0146
0000
0010
0000
0000
0000
c146
0010
0000
0000
0000
0010
0000
0000
0000
022d
0000
7a1a
0000
026d
0000
8186
0000
7e0a
0000
4006
0010
0000
c006
0000
0000
0186
0010
8106
0000
0000
0010
0000
0000
0000
81c6
0010
0000
c186
0000
0000
0010
0020
4106
0010
0000
0000
0010
0000
0000
0000
0246
0010
0000
0000
0000
0010
0000
c106
0000
0010
0000
0000
0000
0010
0000
4086
0000
0000
c086
0010
0000
8206
0000
0216
0010
0000
0000
0010
0000
0286
0000
0000
4246
0010
0000
0000
0000
0010
0000
40c6
0000
0010
0000
0306
0000
0000
8306
0010
0000
0000
0000
0010
0000
0000
0000
4156
8286
0010
0000
8246
0000
0000
0010
0000
c246
0000
0000
0010
0000
0000
0000
4186
0010
0000
0000
0010
0000
0000
0000
0010
0000
0000
0000
0010
0000
0000
0000
0060
82c6
0000
4306
0010
0000
01c6
0000
0000
02c6
0010
0000
c1c6
0000
0000
0010
c306
0000
c2c6
0010
0000
4286
0000
0000
0010
0000
42c6
0000
0000
c286
0010
0000
c216
0010
0000
0000
0010
0000
4206
0000
0000
8606
0010
0000
41c6
0000
0000
0606
85d6
c606
0010
0000
05c6
0000
0000
c5c6
0010
0000
4606
0000
0000
45c6
0010
0000
8646
0000
0010
0000
0000
0000
0010
0000
0000
0000
0010
0000
0000
0000
0010
0000
0646
0010
0000
0010
0000
0000
0000
0010
0000
0000
0000
0010
0000
0000
0000
0010
0040
c646
0000
0010
0000
0000
0000
0010
0000
0000
0000
0010
0000
0000
0000
0010
0060
4646
0010
0000
0000
0010
0000
0000
0000
0010
0000
0000
0000
0010
0000
0000
2ff0
fe85
0007
0000
0000
0001
1efa
d73e
7f75
0000
0010
0000
0000
0000
0010
0000
