2ff0
fe85
0007
0000
0000
0001
c9f9
d73d
7f75
0000
0010
0000
0000
0000
0010
0000
0b70
fe85
0007
0000
0000
0000
0010
0000
0000
0000
0010
0000
0000
0000
0010
0000
03a0
0e8f
0100
0000
108f
0001
0000
0000
0010
128f
0001
0000
0000
0000
0000
0010
0040
1c8f
0010
0000
0000
0000
0010
0000
0000
0000
0010
0000
0000
0000
0010
0000
2ff0
188f
8450
4a13
0000
1a8f
017f
0000
0000
0001
d241
d73d
7f75
0000
5a8f
0015
0000
249f
008b
00ac
0000
268f
00cc
000a
0000
808f
0000
1c40
0000
828f
7f49
8000
849f
0000
00d0
868f
4fac
00ea
0000
888f
0680
11e0
0000
8a8f
7f49
0000
0010
0000
0ab0
008f
0425
0000
0010
0000
0000
0000
0010
0000
0000
0000
0010
0000
0000
0000
0080
4143
1020
0010
c143
1020
0000
0000
0010
0000
0000
0143
1020
0000
0010
0000
8153
1020
0000
0000
4183
1020
0010
0000
c183
1020
0000
0000
0010
0000
0000
0183
1020
0010
0000
0000
0000
0010
8183
1020
0000
c1c3
1020
0000
0000
0010
0000
0000
01c3
1020
0010
0000
0000
0000
0010
81c3
1020
0000
0000
0000
41c3
1020
0010
0000
c203
1020
0000
0010
0000
0000
0203
1020
0000
0010
0000
0000
0000
0010
8203
1020
4203
1020
0010
0000
0243
1020
0000
0010
0000
0000
0000
0010
8243
1020
0000
0000
4243
1020
0010
c243
1020
0000
0000
0010
0000
0000
0283
1020
0000
0010
0000
0000
8293
1020
0000
4283
1020
0010
0000
c283
1020
0000
0000
0010
0000
0000
0000
0010
82c3
1020
0000
0000
42c3
1020
0010
0000
c2c3
1020
0000
0000
0010
0000
0000
02c3
1020
0010
0000
0000
0000
0010
8303
1020
0000
0000
0000
4303
1020
0010
0000
c303
1020
0000
0010
0000
0000
0303
1020
0000
0010
0000
0000
0000
0010
8003
1020
0000
4003
1020
c013
1020
0000
0000
0010
0000
0000
0003
1020
0000
0010
0000
0000
0000
4043
1020
0010
c043
1020
0000
0000
0010
0000
0000
0043
1020
0000
0010
0000
0000
8053
1020
0000
4083
1020
0010
0000
c083
1020
0000
0000
0010
0000
0000
0083
1020
0020
8083
1020
0000
0000
40c3
1020
0010
0000
c0c3
1020
0000
0000
0010
0000
0000
00c3
1020
0010
0000
0000
0000
0010
80c3
1020
0000
c103
1020
0000
0000
0010
0000
0103
1020
0010
0000
0000
0000
0010
8103
1020
0000
0000
0000
4103
1020
0010
0000
c543
3020
0000
0010
0000
0000
0543
3020
0000
0010
0000
0000
0000
0010
8543
3020
4543
3020
0010
c583
3020
0000
0000
0010
0000
0000
0583
3020
0000
0010
0000
0000
8593
3020
0000
4583
3020
0010
0000
0000
05c3
3020
0000
0010
0000
0000
0000
0010
85c3
3020
0000
0000
45c3
3020
0010
0000
c5c3
3020
0000
0000
0010
0000
0000
0000
0510
fe85
0007
0000
0000
0010
0000
0000
0000
0010
0000
0000
0000
0010
0000
0000
0580
024d
0000
026d
0000
0000
020d
0000
0010
022d
0000
0000
024d
0000
0000
026d
0000
040a
020d
0000
060a
0010
022d
0000
000a
0000
024d
0000
020a
0000
026d
0000
040a
020d
0000
060a
0010
022d
0000
000a
0000
024d
0000
020a
0000
026d
0000
040a
020d
0000
060a
023d
0000
000a
0000
024d
0000
020a
0000
026d
0000
040a
0000
020d
0000
060a
2c0a
023d
0000
000a
2e0a
0000
024d
0000
020a
280a
0000
026d
0000
2a0a
020d
0000
2c0a
023d
0000
2e0a
0000
024d
0000
280a
0000
026d
0000
2a0a
0000
020d
0000
2c0a
023d
0000
2e0a
0000
280a
0000
2a0a
0000
0010
0000
0000
0000
0010
0000
2ff0
032d
0000
0000
034d
0000
0000
036d
0000
0001
e3e1
d73d
7f75
0000
030d
0000
023d
0000
024d
0000
0000
026d
0000
0000
020d
0000
0010
022d
0000
0000
024d
0000
0a0a
026d
0000
0c0a
0000
020d
0000
0e0a
0010
022d
0000
080a
0000
024d
0000
0a0a
026d
0000
0c0a
020d
0000
0e0a
0010
022d
0000
080a
0000
024d
0000
0a0a
0000
026d
0000
0c0a
020d
0000
0e0a
0010
022d
0000
080a
0000
024d
0000
0a0a
0000
026d
0000
0c0a
020d
0000
0e0a
0010
022d
0000
080a
0000
024d
0000
0a0a
0000
026d
0000
0c0a
020d
0000
0e0a
023d
0000
080a
0000
024d
0000
0a0a
0000
026d
0000
0c0a
0000
020d
0000
0e0a
023d
0000
080a
0000
024d
0000
0a0a
0000
026d
0000
0c0a
0000
020d
0000
0e0a
023d
0000
080a
0000
024d
0000
0a0a
0000
026d
0000
0c0a
2a0a
0000
020d
0000
0e0a
2c0a
023d
0000
080a
2e0a
0000
024d
0000
280a
0000
026d
0000
2a0a
0000
020d
0000
2c0a
023d
0000
2e0a
0000
024d
0000
280a
0000
026d
0000
920a
0000
020d
0000
940a
023d
0000
960a
0000
024d
0000
900a
0000
026d
0000
920a
0000
020d
0000
940a
023d
0000
960a
024d
0000
900a
0000
026d
0000
0000
020d
0000
0010
0000
0000
0000
0020
2a0a
2c0a
0010
022d
0000
2e0a
0000
024d
0000
280a
0000
026d
0000
920a
0000
020d
0000
940a
023d
0000
960a
0000
024d
0000
900a
0000
026d
0000
0000
020d
0000
023d
0000
024d
0000
0a0a
0000
026d
0000
0c0a
0000
020d
0000
0e0a
0010
022d
0000
080a
024d
0000
0a0a
0000
026d
0000
0c0a
920a
0000
020d
0000
0e0a
940a
0010
022d
0000
080a
960a
024d
0000
900a
0000
026d
0000
2a0a
0000
020d
0000
2c0a
0010
022d
0000
2e0a
024d
0000
280a
0000
026d
0000
0000
020d
0000
0010
022d
0000
0000
024d
0000
0a0a
026d
0000
0c0a
0000
020d
0000
0e0a
0010
022d
0000
080a
0000
024d
0000
0a0a
026d
0000
0c0a
0000
020d
0000
0e0a
0010
022d
0000
080a
0000
024d
0000
0a0a
026d
0000
0c0a
2a0a
020d
0000
0e0a
2c0a
0010
080a
2e0a
0000
280a
0000
0000
0010
0030
022d
0000
024d
0000
0000
026d
0000
0000
020d
0000
0010
022d
0000
0000
024d
0000
0a0a
026d
0000
0c0a
0000
020d
0000
0e0a
0010
022d
0000
080a
0000
024d
0000
0a0a
026d
0000
0c0a
0000
020d
0000
0e0a
0010
022d
0000
080a
0000
024d
0000
0a0a
026d
0000
0c0a
020d
0000
0e0a
0010
022d
0000
080a
0000
024d
0000
0a0a
0000
026d
0000
0c0a
020d
0000
0e0a
0010
022d
0000
080a
0000
024d
0000
0a0a
0000
026d
0000
0c0a
020d
0000
0e0a
0010
022d
0000
080a
0000
024d
0000
0a0a
0000
026d
0000
0c0a
020d
0000
0e0a
023d
0000
080a
0000
024d
0000
0a0a
0000
026d
0000
0c0a
0000
020d
0000
0e0a
023d
0000
080a
0000
024d
0000
0a0a
0000
026d
0000
0c0a
0000
020d
0000
0e0a
023d
0000
080a
0000
024d
0000
0a0a
0000
026d
0000
0c0a
0000
020d
0000
0e0a
081a
0a0a
0000
0c0a
0000
0e0a
0010
080a
0000
0000
0000
0010
0000
0000
0000
0010
0ad0
022d
0000
024d
0000
0000
026d
0000
0000
020d
0000
0010
022d
0000
0000
024d
0000
0a0a
026d
0000
0c0a
0000
020d
0000
0e0a
0010
022d
0000
080a
0000
024d
0000
0a0a
026d
0000
0c0a
0000
020d
0000
0e0a
0010
022d
0000
080a
0000
024d
0000
0a0a
026d
0000
0c0a
020d
0000
0e0a
0010
022d
0000
080a
0000
024d
0000
0a0a
0000
026d
0000
0c0a
020d
0000
0e0a
0010
022d
0000
080a
0000
024d
0000
0a0a
0000
026d
0000
0c0a
920a
020d
0000
0e0a
940a
0010
022d
0000
080a
960a
0000
024d
0000
900a
0000
026d
0000
020d
0000
0010
022d
0000
0000
024d
0000
0a0a
0000
026d
0000
0c0a
920a
020d
0000
0e0a
940a
023d
0000
080a
960a
0000
024d
0000
900a
0000
026d
0000
920a
020d
0000
940a
023d
0000
960a
0000
024d
0000
900a
0000
026d
0000
2a0a
0000
020d
0000
2c0a
023d
0000
2e0a
0000
024d
0000
280a
0000
026d
0000
920a
0000
020d
0000
940a
023d
0000
960a
0000
024d
0000
900a
0000
026d
0000
2a0a
0000
020d
0000
2c0a
023d
0000
2e0a
024d
0000
280a
0000
026d
0000
2a0a
0000
020d
0000
2c0a
0010
022d
0000
2e0a
024d
0000
280a
0000
026d
0000
2a0a
0000
020d
0000
2c0a
0010
022d
0000
2e0a
024d
0000
280a
0000
026d
0000
2a0a
0000
020d
0000
2c0a
0010
022d
0000
2e0a
024d
0000
280a
026d
0000
2a0a
0000
020d
0000
2c0a
0010
022d
0000
2e0a
0000
024d
0000
280a
026d
0000
920a
0000
020d
0000
940a
0010
022d
0000
960a
0000
024d
0000
900a
026d
0000
2a0a
0000
020d
0000
2c0a
0010
2e0a
0000
280a
0000
0000
0010
0000
023d
0000
024d
0000
0000
026d
0000
0000
020d
0000
0010
022d
0000
0000
024d
0000
0a0a
026d
0000
0c0a
2a0a
0000
020d
0000
0e0a
2c0a
0010
022d
0000
080a
2e0a
0000
024d
0000
280a
026d
0000
920a
0000
020d
0000
940a
0010
022d
0000
960a
0000
024d
0000
900a
026d
0000
920a
0000
020d
0000
940a
0010
960a
0000
900a
0000
0000
0010
023d
0000
024d
0000
0000
026d
0000
0000
020d
0000
0010
022d
0000
0000
024d
0000
0a0a
026d
0000
0c0a
2a0a
0000
020d
0000
0e0a
2c0a
0010
022d
0000
080a
2e0a
0000
024d
0000
280a
026d
0000
2a0a
0000
020d
0000
2c0a
0010
2e0a
0000
280a
0000
0000
0f00
022d
0000
024d
0000
0000
026d
0000
2a0a
0000
020d
0000
2c0a
0010
022d
0000
2e0a
024d
0000
280a
0000
026d
0000
0000
020d
0000
0010
022d
0000
0000
024d
0000
0a0a
026d
0000
0c0a
2a0a
0000
020d
0000
0e0a
2c0a
0010
022d
0000
080a
2e0a
0000
024d
0000
280a
026d
0000
920a
0000
020d
0000
940a
0010
022d
0000
960a
0000
024d
0000
900a
026d
0000
2a0a
0000
020d
0000
2c0a
0010
022d
0000
2e0a
0000
024d
0000
280a
026d
0000
2a0a
0000
020d
0000
2c0a
0010
022d
0000
2e0a
0000
024d
0000
280a
026d
0000
2a0a
020d
0000
2c0a
0010
022d
0000
2e0a
0000
024d
0000
280a
0000
026d
0000
2a0a
020d
0000
2c0a
0010
022d
0000
2e0a
0000
024d
0000
280a
0000
026d
0000
920a
020d
0000
940a
0010
022d
0000
960a
0000
024d
0000
900a
0000
026d
0000
2a0a
020d
0000
2c0a
023d
0000
2e0a
0000
024d
0000
280a
0000
026d
0000
2a0a
0000
020d
0000
2c0a
023d
0000
2e0a
0000
024d
0000
280a
0000
026d
0000
2a0a
0000
020d
0000
2c0a
023d
0000
2e0a
0000
024d
0000
280a
0000
026d
0000
2a0a
0000
020d
0000
2c0a
2e1a
280a
0000
0000
0010
0000
0000
0000
0010
0000
0000
0000
0010
0000
0000
0000
0020
012d
0000
014d
0000
0000
016d
0000
0000
010d
0000
0010
0000
0000
0000
0010
022d
0000
720a
0000
0000
0010
022d
0000
0000
720a
0000
0000
0010
022d
0000
0000
720a
0000
0010
022d
0000
0000
024d
0000
0000
2a0a
740a
0000
0010
022d
0000
0000
024d
0000
2a0a
740a
0000
0010
022d
0000
0000
024d
0000
0000
2a0a
740a
0000
0010
022d
0000
024d
0000
0000
026d
0000
2a0a
0000
2c0a
760a
0010
022d
0000
0000
024d
0000
026d
0000
2a0a
0000
2c0a
760a
0010
022d
0000
0000
024d
0000
0000
026d
0000
2a0a
020d
0000
2c0a
760a
0010
022d
0000
700a
0000
024d
0000
0000
026d
0000
2a0a
020d
0000
2c0a
023d
0000
2e0a
700a
0000
024d
0000
0000
026d
0000
2a0a
0000
020d
0000
2c0a
023d
0000
2e0a
700a
0000
024d
0000
0000
026d
0000
2a0a
0000
020d
0000
2c0a
023d
0000
2e0a
0000
024d
0000
280a
0000
026d
0000
2a0a
0000
020d
0000
2c0a
2e1a
024d
0000
280a
0000
026d
0000
0000
020d
0000
2c0a
0010
2e0a
0000
024d
0000
280a
026d
0000
0000
020d
0000
2c0a
0010
2e0a
0000
024d
0000
280a
0000
026d
0000
020d
0000
2c0a
2e1a
0000
280a
0000
026d
0000
0000
020d
0000
0010
2e0a
0000
280a
026d
0000
020d
0000
0010
2e0a
0000
280a
0000
026d
0000
0000
020d
0000
0010
2e0a
280a
0000
020d
0000
0010
0000
280a
0000
0000
020d
0000
0010
0000
280a
0000
0000
0a60
022d
0000
024d
0000
0000
920a
0000
940a
0010
022d
0000
0000
024d
0000
0000
026d
0000
920a
020d
0000
940a
0010
022d
0000
960a
0000
024d
0000
900a
0000
026d
0000
2a0a
020d
0000
2c0a
0010
022d
0000
960a
0000
024d
0000
900a
0000
026d
0000
2a0a
020d
0000
2c0a
0010
022d
0000
2e0a
0000
024d
0000
280a
0000
026d
0000
2a0a
020d
0000
2c0a
023d
0000
2e0a
0000
024d
0000
280a
0000
026d
0000
0000
020d
0000
023d
0000
2e0a
024d
0000
0a0a
280a
0000
026d
0000
0c0a
2a0a
0000
020d
0000
2c0a
023d
0000
024d
0000
0000
026d
0000
2a0a
0000
020d
0000
0e0a
2c0a
0010
022d
0000
080a
2e0a
024d
0000
280a
0000
026d
0000
2a0a
0000
020d
0000
2c0a
0010
022d
0000
2e0a
024d
0000
280a
0000
026d
0000
2a0a
0000
020d
0000
2c0a
0010
022d
0000
2e0a
024d
0000
280a
026d
0000
2a0a
020d
0000
2c0a
023d
0000
2e0a
024d
0000
280a
026d
0000
2a0a
020d
0000
2c0a
023d
0000
2e0a
0000
024d
0000
280a
0000
026d
0000
0000
020d
0000
023d
0000
2e0a
0000
024d
0000
0a0a
280a
0000
026d
0000
0c0a
920a
0000
020d
0000
940a
0010
0000
026d
0000
0000
020d
0000
0e0a
0010
080a
960a
0000
900a
0bd0
032d
0000
0000
0000
0010
022d
0000
0000
0000
0000
0010
0000
0000
0000
0010
320a
0000
0010
0000
0000
0000
0010
0000
0000
0000
0010
0000
0000
0000
0010
0000
2ff0
032d
0000
0000
0001
fe11
d73d
7f75
0000
0010
022d
0000
0000
0000
0000
0010
0030
320a
0000
0010
032d
0000
0000
0000
0000
0010
022d
0000
0000
0000
0000
0010
034d
0000
0000
0010
0000
024d
0000
0000
0000
0010
0000
0000
0000
0010
0000
320a
340a
0010
022d
0000
0000
620a
0000
0000
0010
0000
0000
0000
0010
0000
0000
0000
0110
022d
0000
0000
0000
0010
022d
0000
0000
0a0a
0000
920a
0000
0010
022d
0000
023d
0000
0a0a
0000
e20a
0000
0010
022d
0000
0000
0000
e20a
0000
0010
022d
0000
e20a
023d
0000
0000
0000
e20a
0000
0010
022d
0000
0000
0000
920a
0000
0010
022d
0000
6a0a
0000
0000
0010
022d
0000
0000
0000
0000
0010
0000
0a0a
0000
0000
0010
0020
022d
0000
0000
0000
0010
022d
0000
0000
0a0a
0000
0000
0010
022d
0000
0000
0a0a
0000
0010
022d
0000
0000
0a0a
0000
0000
0010
022d
0000
0000
0a0a
0000
920a
023d
0000
920a
0000
0010
0000
0000
0000
0010
0000
0000
0000
0010
0000
0000
0000
0120
022d
0000
0000
2a0a
0000
0010
022d
0000
0000
0000
920a
0000
0010
022d
0000
920a
023d
0000
0000
0000
920a
0000
0010
022d
0000
0000
0000
0000
0010
022d
0000
0a0a
2a0a
0000
0010
022d
0000
0000
0000
2a0a
0000
0010
022d
0000
0000
0000
2a0a
023d
0000
2a0a
0000
0010
022d
0000
0000
0000
2a0a
0000
0010
022d
0000
0000
0000
2a0a
0010
022d
0000
0000
0000
2a0a
0000
0010
022d
0000
0000
0000
2a0a
0000
0010
023d
0000
0000
2a0a
0000
0010
022d
0000
0000
0000
2a0a
0000
0010
022d
0000
0000
2a0a
0010
022d
0000
0000
0000
2a0a
0000
0010
022d
0000
0000
0000
2a0a
0000
0010
022d
0000
0000
2a0a
0000
0010
022d
0000
0000
0000
2a0a
0000
0010
022d
0000
0000
2a0a
0010
022d
0000
0000
0000
2a0a
0000
0010
022d
0000
0000
0000
2a0a
0000
0010
022d
0000
0000
2a0a
0000
0010
022d
0000
0000
0000
2a0a
0000
0010
022d
0000
0000
2a0a
0010
0000
0000
0000
0010
0000
0000
0000
0010
0000
0000
0000
0010
0000
0000
023d
0000
0000
0010
022d
0000
0000
0a0a
0000
2a0a
0000
0010
022d
0000
0000
0000
2a0a
0010
0000
0000
0000
0010
0000
0000
0000
0010
0000
0000
0000
0010
0000
0000
0070
022d
0000
0000
2a0a
0000
0010
022d
0000
0000
0000
0000
0010
022d
0000
0000
8a0a
920a
0000
0010
022d
0000
0000
0000
920a
0000
0010
0000
0000
0000
0010
0000
0020
022d
0000
0000
0000
0010
022d
0000
0000
0a0a
0000
0000
0010
022d
0000
0000
0a0a
920a
0000
0010
022d
0000
0000
0000
920a
0000
0010
022d
0000
0000
0000
920a
035d
0000
0000
0010
0000
024d
0000
0000
0000
0010
0000
0000
0000
0010
0000
0000
023d
0000
920a
0000
0010
022d
0000
0000
0000
920a
340a
0000
0010
022d
0000
0000
034d
0000
920a
0000
0010
022d
0000
0000
024d
0000
0000
920a
0000
0010
0000
0000
023d
0000
036d
0000
920a
0000
0010
022d
0000
0000
0000
016d
0000
920a
0000
0010
022d
0000
0000
920a
340a
0000
0010
022d
0000
0000
024d
0000
0000
920a
640a
0000
027d
0000
0010
0000
0000
0000
0010
0000
0000
0000
360a
0010
0000
0000
036d
0000
025d
0000
026d
0000
0000
0010
0000
024d
0000
0000
0c0a
0000
940a
0010
0000
024d
0000
0000
0010
0000
024d
0000
0000
0c0a
0000
e40a
0010
0000
024d
0000
0000
0000
e40a
360a
0010
024d
0000
0000
036d
0000
0000
030d
0000
e40a
0010
0000
024d
0000
026d
0000
020d
0000
e40a
0010
0000
024d
0000
0000
0000
940a
0010
0000
024d
0000
6c0a
0010
300a
0000
024d
0000
0000
0000
030d
0000
0010
0000
0000
0c0a
0000
020d
0000
360a
0010
0000
026d
0000
0000
660a
0010
0000
0000
0000
0010
0000
024d
0000
025d
0000
0c0a
0000
0010
300a
0000
024d
0000
0000
0c0a
0000
0010
022d
0000
0000
024d
0000
026d
0000
0c0a
920a
0000
0010
022d
0000
0000
024d
0000
0000
026d
0000
0c0a
920a
0e0a
940a
0010
022d
0000
960a
0000
024d
0000
0000
026d
0000
920a
0000
940a
023d
0000
0000
024d
0000
0000
026d
0000
920a
0000
0e0a
2c0a
0010
e60a
0000
024d
0000
026d
0000
0000
940a
0010
022d
0000
e60a
0000
024d
0000
0000
026d
0000
920a
940a
0010
022d
0000
e60a
0000
024d
0000
0000
026d
0000
920a
0000
940a
0010
022d
0000
e60a
024d
0000
0000
026d
0000
920a
0000
0010
022d
0000
960a
0000
024d
0000
026d
0000
0c0a
920a
0000
2c0a
6e0a
0010
022d
0000
0000
024d
0000
0000
026d
0000
2a0a
2c0a
0010
022d
0000
0000
024d
0000
0000
e20a
0000
030d
0000
0e0a
2c0a
023d
0000
024d
0000
0000
e20a
0000
020d
0000
2c0a
0010
022d
0000
0000
024d
0000
e20a
2c0a
0010
022d
0000
0000
024d
0000
0000
026d
0000
e20a
0000
2c0a
0010
022d
0000
024d
0000
0000
026d
0000
0000
0e0a
2c0a
0010
022d
0000
0000
024d
0000
8a0a
026d
0000
2a0a
0e0a
2c0a
0010
022d
0000
300a
0000
024d
0000
0000
026d
0000
2a0a
020d
0000
0e0a
2c0a
023d
0000
600a
0000
024d
0000
0000
026d
0000
2a0a
0000
0e0a
2c0a
023d
0000
960a
0000
024d
0000
0000
026d
0000
2a0a
0000
2c0a
0010
960a
0000
024d
0000
026d
0000
0000
2c0a
0010
2e0a
0000
024d
0000
0000
026d
0000
0000
2c0a
013d
0000
960a
024d
0000
0000
026d
0000
0000
020d
0000
2c0a
0010
960a
0000
024d
0000
026d
0000
0000
020d
0000
2c0a
0010
022d
0000
080a
960a
0000
024d
0000
900a
720a
026d
0000
0000
020d
0000
2c0a
0010
0000
024d
0000
0000
026d
0000
0000
020d
0000
0e0a
2c0a
081a
2e0a
0000
024d
0000
e00a
0000
026d
0000
0000
020d
0000
2c0a
2e1a
024d
0000
e00a
0000
026d
0000
0000
020d
0000
2c0a
0010
2e0a
0000
024d
0000
e00a
026d
0000
0000
020d
0000
2c0a
0010
2e0a
0000
024d
0000
e00a
0000
026d
0000
020d
0000
2c0a
2e1a
0000
900a
0000
026d
0000
0000
020d
0000
0010
2e0a
680a
0000
026d
0000
020d
0000
0010
2e0a
0000
0000
026d
0000
0000
0010
080a
2e0a
0000
0000
026d
0000
0010
2e0a
0000
024d
0000
0000
026d
0000
0000
0010
2e0a
0000
024d
0000
026d
0000
0c0a
020d
0000
2c0a
0010
2e0a
0000
024d
0000
0000
026d
0000
0000
020d
0000
2c0a
081a
2e0a
0000
024d
0000
0000
026d
0000
0000
020d
0000
2c0a
0010
022d
0000
080a
2e0a
024d
0000
720a
0000
026d
0000
0000
020d
0000
0010
022d
0000
080a
2e0a
024d
0000
720a
0000
026d
0000
8c0a
0000
020d
0000
940a
0010
032d
0000
080a
2e0a
024d
0000
900a
0000
026d
0000
0000
020d
0000
940a
0010
022d
0000
2e0a
0000
900a
7a0a
026d
0000
0000
020d
0000
0010
2e0a
0000
280a
0000
026d
0000
0000
020d
0000
2e1a
0000
900a
0000
026d
0000
0000
020d
0000
0010
2e0a
0000
024d
0000
900a
026d
0000
020d
0000
0010
2e0a
0000
024d
0000
900a
0000
026d
0000
0c0a
0000
020d
0000
2e1a
0000
024d
0000
0000
0c0a
0000
020d
0000
940a
0010
080a
0000
024d
0000
280a
0000
020d
0000
940a
0010
0000
024d
0000
280a
0000
0000
020d
0000
940a
0010
024d
0000
280a
0000
020d
0000
940a
0010
0000
024d
0000
280a
0000
026d
0000
0000
020d
0000
940a
0010
024d
0000
280a
0000
026d
0000
0000
020d
0000
0e0a
940a
0010
2e0a
024d
0000
280a
0000
026d
0000
0000
020d
0000
940a
0010
2e0a
0000
280a
0000
026d
0000
020d
0000
0010
2e0a
0000
024d
0000
280a
0000
026d
0000
0000
020d
0000
940a
0010
024d
0000
280a
0000
026d
0000
0000
020d
0000
8e0a
940a
0010
960a
0000
024d
0000
280a
026d
0000
0000
020d
0000
940a
0010
960a
0000
024d
0000
280a
0000
020d
0000
940a
0010
280a
0000
0000
020d
0000
0010
0000
024d
0000
280a
0000
0000
020d
0000
940a
0010
024d
0000
280a
0000
026d
0000
0000
020d
0000
940a
0010
0000
024d
0000
280a
026d
0000
0000
020d
0000
0e0a
940a
0010
0000
024d
0000
280a
0000
026d
0000
020d
0000
0e0a
940a
0010
960a
0000
280a
0000
026d
0000
0000
020d
0000
961a
024d
0000
280a
0000
026d
0000
0000
020d
0000
940a
0010
960a
0000
024d
0000
280a
026d
0000
0000
020d
0000
940a
0010
960a
0000
024d
0000
280a
0000
026d
0000
020d
0000
940a
961a
0000
024d
0000
280a
0000
026d
0000
0000
940a
0010
960a
0000
024d
0000
026d
0000
0000
2c0a
0010
960a
0000
024d
0000
0000
0000
e40a
0010
0000
024d
0000
026d
0000
0000
e40a
0010
960a
0000
024d
0000
0000
026d
0000
0000
020d
0000
e40a
961a
0000
024d
0000
0000
026d
0000
0000
020d
0000
e40a
0010
080a
960a
024d
0000
280a
026d
0000
0000
020d
0000
0010
960a
0000
024d
0000
280a
0000
8c0a
020d
0000
2c0a
0010
024d
0000
280a
0000
026d
0000
0000
020d
0000
2c0a
0010
960a
024d
0000
026d
0000
0000
020d
0000
2c0a
0010
880a
960a
0000
024d
0000
900a
0000
026d
0000
020d
0000
2c0a
0010
960a
0000
900a
0000
026d
0000
0000
0010
960a
0000
025d
0000
026d
0000
740a
0000
0010
960a
0000
024d
0000
0000
026d
0000
740a
0000
020d
0000
961a
0000
024d
0000
0000
026d
0000
740a
0000
020d
0000
0010
080a
960a
034d
0000
026d
0000
0000
020d
0000
0010
080a
960a
0000
024d
0000
900a
0000
026d
0000
7c0a
020d
0000
0010
2e0a
0000
900a
0000
026d
0000
0000
020d
0000
0010
e60a
900a
026d
0000
0000
020d
0000
0010
e60a
0000
900a
0000
026d
0000
0000
020d
0000
e61a
900a
0000
026d
0000
0000
020d
0000
0010
e60a
0000
900a
0000
026d
0000
0000
020d
0000
0010
900a
0000
026d
0000
0000
8e0a
0010
2e0a
0000
0000
026d
0000
0000
020d
0000
2e1a
0000
900a
0000
026d
0000
0000
020d
0000
0010
2e0a
0000
900a
0000
026d
0000
020d
0000
0010
2e0a
0000
900a
0000
0000
020d
0000
0010
0000
900a
0000
027d
0000
020d
0000
760a
0010
0000
900a
0000
026d
0000
0000
020d
0000
760a
0010
900a
026d
0000
0000
020d
0000
760a
0010
0000
900a
0000
036d
0000
0000
020d
0000
901a
026d
0000
7e0a
0010
0000
0000
0000
020d
0000
0010
0000
900a
0000
0000
020d
0000
0010
900a
0000
0000
020d
0000
0010
0000
900a
0000
0000
020d
0000
0010
0000
900a
0000
020d
0000
0010
0000
280a
0000
0000
020d
0000
0010
0000
e00a
0000
0000
020d
0000
0010
e00a
0000
0000
020d
0000
0010
0000
e00a
0000
0000
020d
0000
0010
e00a
0000
020d
0000
0010
0000
0000
0000
020d
0000
0010
880a
0000
280a
0000
0000
020d
0000
0010
280a
0000
0000
020d
0000
0010
0000
280a
0000
0000
020d
0000
0010
280a
0000
0010
0000
0000
0000
0010
0000
0000
0000
020d
0000
0010
700a
0000
0000
020d
0000
701a
0000
0000
0000
020d
0000
0010
700a
0000
0000
0000
030d
0000
0010
020d
0000
033d
0000
780a
0000
034d
0000
0000
036d
0000
0000
030d
0000
0010
032d
0000
034d
0000
0000
036d
0000
0000
030d
0000
0010
022d
0000
0000
024d
0000
320a
016d
0000
340a
020d
0000
0010
012d
0000
300a
0000
014d
0000
0000
026d
0000
0000
010d
0000
360a
023d
0000
0000
024d
0000
320a
0000
016d
0000
340a
0000
020d
0000
013d
0000
300a
014d
0000
0000
026d
0000
0000
010d
0000
360a
0010
022d
0000
0000
024d
0000
320a
016d
0000
340a
0000
020d
0000
0010
012d
0000
300a
0000
014d
0000
026d
0000
010d
0000
360a
0010
022d
0000
0000
024d
0000
320a
0000
016d
0000
340a
020d
0000
013d
0000
300a
0000
014d
0000
0000
026d
0000
0000
010d
0000
360a
0010
022d
0000
024d
0000
320a
016d
0000
340a
020d
0000
013d
0000
300a
014d
0000
0000
010d
0000
0010
0000
026d
0000
0000
360a
0010
022d
0000
0000
024d
0000
320a
0000
016d
0000
340a
020d
0000
0010
012d
0000
300a
0000
014d
0000
0000
026d
0000
0000
010d
0000
360a
0010
0000
016d
0000
0000
0010
0000
0000
0000
0010
022d
0000
0000
320a
0000
0010
012d
0000
0000
024d
0000
0000
340a
0000
020d
0000
0010
300a
0000
014d
0000
0000
010d
0000
0010
0000
0000
026d
0000
0000
360a
0010
022d
0000
0000
320a
016d
0000
0000
0010
012d
0000
0000
024d
0000
0000
340a
0000
020d
0000
0010
300a
014d
0000
0000
0000
010d
0000
0010
0000
0000
026d
0000
0000
360a
0010
022d
0000
024d
0000
320a
0000
016d
0000
340a
0000
020d
0000
0010
012d
0000
300a
0000
014d
0000
026d
0000
0000
010d
0000
360a
0010
0000
0000
016d
0000
0000
0010
022d
0000
320a
0000
0000
0010
012d
0000
0000
024d
0000
0000
340a
0000
020d
0000
0010
300a
014d
0000
0000
026d
0000
0000
010d
0000
360a
0010
0000
0000
016d
0000
0000
023d
0000
320a
0000
0000
0010
012d
0000
0000
024d
0000
0000
340a
0000
020d
0000
301a
014d
0000
0000
026d
0000
0000
010d
0000
360a
0010
0000
0000
016d
0000
0000
023d
0000
320a
0000
0000
0010
0000
024d
0000
0000
340a
0000
020d
0000
0010
300a
026d
0000
360a
0010
0000
0000
0010
0000
0000
0000
0010
0000
0000
0000
0010
0000
0040
022d
0000
024d
0000
320a
0000
340a
0000
020d
0000
0010
012d
0000
300a
0000
024d
0000
016d
0000
340a
0000
010d
0000
0010
022d
0000
0000
034d
0000
320a
0000
026d
0000
020d
0000
360a
0010
032d
0000
300a
0000
024d
0000
0000
026d
0000
0000
030d
0000
940a
360a
023d
0000
0000
034d
0000
0000
036d
0000
920a
0000
020d
0000
033d
0000
024d
0000
900a
0000
026d
0000
0000
030d
0000
940a
0010
022d
0000
960a
036d
0000
920a
020d
0000
0010
900a
0000
026d
0000
0000
0010
960a
0000
024d
0000
340a
0010
022d
0000
0000
024d
0000
320a
0000
0000
020d
0000
0010
022d
0000
300a
024d
0000
026d
0000
0c0a
0000
020d
0000
e40a
360a
0010
022d
0000
0000
034d
0000
0a0a
026d
0000
e20a
0000
020d
0000
0010
032d
0000
080a
0000
e00a
0000
026d
0000
030d
0000
0e0a
e61a
0000
0000
036d
0000
0000
0010
0000
0000
0000
0010
0000
0000
0070
022d
0000
024d
0000
0000
920a
0000
020d
0000
940a
0010
032d
0000
0000
034d
0000
900a
026d
0000
0000
030d
0000
0010
022d
0000
960a
0000
024d
0000
0000
036d
0000
920a
020d
0000
940a
0010
022d
0000
0000
024d
0000
900a
0000
026d
0000
2a0a
020d
0000
2c0a
023d
0000
960a
0000
024d
0000
280a
0000
026d
0000
920a
0000
020d
0000
940a
023d
0000
2e0a
0000
900a
0000
026d
0000
920a
0000
020d
0000
0010
022d
0000
960a
024d
0000
900a
0000
026d
0000
e20a
0000
020d
0000
940a
0010
960a
0000
024d
0000
e00a
026d
0000
0000
e40a
0010
022d
0000
e60a
0000
320a
0000
0000
020d
0000
013d
0000
300a
0000
024d
0000
0000
016d
0000
340a
0000
010d
0000
0010
022d
0000
014d
0000
320a
0000
026d
0000
0000
020d
0000
360a
0010
300a
0000
024d
0000
016d
0000
340a
0010
0000
0000
026d
0000
0000
360a
0010
0000
0000
0000
0010
0000
00c0
022d
0000
024d
0000
320a
0000
340a
0000
020d
0000
0010
012d
0000
300a
0000
024d
0000
016d
0000
340a
0000
010d
0000
0010
022d
0000
0000
014d
0000
320a
0000
026d
0000
020d
0000
360a
0010
012d
0000
300a
0000
024d
0000
0000
016d
0000
340a
010d
0000
023d
0000
0000
034d
0000
320a
0000
026d
0000
0000
020d
0000
360a
0010
032d
0000
300a
024d
0000
0000
026d
0000
0000
030d
0000
940a
360a
0010
022d
0000
034d
0000
036d
0000
920a
0000
020d
0000
0010
032d
0000
0000
024d
0000
900a
0000
026d
0000
030d
0000
940a
0010
022d
0000
960a
0000
024d
0000
0000
036d
0000
920a
020d
0000
940a
023d
0000
0000
900a
0000
026d
0000
920a
0000
020d
0000
0010
960a
900a
026d
0000
0000
0010
960a
0000
0000
0000
0010
0000
0000
0000
0010
0000
024d
0000
0000
0010
022d
0000
0000
024d
0000
0000
0c0a
0000
020d
0000
2c0a
0010
022d
0000
0a0a
0000
026d
0000
2a0a
0000
020d
0000
0010
080a
0000
280a
0000
026d
0000
0e0a
2e1a
0000
0000
0000
0010
0000
0000
0000
0010
0000
0000
0000
0010
0000
0000
0020
024d
0000
0000
e40a
0010
0000
034d
0000
0000
0000
0010
0000
024d
0000
0000
940a
0010
034d
0000
0000
0000
0010
0000
024d
0000
0000
0000
940a
0010
0000
034d
0000
0000
0010
0000
024d
0000
0000
7c0a
0000
0010
0000
0000
0000
0010
0000
0000
0060
020d
0000
023d
0000
0000
e00a
0000
026d
0000
e20a
0000
030d
0000
0010
032d
0000
e60a
0000
036d
0000
0000
020d
0000
0010
022d
0000
0000
900a
0000
026d
0000
920a
030d
0000
0010
032d
0000
960a
0000
0000
036d
0000
0000
020d
0000
0010
022d
0000
900a
0000
026d
0000
920a
0000
030d
0000
0010
032d
0000
960a
0000
0000
036d
0000
020d
0000
0010
022d
0000
780a
0000
7a0a
0000
026d
0000
0000
030d
0000
7e0a
033d
0000
034d
0000
0000
036d
0000
0000
0010
032d
0000
0000
0000
0000
0010
022d
0000
0000
0000
0010
0000
0000
0000
0010
0000
320a
0000
0000
0010
032d
0000
0000
023d
0000
0000
0000
0010
0000
0000
0000
0010
0000
0000
0000
0010
0000
0000
0000
321a
0010
032d
0000
0000
0000
0000
0010
022d
0000
0000
034d
0000
0000
0000
0010
024d
0000
0000
0010
0000
0000
0000
0010
0000
0000
340a
0000
0010
0000
320a
0000
023d
0000
e20a
0000
0010
022d
0000
0000
6a0a
0000
0000
0010
0000
0000
0000
0010
0090
034d
0000
0000
0010
032d
0000
0000
024d
0000
0000
0000
0010
022d
0000
0000
7a0a
0000
0010
0000
0000
0000
0010
0000
0000
0000
0010
0000
0000
340a
0000
0010
0350
034d
0000
0000
0010
0000
024d
0000
0000
0000
0010
0000
0000
0000
0010
0000
0020
036d
0000
340a
0010
0000
024d
0000
0000
026d
0000
0000
e40a
0010
0000
024d
0000
6c0a
0000
0010
0000
0000
0000
360a
0010
0000
0000
036d
0000
0000
0010
0000
026d
0000
0010
0000
0000
0000
0010
0000
0000
0000
0010
0000
0000
0000
0010
0000
361a
0010
0000
036d
0000
0000
0010
0000
0000
026d
0000
0000
0010
0000
034d
0000
030d
0000
025d
0000
0000
7c0a
0000
020d
0000
0010
0000
0000
0000
0010
0000
0000
360a
301a
0000
0000
026d
0000
0000
0010
e60a
0000
0000
026d
0000
0000
6e0a
0010
00a0
036d
0000
0010
0000
0000
026d
0000
0000
7e0a
0010
0000
0000
0000
0010
0000
01e0
030d
0000
0010
0000
0000
020d
0000
0010
0000
0000
0000
0010
0000
0000
0000
0030
300a
0000
0000
0010
0000
0000
0000
0010
0000
0000
0000
030d
0000
0010
0000
020d
0000
0010
0000
0010
0000
0000
0000
0010
0000
0000
0000
0010
0000
0000
0000
301a
0000
0000
020d
0000
0010
0000
e00a
0000
0000
020d
0000
0010
680a
0000
0000
00b0
030d
0000
0010
0000
0000
020d
0000
0010
032d
0000
780a
0000
034d
0000
0000
036d
0000
030d
0000
0010
032d
0000
0000
034d
0000
0000
036d
0000
0000
030d
0000
023d
0000
024d
0000
320a
0000
016d
0000
340a
0000
020d
0000
0010
022d
0000
300a
024d
0000
026d
0000
920a
0000
020d
0000
940a
360a
0010
022d
0000
0000
024d
0000
900a
026d
0000
920a
0000
020d
0000
940a
0010
022d
0000
960a
0000
024d
0000
900a
026d
0000
020d
0000
0010
022d
0000
960a
0000
024d
0000
8a0a
0000
026d
0000
8c0a
920a
020d
0000
940a
0010
022d
0000
880a
0000
024d
0000
900a
0000
026d
0000
920a
020d
0000
8e0a
940a
961a
0000
900a
0000
026d
0000
0000
0010
960a
0000
0000
0000
023d
0000
024d
0000
320a
0000
340a
0000
020d
0000
0010
012d
0000
300a
0000
024d
0000
016d
0000
340a
0000
010d
0000
0010
022d
0000
0000
014d
0000
320a
0000
026d
0000
020d
0000
360a
0010
012d
0000
300a
0000
024d
0000
0000
016d
0000
340a
0000
010d
0000
023d
0000
0000
014d
0000
320a
0000
026d
0000
0000
020d
0000
360a
0010
012d
0000
300a
024d
0000
0000
016d
0000
340a
0000
010d
0000
0010
022d
0000
0000
024d
0000
320a
026d
0000
0000
020d
0000
940a
360a
0010
022d
0000
300a
0000
024d
0000
026d
0000
920a
0000
020d
0000
940a
360a
0010
022d
0000
0000
900a
0000
026d
0000
920a
020d
0000
0010
960a
0000
900a
0000
026d
0000
0000
0010
960a
0000
0000
00a0
024d
0000
0000
0010
022d
0000
0000
024d
0000
0000
026d
0000
8c0a
0000
020d
0000
940a
023d
0000
0000
024d
0000
8a0a
0000
026d
0000
920a
0000
020d
0000
8e0a
940a
023d
0000
880a
960a
0000
024d
0000
900a
0000
026d
0000
920a
0000
020d
0000
940a
023d
0000
960a
0000
024d
0000
900a
0000
026d
0000
920a
0000
020d
0000
940a
023d
0000
960a
024d
0000
900a
0000
026d
0000
920a
0000
020d
0000
940a
0010
022d
0000
960a
024d
0000
900a
0000
026d
0000
920a
0000
020d
0000
940a
0010
022d
0000
960a
900a
0000
026d
0000
920a
0000
020d
0000
0010
960a
0000
900a
0000
0000
0010
024d
0000
340a
0000
0010
022d
0000
0000
320a
0000
026d
0000
0000
020d
0000
360a
301a
0000
0000
0010
0000
0000
0000
0010
0000
0000
0000
0010
0000
0000
0000
0010
0130
022d
0000
024d
0000
320a
0000
016d
0000
340a
0000
020d
0000
0010
012d
0000
300a
014d
0000
0000
026d
0000
0000
010d
0000
360a
0010
022d
0000
0000
024d
0000
320a
016d
0000
340a
0000
020d
0000
0010
012d
0000
300a
0000
014d
0000
0000
026d
0000
010d
0000
360a
0010
022d
0000
0000
024d
0000
320a
0000
016d
0000
340a
0000
020d
0000
013d
0000
300a
0000
014d
0000
0000
026d
0000
0000
010d
0000
360a
0010
022d
0000
024d
0000
320a
0000
016d
0000
340a
0000
020d
0000
0010
012d
0000
300a
014d
0000
026d
0000
0000
010d
0000
360a
0010
022d
0000
0000
024d
0000
320a
0000
016d
0000
340a
020d
0000
0010
012d
0000
300a
0000
014d
0000
0000
026d
0000
0000
010d
0000
360a
023d
0000
0000
320a
0000
016d
0000
0000
0010
012d
0000
0000
024d
0000
340a
0000
020d
0000
0010
300a
0000
014d
0000
0000
026d
0000
0000
010d
0000
360a
0010
0000
016d
0000
0000
0010
022d
0000
0000
320a
0000
0000
0010
032d
0000
024d
0000
340a
0000
020d
0000
0010
300a
0000
034d
0000
0000
026d
0000
0000
030d
0000
360a
023d
0000
0000
024d
0000
0000
036d
0000
920a
0000
020d
0000
940a
0010
032d
0000
034d
0000
900a
0000
026d
0000
0000
030d
0000
0010
022d
0000
960a
0000
024d
0000
036d
0000
920a
0000
020d
0000
940a
0010
0000
900a
0000
026d
0000
0000
961a
0000
0000
0010
0000
0000
0000
0010
0000
0000
0000
0010
032d
0000
0000
0000
023d
0000
034d
0000
920a
0000
030d
0000
0010
0000
024d
0000
0000
036d
0000
0000
020d
0000
940a
0010
900a
0000
026d
0000
0000
0010
960a
0000
0000
0000
0010
0000
0030
032d
0000
0000
0000
0010
022d
0000
0000
034d
0000
0000
920a
0000
030d
0000
023d
0000
024d
0000
0000
036d
0000
e20a
0000
020d
0000
940a
0010
022d
0000
0000
024d
0000
900a
026d
0000
920a
0000
020d
0000
e40a
0010
022d
0000
960a
0000
024d
0000
e00a
026d
0000
920a
0000
020d
0000
940a
0010
e60a
0000
024d
0000
900a
0000
026d
0000
020d
0000
940a
0010
960a
0000
900a
0000
026d
0000
0000
0010
960a
0000
0460
022d
0000
024d
0000
0000
920a
0000
020d
0000
940a
0010
022d
0000
0000
024d
0000
900a
026d
0000
920a
0000
020d
0000
940a
0010
022d
0000
960a
0000
024d
0000
900a
026d
0000
920a
0000
020d
0000
940a
0010
960a
0000
900a
0000
026d
0000
0000
961a
0000
0000
0010
022d
0000
0000
024d
0000
320a
0000
340a
0000
020d
0000
0010
022d
0000
300a
024d
0000
026d
0000
920a
0000
020d
0000
940a
360a
0010
022d
0000
024d
0000
900a
026d
0000
e20a
0000
020d
0000
e40a
0010
022d
0000
960a
0000
024d
0000
e00a
026d
0000
920a
0000
020d
0000
940a
0010
e60a
0000
900a
0000
026d
0000
961a
0000
0010
022d
0000
0000
024d
0000
320a
0000
340a
0000
020d
0000
0010
012d
0000
300a
024d
0000
0000
016d
0000
340a
0000
010d
0000
0010
022d
0000
0000
014d
0000
320a
026d
0000
0000
020d
0000
360a
0010
012d
0000
300a
0000
024d
0000
0000
016d
0000
340a
010d
0000
0010
022d
0000
0000
014d
0000
320a
0000
026d
0000
0000
020d
0000
360a
013d
0000
300a
0000
024d
0000
0000
016d
0000
340a
0000
010d
0000
023d
0000
014d
0000
320a
0000
026d
0000
0000
020d
0000
360a
0010
012d
0000
300a
024d
0000
016d
0000
340a
0000
010d
0000
0010
022d
0000
0000
014d
0000
320a
0000
026d
0000
020d
0000
360a
0010
012d
0000
300a
0000
024d
0000
0000
016d
0000
340a
010d
0000
023d
0000
0000
320a
0000
026d
0000
0000
360a
0010
0000
0000
016d
0000
020d
0000
033d
0000
300a
0000
0000
026d
0000
0000
360a
0010
022d
0000
0000
034d
0000
920a
0000
030d
0000
0010
0000
024d
0000
0000
0000
020d
0000
940a
0010
0000
900a
0000
0010
0000
0000
036d
0000
0000
0010
0000
0000
026d
0000
0000
0010
960a
035d
0000
0000
0010
032d
0000
0000
024d
0000
0000
0000
940a
0010
022d
0000
0000
920a
030d
0000
0010
0000
0000
0000
020d
0000
0010
0000
900a
0000
0000
0010
0000
036d
0000
0010
0000
0000
026d
0000
0000
0010
960a
0000
0000
0000
0010
0000
0000
09d0
024d
0000
0000
0010
022d
0000
0000
034d
0000
0000
0c0a
0000
020d
0000
0010
032d
0000
024d
0000
0a0a
0000
026d
0000
0000
030d
0000
940a
0010
022d
0000
080a
024d
0000
036d
0000
920a
0000
020d
0000
0e0a
2c0a
0010
022d
0000
0000
024d
0000
900a
026d
0000
2a0a
0000
020d
0000
e40a
0010
022d
0000
960a
0000
024d
0000
280a
026d
0000
e20a
020d
0000
2c0a
0010
022d
0000
2e0a
0000
034d
0000
e00a
0000
026d
0000
2a0a
020d
0000
0010
032d
0000
e60a
0000
024d
0000
280a
0000
026d
0000
0000
030d
0000
940a
023d
0000
2e0a
0000
024d
0000
0000
036d
0000
920a
0000
020d
0000
2c0a
023d
0000
0000
024d
0000
900a
0000
026d
0000
2a0a
0000
020d
0000
940a
0010
022d
0000
960a
024d
0000
280a
0000
026d
0000
920a
0000
020d
0000
940a
0010
022d
0000
2e0a
900a
0000
026d
0000
920a
0000
020d
0000
0010
960a
0000
900a
0000
026d
0000
0010
960a
0000
0000
0000
0010
0000
024d
0000
0000
0000
0010
022d
0000
0000
024d
0000
0c0a
0000
020d
0000
940a
0010
022d
0000
0000
024d
0000
0a0a
0000
026d
0000
920a
020d
0000
e40a
0010
022d
0000
080a
0000
034d
0000
900a
0000
026d
0000
e20a
020d
0000
0e0a
0010
032d
0000
960a
0000
024d
0000
e00a
0000
026d
0000
7c0a
030d
0000
023d
0000
e60a
0000
7a0a
0000
036d
0000
0000
020d
0000
0010
780a
0000
026d
0000
030d
0000
7e0a
0010
032d
0000
0000
034d
0000
0000
036d
0000
0000
030d
0000
033d
0000
0000
034d
0000
0000
036d
0000
0000
0010
0000
0000
0000
0010
0000
0050
030d
0000
033d
0000
0000
034d
0000
0000
036d
0000
0000
020d
0000
0010
012d
0000
024d
0000
0000
016d
0000
0000
0010
300a
0000
0000
340a
0000
010d
0000
0010
022d
0000
014d
0000
0000
026d
0000
0000
0010
0000
320a
0000
0000
020d
0000
360a
013d
0000
024d
0000
0000
016d
0000
0000
0010
300a
0000
0000
340a
0000
010d
0000
023d
0000
014d
0000
0000
026d
0000
0000
0010
0000
320a
0000
0000
020d
0000
360a
013d
0000
024d
0000
0000
016d
0000
0000
0010
300a
0000
0000
340a
0000
0010
022d
0000
0000
026d
0000
0000
0010
0000
320a
0000
0000
360a
0010
0000
0000
0000
0010
0490
020d
0000
0010
0000
0000
0010
012d
0000
300a
0000
024d
0000
0000
016d
0000
023d
0000
340a
0000
0010
0000
320a
0000
026d
0000
0000
0010
0000
0000
0000
360a
0080
030d
0000
0010
0000
0000
020d
0000
0010
780a
0000
034d
0000
0000
0000
0010
032d
0000
024d
0000
0000
7c0a
0000
0010
022d
0000
0000
7a0a
0000
036d
0000
0000
027d
0000
030d
0000
7e0a
0010
032d
0000
0000
034d
0000
0000
036d
0000
0000
030d
0000
033d
0000
0000
034d
0000
0000
036d
0000
0000
020d
0000
0010
022d
0000
0000
024d
0000
026d
0000
0000
0010
080a
0000
0a0a
0000
0c0a
0000
020d
0000
0e0a
0010
022d
0000
680a
024d
0000
6a0a
0000
026d
0000
6c0a
0000
020d
0000
6e0a
0010
022d
0000
024d
0000
0000
026d
0000
0000
0010
080a
0000
0a0a
0000
0c0a
0000
0e0a
0010
021d
0000
023d
0000
0000
900a
0000
920a
0000
020d
0000
0010
022d
0000
0000
024d
0000
900a
026d
0000
920a
0000
020d
0000
940a
0010
022d
0000
960a
0000
024d
0000
280a
026d
0000
2a0a
0000
020d
0000
940a
0010
022d
0000
960a
0000
024d
0000
900a
026d
0000
920a
020d
0000
2c0a
0010
022d
0000
2e0a
0000
024d
0000
900a
0000
026d
0000
920a
940a
0010
960a
0000
024d
0000
0000
026d
0000
0000
940a
0010
960a
0000
020d
0000
013d
0000
300a
0000
0000
020d
0000
0010
022d
0000
0000
024d
0000
280a
320a
016d
0000
340a
0000
020d
0000
0010
022d
0000
0000
024d
0000
280a
0000
026d
0000
2a0a
020d
0000
2c0a
360a
0010
022d
0000
0000
024d
0000
280a
0000
026d
0000
2a0a
020d
0000
2c0a
0010
022d
0000
2e0a
0000
024d
0000
280a
0000
026d
0000
2a0a
020d
0000
2c0a
023d
0000
2e0a
0000
024d
0000
900a
0000
026d
0000
2a0a
0000
020d
0000
2c0a
023d
0000
2e0a
0000
024d
0000
280a
0000
026d
0000
920a
0000
020d
0000
940a
023d
0000
2e0a
0000
024d
0000
280a
0000
026d
0000
2a0a
0000
2c0a
0010
022d
0000
960a
024d
0000
0000
026d
0000
2a0a
0000
2c0a
0010
2e0a
0000
0000
026d
0000
2e1a
0000
0010
0000
0000
0000
0010
0000
0000
0000
0010
0000
0000
0000
0010
0000
030d
0000
0010
0000
010d
0000
0010
0000
0000
0000
0010
0000
0000
0000
020d
0000
201a
0000
0000
0010
0000
0000
0000
0010
0000
0000
0000
0010
0000
034d
0000
0000
025d
0000
240a
0000
0010
032d
0000
0000
0000
0000
0010
012d
0000
0000
0000
0000
0020
022d
0000
220a
0000
036d
0000
0000
0010
0000
0000
016d
0000
0000
0010
0000
0020
026d
0000
260a
0010
0000
0000
0000
0010
0000
0000
0000
0010
0000
0000
0000
0650
0046
0000
0000
0010
0000
0000
0000
0010
0000
0000
0000
0010
0000
0000
0000
0020
8086
0000
0000
0010
0000
0000
80c6
0000
0010
0000
0000
0000
0010
0000
0000
0090
0106
0010
00c6
0000
0000
0086
0000
0010
0000
0000
0000
020d
0000
0010
780a
0006
024d
0000
0000
7c0a
8046
0000
0010
8006
0000
0000
0000
0010
c0c6
0000
0000
4046
0010
0000
0000
0000
0010
0206
0000
0000
0000
0010
0000
0000
0000
0010
0000
c096
0000
8206
0000
0010
0000
0000
01c6
0000
0010
40c6
0000
0000
8186
0000
0010
8146
0000
0000
0010
81c6
0000
0000
0186
0000
0010
0000
0000
0000
0010
0000
0000
c046
0010
0000
0000
0000
0010
0000
0000
8246
0000
0010
022d
0000
0000
7a0a
0000
4086
0010
4006
0000
0000
0000
0010
8106
0000
0000
0000
0010
0000
0000
0000
0010
0146
4116
0000
0000
82c6
0000
0010
0000
0000
0000
0010
0000
0000
0000
0010
0000
0256
0000
0000
0010
0000
0000
0000
0010
0000
0000
c106
0000
0010
0000
0000
026d
0000
c186
7e0a
0010
c006
0000
0000
0000
0010
0000
0000
0000
0010
0000
0000
0000
0060
41c6
0000
c1c6
0000
0010
0000
0000
0286
0000
0010
0000
0000
0000
0010
02c6
0306
8316
0000
0000
c246
0000
0010
c2c6
0000
0000
4246
0000
0010
0000
0000
0000
0020
42c6
0010
4306
0000
0000
c306
0000
0010
05c6
0000
0000
0000
0010
c146
0000
4206
0010
c206
0000
0000
0000
0010
0000
0000
0000
0010
0000
0000
0000
0010
0000
4156
0010
8546
0000
0000
0000
0010
0000
0000
0000
0010
0000
0000
0000
0010
0000
0030
4186
0000
8586
0000
0010
0546
0000
0000
c546
0000
0010
0586
0000
0000
c586
8296
4546
0000
0010
4586
0000
0000
4286
0000
0010
c286
0000
0000
0000
0010
85c6
0020
45c6
0000
c5c6
0000
0010
0000
0000
0000
0010
0000
0000
0000
0010
0000
0000
2ff0
fe85
0007
0000
0000
0001
1efa
d73e
7f75
0000
0010
0000
0000
0000
0010
0000
