2850
fe85
0007
0000
0000
0001
c9f9
d73d
7f75
0000
0010
0000
0000
0000
0010
0000
0b70
fe85
0007
0000
0000
0000
0010
0000
0000
0000
0010
0000
0000
0000
0010
0000
03a0
0e8f
0100
0000
108f
0001
0000
0000
0010
128f
0001
0000
0000
0000
0000
0010
0040
1c8f
0010
0000
0000
0000
0010
0000
0000
0000
0010
0000
0000
0000
0010
0000
2ff0
188f
8450
4a13
0000
1a8f
017f
0000
0000
0001
d241
d73d
7f75
0000
5a8f
0015
0000
249f
008b
00ac
0000
268f
00cc
000a
0000
808f
0000
1c40
0000
828f
7f49
8000
849f
0000
00d0
868f
4fac
00ea
0000
888f
0680
11e0
0000
8a8f
7f49
0000
0010
0000
0ab0
008f
0425
0000
0010
0000
0000
0000
0010
0000
0000
0000
0010
0000
0000
0000
0080
4083
1020
0010
c083
1020
0000
0000
0010
0000
0000
0083
1020
0000
0010
0000
8093
1020
0000
0000
40c3
1020
0010
0000
c0c3
1020
0000
0000
0010
0000
0000
00c3
1020
0010
0000
0000
0000
0010
80c3
1020
0000
0000
0000
4103
1020
0010
0000
c103
1020
0000
0010
0000
0000
0103
1020
0000
0010
0000
0000
0000
0010
8103
1020
0000
4143
1020
c153
1020
0000
0000
0010
0000
0000
0143
1020
0000
0010
0000
0000
0000
8153
1020
0000
0000
4183
1020
0010
0000
c183
1020
0000
0000
0010
0000
0000
0183
1020
0010
0000
0000
0000
0010
8183
1020
0000
0000
0000
41c3
1020
0010
0000
c1c3
1020
0000
0010
0000
0000
01c3
1020
0000
0010
0000
0000
0000
0010
81c3
1020
0000
4203
1020
c213
1020
0000
0000
0010
0000
0000
0203
1020
0000
0010
0000
0000
0000
8213
1020
0000
0000
4243
1020
0010
0000
c243
1020
0000
0000
0010
0000
0000
0243
1020
0010
0000
0000
0000
0010
8243
1020
0000
0000
0000
4283
1020
0010
0000
c283
1020
0000
0010
0000
0000
0283
1020
0000
0010
0000
0000
0000
0010
8283
1020
0000
c2c3
1020
0000
0010
0000
0000
02c3
1020
0000
0010
0000
0000
0000
0010
82c3
1020
42c3
1020
0010
c303
1020
0000
0000
0010
0000
0000
0303
1020
0000
0010
0000
0000
8313
1020
0000
4303
1020
0010
0000
c003
1020
0000
0000
0010
0000
0000
0003
1020
0020
8003
1020
0000
0000
4003
1020
0010
0000
c043
1020
0000
0000
0010
0000
0000
0043
1020
0010
0000
0000
0000
0010
8043
1020
0000
0000
0000
4043
1020
0010
0000
c483
3020
0000
0010
0000
0000
0483
3020
0000
0010
0000
0000
0000
0010
8483
3020
4483
3020
0010
c4c3
3020
0000
0000
0010
0000
0000
04c3
3020
0000
0010
0000
0000
84d3
3020
0000
44c3
3020
0010
0000
0000
0000
0010
0000
0000
0000
0010
0000
0000
00e0
c503
3020
0000
0010
0000
0000
0503
3020
0000
0010
0000
0000
0000
0010
8503
3020
0000
0000
4503
3020
0010
0000
0000
0000
0010
0000
0000
0000
0010
0000
0000
03f0
fe85
0007
0000
0000
0010
0000
0000
0000
0010
0000
0000
0000
0010
0000
0000
05d0
024d
0000
026d
0000
0000
020d
0000
0010
022d
0000
0000
024d
0000
0000
026d
0000
040a
020d
0000
060a
0010
022d
0000
000a
0000
024d
0000
020a
0000
026d
0000
040a
020d
0000
060a
0010
022d
0000
000a
0000
024d
0000
020a
0000
026d
0000
040a
020d
0000
060a
023d
0000
000a
0000
024d
0000
020a
0000
026d
0000
040a
0000
020d
0000
060a
2c0a
001a
2e0a
0000
024d
0000
020a
280a
0000
026d
0000
0000
020d
0000
2c0a
023d
0000
2e0a
0000
024d
0000
280a
0000
026d
0000
2a0a
0000
020d
0000
2c0a
023d
0000
2e0a
280a
0000
2a0a
0000
0010
022d
0000
0000
0000
2a0a
0000
0010
0000
2ff0
034d
0000
0000
036d
0000
0000
030d
0000
0001
e3ce
d73d
7f75
0000
032d
0000
025d
0000
026d
0000
0000
020d
0000
0000
022d
0000
0010
024d
0000
0000
026d
0000
0c0a
020d
0000
0e0a
0000
022d
0000
080a
0010
024d
0000
0a0a
0000
026d
0000
0c0a
020d
0000
0e0a
022d
0000
080a
0010
024d
0000
0a0a
0000
026d
0000
0c0a
0000
020d
0000
0e0a
022d
0000
080a
0010
024d
0000
0a0a
0000
026d
0000
0c0a
0000
020d
0000
0e0a
022d
0000
080a
0010
024d
0000
0a0a
0000
026d
0000
0c0a
0000
020d
0000
0e0a
022d
0000
080a
025d
0000
0a0a
0000
026d
0000
0c0a
0000
020d
0000
0e0a
0000
022d
0000
080a
025d
0000
0a0a
0000
026d
0000
0c0a
0000
020d
0000
0e0a
0000
022d
0000
080a
025d
0000
0a0a
0000
026d
0000
0c0a
0000
020d
0000
0e0a
2c0a
0000
022d
0000
080a
2e0a
025d
0000
0a0a
280a
0000
026d
0000
2a0a
0000
020d
0000
2c0a
0000
022d
0000
2e0a
025d
0000
280a
0000
026d
0000
2a0a
0000
020d
0000
940a
0000
022d
0000
960a
025d
0000
900a
0000
026d
0000
920a
0000
020d
0000
940a
0000
022d
0000
960a
025d
0000
900a
026d
0000
920a
0000
020d
0000
0000
022d
0000
0010
0000
0000
0000
0020
2c0a
2e0a
0010
024d
0000
280a
0000
026d
0000
2a0a
0000
020d
0000
940a
0000
022d
0000
960a
025d
0000
900a
0000
026d
0000
920a
0000
020d
0000
0000
022d
0000
025d
0000
026d
0000
0c0a
0000
020d
0000
0e0a
0000
022d
0000
080a
0010
024d
0000
0a0a
026d
0000
0c0a
0000
020d
0000
0e0a
940a
0000
022d
0000
080a
960a
0010
024d
0000
0a0a
900a
026d
0000
920a
0000
020d
0000
2c0a
0000
022d
0000
2e0a
0010
024d
0000
280a
026d
0000
2a0a
0000
020d
0000
0000
022d
0000
0010
024d
0000
0000
026d
0000
0c0a
020d
0000
0e0a
0000
022d
0000
080a
0010
024d
0000
0a0a
0000
026d
0000
0c0a
020d
0000
0e0a
0000
022d
0000
080a
0010
024d
0000
0a0a
0000
026d
0000
0c0a
020d
0000
0e0a
2c0a
022d
0000
080a
2e0a
0010
0a0a
280a
0000
2a0a
0000
0000
0010
0030
024d
0000
026d
0000
0000
020d
0000
0000
022d
0000
0010
024d
0000
0000
026d
0000
0c0a
020d
0000
0e0a
0000
022d
0000
080a
0010
024d
0000
0a0a
0000
026d
0000
0c0a
020d
0000
0e0a
0000
022d
0000
080a
0010
024d
0000
0a0a
0000
026d
0000
0c0a
020d
0000
0e0a
022d
0000
080a
0010
024d
0000
0a0a
0000
026d
0000
0c0a
0000
020d
0000
0e0a
022d
0000
080a
0010
024d
0000
0a0a
0000
026d
0000
0c0a
0000
020d
0000
0e0a
022d
0000
080a
0010
024d
0000
0a0a
0000
026d
0000
0c0a
0000
020d
0000
0e0a
022d
0000
080a
025d
0000
0a0a
0000
026d
0000
0c0a
0000
020d
0000
0e0a
0000
022d
0000
080a
025d
0000
0a0a
0000
026d
0000
0c0a
0000
020d
0000
0e0a
0000
022d
0000
080a
025d
0000
0a0a
0000
026d
0000
0c0a
0000
020d
0000
0e0a
0000
022d
0000
080a
0a1a
0c0a
0000
0e0a
0000
080a
0010
0a0a
0000
0000
0000
0010
0000
0000
0000
0010
0500
024d
0000
026d
0000
0000
020d
0000
0000
022d
0000
0010
024d
0000
0000
026d
0000
0c0a
020d
0000
0e0a
0000
022d
0000
080a
0010
024d
0000
0a0a
0000
026d
0000
0c0a
020d
0000
0e0a
0000
022d
0000
080a
0010
024d
0000
0a0a
0000
026d
0000
0c0a
020d
0000
0e0a
022d
0000
080a
0010
024d
0000
0a0a
0000
026d
0000
0c0a
0000
020d
0000
0e0a
022d
0000
080a
0010
024d
0000
0a0a
0000
026d
0000
0c0a
0000
020d
0000
0e0a
940a
022d
0000
080a
960a
0010
024d
0000
0a0a
900a
0000
026d
0000
920a
0000
020d
0000
022d
0000
0010
024d
0000
0000
026d
0000
0c0a
0000
020d
0000
0e0a
940a
022d
0000
080a
960a
025d
0000
0a0a
900a
0000
026d
0000
920a
0000
020d
0000
940a
022d
0000
960a
025d
0000
900a
0000
026d
0000
920a
0000
020d
0000
2c0a
0000
022d
0000
2e0a
025d
0000
280a
0000
026d
0000
2a0a
0000
020d
0000
940a
0000
022d
0000
960a
025d
0000
900a
0000
026d
0000
920a
0000
020d
0000
2c0a
0000
022d
0000
2e0a
281a
2a0a
0000
0000
0010
0000
0000
0000
0010
0000
0000
0000
0010
0000
0000
0000
0490
024d
0000
026d
0000
0000
020d
0000
2c0a
0000
022d
0000
2e0a
0010
024d
0000
280a
026d
0000
2a0a
0000
020d
0000
2c0a
0000
022d
0000
2e0a
0010
024d
0000
280a
026d
0000
2a0a
020d
0000
2c0a
0000
022d
0000
2e0a
0010
024d
0000
280a
0000
026d
0000
2a0a
020d
0000
2c0a
0000
022d
0000
2e0a
0010
024d
0000
280a
0000
026d
0000
2a0a
020d
0000
940a
0000
022d
0000
960a
0010
024d
0000
900a
0000
026d
0000
920a
020d
0000
2c0a
022d
0000
2e0a
0010
280a
0000
2a0a
0000
0000
0010
0000
0000
0000
025d
0000
026d
0000
0000
020d
0000
0000
022d
0000
0010
024d
0000
0000
026d
0000
0c0a
020d
0000
0e0a
2c0a
0000
022d
0000
080a
2e0a
0010
024d
0000
0a0a
280a
0000
026d
0000
2a0a
020d
0000
940a
0000
022d
0000
960a
0010
024d
0000
900a
0000
026d
0000
920a
020d
0000
940a
0000
022d
0000
960a
0010
900a
0000
920a
0000
0000
0010
025d
0000
026d
0000
0000
020d
0000
0000
022d
0000
0010
024d
0000
0000
026d
0000
0c0a
020d
0000
0e0a
2c0a
0000
022d
0000
080a
2e0a
0010
024d
0000
0a0a
280a
0000
026d
0000
2a0a
020d
0000
2c0a
0000
022d
0000
2e0a
0010
280a
0000
2a0a
0000
0000
2ff0
024d
0000
0000
026d
0000
0000
020d
0000
2c0a
0001
eb66
d73d
7f75
0000
022d
0000
2e0a
025d
0000
280a
0000
026d
0000
2a0a
0000
020d
0000
0000
022d
0000
0010
024d
0000
026d
0000
0c0a
0000
020d
0000
0e0a
2c0a
0000
022d
0000
080a
2e0a
0010
024d
0000
0a0a
280a
026d
0000
2a0a
0000
020d
0000
940a
0000
022d
0000
960a
0010
024d
0000
900a
026d
0000
920a
0000
020d
0000
2c0a
0000
022d
0000
2e0a
0010
024d
0000
280a
026d
0000
2a0a
0000
020d
0000
2c0a
0000
022d
0000
2e0a
0010
024d
0000
280a
026d
0000
2a0a
0000
020d
0000
2c0a
0000
022d
0000
2e0a
0010
024d
0000
280a
026d
0000
2a0a
020d
0000
2c0a
0000
022d
0000
2e0a
0010
024d
0000
280a
0000
026d
0000
2a0a
020d
0000
940a
0000
022d
0000
960a
0010
024d
0000
900a
0000
026d
0000
920a
020d
0000
2c0a
0000
022d
0000
2e0a
0010
024d
0000
280a
0000
026d
0000
2a0a
020d
0000
2c0a
022d
0000
2e0a
0010
024d
0000
280a
0000
026d
0000
2a0a
0000
020d
0000
2c0a
022d
0000
2e0a
0010
024d
0000
280a
0000
026d
0000
2a0a
0000
020d
0000
2c0a
022d
0000
2e0a
0010
280a
0000
2a0a
0000
0000
0010
0000
0000
0000
0010
014d
0000
016d
0000
0000
010d
0000
0000
012d
0000
0010
0000
0000
0000
0010
024d
0000
740a
0000
0010
024d
0000
0000
740a
0000
0000
0010
024d
0000
0000
740a
0000
0000
025d
0000
026d
0000
0000
2c0a
760a
0000
0010
024d
0000
0000
026d
0000
0000
2c0a
760a
0010
024d
0000
0000
026d
0000
0000
020d
0000
2c0a
760a
0000
700a
0010
024d
0000
026d
0000
0000
020d
0000
2c0a
0000
2e0a
700a
0010
024d
0000
0000
026d
0000
020d
0000
2c0a
2e0a
700a
0010
024d
0000
0000
026d
0000
0000
020d
0000
2c0a
0000
022d
0000
2e0a
025d
0000
280a
720a
0000
026d
0000
0000
020d
0000
2c0a
0000
022d
0000
2e0a
025d
0000
280a
720a
0000
026d
0000
0000
020d
0000
2c0a
0000
022d
0000
2e0a
025d
0000
280a
720a
0000
026d
0000
0000
020d
0000
2c0a
0000
022d
0000
2e0a
025d
0000
280a
026d
0000
2a0a
0000
020d
0000
2c0a
0000
022d
0000
2e0a
0010
280a
026d
0000
2a0a
020d
0000
0000
022d
0000
2e0a
0010
280a
0000
026d
0000
2a0a
0000
020d
0000
022d
0000
2e0a
0010
280a
0000
026d
0000
2a0a
0000
020d
0000
0000
022d
0000
2e0a
281a
0000
2a0a
0000
020d
0000
0000
022d
0000
0010
280a
0000
2a0a
0000
020d
0000
022d
0000
0010
280a
0000
2a0a
0000
0000
022d
0000
0010
0000
2a0a
0000
022d
0000
0010
2a0a
0000
0000
022d
0000
0010
0000
2a0a
0000
0000
0010
0000
0000
09d0
024d
0000
0000
940a
0000
0010
024d
0000
0000
0000
940a
0000
0010
024d
0000
2c0a
025d
0000
0000
0000
2c0a
0000
0010
024d
0000
0000
0000
2c0a
0000
0010
024d
0000
0000
0000
0010
024d
0000
0000
0c0a
0000
2c0a
0000
0010
024d
0000
0000
0000
2c0a
0010
024d
0000
0000
0000
2c0a
0000
0010
024d
0000
0000
0000
2c0a
0000
0010
024d
0000
0000
2c0a
0000
0010
024d
0000
0000
0000
2c0a
0000
0010
024d
0000
0000
025d
0000
0c0a
0000
940a
0000
0010
0000
0000
0000
0010
0000
0000
0000
0010
0000
0050
026d
0000
020d
0000
0000
960a
0010
900a
0000
026d
0000
0000
020d
0000
0000
022d
0000
960a
901a
0000
026d
0000
920a
0000
020d
0000
0000
022d
0000
2e0a
0010
280a
026d
0000
920a
0000
020d
0000
0000
022d
0000
2e0a
0010
280a
0000
026d
0000
2a0a
020d
0000
0000
022d
0000
2e0a
0010
280a
0000
026d
0000
2a0a
0000
020d
0000
022d
0000
0010
026d
0000
2a0a
0000
020d
0000
0e0a
0000
022d
0000
080a
2e0a
0010
280a
026d
0000
0000
020d
0000
0000
022d
0000
2e0a
0010
0a0a
280a
0000
026d
0000
2a0a
020d
0000
0000
022d
0000
2e0a
0010
280a
0000
026d
0000
2a0a
0000
020d
0000
022d
0000
2e0a
281a
0000
026d
0000
2a0a
0000
020d
0000
0000
022d
0000
2e0a
0010
280a
026d
0000
2a0a
0000
020d
0000
0000
022d
0000
2e0a
0010
280a
0000
026d
0000
2a0a
020d
0000
0000
022d
0000
0010
0000
026d
0000
2a0a
0000
020d
0000
0e0a
0000
022d
0000
080a
960a
901a
0000
0000
0000
022d
0000
0010
0a0a
0000
920a
0000
0000
2ff0
034d
0000
0000
0001
f48a
d73d
7f75
0000
0010
024d
0000
0000
0000
0000
0010
341a
0000
0010
0000
0000
0000
0010
0000
0000
0000
0010
0000
0000
0000
0010
0000
2ff0
034d
0000
0000
0001
fe3e
d73d
7f75
0000
0010
024d
0000
0000
0000
0000
0010
0030
340a
0000
0010
034d
0000
0000
0000
0000
0010
024d
0000
0000
0000
0000
0010
037d
0000
0000
0010
0000
016d
0000
0000
0000
0010
0000
340a
0000
0000
0010
024d
0000
640a
0000
0000
0010
0000
026d
0000
0000
0000
0010
0000
0000
0000
0010
0000
360a
0010
0000
036d
0000
0000
0000
0010
024d
0000
0000
026d
0000
0000
0000
0010
024d
0000
0c0a
0000
940a
0000
0010
024d
0000
0000
0000
0000
0010
024d
0000
0000
0c0a
e40a
0000
0010
024d
0000
0000
0000
e40a
360a
0000
0010
024d
0000
0000
036d
0000
030d
0000
e40a
0000
0010
024d
0000
0000
026d
0000
0000
020d
0000
e40a
0000
025d
0000
0000
940a
0000
0010
024d
0000
0000
6c0a
0000
0000
300a
0010
024d
0000
030d
0000
0010
0c0a
0000
020d
0000
360a
0000
0010
0000
026d
0000
0000
660a
0000
0020
024d
0000
0000
0000
0010
024d
0000
0000
0c0a
0000
0000
300a
0010
024d
0000
0c0a
030d
0000
0000
0010
024d
0000
0000
026d
0000
0c0a
0000
020d
0000
0000
0010
024d
0000
026d
0000
0c0a
0000
0e0a
940a
0000
960a
0010
024d
0000
0000
026d
0000
940a
032d
0000
0010
024d
0000
0000
026d
0000
0000
0e0a
2c0a
0000
012d
0000
e60a
025d
0000
026d
0000
0000
940a
0000
e60a
300a
0010
024d
0000
0000
026d
0000
0000
020d
0000
940a
e60a
600a
0010
024d
0000
0000
026d
0000
0000
940a
0000
e60a
0010
024d
0000
026d
0000
0000
0000
022d
0000
960a
0010
024d
0000
0000
026d
0000
0c0a
2c0a
6e0a
0010
024d
0000
0000
026d
0000
0000
2c0a
0000
0010
024d
0000
320a
0000
020d
0000
0e0a
2c0a
032d
0000
0010
024d
0000
0000
0000
020d
0000
2c0a
0000
022d
0000
080a
025d
0000
900a
0000
0000
020d
0000
2c0a
0000
0010
024d
0000
0000
026d
0000
020d
0000
2c0a
0000
080a
0010
024d
0000
e00a
0000
026d
0000
0000
020d
0000
0e0a
2c0a
0010
024d
0000
e00a
0000
026d
0000
0000
020d
0000
0e0a
2c0a
0000
0010
024d
0000
e00a
320a
026d
0000
0000
020d
0000
0e0a
2c0a
0000
032d
0000
0010
024d
0000
e00a
026d
0000
0000
020d
0000
0e0a
2c0a
0000
022d
0000
960a
0010
024d
0000
900a
026d
0000
0000
020d
0000
2c0a
0000
960a
680a
0010
024d
0000
0000
026d
0000
020d
0000
2c0a
2e0a
0010
024d
0000
0000
026d
0000
0000
2c0a
0000
080a
960a
0010
024d
0000
026d
0000
0000
2c0a
0000
960a
0010
024d
0000
320a
0000
026d
0000
0000
2c0a
022d
0000
960a
0010
024d
0000
620a
0000
026d
0000
0000
020d
0000
2c0a
0000
025d
0000
026d
0000
0000
020d
0000
0e0a
2c0a
0000
080a
2e0a
0010
024d
0000
0000
026d
0000
020d
0000
2c0a
0000
080a
2e0a
0010
024d
0000
0000
026d
0000
0000
020d
0000
2c0a
080a
2e0a
0010
024d
0000
0000
026d
0000
0000
020d
0000
2c0a
0000
022d
0000
080a
2e0a
025d
0000
900a
0000
026d
0000
0000
020d
0000
2c0a
0000
022d
0000
2e0a
0a1a
900a
0000
026d
0000
920a
0000
020d
0000
0000
022d
0000
2e0a
0010
280a
026d
0000
020d
0000
0000
022d
0000
2e0a
0010
0a0a
900a
0000
026d
0000
e20a
0000
020d
0000
022d
0000
2e0a
0010
900a
0000
026d
0000
e20a
0000
020d
0000
0000
022d
0000
2e0a
025d
0000
900a
0000
026d
0000
e20a
0000
020d
0000
0000
022d
0000
2e0a
025d
0000
026d
0000
0c0a
e20a
0000
020d
0000
2c0a
0000
022d
0000
080a
2e0a
0010
024d
0000
280a
026d
0000
920a
0000
020d
0000
2c0a
0000
022d
0000
2e0a
0010
024d
0000
280a
6a0a
026d
0000
0000
020d
0000
2c0a
0000
022d
0000
2e0a
0010
024d
0000
280a
026d
0000
0000
020d
0000
0000
2e0a
0010
024d
0000
0a0a
280a
0000
026d
0000
8c0a
020d
0000
940a
0000
2e0a
0010
024d
0000
280a
0000
026d
0000
0000
020d
0000
940a
2e0a
0010
280a
0000
026d
0000
0000
020d
0000
0000
022d
0000
2e0a
0010
280a
026d
0000
020d
0000
0000
022d
0000
2e0a
0010
0a0a
280a
0000
026d
0000
0000
020d
0000
022d
0000
2e0a
0010
024d
0000
0a0a
280a
0000
026d
0000
0000
020d
0000
0000
022d
0000
2e0a
025d
0000
0a0a
280a
0000
026d
0000
0c0a
0000
020d
0000
0000
022d
0000
2e0a
025d
0000
0a0a
280a
0000
0c0a
920a
0000
020d
0000
940a
0000
022d
0000
025d
0000
280a
920a
0000
020d
0000
940a
0000
022d
0000
0010
024d
0000
280a
0000
2a0a
020d
0000
940a
0000
022d
0000
0010
024d
0000
280a
0000
920a
0000
020d
0000
940a
022d
0000
0010
024d
0000
280a
0000
026d
0000
920a
0000
020d
0000
940a
0000
022d
0000
025d
0000
280a
0000
026d
0000
920a
0000
020d
0000
0e0a
940a
0000
022d
0000
2e0a
025d
0000
280a
0000
026d
0000
0000
020d
0000
940a
0000
022d
0000
2e0a
0a1a
280a
026d
0000
2a0a
0000
020d
0000
0000
022d
0000
2e0a
0010
024d
0000
280a
026d
0000
2a0a
020d
0000
940a
0000
022d
0000
0010
024d
0000
280a
0000
026d
0000
2a0a
020d
0000
8e0a
940a
0000
022d
0000
960a
0010
024d
0000
280a
0000
026d
0000
2a0a
940a
0000
022d
0000
960a
0010
024d
0000
0000
2a0a
0000
940a
0000
022d
0000
2a1a
022d
0000
0010
024d
0000
0000
2a0a
0000
940a
0000
022d
0000
0010
024d
0000
026d
0000
2a0a
020d
0000
940a
0000
022d
0000
0010
024d
0000
0000
026d
0000
2a0a
020d
0000
0e0a
940a
022d
0000
080a
0010
024d
0000
280a
0000
026d
0000
2a0a
0000
020d
0000
0e0a
940a
022d
0000
960a
0010
280a
0000
026d
0000
2a0a
0000
020d
0000
022d
0000
960a
025d
0000
280a
0000
026d
0000
2a0a
0000
020d
0000
940a
0000
022d
0000
960a
025d
0000
0000
026d
0000
2a0a
0000
020d
0000
940a
0000
022d
0000
880a
960a
025d
0000
900a
0000
026d
0000
2a0a
0000
020d
0000
940a
0000
022d
0000
960a
025d
0000
900a
026d
0000
2a0a
0000
940a
0000
022d
0000
960a
0010
024d
0000
0000
026d
0000
2a0a
2c0a
0000
022d
0000
960a
0010
024d
0000
0000
2a0a
0000
e40a
0000
022d
0000
025d
0000
0000
026d
0000
2a0a
0000
020d
0000
e40a
0000
022d
0000
960a
025d
0000
026d
0000
2a0a
0000
020d
0000
e40a
0000
022d
0000
080a
960a
0010
024d
0000
026d
0000
2a0a
0000
020d
0000
e40a
0000
022d
0000
080a
960a
0010
024d
0000
900a
026d
0000
2a0a
0000
020d
0000
0000
960a
0010
024d
0000
900a
0000
8c0a
0000
020d
0000
2c0a
0010
024d
0000
900a
0000
026d
0000
0000
020d
0000
2c0a
0000
960a
025d
0000
900a
026d
0000
0000
020d
0000
2c0a
0000
960a
0010
024d
0000
900a
0000
026d
0000
020d
0000
2c0a
0000
022d
0000
960a
0010
900a
0000
026d
0000
0000
020d
0000
022d
0000
960a
0010
0a0a
900a
0000
2a0a
0000
0000
022d
0000
0010
014d
0000
026d
0000
2a0a
020d
0000
0000
022d
0000
960a
0010
900a
0000
026d
0000
2a0a
0000
020d
0000
022d
0000
960a
0010
024d
0000
900a
0000
026d
0000
740a
0000
020d
0000
022d
0000
960a
025d
0000
8a0a
900a
0000
026d
0000
920a
740a
0000
020d
0000
0000
022d
0000
960a
025d
0000
900a
0000
026d
0000
920a
740a
0000
0000
2e0a
0010
034d
0000
026d
0000
0000
020d
0000
0000
e60a
0010
024d
0000
900a
0000
026d
0000
7c0a
020d
0000
e60a
0010
900a
0000
026d
0000
0000
020d
0000
0000
022d
0000
e60a
0010
900a
026d
0000
0000
020d
0000
0000
022d
0000
e60a
0010
0a0a
900a
0000
026d
0000
022d
0000
0a1a
026d
0000
920a
0000
020d
0000
8e0a
0000
022d
0000
2e0a
0010
900a
026d
0000
920a
020d
0000
0000
022d
0000
2e0a
0010
900a
0000
026d
0000
920a
0000
020d
0000
022d
0000
2e0a
0010
900a
0000
026d
0000
920a
0000
020d
0000
0000
022d
0000
2e0a
901a
0000
920a
0000
020d
0000
0000
022d
0000
0010
280a
0000
920a
0000
020d
0000
022d
0000
0010
e00a
0000
026d
0000
920a
0000
020d
0000
760a
0000
0010
e00a
026d
0000
0000
020d
0000
760a
0000
022d
0000
0010
e00a
0000
026d
0000
920a
020d
0000
760a
022d
0000
0010
e00a
0000
036d
0000
920a
0000
020d
0000
0000
022d
0000
0010
026d
0000
920a
0000
020d
0000
7e0a
0000
022d
0000
880a
0010
280a
0000
920a
020d
0000
0000
0010
280a
0000
0000
020d
0000
0000
022d
0000
0010
280a
0000
920a
020d
0000
0000
022d
0000
0010
280a
0000
920a
0000
0000
022d
0000
0010
0000
920a
0000
022d
0000
0010
0000
920a
0000
020d
0000
0000
700a
0010
0000
0000
020d
0000
022d
0000
700a
0010
0000
920a
0000
020d
0000
0000
022d
0000
700a
0010
0000
920a
030d
0000
0000
022d
0000
0010
0000
920a
0000
020d
0000
0000
022d
0000
780a
921a
022d
0000
0010
0000
2a0a
0000
0000
022d
0000
0010
0000
e20a
0000
0000
022d
0000
0010
e20a
0000
0000
022d
0000
0010
0000
e20a
0000
0000
022d
0000
0010
0000
e20a
0000
022d
0000
0010
0000
0000
0000
022d
0000
0010
8a0a
0000
2a0a
0000
0000
022d
0000
0010
2a0a
0000
0000
022d
0000
0010
0000
2a0a
0000
0000
022d
0000
0010
2a0a
0000
0010
0000
0000
0000
0010
0000
0000
0000
022d
0000
0010
720a
0000
0000
022d
0000
721a
0000
0000
0000
022d
0000
0010
720a
0000
0000
0000
032d
0000
0010
022d
0000
035d
0000
7a0a
0000
036d
0000
0000
030d
0000
0000
032d
0000
0010
034d
0000
036d
0000
0000
030d
0000
0000
032d
0000
0010
024d
0000
0000
016d
0000
340a
020d
0000
012d
0000
300a
0010
014d
0000
0000
026d
0000
0000
010d
0000
360a
0000
022d
0000
025d
0000
320a
0000
016d
0000
340a
0000
020d
0000
0000
012d
0000
300a
015d
0000
026d
0000
0000
010d
0000
360a
0000
022d
0000
0010
024d
0000
320a
0000
016d
0000
340a
020d
0000
0000
012d
0000
300a
0010
014d
0000
0000
026d
0000
0000
010d
0000
360a
022d
0000
0010
024d
0000
320a
0000
016d
0000
340a
0000
020d
0000
012d
0000
300a
015d
0000
0000
026d
0000
0000
010d
0000
360a
0000
022d
0000
0010
024d
0000
320a
016d
0000
340a
0000
020d
0000
0000
012d
0000
300a
0010
014d
0000
026d
0000
010d
0000
360a
0000
022d
0000
0010
320a
0000
016d
0000
0000
0000
012d
0000
025d
0000
0000
340a
0000
020d
0000
0000
300a
0010
014d
0000
0000
026d
0000
010d
0000
360a
022d
0000
0010
320a
0000
016d
0000
0000
0000
012d
0000
0010
0000
025d
0000
340a
0000
0000
0010
014d
0000
0000
0000
020d
0000
0000
300a
0010
0000
026d
0000
010d
0000
360a
0000
022d
0000
0010
320a
0000
016d
0000
0000
0000
012d
0000
025d
0000
0000
340a
0000
0000
0010
014d
0000
0000
0000
020d
0000
0000
300a
027d
0000
010d
0000
360a
022d
0000
0010
320a
0000
016d
0000
0000
0000
012d
0000
025d
0000
340a
0000
020d
0000
0000
300a
0010
014d
0000
0000
026d
0000
0000
010d
0000
360a
022d
0000
0010
320a
0000
016d
0000
0000
0000
012d
0000
0010
024d
0000
340a
020d
0000
300a
015d
0000
010d
0000
0000
0010
0000
026d
0000
0000
360a
0000
022d
0000
321a
0000
016d
0000
0000
0000
012d
0000
0010
024d
0000
0000
340a
0000
020d
0000
300a
0010
014d
0000
0000
0000
010d
0000
0000
0010
0000
026d
0000
0000
360a
022d
0000
0010
320a
0000
016d
0000
0000
0000
012d
0000
0010
024d
0000
0000
340a
020d
0000
0000
300a
0010
014d
0000
0000
0000
010d
0000
0000
0010
0000
026d
0000
360a
0000
022d
0000
0010
320a
0000
016d
0000
0000
0000
012d
0000
0010
024d
0000
340a
0000
020d
0000
0000
300a
0010
014d
0000
0000
0000
010d
0000
0000
0010
026d
0000
360a
0000
022d
0000
0010
320a
0000
016d
0000
0000
0000
012d
0000
0010
024d
0000
340a
0000
020d
0000
0000
300a
0010
034d
0000
0000
0000
030d
0000
0000
025d
0000
026d
0000
0000
020d
0000
940a
360a
0000
022d
0000
0010
034d
0000
900a
320a
036d
0000
0000
030d
0000
0000
032d
0000
0010
024d
0000
0000
026d
0000
0000
020d
0000
940a
022d
0000
960a
0010
900a
0000
036d
0000
920a
0000
0000
032d
0000
027d
0000
022d
0000
960a
0010
024d
0000
0000
920a
340a
0000
020d
0000
0000
300a
025d
0000
0000
020d
0000
0000
0010
024d
0000
0000
026d
0000
0c0a
0000
020d
0000
e40a
360a
022d
0000
080a
0010
034d
0000
e00a
320a
0000
026d
0000
0000
030d
0000
022d
0000
025d
0000
0000
026d
0000
0000
020d
0000
0e0a
940a
0000
022d
0000
e60a
035d
0000
0a0a
900a
036d
0000
e20a
0000
030d
0000
0000
032d
0000
0010
024d
0000
026d
0000
020d
0000
940a
0000
022d
0000
960a
0010
024d
0000
900a
0000
036d
0000
920a
020d
0000
2c0a
0000
032d
0000
0010
024d
0000
280a
0000
026d
0000
0000
020d
0000
940a
022d
0000
960a
0010
024d
0000
900a
0000
026d
0000
920a
0000
020d
0000
940a
022d
0000
2e0a
0010
024d
0000
900a
0000
026d
0000
2a0a
0000
020d
0000
e40a
022d
0000
960a
e01a
0000
026d
0000
920a
0000
0000
022d
0000
960a
0010
024d
0000
026d
0000
920a
340a
020d
0000
0000
022d
0000
e60a
300a
0010
024d
0000
0000
e20a
340a
020d
0000
0000
300a
0010
024d
0000
0000
016d
0000
340a
0000
020d
0000
0000
012d
0000
300a
015d
0000
0000
026d
0000
0000
010d
0000
360a
0000
022d
0000
0010
024d
0000
320a
016d
0000
340a
0000
020d
0000
0000
012d
0000
300a
0010
014d
0000
026d
0000
010d
0000
360a
0000
022d
0000
0010
024d
0000
320a
0000
016d
0000
340a
020d
0000
012d
0000
300a
0010
034d
0000
0000
026d
0000
0000
030d
0000
360a
0000
022d
0000
025d
0000
320a
0000
026d
0000
0000
020d
0000
940a
360a
0000
022d
0000
901a
320a
026d
0000
0000
360a
0000
022d
0000
0010
320a
0000
036d
0000
0000
0000
032d
0000
0010
026d
0000
0000
0000
022d
0000
960a
0010
0000
920a
0000
0000
0010
035d
0000
0000
030d
0000
0000
0010
024d
0000
0000
0000
020d
0000
940a
0000
0010
024d
0000
900a
0000
020d
0000
940a
0000
0010
900a
0000
0000
0000
0010
0000
0000
0030
024d
0000
0000
020d
0000
0000
0010
024d
0000
0000
036d
0000
0c0a
0000
020d
0000
2c0a
032d
0000
080a
0010
280a
0000
026d
0000
0000
0000
022d
0000
960a
0010
026d
0000
920a
0000
022d
0000
960a
0010
0000
920a
0000
0000
0010
0000
0000
0000
0030
026d
0000
0000
022d
0000
0010
0000
026d
0000
0000
0e0a
0000
022d
0000
2e0a
0a1a
2a0a
0000
0000
0010
0000
0000
0000
0010
0000
0000
0000
0010
0000
0000
0000
0620
024d
0000
0000
020d
0000
e40a
0000
022d
0000
0010
034d
0000
e00a
0000
026d
0000
e20a
030d
0000
0000
032d
0000
e60a
0010
024d
0000
0000
036d
0000
0000
020d
0000
940a
022d
0000
0010
034d
0000
900a
0000
026d
0000
920a
0000
030d
0000
0000
032d
0000
960a
025d
0000
0000
036d
0000
0000
020d
0000
940a
0000
022d
0000
0010
034d
0000
900a
026d
0000
920a
0000
030d
0000
0000
032d
0000
960a
0010
024d
0000
036d
0000
7c0a
020d
0000
0000
022d
0000
780a
0010
7a0a
0000
026d
0000
0000
030d
0000
7e0a
032d
0000
0010
034d
0000
0000
036d
0000
0000
030d
0000
0000
0010
034d
0000
036d
0000
0000
020d
0000
0000
0010
024d
0000
0000
016d
0000
0000
0000
0010
300a
0010
340a
0000
030d
0000
0000
0010
034d
0000
0000
026d
0000
0000
020d
0000
015d
0000
0000
0010
0000
0000
360a
0000
0010
024d
0000
0000
036d
0000
0000
0000
017d
0000
300a
0010
0000
0000
030d
0000
0000
0010
0000
0000
020d
0000
0000
032d
0000
0010
0000
0000
012d
0000
0010
0000
340a
0000
0000
0010
034d
0000
0000
026d
0000
0000
0010
014d
0000
0000
0000
0000
300a
0010
0000
0000
020d
0000
0000
0010
e00a
0000
020d
0000
0000
680a
0010
0000
0000
360a
0000
022d
0000
0010
0000
036d
0000
0000
0010
0000
016d
0000
0000
0000
0010
320a
0000
0000
0000
0010
024d
0000
0040
340a
0000
0010
024d
0000
0000
026d
0000
0000
e40a
0000
0010
024d
0000
0000
6c0a
0000
0010
0000
0000
030d
0000
0000
0010
0000
0000
020d
0000
0000
780a
0010
360a
0010
026d
0000
0000
0000
e60a
0010
0000
026d
0000
0000
6e0a
0000
0010
0000
0050
034d
0000
0000
0000
0010
024d
0000
0000
7c0a
0000
0000
0010
0000
0000
0000
0030
036d
0000
0000
0010
0000
026d
0000
0000
7e0a
0000
0010
0000
0000
0000
0010
06d0
032d
0000
0010
0000
0000
022d
0000
0010
0000
0000
0000
0010
0000
0000
0000
0030
320a
0000
0000
032d
0000
0010
0000
0000
0000
022d
0000
0010
0000
0000
0000
0040
320a
0000
0000
022d
0000
0010
0000
e20a
0000
0000
022d
0000
0010
6a0a
0000
00a0
032d
0000
0010
0000
0000
022d
0000
0010
034d
0000
7a0a
0000
036d
0000
0000
030d
0000
032d
0000
0010
034d
0000
0000
036d
0000
0000
030d
0000
0000
032d
0000
025d
0000
016d
0000
340a
0000
020d
0000
0000
012d
0000
300a
0010
024d
0000
0000
026d
0000
020d
0000
940a
360a
0000
022d
0000
0010
024d
0000
900a
320a
0000
026d
0000
020d
0000
940a
0000
022d
0000
960a
0010
024d
0000
900a
0000
026d
0000
920a
020d
0000
022d
0000
960a
0010
0000
026d
0000
8c0a
920a
0000
0000
022d
0000
880a
8e1a
0010
8a0a
0000
0000
0000
0010
024d
0000
0000
026d
0000
0000
020d
0000
940a
022d
0000
960a
025d
0000
900a
0000
026d
0000
920a
0000
020d
0000
940a
0000
022d
0000
960a
901a
0000
920a
0000
0000
0010
0000
0000
0000
0010
024d
0000
0000
016d
0000
340a
020d
0000
0000
012d
0000
300a
0010
014d
0000
0000
026d
0000
0000
010d
0000
360a
022d
0000
0010
024d
0000
320a
0000
016d
0000
340a
0000
020d
0000
0000
012d
0000
300a
015d
0000
0000
026d
0000
0000
010d
0000
360a
0000
022d
0000
0010
024d
0000
320a
016d
0000
340a
0000
020d
0000
0000
012d
0000
300a
0010
014d
0000
026d
0000
010d
0000
360a
0000
022d
0000
0010
024d
0000
320a
0000
016d
0000
340a
020d
0000
012d
0000
300a
0010
024d
0000
0000
026d
0000
0000
020d
0000
940a
360a
022d
0000
025d
0000
900a
320a
0000
026d
0000
0000
020d
0000
940a
0000
022d
0000
960a
025d
0000
900a
0000
026d
0000
920a
0000
020d
0000
0000
022d
0000
960a
0010
024d
0000
026d
0000
8c0a
920a
0000
020d
0000
940a
0000
022d
0000
880a
0010
024d
0000
900a
026d
0000
0000
020d
0000
8e0a
940a
0000
022d
0000
960a
0010
024d
0000
8a0a
900a
026d
0000
920a
0000
020d
0000
940a
0000
022d
0000
960a
0010
024d
0000
900a
026d
0000
920a
0000
020d
0000
940a
0000
022d
0000
960a
0010
024d
0000
900a
026d
0000
920a
020d
0000
940a
0000
022d
0000
960a
0010
024d
0000
900a
0000
026d
0000
920a
020d
0000
940a
0000
022d
0000
960a
0010
900a
0000
026d
0000
920a
0000
022d
0000
960a
0010
920a
0000
0000
0010
024d
0000
0000
340a
0000
020d
0000
0000
300a
0010
026d
0000
0000
360a
0000
022d
0000
0010
320a
0000
0000
0000
0010
0000
0520
024d
0000
340a
0000
020d
0000
0000
300a
0010
024d
0000
0000
016d
0000
340a
020d
0000
012d
0000
300a
0010
014d
0000
0000
026d
0000
0000
010d
0000
360a
0000
022d
0000
025d
0000
320a
0000
016d
0000
340a
0000
020d
0000
0000
012d
0000
300a
015d
0000
026d
0000
0000
010d
0000
360a
0000
022d
0000
0010
024d
0000
320a
0000
016d
0000
340a
020d
0000
0000
012d
0000
300a
0010
014d
0000
0000
026d
0000
0000
010d
0000
360a
022d
0000
0010
024d
0000
320a
0000
016d
0000
340a
0000
020d
0000
012d
0000
300a
015d
0000
0000
026d
0000
0000
010d
0000
360a
0000
022d
0000
0010
024d
0000
320a
016d
0000
340a
0000
020d
0000
0000
012d
0000
300a
0010
014d
0000
026d
0000
010d
0000
360a
0000
022d
0000
0010
320a
0000
016d
0000
0000
0000
012d
0000
025d
0000
0000
340a
0000
020d
0000
0000
300a
0010
034d
0000
0000
0000
030d
0000
0010
024d
0000
0000
026d
0000
0000
020d
0000
940a
360a
0000
022d
0000
0010
034d
0000
900a
320a
016d
0000
0000
030d
0000
0000
012d
0000
0010
024d
0000
0000
026d
0000
020d
0000
940a
360a
0000
022d
0000
0010
900a
320a
0000
036d
0000
0000
032d
0000
0010
026d
0000
0000
0000
022d
0000
960a
0010
0000
920a
0000
0000
0010
036d
0000
0000
032d
0000
0010
0000
026d
0000
0000
0000
022d
0000
960a
0010
034d
0000
920a
0000
030d
0000
0000
0010
024d
0000
0000
0000
020d
0000
940a
0000
0010
900a
0000
0000
0010
0000
0000
0000
0010
0000
0000
0000
0010
0000
0000
0000
0010
036d
0000
0000
032d
0000
0010
0000
026d
0000
0000
0000
022d
0000
960a
0010
034d
0000
920a
0000
030d
0000
0000
0010
024d
0000
0000
0000
020d
0000
940a
0000
0010
024d
0000
900a
0000
020d
0000
e40a
0000
0010
024d
0000
e00a
0000
0000
020d
0000
940a
0010
024d
0000
900a
0000
0000
020d
0000
940a
0000
0010
900a
0000
0000
0000
037d
0000
032d
0000
0010
0000
026d
0000
0000
0000
022d
0000
960a
0010
0000
026d
0000
920a
0000
022d
0000
e60a
0010
0000
026d
0000
e20a
0000
0000
022d
0000
960a
027d
0000
920a
022d
0000
960a
0010
0000
920a
0000
0000
0010
0000
0000
0000
0010
03f0
024d
0000
0000
020d
0000
940a
0000
022d
0000
0010
024d
0000
900a
0000
026d
0000
920a
020d
0000
940a
0000
022d
0000
960a
0010
024d
0000
900a
0000
026d
0000
920a
020d
0000
940a
0000
022d
0000
960a
0010
900a
0000
026d
0000
920a
0000
0000
960a
0010
0000
0000
0010
024d
0000
0000
340a
0000
020d
0000
0000
012d
0000
300a
025d
0000
026d
0000
0000
020d
0000
940a
360a
0000
022d
0000
0010
024d
0000
900a
320a
026d
0000
0000
020d
0000
e40a
0000
022d
0000
960a
0010
024d
0000
e00a
0000
026d
0000
920a
020d
0000
940a
0000
022d
0000
e60a
0010
900a
0000
026d
0000
e20a
022d
0000
960a
921a
0000
0000
0010
024d
0000
0000
340a
0000
020d
0000
0000
300a
025d
0000
016d
0000
340a
0000
020d
0000
0000
012d
0000
300a
0010
014d
0000
0000
026d
0000
010d
0000
360a
0000
022d
0000
0010
024d
0000
320a
0000
016d
0000
340a
020d
0000
012d
0000
300a
0010
014d
0000
0000
026d
0000
0000
010d
0000
360a
0000
022d
0000
025d
0000
320a
0000
016d
0000
340a
0000
020d
0000
0000
012d
0000
300a
015d
0000
026d
0000
0000
010d
0000
360a
0000
022d
0000
0010
024d
0000
320a
0000
016d
0000
340a
020d
0000
0000
012d
0000
300a
0010
014d
0000
0000
026d
0000
0000
010d
0000
360a
022d
0000
0010
024d
0000
320a
0000
016d
0000
340a
0000
020d
0000
012d
0000
300a
0010
026d
0000
0000
360a
0000
022d
0000
0010
320a
0000
016d
0000
012d
0000
035d
0000
026d
0000
0000
030d
0000
360a
0000
022d
0000
0010
024d
0000
320a
0000
020d
0000
940a
0000
0010
900a
0000
0000
0000
0010
0000
0000
0000
0010
036d
0000
0000
032d
0000
0010
0000
026d
0000
0000
0000
022d
0000
960a
0010
034d
0000
920a
0000
030d
0000
0000
0010
024d
0000
0000
0000
020d
0000
940a
0000
0010
900a
0000
0000
0010
0000
0000
0000
0010
0000
0000
0000
0010
0000
0000
0000
0010
036d
0000
0000
032d
0000
0010
0000
026d
0000
0000
0000
022d
0000
960a
0010
0000
920a
0000
0010
0000
0000
0000
0010
0000
0000
0000
0010
0000
0000
0000
0010
0000
0910
024d
0000
0000
020d
0000
0000
0010
034d
0000
0000
026d
0000
0c0a
0000
030d
0000
022d
0000
080a
0010
024d
0000
0000
036d
0000
0000
020d
0000
0e0a
940a
0000
032d
0000
025d
0000
0a0a
900a
0000
026d
0000
0000
020d
0000
2c0a
0000
022d
0000
960a
025d
0000
280a
0000
026d
0000
920a
0000
020d
0000
e40a
0000
022d
0000
2e0a
025d
0000
e00a
026d
0000
2a0a
0000
020d
0000
2c0a
0000
022d
0000
e60a
0010
034d
0000
280a
026d
0000
e20a
0000
030d
0000
0000
022d
0000
2e0a
0010
024d
0000
0000
036d
0000
2a0a
020d
0000
940a
0000
032d
0000
0010
024d
0000
900a
0000
026d
0000
020d
0000
2c0a
022d
0000
960a
0010
024d
0000
280a
0000
026d
0000
920a
0000
020d
0000
940a
022d
0000
2e0a
0010
024d
0000
900a
0000
026d
0000
2a0a
0000
020d
0000
940a
022d
0000
960a
0010
900a
0000
026d
0000
920a
0000
0000
022d
0000
960a
0010
920a
0000
0010
0000
0000
0000
0010
024d
0000
0000
0000
020d
0000
0000
0010
024d
0000
026d
0000
0c0a
0000
020d
0000
940a
0000
022d
0000
080a
0010
024d
0000
900a
026d
0000
020d
0000
0e0a
e40a
0000
022d
0000
960a
0010
034d
0000
0a0a
e00a
0000
026d
0000
920a
030d
0000
0000
022d
0000
e60a
0010
024d
0000
0000
036d
0000
e20a
7c0a
020d
0000
0000
032d
0000
780a
0010
0000
026d
0000
0000
7e0a
0000
022d
0000
035d
0000
7a0a
036d
0000
0000
030d
0000
0000
032d
0000
0010
034d
0000
0000
036d
0000
030d
0000
0000
032d
0000
0010
0000
0000
0000
0010
0000
0000
0000
0010
0000
0050
034d
0000
036d
0000
0000
030d
0000
0000
032d
0000
0010
024d
0000
0000
016d
0000
020d
0000
0000
012d
0000
0010
0000
340a
0000
0000
300a
0010
014d
0000
0000
026d
0000
010d
0000
0000
022d
0000
0010
0000
0000
360a
0000
0010
024d
0000
320a
016d
0000
020d
0000
0000
012d
0000
0010
0000
340a
0000
0000
300a
0010
014d
0000
026d
0000
010d
0000
0000
022d
0000
0010
0000
0000
360a
0000
0010
024d
0000
320a
016d
0000
020d
0000
0000
012d
0000
0010
0000
340a
0000
0000
300a
0010
0000
026d
0000
0000
022d
0000
0010
0000
0000
360a
0000
0010
320a
0000
0000
0000
0010
0000
0600
024d
0000
016d
0000
0000
020d
0000
0000
012d
0000
0010
0000
340a
0000
0000
300a
0010
026d
0000
0000
0000
022d
0000
0010
0000
0000
360a
0000
0010
320a
0000
0090
034d
0000
0000
030d
0000
0000
0010
024d
0000
0000
7c0a
0000
020d
0000
0000
780a
0010
036d
0000
0000
0000
032d
0000
0010
0000
026d
0000
0000
7e0a
0000
022d
0000
035d
0000
7a0a
0000
036d
0000
0000
030d
0000
0000
032d
0000
0010
034d
0000
036d
0000
030d
0000
0000
032d
0000
0010
024d
0000
0000
026d
0000
0000
020d
0000
022d
0000
0010
0c0a
0000
0e0a
0000
080a
0010
024d
0000
0a0a
0000
026d
0000
6c0a
020d
0000
6e0a
022d
0000
680a
0010
024d
0000
6a0a
0000
026d
0000
0000
020d
0000
022d
0000
0010
0c0a
0000
0e0a
0000
080a
0010
0a0a
0000
0000
0000
0010
0000
0000
025d
0000
026d
0000
020d
0000
940a
0000
022d
0000
960a
0010
024d
0000
900a
0000
026d
0000
920a
020d
0000
940a
0000
022d
0000
960a
0010
024d
0000
900a
0000
026d
0000
920a
020d
0000
2c0a
0000
022d
0000
2e0a
0010
024d
0000
280a
0000
026d
0000
2a0a
020d
0000
940a
0000
022d
0000
960a
0010
024d
0000
900a
0000
026d
0000
920a
020d
0000
940a
022d
0000
960a
0010
900a
0000
920a
0000
0000
0010
0000
0000
0000
025d
0000
016d
0000
340a
0000
020d
0000
0000
012d
0000
300a
0010
024d
0000
0000
026d
0000
020d
0000
2c0a
360a
0000
022d
0000
0010
024d
0000
280a
320a
0000
026d
0000
020d
0000
2c0a
0000
022d
0000
2e0a
0010
024d
0000
280a
0000
026d
0000
2a0a
020d
0000
2c0a
022d
0000
2e0a
0010
024d
0000
280a
0000
026d
0000
2a0a
0000
020d
0000
2c0a
022d
0000
2e0a
0010
024d
0000
280a
0000
026d
0000
2a0a
0000
020d
0000
940a
022d
0000
2e0a
0010
024d
0000
900a
0000
026d
0000
2a0a
0000
020d
0000
2c0a
022d
0000
960a
025d
0000
280a
0000
026d
0000
920a
0000
020d
0000
2c0a
0000
022d
0000
2e0a
281a
0000
026d
0000
2a0a
0000
0000
022d
0000
2e0a
0010
0000
2a0a
0000
0080
034d
0000
0000
0000
0010
014d
0000
0000
0000
030d
0000
0000
0010
0000
0000
010d
0000
0010
024d
0000
0000
240a
0000
0000
0010
0000
0000
0000
0010
0000
0000
021d
0000
200a
0010
0000
0000
0000
0010
0000
036d
0000
0000
0000
0010
0000
016d
0000
0000
032d
0000
0010
0000
0000
0000
012d
0000
0010
0000
026d
0000
0000
260a
0030
022d
0000
221a
0000
0000
0000
0010
0000
0000
0000
0010
0000
0000
0000
0010
0690
8046
0000
0010
0000
0000
0000
0010
0000
0000
0000
0010
0000
0000
0000
8106
0156
0010
0000
0000
0000
0010
0000
0000
0000
0010
0000
80c6
0000
0000
0010
0000
8086
0056
0000
0000
0010
0000
0000
0000
0010
024d
0000
0000
7c0a
8006
0000
0000
0040
c046
0000
0010
0000
0000
0000
0010
0000
0000
0000
0010
0000
0000
020d
0000
780a
0006
0010
0000
0000
0010
0000
0106
0000
0000
0010
0000
026d
0000
01c6
0000
7e0a
0206
0010
0000
c006
0000
0000
0010
0000
0000
0000
0186
0010
0000
0000
0000
00c6
0010
0000
0000
81c6
0010
0000
0000
0000
0010
0000
0000
0000
0010
0000
0000
02c6
0010
0000
0000
41c6
0010
0000
0086
0000
0000
0010
0000
0000
0000
0010
0000
0020
c0c6
0010
0000
0000
c086
0010
0000
0286
0000
0000
0010
0000
8246
0000
0000
8216
0246
0010
0000
40c6
0000
0000
84c6
0010
0000
82c6
0000
0000
4206
0010
0000
8146
0000
0010
0000
42c6
0000
0000
022d
0000
0010
7a0a
0000
4146
0000
0000
4006
c1d6
0010
0000
c106
0000
0000
0010
0000
0000
0000
0010
0000
0000
0000
0010
0000
0020
0306
0000
8306
0010
0000
4086
0000
0000
8486
0010
0000
0000
0000
0010
0000
8186
0000
04c6
0010
0000
0000
0000
c206
0010
0000
4186
0000
0000
c2c6
0010
0000
c4d6
0010
c186
0000
0000
4106
0010
0000
8506
0000
0000
0486
0010
0000
0506
0000
44c6
0010
4046
0000
0000
0010
0000
0000
0000
0010
0000
c506
0000
0000
c486
0010
4506
0010
4486
0000
0000
4306
0010
0000
0000
0000
0010
0000
c306
0000
0000
0010
c256
0000
0010
0000
0000
0000
4246
0010
0000
0000
0000
0010
0000
0000
0000
8286
c156
0010
0000
4286
0000
0000
0010
0000
0000
0000
c286
0010
0000
0000
0000
0010
2ff0
fe85
0007
0000
0000
0001
1efa
d73e
7f75
0000
0010
0000
0000
0000
0010
0000
