2e80
fe85
0007
0000
0000
0001
c9f9
d73d
7f75
0000
0010
0000
0000
0000
0010
0000
0b70
fe85
0007
0000
0000
0000
0010
0000
0000
0000
0010
0000
0000
0000
0010
0000
03a0
0e8f
0100
0000
108f
0001
0000
0000
0010
128f
0001
0000
0000
0000
0000
0010
0040
1c8f
0010
0000
0000
0000
0010
0000
0000
0000
0010
0000
0000
0000
0010
0000
2ff0
188f
8450
4a13
0000
1a8f
017f
0000
0000
0001
d241
d73d
7f75
0000
5a8f
0015
0000
249f
008b
00ac
0000
268f
00cc
000a
0000
808f
0000
1c40
0000
828f
7f49
8000
849f
0000
00d0
868f
4fac
00ea
0000
888f
0680
11e0
0000
8a8f
7f49
0000
0010
0000
0ab0
008f
0425
0000
0010
0000
0000
0000
0010
0000
0000
0000
0010
0000
0000
0000
0070
c303
1020
0000
0010
0000
0000
0303
1020
0000
0010
0000
0000
0000
0010
8303
1020
0000
0000
4303
1020
0010
0000
c003
1020
0000
0000
0010
0000
0000
0003
1020
0020
8003
1020
0000
0000
4003
1020
0010
0000
0000
0043
1020
0000
0010
0000
0000
8053
1020
0000
4043
1020
0010
0000
c043
1020
0000
0000
0010
0000
0000
0000
0010
8083
1020
0000
0000
4083
1020
0010
0000
c083
1020
0000
0000
0010
0000
0000
0083
1020
0010
0000
0000
0000
0010
80c3
1020
0000
0000
0000
40c3
1020
0010
0000
c0c3
1020
0000
0010
0000
0000
00c3
1020
0000
0010
0000
0000
0000
4103
1020
0010
0000
c103
1020
0000
0010
0000
0000
0103
1020
0000
0010
0000
0000
0000
0010
8103
1020
4143
1020
0010
c143
1020
0000
0000
0010
0000
0000
0143
1020
0000
0010
0000
0000
8153
1020
0000
4183
1020
0010
0000
c183
1020
0000
0000
0010
0000
0000
0183
1020
0020
8183
1020
0000
0000
41c3
1020
0010
0000
c1c3
1020
0000
0000
0010
0000
0000
01c3
1020
0010
0000
0000
0000
0010
81c3
1020
0000
0000
0000
4203
1020
0010
0000
c203
1020
0000
0010
0000
0000
0203
1020
0000
0010
0000
0000
0000
0010
8203
1020
4243
1020
0010
c243
1020
0000
0000
0010
0000
0000
0243
1020
0000
0010
0000
0000
8253
1020
0000
4283
1020
0010
0000
c283
1020
0000
0000
0010
0000
0000
0283
1020
0020
8283
1020
c2c3
1020
0000
0000
0010
0000
0000
02c3
1020
0000
0010
0000
0000
82d3
1020
0000
42c3
1020
0010
0000
0000
0703
3020
0000
0010
0000
0000
0000
0010
8703
3020
0000
0000
4703
3020
0010
0000
c703
3020
0000
0000
0010
0000
0000
0403
3020
0010
0000
0000
0000
0010
8403
3020
0000
0000
0000
4403
3020
0010
0000
c403
3020
0000
0010
0000
0000
0000
0010
8443
3020
0000
0000
0000
4443
3020
0010
0000
c443
3020
0000
0010
0000
0000
0443
3020
0000
0010
0000
0000
0000
0010
0000
0000
0510
fe85
0007
0000
0000
0010
0000
0000
0000
0010
0000
0000
0000
0010
0000
0000
0560
026d
0000
020d
0000
0010
022d
0000
0000
024d
0000
0000
026d
0000
0000
020d
0000
060a
023d
0000
000a
0000
064d
0000
020a
0000
026d
0000
040a
0000
060d
0000
060a
063d
0000
000a
0000
024d
0000
020a
0000
066d
0000
040a
0000
020d
0000
060a
023d
0000
000a
024d
0000
020a
0000
0a6d
0000
040a
0000
0a0d
0000
060a
0010
0a2d
0000
000a
2e0a
084d
0000
020a
280a
0000
0a6d
0000
040a
2a0a
0000
0a0d
0000
062a
0a3d
0000
002a
2e0a
0a4d
0000
022a
280a
0000
0a6d
0000
042a
2a0a
0000
0a0d
0000
062a
2c0a
0a3d
0000
002a
2e0a
0000
0a4d
0000
022a
280a
0000
086d
0000
042a
2a0a
080d
0000
062a
2c0a
083d
0000
002a
0000
064d
0000
022a
0000
086d
0000
042a
0000
080d
0000
062a
2c0a
083d
0000
002a
2e2a
0000
022a
282a
0000
086d
0000
2a2a
0000
080d
0000
083d
0000
2e2a
0000
282a
0000
086d
0000
2a2a
0000
080d
0000
0010
082d
0000
2e2a
282a
0000
2a2a
0000
0010
0000
0000
0000
0010
0000
0000
0000
0010
0000
2ff0
084d
0000
0000
0001
dd0a
d73d
7f75
0000
0010
084d
0000
0000
042a
0000
2c2a
085d
0000
2c2a
0000
0010
084d
0000
0000
0000
2c2a
0000
0010
0000
0000
0000
0010
2ff0
036d
0000
0000
0001
e3cb
d73d
7f75
0000
0010
026d
0000
0000
030d
0000
0000
027d
0000
020d
0000
0e0a
032d
0000
0000
0010
026d
0000
0000
020d
0000
0e0a
0000
022d
0000
080a
034d
0000
0010
0e6d
0000
0000
0e0d
0000
0e0a
0000
0e2d
0000
080a
024d
0000
0a0a
067d
0000
0000
060d
0000
0e0a
0000
062d
0000
080a
0000
0e4d
0000
0a0a
027d
0000
0c0a
0000
020d
0000
0e0a
0000
022d
0000
080a
0000
064d
0000
0a0a
027d
0000
0c0a
020d
0000
0e0a
0000
022d
0000
080a
0000
024d
0000
0a0a
0010
026d
0000
0c0a
020d
0000
0e0a
0000
022d
0000
080a
0000
024d
0000
0a0a
0010
0a6d
0000
0c0a
020d
0000
0e0a
0000
022d
0000
080a
2e0a
0000
024d
0000
0a0a
0010
0a6d
0000
0c0a
0a0d
0000
0e2a
0000
022d
0000
080a
2e0a
0000
024d
0000
0a0a
280a
0010
0a6d
0000
0c0a
0a0d
0000
0e2a
0000
0a2d
0000
082a
960a
0000
024d
0000
0a0a
280a
0010
0a6d
0000
0c0a
2a0a
0a0d
0000
0e2a
0000
0a2d
0000
082a
960a
0000
0a4d
0000
0a2a
900a
0a7d
0000
0c0a
2a0a
0000
0a0d
0000
0e2a
2c0a
0000
0a2d
0000
082a
0000
0a4d
0000
0a2a
900a
087d
0000
0c2a
920a
0000
0a0d
0000
0e2a
2c0a
0000
0a2d
0000
082a
0a4d
0000
0a2a
087d
0000
0c2a
920a
0000
080d
0000
0e2a
940a
0000
0a2d
0000
082a
0a4d
0000
0a2a
087d
0000
0c2a
0000
080d
0000
0e2a
940a
0000
082d
0000
082a
2e0a
0a4d
0000
0a2a
067d
0000
0c2a
0000
080d
0000
0e2a
0000
082d
0000
082a
960a
0000
084d
0000
0a2a
280a
0a7d
0000
0c2a
0000
060d
0000
0000
082d
0000
082a
2e2a
0000
084d
0000
0a2a
900a
0a7d
0000
0c2a
2a0a
0000
0a0d
0000
0e0a
0000
062d
0000
2e2a
084d
0000
0a2a
282a
067d
0000
0c2a
920a
0000
0a0d
0000
0e0a
2c0a
0000
0a2d
0000
080a
960a
064d
0000
282a
0010
026d
0000
0c2a
2a2a
0000
060d
0000
940a
0000
0a2d
0000
080a
2e0a
0a4d
0000
0a0a
900a
0010
0a6d
0000
2a2a
0000
020d
0000
2c2a
0000
062d
0000
962a
0a4d
0000
0a0a
280a
0010
0a6d
0000
0c0a
920a
0000
0a0d
0000
0e0a
2c2a
022d
0000
962a
0000
064d
0000
902a
0010
0a6d
0000
0c0a
2a0a
0000
0a0d
0000
0e0a
940a
0a2d
0000
080a
0000
024d
0000
902a
0010
016d
0000
922a
0000
0a0d
0000
0e0a
2c0a
0a2d
0000
080a
0000
0a4d
0000
0a0a
0010
922a
0000
010d
0000
942a
0000
0a2d
0000
080a
0a4d
0000
0a0a
0010
0c0a
0000
942a
0000
012d
0000
2e2a
0000
0a4d
0000
0a0a
067d
0000
0c0a
0000
0000
2e0a
0000
014d
0000
282a
0010
086d
0000
0c0a
060d
0000
962a
0000
280a
0010
086d
0000
2a2a
0000
080d
0000
0000
062d
0000
0000
902a
087d
0000
2a0a
0000
080d
0000
0e2a
2c2a
0000
082d
0000
0000
064d
0000
0010
086d
0000
922a
080d
0000
0e2a
2c0a
0000
082d
0000
082a
962a
0000
084d
0000
0010
0a6d
0000
080d
0000
942a
0000
082d
0000
082a
2e2a
0000
084d
0000
0a2a
902a
0010
066d
0000
0a0d
0000
0e0a
0000
082d
0000
0000
084d
0000
0a2a
282a
0010
026d
0000
0c2a
922a
060d
0000
0e0a
0000
0a2d
0000
080a
0000
084d
0000
0010
026d
0000
0c2a
2a2a
020d
0000
0e0a
942a
0000
062d
0000
080a
0000
0a4d
0000
0a0a
0010
026d
0000
020d
0000
0e0a
2c2a
022d
0000
080a
0000
064d
0000
0a0a
0010
026d
0000
0c0a
0000
020d
0000
0e0a
022d
0000
080a
0000
024d
0000
0a0a
0010
026d
0000
0c0a
0000
020d
0000
0e0a
022d
0000
080a
0000
024d
0000
0a0a
0010
026d
0000
0c0a
0000
020d
0000
0e0a
022d
0000
080a
0000
024d
0000
0a0a
0010
026d
0000
0c0a
0000
020d
0000
0e0a
022d
0000
080a
024d
0000
0a0a
0010
026d
0000
0c0a
0000
020d
0000
0e0a
0000
022d
0000
080a
024d
0000
0a0a
0010
086d
0000
0c0a
0000
020d
0000
0e0a
0000
022d
0000
080a
024d
0000
0a0a
0010
086d
0000
0c0a
0000
080d
0000
0e2a
0000
022d
0000
080a
024d
0000
0a0a
087d
0000
0c0a
0000
080d
0000
0e2a
0000
082d
0000
082a
0000
024d
0000
0a0a
087d
0000
0c0a
0000
080d
0000
0e2a
0000
082d
0000
082a
2e2a
0000
084d
0000
0a2a
0c1a
0000
080d
0000
0000
082d
0000
082a
0000
084d
0000
0a2a
282a
0010
0c2a
0000
082d
0000
0000
084d
0000
0a2a
0010
0c2a
2a2a
0000
0000
0000
084d
0000
0c3a
2c2a
0000
0000
0010
086d
0000
0000
0000
0000
0010
086d
0000
0000
080d
0000
0e2a
0000
0010
086d
0000
0000
080d
0000
0e2a
0000
082d
0000
082a
0000
0010
086d
0000
080d
0000
0e2a
0000
082d
0000
082a
0000
084d
0000
0a2a
0010
086d
0000
0000
080d
0000
0e2a
082d
0000
082a
0000
084d
0000
0a2a
0010
086d
0000
0c2a
0000
080d
0000
0e2a
082d
0000
082a
0000
084d
0000
0a2a
0010
086d
0000
0c2a
0000
080d
0000
0e2a
082d
0000
082a
0000
084d
0000
0a2a
0010
086d
0000
0c2a
0000
080d
0000
0e2a
082d
0000
082a
084d
0000
0a2a
0010
086d
0000
0c2a
0000
080d
0000
0e2a
0000
082d
0000
082a
084d
0000
0a2a
0010
086d
0000
0c2a
0000
080d
0000
0e2a
0000
082d
0000
082a
084d
0000
0a2a
0010
0c2a
0000
080d
0000
0e2a
0000
082d
0000
082a
0000
084d
0000
0a2a
0c3a
0000
0000
082d
0000
082a
0000
084d
0000
0a2a
0010
0c2a
0000
0000
084d
0000
0a2a
0c3a
0000
0000
0000
0010
0c2a
0000
0000
0000
0010
0000
0000
0000
0340
026d
0000
0000
0000
0010
026d
0000
0000
0e0a
0000
0000
0010
026d
0000
0000
0e0a
0000
0010
026d
0000
0000
0e0a
0000
0000
0010
026d
0000
0000
0e0a
0000
0000
027d
0000
0e0a
0000
960a
0000
0010
026d
0000
0000
0000
0000
0010
026d
0000
0000
0e0a
960a
0000
0010
026d
0000
0000
0000
960a
0000
0010
026d
0000
0000
0000
2e0a
027d
0000
960a
0000
0010
026d
0000
0000
0000
2e0a
0000
0010
0000
0000
0000
0010
04d0
020d
0000
022d
0000
0000
0010
0000
020d
0000
0000
022d
0000
080a
0000
024d
0000
0a0a
087d
0000
0000
060d
0000
0000
062d
0000
080a
0000
024d
0000
0a0a
0010
086d
0000
0c0a
020d
0000
0e2a
0000
022d
0000
080a
0000
064d
0000
0a0a
0010
0a6d
0000
0c0a
020d
0000
0e2a
0000
022d
0000
080a
2e0a
0000
024d
0000
0a0a
0010
0a6d
0000
0c0a
0a0d
0000
0e2a
0000
0a2d
0000
080a
2e0a
0000
024d
0000
0a0a
900a
0010
0a6d
0000
0c0a
920a
060d
0000
0e2a
0000
062d
0000
082a
2e0a
0000
0a4d
0000
0a2a
067d
0000
0c0a
0a0d
0000
0e2a
940a
0000
0a2d
0000
080a
2e0a
0000
064d
0000
0a0a
900a
027d
0000
0c2a
920a
0000
0a0d
0000
0000
0a2d
0000
082a
960a
0000
0a4d
0000
0a2a
900a
027d
0000
0c0a
920a
0000
0a0d
0000
940a
0000
0a2d
0000
082a
2e0a
0000
0a4d
0000
0a2a
280a
087d
0000
0c2a
2a0a
0000
0a0d
0000
940a
0000
0a2d
0000
082a
962a
0a4d
0000
0a2a
900a
0010
086d
0000
0c2a
920a
0000
060d
0000
2c0a
0000
062d
0000
082a
0a4d
0000
0a2a
280a
0010
0a6d
0000
0c2a
2a0a
0000
020d
0000
0e2a
940a
022d
0000
962a
064d
0000
280a
0010
066d
0000
0c2a
2a0a
0000
020d
0000
0e0a
2c0a
022d
0000
2e0a
024d
0000
280a
0010
026d
0000
2a0a
0000
020d
0000
2c0a
0000
022d
0000
960a
024d
0000
280a
0010
026d
0000
2a0a
0000
020d
0000
2c0a
0000
022d
0000
960a
024d
0000
280a
0010
086d
0000
2a0a
0000
020d
0000
2c0a
0000
022d
0000
962a
024d
0000
900a
087d
0000
920a
0000
020d
0000
2c0a
0000
022d
0000
2e2a
0000
024d
0000
280a
0a7d
0000
2a0a
0000
080d
0000
940a
0000
082d
0000
962a
0000
024d
0000
902a
067d
0000
922a
0000
080d
0000
0e0a
2c0a
0000
082d
0000
2e0a
0000
084d
0000
027d
0000
0a0d
0000
942a
0000
0a2d
0000
082a
2e0a
0000
084d
0000
0a2a
902a
0010
086d
0000
922a
060d
0000
0000
062d
0000
080a
2e2a
0000
0a4d
0000
0a0a
280a
0010
086d
0000
0c2a
2a0a
020d
0000
942a
0000
022d
0000
2e2a
0000
064d
0000
900a
0010
086d
0000
0c0a
920a
020d
0000
2c0a
0000
022d
0000
2e2a
0000
024d
0000
900a
0010
086d
0000
920a
080d
0000
940a
0000
082d
0000
2e2a
0000
024d
0000
902a
0010
086d
0000
922a
080d
0000
940a
0000
082d
0000
2e2a
0000
084d
0000
282a
0010
086d
0000
2a2a
0a0d
0000
942a
0000
0a2d
0000
962a
0000
084d
0000
902a
0010
086d
0000
922a
060d
0000
2c2a
062d
0000
080a
2e2a
0a4d
0000
0a0a
280a
2a1a
020d
0000
942a
022d
0000
064d
0000
280a
0c1a
2a0a
0000
080d
0000
2c0a
0000
082d
0000
0000
024d
0000
282a
087d
0000
2a2a
0000
080d
0000
2c0a
0000
082d
0000
0000
084d
0000
282a
0010
086d
0000
2a2a
080d
0000
0e2a
2c2a
0000
082d
0000
2e2a
0000
084d
0000
282a
0010
086d
0000
2a2a
080d
0000
2c2a
0000
082d
0000
962a
0000
084d
0000
282a
0010
086d
0000
2a2a
080d
0000
2c2a
0000
082d
0000
962a
0000
084d
0000
282a
0010
2a2a
0000
080d
0000
2c2a
082d
0000
0000
084d
0000
902a
0010
922a
0000
080d
0000
2c2a
0000
082d
0000
084d
0000
282a
0010
086d
0000
2a2a
0000
942a
0000
0000
084d
0000
0010
086d
0000
0e2a
2c2a
0000
2e2a
0000
0010
086d
0000
0000
080d
0000
0000
082d
0000
2e2a
0010
0000
080d
0000
0000
082d
0000
082a
0000
084d
0000
0a2a
282a
0010
2a2a
080d
0000
082d
0000
0000
084d
0000
902a
0010
0c2a
922a
0000
080d
0000
2c2a
0000
082d
0000
084d
0000
902a
0010
922a
0000
942a
0000
0000
084d
0000
0010
0000
942a
081d
0000
082d
0000
0000
0010
0000
080d
0000
0000
082d
0000
082a
0000
084d
0000
0a2a
282a
2a3a
0000
080d
0000
0000
082d
0000
0000
084d
0000
282a
0010
0c2a
2a2a
2c2a
0000
084d
0000
0010
0000
2c2a
0000
0000
0010
0000
0000
0000
0010
0000
0000
0e20
026d
0000
020d
0000
0000
022d
0000
2e0a
0000
280a
0010
026d
0000
2a0a
0000
020d
0000
022d
0000
0000
024d
0000
0010
066d
0000
0000
060d
0000
0e0a
2c0a
0000
062d
0000
080a
2e0a
024d
0000
0a0a
280a
0010
026d
0000
2a0a
0000
020d
0000
0000
022d
0000
960a
064d
0000
900a
0010
026d
0000
0c0a
920a
0000
020d
0000
2c0a
0000
022d
0000
2e0a
024d
0000
280a
0010
026d
0000
2a0a
0000
020d
0000
940a
0000
022d
0000
2e0a
024d
0000
280a
0010
026d
0000
2a0a
0000
020d
0000
2c0a
0000
022d
0000
2e0a
024d
0000
280a
0010
026d
0000
2a0a
0000
020d
0000
2c0a
0000
022d
0000
2e0a
024d
0000
280a
027d
0000
2a0a
0000
020d
0000
2c0a
0000
022d
0000
960a
0000
024d
0000
900a
027d
0000
920a
0000
020d
0000
2c0a
0000
022d
0000
2e0a
0000
024d
0000
280a
027d
0000
2a0a
0000
020d
0000
940a
0000
022d
0000
2e0a
0000
024d
0000
280a
027d
0000
2a0a
020d
0000
2c0a
0000
022d
0000
2e0a
0000
024d
0000
280a
0010
026d
0000
2a0a
020d
0000
2c0a
0000
022d
0000
2e0a
0000
024d
0000
280a
0010
086d
0000
2a0a
080d
0000
2c0a
0000
082d
0000
2e2a
0000
024d
0000
282a
0010
086d
0000
2a2a
080d
0000
2c0a
082d
0000
0000
084d
0000
0010
096d
0000
0000
090d
0000
0e2a
2c2a
092d
0000
082a
2e2a
084d
0000
0a2a
282a
0010
086d
0000
2a2a
0000
080d
0000
0000
082d
0000
962a
094d
0000
902a
0010
0a6d
0000
0c2a
922a
0000
080d
0000
2c2a
760a
082d
0000
2e2a
084d
0000
282a
0010
0a6d
0000
2a2a
0000
080d
0000
942a
760a
0000
082d
0000
2e2a
084d
0000
282a
0010
0a6d
0000
2a2a
0000
0a0d
0000
2c2a
760a
0000
082d
0000
2e2a
700a
084d
0000
282a
0010
066d
0000
2a2a
0000
0a0d
0000
2c2a
0000
082d
0000
2e0a
700a
084d
0000
282a
0010
026d
0000
2a2a
0000
0a0d
0000
2c2a
0000
082d
0000
2e0a
700a
084d
0000
902a
0010
026d
0000
922a
0000
060d
0000
2c2a
0000
0a2d
0000
2e0a
084d
0000
280a
720a
0010
026d
0000
2a2a
0000
020d
0000
942a
0000
0a2d
0000
2e0a
084d
0000
280a
720a
0010
026d
0000
2a2a
0000
020d
0000
2c2a
0000
0a2d
0000
2e0a
084d
0000
280a
720a
0010
026d
0000
2a2a
0000
020d
0000
2c2a
0000
062d
0000
2e0a
0a4d
0000
280a
0010
026d
0000
2a0a
740a
0000
020d
0000
2c2a
0000
022d
0000
2e0a
0a4d
0000
280a
0010
026d
0000
2a0a
740a
0000
020d
0000
2c2a
0000
022d
0000
2e0a
024d
0000
280a
0010
026d
0000
2a0a
740a
0000
020d
0000
0000
022d
0000
2e0a
024d
0000
280a
0010
026d
0000
2a0a
0000
020d
0000
2c0a
0000
022d
0000
2e0a
0a4d
0000
280a
0010
086d
0000
2a0a
742a
0000
020d
0000
2c0a
0000
022d
0000
2e2a
0a4d
0000
280a
0010
086d
0000
2a0a
742a
0000
020d
0000
2c0a
0000
022d
0000
962a
0a4d
0000
280a
0010
086d
0000
2a0a
742a
0000
080d
0000
2c0a
0000
022d
0000
2e2a
064d
0000
282a
0010
086d
0000
2a0a
0000
080d
0000
2c0a
0000
022d
0000
2e2a
024d
0000
282a
087d
0000
2a0a
0000
080d
0000
2c0a
0000
022d
0000
2e2a
0000
024d
0000
282a
087d
0000
2a0a
0000
080d
0000
2c0a
0000
082d
0000
2e2a
0000
024d
0000
282a
2a3a
0000
2c0a
0000
0000
024d
0000
0010
0000
2c0a
0000
0000
024d
0000
0010
046d
0000
040d
0000
2c0a
0000
042d
0000
0000
084d
0000
0010
0000
2c2a
0000
0000
084d
0000
0010
2c2a
0000
0000
084d
0000
0010
0000
2c2a
0000
0000
084d
0000
0010
2c2a
0000
084d
0000
0010
0000
2c2a
0000
0000
084d
0000
0010
0000
2c2a
0000
0000
084d
0000
0010
2c2a
0000
0000
084d
0000
0010
0000
2c2a
0000
0000
084d
0000
0010
2c2a
0000
084d
0000
0010
0000
2c2a
0000
0000
0010
0000
0000
0000
0010
0000
0000
0070
086d
0000
762a
0000
0000
0010
046d
0000
0000
0000
0000
0010
0000
0000
0000
0840
026d
0000
0000
960a
0000
0010
026d
0000
0000
0000
960a
0000
0010
026d
0000
2e0a
027d
0000
0000
0000
2e0a
0000
0010
026d
0000
0000
0000
2e0a
0000
0010
026d
0000
0000
0000
0010
026d
0000
0000
0e0a
0000
2e0a
0000
0010
026d
0000
0000
0000
2e0a
0010
026d
0000
0000
0000
2e0a
0000
0010
026d
0000
0000
0000
2e0a
0000
0010
026d
0000
0000
2e0a
0000
0010
026d
0000
0000
0000
2e0a
0000
0010
026d
0000
0000
027d
0000
0e0a
0000
960a
0000
0010
0000
0000
0000
0010
0000
0000
0000
0010
0000
0040
020d
0000
022d
0000
0000
900a
0010
920a
0000
020d
0000
0000
022d
0000
0000
064d
0000
900a
921a
0000
020d
0000
940a
0000
022d
0000
0000
024d
0000
280a
0010
2a0a
020d
0000
940a
0000
022d
0000
0000
024d
0000
280a
0010
2a0a
0000
020d
0000
2c0a
022d
0000
0000
024d
0000
280a
0010
2a0a
0000
020d
0000
2c0a
0000
022d
0000
024d
0000
0010
020d
0000
2c0a
0000
022d
0000
080a
0000
0a4d
0000
0a0a
280a
0010
086d
0000
2a0a
020d
0000
942a
762a
0000
022d
0000
0000
064d
0000
280a
0010
046d
0000
0c0a
2a0a
020d
0000
2c0a
0000
022d
0000
0000
024d
0000
280a
0010
2a0a
0000
020d
0000
2c0a
022d
0000
0000
024d
0000
280a
0010
2a0a
0000
020d
0000
2c0a
0000
022d
0000
024d
0000
280a
0010
2a0a
0000
020d
0000
2c0a
0000
022d
0000
0000
024d
0000
280a
2a1a
0000
020d
0000
2c0a
0000
022d
0000
0000
024d
0000
0010
0000
020d
0000
2c0a
022d
0000
080a
0000
0a4d
0000
0a0a
900a
0010
920a
0000
942a
0000
0000
064d
0000
0c1a
0000
940a
0000
0000
084d
0000
0010
0000
2c2a
0000
0000
084d
0000
2c3a
084d
0000
0010
0000
2c2a
0000
0000
084d
0000
0010
0000
0000
0000
084d
0000
0c3a
2c2a
0000
0000
084d
0000
0010
0000
2c2a
0000
0000
084d
0000
0010
0000
2c2a
084d
0000
2c3a
0000
0000
084d
0000
0010
0000
2c2a
0000
0000
084d
0000
0010
0000
2c2a
0000
084d
0000
0010
0000
0000
0000
084d
0000
0010
0c2a
0000
942a
0000
0000
0900
086d
0000
762a
0000
0000
0010
086d
0000
0000
0000
2e2a
0000
0010
086d
0000
2e2a
087d
0000
0000
0000
2e2a
0000
0010
086d
0000
0000
080d
0000
0000
2e2a
702a
087d
0000
040d
0000
2e2a
0000
0010
086d
0000
0000
0000
2e2a
0000
0010
086d
0000
2e2a
087d
0000
0000
080d
0000
0000
2e2a
702a
0000
0010
086d
0000
0000
040d
0000
2e2a
0010
086d
0000
0000
0000
2e2a
0000
0010
086d
0000
0000
0000
962a
0000
0010
086d
0000
080d
0000
0000
962a
702a
0000
0010
086d
0000
0000
080d
0000
0000
2e2a
282a
087d
0000
0000
080d
0000
0000
2e2a
0000
282a
0010
086d
0000
0000
080d
0000
082d
0000
2e2a
282a
722a
0010
086d
0000
0000
080d
0000
0000
042d
0000
0000
282a
087d
0000
080d
0000
0e2a
0000
2e2a
0000
282a
0010
086d
0000
0000
080d
0000
0000
2e2a
282a
0010
086d
0000
0000
080d
0000
0000
082d
0000
2e2a
0000
282a
722a
0010
086d
0000
080d
0000
0000
042d
0000
2e2a
0000
282a
0010
086d
0000
0000
080d
0000
2e2a
282a
0010
086d
0000
0000
080d
0000
0000
2e2a
0000
282a
0010
086d
0000
0000
080d
0000
082d
0000
0000
902a
722a
0010
086d
0000
0000
080d
0000
0e2a
0000
082d
0000
962a
902a
0010
2a2a
0000
080d
0000
0000
082d
0000
0000
282a
0010
2a2a
0000
080d
0000
082d
0000
0000
282a
0010
2a2a
0000
080d
0000
0000
082d
0000
0000
282a
2a3a
080d
0000
0000
082d
0000
0000
0010
2a2a
0000
080d
0000
0000
082d
0000
082a
282a
2a3a
0000
080d
0000
0000
082d
0000
0000
282a
0010
2a2a
0000
080d
0000
0000
082d
0000
282a
0010
2a2a
0000
080d
0000
0000
082d
0000
0000
282a
0010
2a2a
0000
080d
0000
082d
0000
0000
282a
0010
2a2a
0000
080d
0000
0000
082d
0000
0000
282a
923a
080d
0000
0000
082d
0000
0000
0010
922a
0000
080d
0000
0000
082d
0000
082a
902a
2a3a
0000
0000
082d
0000
0000
0010
2a2a
0000
0000
082d
0000
0000
0010
2a2a
082d
0000
0010
0000
082d
0000
0000
0a2a
0010
2a2a
0000
0000
082d
0000
0000
0010
2a2a
0000
082d
0000
0000
0010
2a2a
0000
0000
082d
0000
0000
0010
2a2a
0000
0000
082d
0000
0010
2a2a
0000
0000
082d
0000
0000
0010
2a2a
0000
0000
082d
0000
0000
083d
0000
0a2a
0010
922a
0000
0000
0000
0010
0000
0000
0000
0010
0000
0000
0000
0270
036d
0000
0000
0000
0010
026d
0000
0000
0000
0000
0010
0000
0000
0000
0010
360a
0000
0010
0000
0000
0000
0010
0000
0000
0000
0010
0000
0000
0000
0010
0000
2ff0
036d
0000
0000
0001
f963
d73d
7f75
0000
0010
026d
0000
0000
0000
0000
0010
0030
360a
0000
0010
036d
0000
0000
0000
0000
0010
026d
0000
0000
0000
0000
0010
031d
0000
0000
0010
0000
020d
0000
0000
0000
0010
0000
360a
0000
0000
0010
026d
0000
660a
0000
300a
0000
0010
0000
0000
0000
0010
0000
0000
0000
0010
0000
0000
0240
026d
0000
0000
0000
0010
026d
0000
0000
0e0a
0000
960a
0000
0010
026d
0000
027d
0000
0e0a
0000
e60a
0000
0010
026d
0000
0000
0000
e60a
0000
0010
026d
0000
e60a
027d
0000
0000
0000
e60a
0000
0010
026d
0000
0000
0000
960a
0000
0010
026d
0000
6e0a
0000
0000
0010
026d
0000
0000
0000
0000
0010
0000
0e0a
0000
0000
0010
0020
026d
0000
0000
0000
0010
026d
0000
0000
0e0a
0000
0000
0010
026d
0000
0000
0e0a
0000
0010
026d
0000
0000
0e0a
0000
0000
0010
026d
0000
0000
0e0a
0000
960a
027d
0000
960a
0000
0010
0000
0000
0000
0010
0000
0000
0000
0010
0000
0000
0000
00a0
026d
0000
0000
2e0a
0000
0010
026d
0000
0000
0000
960a
0000
0010
026d
0000
960a
027d
0000
0000
0000
960a
0000
0010
026d
0000
0000
0000
0000
0010
026d
0000
0e0a
2e0a
0000
0010
026d
0000
0000
0000
2e0a
0000
0010
026d
0000
0000
0000
2e0a
027d
0000
2e0a
0000
0010
026d
0000
0000
0000
2e0a
0000
0010
026d
0000
0000
0000
2e0a
0010
026d
0000
0000
0000
2e0a
0000
0010
026d
0000
0000
0000
2e0a
0000
0010
026d
0000
0000
2e0a
0000
0010
026d
0000
0000
0000
2e0a
0000
0010
026d
0000
0000
2e0a
0010
026d
0000
0000
0000
2e0a
0000
0010
026d
0000
0000
0000
2e0a
0000
0010
026d
0000
0000
2e0a
0000
0010
026d
0000
0000
0000
2e0a
0000
0010
026d
0000
0000
2e0a
0010
026d
0000
0000
0000
2e0a
0000
0010
026d
0000
0000
0000
2e0a
0000
0010
026d
0000
0000
2e0a
0000
0010
026d
0000
0000
0000
2e0a
0000
0010
026d
0000
0000
2e0a
0010
0000
0000
0000
0010
0000
0000
0000
0010
0000
0000
0000
0010
0000
0000
027d
0000
027d
0000
0e0a
2e0a
027d
0000
0000
2e0a
0000
0010
0000
0000
0000
0010
0020
026d
0000
0000
2e0a
0000
0010
026d
0000
0000
0000
0000
0010
026d
0000
0000
8e0a
960a
0000
0010
026d
0000
0000
0000
960a
0000
0010
0000
0000
0000
0010
0000
0020
026d
0000
0000
0000
0010
026d
0000
0000
0e0a
0000
0000
0010
026d
0000
0000
0e0a
960a
0000
0010
026d
0000
0000
0000
960a
0000
0010
026d
0000
0000
0000
960a
0050
026d
0000
0000
960a
0000
0010
026d
0000
0000
0000
960a
0000
0010
026d
0000
960a
027d
0000
0000
0000
960a
0000
0010
0000
0000
0000
0010
026d
0000
0000
0000
960a
0010
026d
0000
0000
0000
960a
0000
0010
026d
0000
0000
0000
960a
0000
0010
026d
0000
0000
960a
0000
0010
0000
0000
0000
0010
0000
0000
0000
0010
0000
0000
0150
026d
0000
0000
960a
0000
0010
026d
0000
0000
0000
960a
0000
0010
026d
0000
960a
027d
0000
0000
0000
960a
0000
0010
0000
0000
0000
0010
026d
0000
0000
0000
960a
0010
026d
0000
0000
0000
960a
0000
0010
026d
0000
0000
0000
960a
0000
0010
026d
0000
0000
960a
0000
0010
026d
0000
0000
0000
2e0a
0000
0010
0000
0000
0000
04e0
026d
0000
0000
e60a
0000
0010
026d
0000
0000
0000
e60a
0000
0010
026d
0000
e60a
027d
0000
0000
0000
e60a
0000
0010
026d
0000
0000
0000
0000
0010
026d
0000
8e0a
2e0a
0000
0010
026d
0000
0000
0000
2e0a
0000
0010
026d
0000
0000
0000
2e0a
027d
0000
2e0a
0000
0010
0000
0000
0000
0010
0000
0000
0000
0010
026d
0000
0000
760a
0000
0010
026d
0000
0000
760a
0000
0000
0010
026d
0000
0000
760a
0000
0000
037d
0000
0000
0000
0010
026d
0000
0000
7e0a
0000
0000
0010
0000
0000
0000
0010
0480
030d
0000
0000
0010
0000
020d
0000
0000
0000
0010
0000
0000
0000
0010
0000
0020
300a
0010
0000
030d
0000
0000
0000
0010
0000
020d
0000
0000
0000
0010
0000
033d
0000
0010
0000
0000
012d
0000
0000
0010
0000
0000
300a
0000
0010
0000
020d
0000
600a
0000
0010
0000
0000
0000
0010
0000
0000
022d
0000
0000
0010
0000
0000
321a
0010
020d
0000
0000
032d
0000
0000
0010
0000
020d
0000
0000
022d
0000
080a
900a
0010
020d
0000
0000
0000
0010
0000
020d
0000
0000
080a
0000
e00a
0010
0000
020d
0000
0000
034d
0000
e00a
0010
0000
020d
0000
0000
0000
024d
0000
e00a
320a
021d
0000
032d
0000
e00a
0010
0000
020d
0000
0000
022d
0000
0000
900a
0010
340a
020d
0000
680a
0000
0010
0000
020d
0000
0000
0000
0010
0000
0000
080a
0000
0010
320a
0010
0000
022d
0000
0000
620a
0010
0000
020d
0000
0000
0000
0010
0000
020d
0000
080a
0000
034d
0000
0010
0000
020d
0000
0000
080a
0000
024d
0000
0010
0000
020d
0000
080a
0000
0010
0000
020d
0000
0000
022d
0000
080a
0000
900a
0010
0000
020d
0000
022d
0000
0000
0a0a
900a
0010
920a
0000
020d
0000
0000
022d
0000
0000
280a
341a
0000
020d
0000
0000
022d
0000
0000
0a0a
900a
0010
e20a
0000
020d
0000
022d
0000
900a
0010
e20a
0000
020d
0000
0000
022d
0000
0000
900a
0010
e20a
0000
020d
0000
022d
0000
0000
0010
e20a
0000
020d
0000
0000
022d
0000
080a
0000
280a
921a
020d
0000
0000
022d
0000
0000
280a
6a0a
0010
0000
020d
0000
0000
022d
0000
280a
0010
020d
0000
0000
0000
0a0a
280a
0010
0000
020d
0000
0000
0000
280a
0010
020d
0000
0000
280a
0010
0000
020d
0000
0000
022d
0000
0000
280a
0010
0000
020d
0000
022d
0000
0000
0a0a
280a
0010
0000
020d
0000
0000
022d
0000
0000
0a0a
280a
021d
0000
022d
0000
0a0a
280a
0010
0000
020d
0000
0000
022d
0000
0000
0a0a
280a
921a
020d
0000
0000
022d
0000
0000
280a
0010
920a
0000
020d
0000
0000
022d
0000
280a
2a1a
0000
020d
0000
0000
022d
0000
0000
280a
0010
920a
0000
020d
0000
0000
022d
0000
280a
0010
920a
0000
020d
0000
0000
022d
0000
0000
280a
0010
920a
0000
020d
0000
022d
0000
0000
280a
0010
0000
020d
0000
0000
022d
0000
0000
0a0a
280a
2a1a
020d
0000
0000
022d
0000
0000
280a
0010
2a0a
0000
020d
0000
0000
022d
0000
280a
2a1a
0000
020d
0000
0000
022d
0000
0000
280a
0010
2a0a
0000
0000
022d
0000
2a1a
022d
0000
0000
0010
2a0a
0000
0000
022d
0000
0000
0010
2a0a
0000
0000
022d
0000
0010
2a0a
0000
020d
0000
0000
022d
0000
0000
0010
2a0a
0000
020d
0000
0000
022d
0000
080a
280a
0010
2a0a
0000
020d
0000
0000
022d
0000
0000
280a
0010
2a0a
020d
0000
022d
0000
0000
280a
0010
2a0a
0000
020d
0000
0000
022d
0000
0000
0010
2a0a
020d
0000
0000
022d
0000
880a
0000
900a
0010
2a0a
0000
020d
0000
0000
022d
0000
900a
0010
2a0a
0000
0000
022d
0000
0000
0010
2a0a
0000
0000
022d
0000
0000
2a1a
0000
022d
0000
0000
0010
2a0a
0000
020d
0000
0000
022d
0000
0000
0010
2a0a
020d
0000
022d
0000
080a
0000
0010
2a0a
0000
020d
0000
0000
022d
0000
080a
0000
900a
2a1a
0000
020d
0000
0000
0000
900a
0010
0000
020d
0000
0000
0000
900a
0010
020d
0000
0000
900a
0010
0000
020d
0000
0000
0000
900a
0010
0000
020d
0000
0000
022d
0000
900a
0010
0000
020d
0000
0000
022d
0000
0000
0a0a
900a
0010
2a0a
0000
022d
0000
0010
2a0a
0000
020d
0000
0000
022d
0000
0000
900a
0010
2a0a
0000
020d
0000
022d
0000
0000
900a
0010
0000
020d
0000
0000
022d
0000
0000
8a0a
900a
0010
920a
020d
0000
0000
022d
0000
0000
900a
0010
920a
0000
0000
0000
0010
0000
020d
0000
0000
900a
0010
0000
020d
0000
0000
0000
900a
0010
0000
020d
0000
0000
022d
0000
900a
0010
0000
020d
0000
0000
022d
0000
0000
0a0a
900a
0010
0000
0000
022d
0000
034d
0000
0a0a
0010
920a
0000
020d
0000
0000
022d
0000
0000
024d
0000
900a
921a
020d
0000
0000
022d
0000
0000
900a
0010
920a
0000
020d
0000
0000
022d
0000
900a
921a
0000
020d
0000
0000
022d
0000
0000
900a
0010
920a
0000
020d
0000
0000
022d
0000
0c4d
0000
280a
0010
920a
340a
0000
020d
0000
0000
022d
0000
0000
0a4d
0000
e00a
921a
640a
0000
020d
0000
0000
0000
e00a
0010
0000
020d
0000
0000
022d
0000
e00a
0010
920a
342a
0000
020d
0000
0000
022d
0000
0000
0c4d
0000
e00a
0010
920a
020d
0000
0000
022d
0000
0000
084d
0000
0010
920a
0000
020d
0000
0000
022d
0000
880a
024d
0000
280a
0010
920a
0000
020d
0000
0000
0000
024d
0000
280a
0010
0c0a
020d
0000
940a
0000
022d
0000
0000
024d
0000
280a
0010
920a
0000
020d
0000
022d
0000
024d
0000
280a
0010
0c0a
920a
0000
e40a
0000
022d
0000
0000
024d
0000
921a
e40a
0000
022d
0000
0000
024d
0000
0010
920a
342a
0000
020d
0000
e40a
0000
700a
0e4d
0000
0010
0000
020d
0000
e40a
0000
022d
0000
700a
0000
0a4d
0000
0010
0c6d
0000
920a
020d
0000
940a
0000
022d
0000
700a
0000
024d
0000
0010
046d
0000
920a
6c0a
030d
0000
0000
022d
0000
0000
024d
0000
0010
920a
0000
020d
0000
0000
022d
0000
780a
0010
0c0a
920a
0000
0000
022d
0000
0000
0010
2a0a
342a
0000
0000
022d
0000
084d
0000
0010
e20a
642a
0000
0000
022d
0000
0000
024d
0000
0010
086d
0000
e20a
0000
022d
0000
0000
024d
0000
0010
0c0a
e20a
0000
0000
022d
0000
0000
024d
0000
0c1a
e20a
0000
362a
0000
022d
0000
0000
024d
0000
0010
0c0a
0000
0000
022d
0000
0a4d
0000
8a0a
0010
0c0a
2a0a
0000
940a
0000
022d
0000
0000
064d
0000
0c3a
2a0a
940a
0000
022d
0000
0000
024d
0000
0010
2a0a
0000
2c0a
0000
022d
0000
024d
0000
2a1a
0000
940a
0000
0000
024d
0000
0010
0000
940a
0000
0000
024d
0000
941a
022d
0000
0a4d
0000
720a
0010
0000
942a
0000
022d
0000
0000
0a4d
0000
720a
0c1a
2c0a
0000
022d
0000
0000
064d
0000
720a
0010
0c2a
0000
2c0a
0000
032d
0000
024d
0000
0010
2c0a
0000
022d
0000
0000
024d
0000
7a0a
0010
0000
2c0a
0000
0000
024d
0000
0010
2c0a
0000
0000
024d
0000
0010
0000
2c0a
0000
0000
024d
0000
0010
2c0a
0000
024d
0000
0010
0000
2c0a
0000
0000
024d
0000
0010
0000
2c0a
0000
0000
024d
0000
0010
2c0a
0000
0000
024d
0000
0010
0000
2c0a
0000
0000
024d
0000
0010
2c0a
0000
024d
0000
0010
0000
2c0a
0000
0000
024d
0000
0010
0000
2c0a
0000
0000
024d
0000
0010
2c0a
0000
0000
024d
0000
0010
0000
2c0a
0000
0000
024d
0000
0010
0c6d
0000
2c0a
0000
0000
024d
0000
0010
086d
0000
0000
2c0a
0000
0000
024d
0000
2c1a
024d
0000
0010
0000
2c0a
0000
0000
024d
0000
0010
0000
2c0a
0000
0000
084d
0000
0010
e42a
362a
0000
0000
084d
0000
0010
0c6d
0000
0000
e42a
0000
0000
084d
0000
087d
0000
0000
e42a
0000
0000
084d
0000
0010
0000
e42a
0000
0000
0a4d
0000
0c1d
0000
942a
0a4d
0000
0010
0c0a
6c2a
0000
080d
0000
2c0a
0000
0000
0a4d
0000
2c1a
362a
024d
0000
0010
086d
0000
0c2a
0000
2c0a
662a
0000
302a
0000
024d
0000
025d
0000
8c1a
0000
940a
0000
0000
0a4d
0000
0010
0000
940a
0000
0000
084d
0000
0c3a
0000
0000
084d
0000
0010
086d
0000
0c2a
0000
0000
0000
084d
0000
0010
086d
0000
0c2a
0e2a
0000
962a
0000
0a4d
0000
0010
086d
0000
0c2a
0000
942a
0000
0000
0a4d
0000
087d
0000
0c0a
0000
0e2a
942a
0000
e62a
0000
064d
0000
0010
086d
0000
0c0a
940a
0000
e62a
0000
024d
0000
0010
086d
0000
0000
940a
0000
e62a
0000
024d
0000
087d
0000
0000
940a
0000
e62a
0000
024d
0000
0010
086d
0000
0000
940a
0000
962a
024d
0000
0010
086d
0000
0000
940a
6e2a
0000
0000
024d
0000
0010
086d
0000
940a
0000
024d
0000
0010
0000
0c0d
0000
0e2a
940a
0000
0000
084d
0000
0010
0000
080d
0000
2c2a
0000
064d
0000
0010
0000
940a
0000
0000
024d
0000
0010
086d
0000
940a
0000
024d
0000
0010
086d
0000
0000
0e2a
940a
0000
0000
024d
0000
0010
086d
0000
0e2a
940a
0000
302a
0000
084d
0000
0010
086d
0000
0000
0c0d
0000
0e2a
942a
064d
0000
087d
0000
080d
0000
0e2a
940a
0000
962a
0000
024d
0000
0010
086d
0000
940a
962a
0000
024d
0000
0010
086d
0000
0000
940a
0000
0c2d
0000
2e2a
0000
024d
0000
087d
0000
0000
940a
0000
042d
0000
962a
0000
084d
0000
0010
086d
0000
0000
942a
962a
302a
0000
064d
0000
0010
086d
0000
0000
080d
0000
940a
0000
962a
602a
024d
0000
087d
0000
0000
940a
0000
0000
024d
0000
0010
086d
0000
0000
0e2a
940a
082d
0000
2e2a
024d
0000
0010
086d
0000
0000
940a
0000
2e2a
0000
024d
0000
0010
086d
0000
2c0a
0000
2e2a
0000
024d
0000
322a
0010
086d
0000
0000
080d
0000
e40a
0c2d
0000
2e2a
024d
0000
0010
086d
0000
0000
080d
0000
e40a
0000
082d
0000
082a
2e2a
024d
0000
902a
0010
086d
0000
0000
080d
0000
e40a
0000
2e2a
0000
024d
0000
087d
0000
080d
0000
e40a
0000
082a
2e2a
0000
0a4d
0000
e02a
0010
086d
0000
0000
080d
0000
942a
2e2a
0000
0a4d
0000
e02a
0010
086d
0000
8c0a
0000
080d
0000
2c0a
2e2a
064d
0000
e02a
322a
0010
086d
0000
0c2a
0000
080d
0000
2c0a
0000
2e2a
0000
024d
0000
e02a
087d
0000
0000
080d
0000
2c0a
0000
2e2a
0000
024d
0000
902a
0010
086d
0000
080d
0000
2c0a
0000
2e2a
682a
0000
084d
0000
0010
086d
0000
0000
080d
0000
2c2a
2e2a
0000
084d
0000
0010
086d
0000
0000
2c2a
0000
082a
2e2a
0000
0a4d
0000
087d
0000
740a
0000
2c2a
0000
2e2a
0000
0a4d
0000
0010
086d
0000
740a
0000
2c2a
2e2a
0000
0a4d
0000
0010
086d
0000
740a
0000
080d
0000
2c2a
0000
2e2a
0000
0b4d
0000
087d
0000
0000
080d
0000
2c2a
0000
082a
2e2a
0000
0a4d
0000
0010
0b6d
0000
7c0a
0b0d
0000
2c2a
0000
032d
0000
082a
2e2a
0000
0b4d
0000
0010
0b6d
0000
0b0d
0000
2c2a
032d
0000
082a
2e2a
0000
0b4d
0000
0010
0a6d
0000
0000
0a0d
0000
2c2a
360a
012d
0000
082a
2e2a
300a
0000
0a4d
0000
902a
0010
016d
0000
340a
0000
090d
0000
2c2a
022d
0000
094d
0000
902a
320a
027d
0000
0a0d
0000
2c2a
360a
012d
0000
300a
0a4d
0000
282a
017d
0000
340a
090d
0000
2c2a
022d
0000
0000
094d
0000
902a
320a
027d
0000
0000
0a0d
0000
2c2a
360a
0000
012d
0000
300a
0000
0a4d
0000
902a
097d
0000
340a
0000
090d
0000
2c2a
0000
022d
0000
0000
094d
0000
902a
320a
0a7d
0000
0a0d
0000
0e2a
2c2a
360a
0000
012d
0000
2e2a
300a
0000
0a4d
0000
0010
096d
0000
340a
090d
0000
2c2a
0000
022d
0000
082a
2e2a
0000
094d
0000
282a
320a
0a7d
0000
0a0d
0000
2c2a
360a
0000
012d
0000
2e2a
300a
0000
0a4d
0000
282a
0010
096d
0000
340a
090d
0000
2c2a
0000
022d
0000
0000
094d
0000
282a
320a
0010
0a6d
0000
080d
0000
8e2a
2c2a
360a
0000
012d
0000
962a
0000
084d
0000
282a
0010
096d
0000
0a0d
0000
2c2a
0000
962a
300a
0000
0a4d
0000
282a
0010
340a
0000
090d
0000
2c2a
022d
0000
0000
014d
0000
282a
320a
0010
0000
080d
0000
0000
012d
0000
0000
282a
0010
080d
0000
0000
0000
282a
0010
0a6d
0000
0000
080d
0000
360a
0000
0000
282a
097d
0000
0000
0a0d
0000
0e2a
0000
300a
0000
0a4d
0000
282a
0010
086d
0000
340a
090d
0000
0e2a
0000
022d
0000
962a
0000
094d
0000
282a
320a
0010
086d
0000
0c2a
080d
0000
2c2a
0000
012d
0000
962a
0000
084d
0000
282a
0010
0a6d
0000
0000
080d
0000
2c2a
360a
962a
0000
084d
0000
282a
0010
096d
0000
0000
0a0d
0000
2c2a
962a
300a
0a4d
0000
282a
0010
086d
0000
340a
0000
090d
0000
0000
022d
0000
962a
094d
0000
282a
320a
0a7d
0000
8c2a
0000
080d
0000
942a
360a
0000
012d
0000
962a
084d
0000
282a
097d
0000
0000
0a0d
0000
942a
0000
962a
300a
0000
024d
0000
282a
341a
090d
0000
0000
022d
0000
0000
014d
0000
282a
320a
0010
086d
0000
0000
080d
0000
012d
0000
962a
0000
282a
0010
0a6d
0000
0000
0a0d
0000
360a
0000
962a
300a
084d
0000
282a
097d
0000
0000
090d
0000
0000
962a
0000
0a4d
0000
282a
0010
086d
0000
0c2a
340a
0000
022d
0000
962a
0000
094d
0000
320a
0010
0c2a
0000
942a
0000
012d
0000
084d
0000
0010
0a6d
0000
0000
020d
0000
942a
360a
0000
962a
300a
0000
084d
0000
097d
0000
0000
010d
0000
942a
0000
962a
0000
0a4d
0000
0010
086d
0000
340a
080d
0000
942a
0000
022d
0000
962a
0000
094d
0000
320a
0010
086d
0000
0000
080d
0000
942a
012d
0000
082a
962a
0000
084d
0000
282a
0010
026d
0000
0000
0a0d
0000
942a
360a
300a
0000
084d
0000
282a
0010
086d
0000
0000
080d
0000
942a
0000
962a
024d
0000
282a
0010
086d
0000
340a
0000
080d
0000
0000
022d
0000
962a
0000
084d
0000
320a
097d
0000
0000
090d
0000
942a
0000
012d
0000
882a
962a
0000
094d
0000
902a
0a7d
0000
0000
0a0d
0000
942a
360a
0000
962a
300a
0000
084d
0000
902a
097d
0000
010d
0000
942a
0000
2e2a
0000
0a4d
0000
0010
086d
0000
340a
0000
942a
022d
0000
e62a
014d
0000
320a
0010
086d
0000
0000
0000
012d
0000
e62a
0000
084d
0000
0a7d
0000
0000
0a0d
0000
942a
360a
0000
e62a
300a
0000
084d
0000
0010
0b6d
0000
0b0d
0000
942a
0000
082a
e62a
0000
0a4d
0000
0010
0a6d
0000
340a
0000
060d
0000
942a
022d
0000
082a
960a
0000
0b4d
0000
900a
320a
0010
0b6d
0000
0000
0b0d
0000
8e2a
942a
032d
0000
2e2a
0000
024d
0000
902a
0010
066d
0000
0000
060d
0000
940a
022d
0000
960a
0000
0b4d
0000
900a
0010
086d
0000
920a
0000
080d
0000
942a
032d
0000
2e2a
064d
0000
902a
0010
086d
0000
0000
080d
0000
940a
0000
022d
0000
2e2a
084d
0000
902a
0010
0a6d
0000
920a
0000
0a0d
0000
942a
360a
0000
2e2a
300a
084d
0000
902a
027d
0000
0000
0a0d
0000
942a
0000
0c2d
0000
0000
0a4d
0000
902a
027d
0000
340a
060d
0000
0e0a
942a
0000
062d
0000
080a
e60a
0000
0a4d
0000
e00a
320a
0b7d
0000
0000
0b0d
0000
2c2a
762a
0000
0a2d
0000
0000
064d
0000
902a
0010
046d
0000
0c0a
080d
0000
e40a
0000
022d
0000
0000
0b4d
0000
0a0a
902a
0010
086d
0000
e20a
080d
0000
e42a
762a
0000
032d
0000
0000
084d
0000
902a
0010
086d
0000
080d
0000
e42a
762a
0000
084d
0000
902a
0010
0c6d
0000
0000
080d
0000
e42a
0000
084d
0000
902a
322a
087d
0000
0000
080d
0000
e42a
7e2a
0000
082d
0000
0000
0a4d
0000
902a
622a
027d
0000
0000
020d
0000
940a
0000
022d
0000
960a
0000
0b4d
0000
900a
037d
0000
8c2a
920a
0000
0b0d
0000
2c2a
0000
032d
0000
0000
064d
0000
902a
027d
0000
060d
0000
940a
0000
022d
0000
960a
0000
024d
0000
900a
0010
026d
0000
920a
020d
0000
2c0a
0000
022d
0000
2e0a
0000
024d
0000
280a
0010
026d
0000
2a0a
020d
0000
940a
0a2d
0000
960a
0000
024d
0000
900a
0010
026d
0000
920a
0000
020d
0000
940a
062d
0000
960a
0000
024d
0000
0a2a
900a
0010
026d
0000
920a
0000
020d
0000
e40a
022d
0000
e60a
0000
084d
0000
e00a
0010
e20a
0000
080d
0000
2c2a
0000
082d
0000
0a4d
0000
902a
0010
016d
0000
922a
340a
0000
060d
0000
2c2a
0000
092d
0000
300a
094d
0000
0010
026d
0000
0000
090d
0000
2c2a
360a
0000
0a2d
0000
0000
024d
0000
0a2a
902a
320a
017d
0000
e22a
340a
0000
0a0d
0000
0000
092d
0000
300a
902a
027d
0000
e22a
0000
080d
0000
360a
0000
0a2d
0000
0000
044d
0000
902a
320a
e23a
080d
0000
0000
082d
0000
0000
084d
0000
902a
0010
e22a
742a
0000
080d
0000
082d
0000
084d
0000
902a
0010
922a
742a
0000
080d
0000
0000
082d
0000
0000
084d
0000
902a
6a2a
743a
0000
080d
0000
0000
082d
0000
0000
0c4d
0000
282a
0010
0000
080d
0000
0000
084d
0000
0a2a
e02a
0010
7c2a
0000
080d
0000
0000
0000
e02a
0010
080d
0000
0000
e02a
0010
0000
080d
0000
0000
082d
0000
0000
e02a
0010
0000
080d
0000
082d
0000
0000
0a2a
0010
0000
080d
0000
0000
082d
0000
882a
0000
0a2a
282a
081d
0000
082d
0000
0a2a
282a
0010
0000
080d
0000
0000
082d
0000
0000
024d
0000
0a2a
282a
017d
0000
922a
340a
0000
0a0d
0000
0000
092d
0000
300a
0000
014d
0000
282a
027d
0000
922a
0000
010d
0000
360a
0000
0a2d
0000
0000
024d
0000
320a
0010
016d
0000
2a2a
340a
020d
0000
0000
092d
0000
300a
0000
014d
0000
0010
026d
0000
922a
090d
0000
360a
0000
0a2d
0000
702a
0000
024d
0000
320a
0010
016d
0000
922a
340a
080d
0000
0000
092d
0000
702a
0000
034d
0000
0010
026d
0000
922a
0000
080d
0000
360a
082d
0000
702a
0000
024d
0000
0010
036d
0000
0000
0e0d
0000
940a
0000
082d
0000
300a
034d
0000
0a2a
0010
026d
0000
2a2a
0000
0b0d
0000
0000
0a2d
0000
960a
782a
024d
0000
320a
0010
036d
0000
2a2a
0000
020d
0000
940a
0000
0b2d
0000
024d
0000
900a
027d
0000
2a2a
0000
030d
0000
940a
0000
062d
0000
960a
0000
0010
026d
0000
920a
020d
0000
0000
0b2d
0000
960a
0000
900a
0010
2a2a
0000
020d
0000
062d
0000
900a
0010
920a
0000
0000
022d
0000
0000
0010
920a
0000
0000
082d
0000
024d
0000
2a3a
0000
0000
082d
0000
0000
024d
0000
0010
026d
0000
0c0a
2a2a
0000
2c0a
082d
0000
0000
024d
0000
0010
026d
0000
2a2a
0000
020d
0000
0e0a
e40a
0000
082d
0000
2e0a
034d
0000
0010
2a2a
0000
020d
0000
0000
0a2d
0000
080a
0000
024d
0000
280a
2a3a
0000
940a
0000
062d
0000
0000
0a0a
0010
2a0a
0000
0000
082d
0000
034d
0000
2a3a
0000
0000
082d
0000
0000
024d
0000
0010
2a2a
0000
940a
0000
082d
0000
034d
0000
0010
2a2a
0000
0000
082d
0000
0000
024d
0000
0010
2a2a
7c0a
0000
082d
0000
0010
2a2a
0000
0000
082d
0000
0000
0010
2a2a
0000
0000
082d
0000
0000
2a3a
0000
082d
0000
0000
0010
2a2a
0000
0000
082d
0000
0000
0010
2a2a
0000
0000
082d
0000
0010
2a2a
0000
0000
082d
0000
0000
0010
2a2a
0000
0000
082d
0000
0000
2a3a
0000
0000
0010
0000
0000
0000
0010
0000
0000
0000
0010
0000
0000
0000
0010
082d
0000
0010
0000
082d
0000
0000
0a2a
0010
2a2a
0000
0000
082d
0000
0000
0010
2a2a
0000
082d
0000
0000
0010
2a2a
0000
0000
082d
0000
0000
0010
0000
0000
082d
0000
8a2a
0010
922a
0000
0000
082d
0000
0000
0010
922a
0000
0000
0000
0010
0000
0020
026d
0000
020d
0000
0000
0a2d
0000
e60a
0000
e00a
0010
036d
0000
e20a
0000
030d
0000
0b2d
0000
0000
0a2a
0010
026d
0000
0000
020d
0000
0000
062d
0000
960a
0a2a
900a
037d
0000
920a
0000
030d
0000
0000
0b2d
0000
0000
0010
026d
0000
922a
020d
0000
062d
0000
960a
0000
900a
0010
036d
0000
920a
0000
030d
0000
0000
0b2d
0000
0010
026d
0000
922a
0000
020d
0000
7e0a
0000
0a2d
0000
780a
0000
034d
0000
7a0a
037d
0000
922a
0000
030d
0000
0000
0b2d
0000
0000
0010
036d
0000
922a
0000
030d
0000
0b2d
0000
0000
0010
026d
0000
922a
0000
020d
0000
0000
092d
0000
0000
923a
0000
082d
0000
0000
0010
922a
0000
360a
0000
300a
0000
0010
036d
0000
0000
030d
0000
0a2d
0000
0000
0010
026d
0000
922a
0000
010d
0000
0000
082d
0000
0000
923a
0000
082d
0000
0000
320a
0010
922a
0000
020d
0000
0000
082d
0000
0000
0010
922a
0000
0000
0010
0000
360a
0000
082d
0000
0000
0010
036d
0000
922a
0000
0000
082d
0000
0010
026d
0000
922a
0000
0000
082d
0000
0000
0010
922a
0000
0000
082d
0000
300a
0010
922a
0000
030d
0000
0000
0000
0010
0000
020d
0000
0000
082d
0000
923a
360a
082d
0000
0000
0010
026d
0000
922a
0000
0000
082d
0000
e60a
0000
0010
026d
0000
922a
6e0a
0000
082d
0000
0000
0010
922a
0000
0000
082d
0000
300a
0000
2a3a
020d
0000
0000
082d
0000
0000
e00a
0010
e22a
0000
020d
0000
0000
082d
0000
680a
0010
e22a
0000
0000
082d
0000
0000
0010
e22a
0000
0000
082d
0000
0000
0010
e22a
0000
082d
0000
0000
0010
0000
0000
082d
0000
0000
8a2a
0010
2a2a
0000
0000
082d
0000
0010
2a2a
0000
0000
082d
0000
0000
0010
2a2a
0000
0000
082d
0000
0000
037d
0000
2a2a
0000
0000
0010
026d
0000
0000
7e0a
0000
0000
0010
0000
0000
082d
0000
722a
0010
0000
0000
082d
0000
0000
722a
0010
0000
030d
0000
0000
082d
0000
722a
0010
020d
0000
0000
0c2d
0000
780a
0000
0010
0000
0000
082d
0000
0000
0c4d
0000
7a2a
0c7d
0000
0000
0c0d
0000
0000
0c2d
0000
0000
0c4d
0000
0010
0c6d
0000
0c0d
0000
0c2d
0000
0000
084d
0000
0010
046d
0000
342a
0000
080d
0000
0000
042d
0000
302a
044d
0000
0010
086d
0000
0000
040d
0000
362a
0000
082d
0000
0000
084d
0000
322a
047d
0000
342a
0000
080d
0000
0000
042d
0000
302a
0000
044d
0000
0010
086d
0000
040d
0000
362a
0000
082d
0000
0000
084d
0000
322a
0010
046d
0000
342a
080d
0000
042d
0000
302a
0000
044d
0000
0010
086d
0000
0000
040d
0000
362a
0000
082d
0000
084d
0000
322a
0010
046d
0000
342a
0000
080d
0000
0000
042d
0000
302a
044d
0000
087d
0000
0000
040d
0000
362a
0000
082d
0000
0000
084d
0000
322a
0010
046d
0000
342a
080d
0000
0000
042d
0000
302a
0000
044d
0000
0010
086d
0000
0000
040d
0000
362a
082d
0000
0000
322a
0010
046d
0000
0000
0000
042d
0000
0000
084d
0000
343a
0000
080d
0000
0000
302a
0000
044d
0000
0010
086d
0000
0000
040d
0000
362a
082d
0000
0000
322a
0010
046d
0000
0000
0000
042d
0000
0000
0010
0000
0000
084d
0000
343a
0000
0000
0000
044d
0000
0010
0000
080d
0000
0000
302a
0000
0010
086d
0000
040d
0000
362a
0000
082d
0000
0000
322a
0010
046d
0000
0000
0000
042d
0000
084d
0000
0010
342a
0000
0000
0000
044d
0000
0010
0000
080d
0000
0000
302a
087d
0000
040d
0000
362a
082d
0000
0000
322a
0010
046d
0000
0000
0000
042d
0000
084d
0000
343a
0000
080d
0000
0000
302a
0000
044d
0000
0010
086d
0000
0000
040d
0000
362a
082d
0000
322a
047d
0000
042d
0000
0000
084d
0000
0010
342a
0000
080d
0000
302a
0000
044d
0000
0010
0000
040d
0000
0000
0000
0010
086d
0000
0000
362a
082d
0000
322a
0010
046d
0000
0000
0000
042d
0000
0000
084d
0000
0010
342a
0000
080d
0000
302a
0000
044d
0000
0010
0000
040d
0000
0000
0000
0010
086d
0000
0000
362a
082d
0000
0000
322a
0010
046d
0000
0000
0000
042d
0000
0000
084d
0000
0010
342a
080d
0000
0000
302a
0000
044d
0000
0010
0000
040d
0000
0000
0000
0010
086d
0000
362a
0000
082d
0000
0000
322a
0010
046d
0000
0000
0000
042d
0000
0000
084d
0000
343a
0000
080d
0000
0000
302a
0000
044d
0000
0010
0000
040d
0000
0000
0000
087d
0000
362a
0000
082d
0000
0000
322a
0010
046d
0000
0000
0000
042d
0000
0000
084d
0000
343a
0000
080d
0000
0000
302a
0000
0c4d
0000
0010
0000
0c0d
0000
0000
032d
0000
084d
0000
0010
086d
0000
0000
080d
0000
942a
362a
0000
022d
0000
0000
0c4d
0000
902a
0c7d
0000
0000
0c0d
0000
0000
0000
084d
0000
0010
086d
0000
0000
080d
0000
942a
962a
0000
902a
0010
0c6d
0000
0000
0000
0000
0010
086d
0000
0000
962a
084d
0000
320a
0010
342a
0000
040d
0000
0000
032d
0000
0000
084d
0000
0010
080d
0000
012d
0000
302a
0000
084d
0000
0010
086d
0000
0c2a
0000
080d
0000
e42a
362a
0000
0f4d
0000
0010
086d
0000
0000
080d
0000
0000
022d
0000
082a
0000
064d
0000
e02a
087d
0000
0000
0c0d
0000
0e2a
0000
e62a
0000
084d
0000
0010
0c6d
0000
080d
0000
942a
0000
0c4d
0000
902a
0010
086d
0000
340a
0000
0c0d
0000
0000
962a
084d
0000
0c7d
0000
0000
080d
0000
942a
0000
0000
084d
0000
902a
0010
086d
0000
080d
0000
2c2a
962a
0000
084d
0000
282a
0010
086d
0000
0000
080d
0000
942a
0000
2e2a
084d
0000
902a
0010
086d
0000
0000
080d
0000
942a
0000
962a
0000
084d
0000
902a
087d
0000
0000
080d
0000
e42a
0000
962a
0000
e02a
0010
086d
0000
0000
0000
e62a
084d
0000
0010
342a
0000
040d
0000
0000
0000
084d
0000
0010
046d
0000
342a
044d
0000
320a
087d
0000
0000
080d
0000
362a
0000
022d
0000
302a
0000
084d
0000
047d
0000
e20a
342a
040d
0000
0000
0a2d
0000
0000
044d
0000
6a0a
322a
0010
086d
0000
080d
0000
362a
0000
0c2d
0000
302a
0000
084d
0000
0010
046d
0000
342a
0000
080d
0000
082d
0000
302a
0000
044d
0000
0010
086d
0000
922a
0000
080d
0000
362a
0c2d
0000
302a
084d
0000
0010
046d
0000
342a
0000
040d
0000
0000
082d
0000
0000
0c4d
0000
087d
0000
922a
0000
362a
0000
0000
084d
0000
0010
086d
0000
0000
942a
362a
0000
0010
0c6d
0000
0000
080d
0000
0000
042d
0000
302a
0000
0010
086d
0000
0c0d
0000
082d
0000
962a
0000
322a
0010
0000
080d
0000
0000
082d
0000
0000
0c4d
0000
902a
0010
0000
082d
0000
0000
084d
0000
0a2a
0010
e22a
0000
942a
0000
0f2d
0000
084d
0000
0010
0000
942a
0000
0a2d
0000
0000
7a0a
0010
922a
0000
0000
0c2d
0000
0010
0000
0000
082d
0000
0000
0010
922a
0000
0000
082d
0000
0000
0010
2a2a
082d
0000
084d
0000
0c7d
0000
922a
0000
0000
082d
0000
0000
084d
0000
0010
086d
0000
0c2a
922a
0c0d
0000
2c2a
0000
082d
0000
962a
0000
084d
0000
0010
086d
0000
e22a
080d
0000
e42a
0000
962a
0000
0c4d
0000
902a
0010
0000
080d
0000
0000
082d
0000
084d
0000
902a
322a
0010
0000
942a
0000
082d
0000
0000
322a
0010
0000
0000
082d
0000
0c4d
0000
322a
0010
0000
0000
082d
0000
0000
084d
0000
322a
0010
086d
0000
942a
0000
082d
0000
0000
0c4d
0000
322a
0010
086d
0000
0000
080d
0000
0e2a
0c2d
0000
2e2a
084d
0000
0010
086d
0000
7c2a
0000
080d
0000
0000
082d
0000
082a
e62a
282a
0010
0c6d
0000
922a
0000
080d
0000
0000
0000
e02a
0010
086d
0000
0000
0c0d
0000
962a
0000
0010
0c6d
0000
0000
080d
0000
0000
0000
902a
0010
086d
0000
0c0d
0000
962a
0000
0010
0c6d
0000
0000
080d
0000
0000
0000
902a
0010
086d
0000
0c0d
0000
7e2a
0000
0010
0000
080d
0000
0000
0c2d
0000
782a
0000
0010
0000
0000
082d
0000
0010
922a
0000
0000
082d
0000
0000
0010
922a
0000
0000
0000
0010
0000
0030
082d
0000
0010
0000
0000
082d
0000
0000
0a2a
0010
2a2a
0000
0000
082d
0000
e23a
0c2d
0000
0000
0010
0000
0000
082d
0000
0000
0010
922a
0000
0000
0c2d
0000
083d
0000
0010
922a
0000
0000
0c2d
0000
0000
0010
0000
0000
082d
0000
0000
0c4d
0000
7a2a
0c7d
0000
0000
0c0d
0000
0000
0c2d
0000
0000
0010
0000
0000
0000
0010
00d0
034d
0000
0010
0000
0000
024d
0000
0010
0000
0000
0000
0010
0000
0000
0000
0030
340a
0000
0000
0010
0000
0000
0000
0010
0000
0000
0000
0010
0000
0000
0000
0130
034d
0000
0010
0000
0000
024d
0000
0010
0000
0000
0000
0010
0000
0000
0000
0030
0c6d
0000
340a
0000
0000
024d
0000
0010
086d
0000
0000
e40a
0000
0000
024d
0000
6c1a
0000
0000
0000
0010
0000
362a
0000
0000
0010
0c6d
0000
0000
0000
0000
087d
0000
0000
0000
0010
0000
0000
0000
0010
0000
0000
0000
0010
0000
0000
0000
0020
362a
0000
0010
0c6d
0000
0000
0000
0000
0010
086d
0000
0000
0000
0000
0f4d
0000
0010
0000
0000
064d
0000
0010
036d
0000
7c0a
0000
030d
0000
0000
032d
0000
034d
0000
037d
0000
0000
030d
0000
0000
032d
0000
0000
034d
0000
0010
016d
0000
020d
0000
362a
012d
0000
300a
0000
014d
0000
0010
086d
0000
0000
020d
0000
0000
022d
0000
e62a
900a
320a
0010
086d
0000
0000
020d
0000
6e2a
0000
022d
0000
0000
024d
0000
900a
921a
340a
0000
020d
0000
0000
022d
0000
0000
024d
0000
0010
026d
0000
920a
020d
0000
940a
360a
0000
022d
0000
880a
0000
0a4d
0000
900a
0010
026d
0000
020d
0000
940a
0000
022d
0000
960a
0000
024d
0000
8a0a
900a
0010
026d
0000
920a
0000
022d
0000
960a
0000
024d
0000
0010
026d
0000
8c0a
920a
342a
0000
940a
0e4d
0000
027d
0000
020d
0000
8e0a
940a
0000
960a
300a
0000
084d
0000
0010
026d
0000
020d
0000
0000
012d
0000
960a
300a
0000
0010
0000
0d0d
0000
0000
022d
0000
014d
0000
320a
0010
060d
0000
0000
012d
0000
300a
0000
0010
016d
0000
0000
010d
0000
022d
0000
0000
320a
0010
0c6d
0000
342a
0000
020d
0000
0000
012d
0000
300a
0c4d
0000
0a7d
0000
0000
020d
0000
7e2a
360a
0000
022d
0000
0000
064d
0000
900a
320a
017d
0000
340a
0000
0a0d
0000
0000
012d
0000
0000
014d
0000
900a
0010
026d
0000
360a
0000
0000
024d
0000
0010
016d
0000
340a
0000
0000
302a
0000
014d
0000
027d
0000
360a
0000
022d
0000
0000
320a
0010
016d
0000
0000
0000
022d
0000
0000
921a
0000
022d
0000
0000
0010
920a
0000
0000
0000
0010
0000
0000
0000
0010
0000
025d
0000
341a
0000
0000
0000
014d
0000
0010
026d
0000
0000
360a
0000
0000
024d
0000
027d
0000
340a
0000
0000
960a
0000
0a4d
0000
0010
026d
0000
0000
940a
0000
960a
024d
0000
0010
0000
940a
0000
0000
0010
0000
0000
0000
0010
0000
0000
0000
343a
0000
0000
084d
0000
0010
0000
e42a
0000
0000
084d
0000
0010
6c2a
0000
0000
0040
020d
0000
022d
0000
0000
024d
0000
0010
026d
0000
0000
020d
0000
0000
022d
0000
880a
024d
0000
8a0a
900a
0010
026d
0000
8c0a
920a
0000
020d
0000
8e0a
940a
022d
0000
960a
024d
0000
900a
0010
026d
0000
920a
0000
020d
0000
940a
0000
022d
0000
960a
024d
0000
900a
0010
026d
0000
920a
0000
020d
0000
940a
0000
022d
0000
960a
024d
0000
900a
0010
026d
0000
920a
0000
020d
0000
940a
0000
022d
0000
960a
024d
0000
900a
027d
0000
920a
0000
020d
0000
940a
0000
022d
0000
960a
0000
024d
0000
900a
027d
0000
920a
0000
940a
0000
960a
0000
0c4d
0000
0010
0000
0000
0000
084d
0000
7c3a
0000
020d
0000
0000
012d
0000
300a
0000
024d
0000
0010
016d
0000
340a
0c0d
0000
0000
022d
0000
0000
320a
0010
026d
0000
0000
080d
0000
360a
0000
0040
302a
0010
0000
0000
0000
0010
0000
0000
0000
0010
0000
0000
0000
0010
0000
00a0
020d
0000
012d
0000
300a
0000
024d
0000
0010
016d
0000
340a
0000
010d
0000
022d
0000
014d
0000
320a
0010
026d
0000
0000
020d
0000
360a
0000
012d
0000
300a
024d
0000
017d
0000
340a
0000
010d
0000
0000
022d
0000
0000
014d
0000
320a
0010
026d
0000
020d
0000
360a
0000
012d
0000
300a
0000
024d
0000
0010
016d
0000
340a
010d
0000
022d
0000
0000
014d
0000
320a
0010
026d
0000
0000
020d
0000
360a
0000
012d
0000
300a
024d
0000
0010
016d
0000
340a
0000
010d
0000
0000
022d
0000
0000
014d
0000
320a
027d
0000
0000
020d
0000
360a
0000
012d
0000
300a
0000
024d
0000
017d
0000
340a
010d
0000
0000
022d
0000
0000
014d
0000
320a
0010
026d
0000
0000
020d
0000
360a
012d
0000
300a
0000
0010
016d
0000
0000
010d
0000
0000
0000
024d
0000
341a
0000
0000
022d
0000
0000
014d
0000
320a
0010
026d
0000
0000
360a
0000
012d
0000
0010
016d
0000
0000
020d
0000
0000
300a
0000
0010
0000
030d
0000
0000
024d
0000
341a
0000
020d
0000
0000
022d
0000
0000
034d
0000
900a
320a
0010
026d
0000
030d
0000
360a
0000
032d
0000
0000
024d
0000
0010
036d
0000
0000
020d
0000
940a
022d
0000
0000
034d
0000
900a
0010
026d
0000
920a
0000
0000
032d
0000
960a
024d
0000
037d
0000
0000
940a
0000
022d
0000
0000
0010
026d
0000
920a
0000
0000
960a
0010
0000
0000
0000
0010
0000
0000
0000
0010
0000
030d
0000
0000
0000
0010
020d
0000
0000
034d
0000
900a
0010
0000
0000
032d
0000
0000
024d
0000
0010
036d
0000
940a
0000
022d
0000
0000
0010
026d
0000
920a
0000
0000
960a
0000
0010
0000
0030
030d
0000
0000
0010
0000
020d
0000
0000
0000
034d
0000
900a
0010
0000
020d
0000
032d
0000
0000
024d
0000
e00a
0010
036d
0000
0000
020d
0000
940a
0000
022d
0000
024d
0000
900a
0010
026d
0000
920a
0000
020d
0000
e40a
0000
022d
0000
960a
024d
0000
900a
027d
0000
e20a
0000
940a
0000
022d
0000
e60a
0000
024d
0000
0010
026d
0000
920a
940a
0000
022d
0000
960a
0000
0010
026d
0000
920a
0000
0000
960a
02c0
0c0d
0000
0000
0010
0000
080d
0000
0000
0000
0010
0000
0000
0000
0010
0000
0020
0c2d
0000
302a
0010
0000
080d
0000
0000
082d
0000
0000
e02a
0010
0000
080d
0000
682a
0000
0010
0000
0000
0000
322a
0010
0000
0000
0c2d
0000
0000
0010
0000
082d
0000
0010
0000
0000
0000
0010
0000
0000
0000
0010
0000
0000
0000
0010
0000
0020
322a
0010
0000
0c2d
0000
0000
0010
0000
0000
082d
0000
0000
0010
0000
0c0d
0000
0000
0010
0000
080d
0000
0000
782a
0000
0010
0000
0000
0000
0010
0000
0000
322a
0010
0000
082d
0000
0000
0010
e22a
0000
020d
0000
0000
0a2d
0000
0000
024d
0000
900a
6a2a
027d
0000
920a
0000
020d
0000
940a
0000
022d
0000
960a
0000
024d
0000
900a
027d
0000
920a
0000
020d
0000
940a
0000
022d
0000
960a
0000
024d
0000
900a
027d
0000
920a
0000
940a
0000
960a
0000
0010
0000
0000
0000
0010
0000
020d
0000
012d
0000
300a
0000
024d
0000
0010
016d
0000
340a
0000
020d
0000
0000
022d
0000
024d
0000
900a
320a
0010
026d
0000
0000
020d
0000
940a
360a
0000
022d
0000
024d
0000
e00a
027d
0000
920a
0000
020d
0000
e40a
0000
022d
0000
960a
0000
024d
0000
900a
027d
0000
e20a
0000
940a
0000
022d
0000
e60a
0000
0010
026d
0000
920a
960a
0010
020d
0000
0000
0c2d
0000
300a
0000
024d
0000
0010
340a
0000
020d
0000
092d
0000
300a
0e4d
0000
7a2a
0010
0d6d
0000
340a
0000
0d0d
0000
0000
0e2d
0000
0d4d
0000
320a
0e7d
0000
0000
0e0d
0000
360a
0000
0d2d
0000
300a
0000
064d
0000
057d
0000
340a
050d
0000
062d
0000
014d
0000
320a
027d
0000
020d
0000
360a
012d
0000
300a
024d
0000
0010
016d
0000
340a
0000
010d
0000
0000
022d
0000
0000
014d
0000
320a
027d
0000
0000
020d
0000
360a
0000
012d
0000
300a
0000
024d
0000
0010
016d
0000
340a
010d
0000
0000
022d
0000
0000
014d
0000
320a
0010
026d
0000
0000
020d
0000
360a
012d
0000
300a
0000
024d
0000
0010
016d
0000
340a
0000
0000
022d
0000
320a
0010
026d
0000
0000
360a
0000
012d
0000
0000
0010
016d
0000
0000
0b0d
0000
302a
0000
0010
0000
060d
0000
0000
0000
0b4d
0000
900a
0010
342a
0000
080d
0000
022d
0000
0000
064d
0000
902a
320a
0010
026d
0000
0000
080d
0000
940a
360a
084d
0000
902a
081d
0000
942a
0000
0b2d
0000
0000
084d
0000
322a
0010
0b6d
0000
080d
0000
942a
362a
062d
0000
882a
0000
084d
0000
902a
0010
066d
0000
920a
0000
0b0d
0000
082d
0000
960a
0000
084d
0000
902a
0010
086d
0000
8c2a
922a
0000
020d
0000
942a
082d
0000
962a
0000
0b4d
0000
900a
0010
086d
0000
922a
0000
942a
0000
082d
0000
962a
024d
0000
0010
086d
0000
0000
080d
0000
940a
0000
082d
0000
302a
8a2a
087d
0000
922a
0000
080d
0000
8e2a
0000
082d
0000
962a
302a
0000
084d
0000
087d
0000
922a
342a
080d
0000
0000
962a
302a
0000
084d
0000
0010
342a
0000
080d
0000
032d
0000
302a
0000
084d
0000
0010
036d
0000
342a
0000
080d
0000
0000
062d
0000
084d
0000
902a
0010
066d
0000
920a
342a
0000
080d
0000
0000
082d
0000
960a
084d
0000
902a
322a
087d
0000
0000
080d
0000
942a
362a
0000
042d
0000
0000
084d
0000
047d
0000
0000
080d
0000
942a
0000
882a
0000
084d
0000
902a
0010
0000
080d
0000
082d
0000
0000
084d
0000
902a
322a
0010
8c2a
0000
080d
0000
942a
0000
042d
0000
084d
0000
902a
0010
086d
0000
0000
080d
0000
942a
362a
0000
082d
0000
0000
084d
0000
902a
322a
087d
0000
0000
080d
0000
942a
362a
0000
042d
0000
0000
084d
0000
902a
047d
0000
0000
080d
0000
942a
0000
082d
0000
0000
084d
0000
902a
322a
943a
082d
0000
084d
0000
0010
086d
0000
922a
0000
942a
362a
0000
082d
0000
0000
087d
0000
922a
080d
0000
0000
082d
0000
962a
302a
0000
0010
086d
0000
0000
080d
0000
082d
0000
962a
302a
0000
084d
0000
8a2a
0010
086d
0000
922a
342a
0000
040d
0000
082d
0000
0000
084d
0000
0010
086d
0000
922a
342a
0000
080d
0000
8e2a
0000
082d
0000
962a
302a
044d
0000
0010
086d
0000
922a
0000
040d
0000
0000
082d
0000
962a
084d
0000
0010
086d
0000
922a
342a
0000
080d
0000
0000
082d
0000
962a
302a
084d
0000
087d
0000
922a
342a
0000
040d
0000
0000
082d
0000
962a
0000
044d
0000
087d
0000
922a
080d
0000
0000
962a
302a
0000
0010
086d
0000
0000
040d
0000
0000
962a
084d
0000
0010
342a
0000
080d
0000
0000
042d
0000
302a
0000
044d
0000
0010
040d
0000
0000
084d
0000
0010
046d
0000
342a
0000
0000
082d
0000
0000
044d
0000
322a
0010
0000
042d
0000
0000
0010
086d
0000
0000
080d
0000
362a
0000
302a
0000
084d
0000
047d
0000
342a
0000
040d
0000
0000
082d
0000
0000
044d
0000
322a
0010
086d
0000
362a
0000
042d
0000
0000
0010
046d
0000
0000
080d
0000
0000
302a
0000
085d
0000
343a
0000
0000
082d
0000
0000
322a
0010
086d
0000
0000
362a
0000
042d
0000
0010
046d
0000
0000
0c0d
0000
0000
082d
0000
0000
322a
0010
086d
0000
0000
080d
0000
362a
042d
0000
0000
0c4d
0000
902a
0010
046d
0000
0000
0000
082d
0000
084d
0000
322a
087d
0000
0000
942a
362a
0000
042d
0000
0000
0010
046d
0000
0000
0c0d
0000
082d
0000
0000
322a
0010
086d
0000
0000
080d
0000
362a
0000
042d
0000
0c4d
0000
902a
047d
0000
0000
0000
082d
0000
0000
084d
0000
322a
0010
086d
0000
942a
362a
042d
0000
0000
0010
046d
0000
0000
0c0d
0000
0000
082d
0000
0000
322a
087d
0000
080d
0000
362a
0000
0000
0c4d
0000
902a
0010
0000
0000
0000
084d
0000
943a
0010
0000
0000
0c2d
0000
0000
0010
0c6d
0000
0000
0000
082d
0000
0000
0010
086d
0000
922a
0c0d
0000
0000
962a
0000
0010
0000
080d
0000
0000
0000
0c4d
0000
902a
0010
080d
0000
0000
0000
084d
0000
e02a
0010
0000
080d
0000
942a
0000
0000
084d
0000
902a
0010
080d
0000
e42a
0000
0000
084d
0000
902a
0010
0000
080d
0000
942a
0000
084d
0000
902a
0010
0000
080d
0000
942a
0000
0c2d
0000
0000
084d
0000
902a
0c7d
0000
0000
080d
0000
942a
0000
082d
0000
0000
084d
0000
902a
0010
086d
0000
922a
942a
0000
962a
0000
084d
0000
0010
0000
942a
0000
0000
0010
0000
080d
0000
0c2d
0000
302a
0000
0010
0c6d
0000
0000
080d
0000
0000
082d
0000
0000
084d
0000
902a
087d
0000
922a
342a
0000
080d
0000
0000
962a
0000
084d
0000
e02a
0010
080d
0000
942a
0000
084d
0000
902a
0010
0000
e42a
0000
0c2d
0000
0000
084d
0000
0c7d
0000
942a
0000
082d
0000
0000
0010
086d
0000
922a
0000
080d
0000
0000
082d
0000
962a
302a
0010
086d
0000
e22a
0000
080d
0000
0000
082d
0000
e62a
302a
0000
084d
0000
087d
0000
922a
342a
0000
080d
0000
0000
082d
0000
962a
302a
0000
084d
0000
087d
0000
922a
342a
0000
080d
0000
0000
082d
0000
962a
302a
0000
084d
0000
087d
0000
922a
342a
080d
0000
0000
082d
0000
962a
302a
0000
084d
0000
0010
086d
0000
922a
342a
080d
0000
0000
082d
0000
962a
302a
0000
084d
0000
0010
086d
0000
922a
342a
0000
962a
0000
084d
0000
0010
342a
0000
0000
0000
0010
0000
0000
082d
0000
322a
0010
086d
0000
0000
362a
0000
082d
0000
0000
0010
086d
0000
922a
0000
082d
0000
962a
0010
086d
0000
e22a
0000
0000
082d
0000
e62a
0000
0010
086d
0000
922a
0c0d
0000
0000
962a
0000
0010
0000
080d
0000
0000
0000
902a
0010
0000
0000
082d
0000
0c4d
0000
322a
0010
086d
0000
0000
0c0d
0000
362a
0000
082d
0000
0000
084d
0000
322a
087d
0000
0000
080d
0000
942a
362a
0000
082d
0000
0000
902a
322a
087d
0000
362a
0000
082d
0000
0000
322a
0010
086d
0000
0000
362a
0000
082d
0000
0c4d
0000
322a
087d
0000
0000
362a
0000
082d
0000
0000
084d
0000
322a
0010
086d
0000
942a
362a
0000
0000
0010
0000
0000
0000
0010
0000
0000
0000
0010
0000
0000
0030
0c2d
0000
0010
0c6d
0000
0000
0000
082d
0000
0000
0010
086d
0000
922a
0000
962a
0010
0000
0000
0000
0010
0000
0000
0c2d
0000
0000
0010
0c6d
0000
0000
0000
082d
0000
0010
086d
0000
922a
0000
0000
962a
0000
0010
0000
0000
0000
0010
0000
0390
020d
0000
0000
024d
0000
0010
026d
0000
0000
0b0d
0000
0000
022d
0000
080a
0b4d
0000
037d
0000
0c0a
0000
0e0d
0000
0e0a
0000
0b2d
0000
082a
0000
0e4d
0000
0a0a
900a
0a7d
0000
0c2a
0000
060d
0000
940a
0000
0e2d
0000
960a
0000
064d
0000
0a2a
280a
0e7d
0000
920a
0000
020d
0000
0e2a
2c0a
0000
062d
0000
2e0a
0000
024d
0000
e00a
067d
0000
2a0a
0000
020d
0000
e40a
0000
022d
0000
e60a
0000
024d
0000
280a
027d
0000
e20a
0000
0b0d
0000
2c0a
0000
022d
0000
2e0a
0000
0b4d
0000
902a
0b7d
0000
2a0a
060d
0000
942a
0000
0b2d
0000
962a
0000
064d
0000
900a
0010
066d
0000
922a
020d
0000
940a
0000
062d
0000
960a
0000
024d
0000
280a
0010
026d
0000
920a
020d
0000
2c0a
0000
022d
0000
2e0a
0000
024d
0000
900a
0010
026d
0000
2a0a
020d
0000
940a
022d
0000
960a
0000
024d
0000
900a
0010
026d
0000
920a
0000
080d
0000
940a
022d
0000
960a
0000
084d
0000
282a
0010
086d
0000
920a
0000
080d
0000
2c2a
082d
0000
2e2a
0000
084d
0000
e02a
0010
086d
0000
2a2a
0000
080d
0000
e42a
082d
0000
e62a
084d
0000
282a
0010
086d
0000
e22a
0000
0e0d
0000
2c2a
0000
082d
0000
2e2a
0e4d
0000
0010
0e6d
0000
2a2a
0000
060d
0000
0000
0e2d
0000
080a
0000
064d
0000
900a
067d
0000
0c0a
0000
090d
0000
0e0a
940a
0000
062d
0000
960a
0000
094d
0000
0a0a
902a
097d
0000
920a
0000
080d
0000
942a
0000
092d
0000
962a
0000
084d
0000
282a
087d
0000
922a
0000
080d
0000
2c2a
0000
082d
0000
2e2a
0000
084d
0000
902a
087d
0000
2a2a
0000
080d
0000
942a
0000
082d
0000
962a
0000
084d
0000
902a
087d
0000
922a
0000
020d
0000
942a
0000
082d
0000
962a
0000
024d
0000
e00a
027d
0000
922a
030d
0000
e40a
0000
022d
0000
e60a
0000
034d
0000
0010
036d
0000
e20a
020d
0000
0000
032d
0000
780a
0000
024d
0000
0010
026d
0000
7c0a
0000
080d
0000
7e0a
022d
0000
0000
0b4d
0000
7a0a
0010
0b6d
0000
0000
0b0d
0000
0000
0b2d
0000
082a
0b4d
0000
902a
0010
0b6d
0000
0c2a
0000
070d
0000
0e2a
942a
0000
0b2d
0000
962a
044d
0000
0a2a
0010
046d
0000
922a
0000
0000
042d
0000
0000
0010
0000
081d
0000
0000
084d
0000
e02a
0010
086d
0000
0000
0c0d
0000
e42a
0000
082d
0000
e62a
0c4d
0000
0010
0c6d
0000
e22a
0000
080d
0000
0000
0c2d
0000
782a
0000
084d
0000
087d
0000
7c2a
0000
7e2a
0000
082d
0000
0000
0c4d
0000
7a2a
0010
0c6d
0000
0c0d
0000
0c2d
0000
0000
0f4d
0000
0010
0f6d
0000
0000
0f0d
0000
0000
0f2d
0000
024d
0000
017d
0000
0000
020d
0000
0000
012d
0000
0000
0010
340a
0000
0000
300a
014d
0000
027d
0000
0000
010d
0000
0000
022d
0000
0000
0010
0000
360a
0000
0000
024d
0000
320a
017d
0000
0000
020d
0000
0000
012d
0000
0000
0010
340a
0000
0000
300a
014d
0000
0010
026d
0000
0000
010d
0000
0000
022d
0000
0000
0c4d
0000
0010
0c6d
0000
0c0d
0000
360a
0000
0c2d
0000
0000
064d
0000
320a
0010
056d
0000
0000
060d
0000
052d
0000
0000
0010
340a
0000
0000
300a
0000
0010
026d
0000
0000
0000
022d
0000
0010
0000
360a
0000
0000
084d
0000
320a
0010
0000
080d
0000
0000
0000
343a
0000
302a
0000
044d
0000
0010
086d
0000
0000
040d
0000
0000
082d
0000
0000
363a
084d
0000
322a
0010
046d
0000
0000
080d
0000
0000
042d
0000
0000
0010
342a
302a
044d
0000
087d
0000
0000
040d
0000
0000
082d
0000
0000
0010
0000
362a
0000
084d
0000
322a
047d
0000
0000
080d
0000
0000
042d
0000
0000
0010
342a
0000
0000
302a
0010
086d
0000
0000
0000
082d
0000
0000
0010
0000
362a
0000
0000
322a
0010
0420
024d
0000
017d
0000
0000
020d
0000
0000
012d
0000
0000
0010
340a
0000
0000
300a
044d
0000
0010
066d
0000
0000
040d
0000
0000
062d
0000
0000
0010
0000
360a
084d
0000
320a
081d
0000
0000
0000
0010
342a
0000
0000
302a
0000
0010
086d
0000
082d
0000
0010
362a
0000
0000
322a
0010
0000
0000
0000
0010
0000
0000
0000
0010
0020
034d
0000
0010
030d
0000
0000
0000
024d
0000
0010
7c0a
0000
020d
0000
0000
780a
0010
036d
0000
0000
0000
032d
0000
0000
0010
026d
0000
0000
7e0a
0000
022d
0000
0f4d
0000
7a0a
0010
036d
0000
0000
0f0d
0000
0000
032d
0000
0000
0b4d
0000
037d
0000
7c2a
0b0d
0000
0000
032d
0000
782a
0000
024d
0000
0010
0e6d
0000
0000
020d
0000
0e2d
0000
0000
0010
086d
0000
0c0a
0000
0e0a
7e2a
0000
082d
0000
080a
0e4d
0000
0a0a
7a2a
0e7d
0000
6c0a
0000
0e0d
0000
6e0a
0000
0e2d
0000
680a
0000
0e4d
0000
6a0a
0e7d
0000
0000
0e0d
0000
0000
0e2d
0000
0000
084d
0000
0010
086d
0000
0c0a
080d
0000
0e0a
0000
082d
0000
080a
0000
0a0a
0010
0c2a
0000
0e2a
0000
082a
084d
0000
0a2a
0010
086d
0000
6c2a
0000
080d
0000
6e2a
0000
082d
0000
682a
0a4d
0000
6a2a
0a7d
0000
0000
0a0d
0000
940a
0000
0a2d
0000
960a
0000
024d
0000
900a
027d
0000
0c2a
920a
0000
020d
0000
0e2a
940a
0000
022d
0000
082a
960a
0000
024d
0000
0a2a
900a
027d
0000
920a
0000
020d
0000
2c0a
0000
022d
0000
2e0a
0000
024d
0000
280a
027d
0000
2a0a
020d
0000
940a
022d
0000
960a
064d
0000
900a
027d
0000
920a
020d
0000
940a
022d
0000
960a
084d
0000
900a
087d
0000
920a
0000
080d
0000
942a
082d
0000
962a
0000
084d
0000
902a
0010
086d
0000
922a
0000
080d
0000
942a
082d
0000
962a
0000
0a4d
0000
902a
0010
096d
0000
922a
340a
0000
0a0d
0000
2c2a
092d
0000
2e2a
300a
0000
064d
0000
282a
0010
0a6d
0000
2a2a
0000
060d
0000
2c0a
360a
0a2d
0000
962a
0000
024d
0000
280a
320a
0010
066d
0000
922a
0000
020d
0000
2c0a
062d
0000
2e0a
0000
024d
0000
280a
0010
026d
0000
2a0a
0000
020d
0000
2c0a
022d
0000
2e0a
0000
024d
0000
280a
0010
026d
0000
2a0a
0000
020d
0000
2c0a
022d
0000
2e0a
024d
0000
280a
0010
026d
0000
2a0a
0000
020d
0000
940a
0000
022d
0000
2e0a
024d
0000
900a
0010
026d
0000
2a0a
0000
020d
0000
2c0a
0000
022d
0000
960a
024d
0000
280a
0010
026d
0000
920a
0000
020d
0000
2c0a
0000
022d
0000
2e0a
084d
0000
280a
027d
0000
2a0a
0000
080d
0000
942a
0000
022d
0000
2e0a
0000
084d
0000
902a
087d
0000
2a0a
0000
080d
0000
942a
0000
082d
0000
962a
0000
902a
0010
922a
0000
0000
0010
0000
0000
0000
084d
0000
0010
046d
0000
342a
0000
080d
0000
042d
0000
302a
084d
0000
0010
086d
0000
0000
080d
0000
2c2a
362a
0000
082d
0000
084d
0000
282a
322a
087d
0000
0000
080d
0000
2c2a
0000
082d
0000
2e2a
0000
084d
0000
282a
087d
0000
2a2a
0000
080d
0000
2c2a
0000
082d
0000
2e2a
0000
084d
0000
282a
087d
0000
2a2a
0000
080d
0000
2c2a
0000
082d
0000
2e2a
0000
0b4d
0000
282a
087d
0000
2a2a
080d
0000
942a
0000
082d
0000
2e2a
0000
094d
0000
902a
0010
086d
0000
2a2a
0b0d
0000
2c2a
0000
082d
0000
962a
0000
084d
0000
282a
0010
086d
0000
922a
090d
0000
2c2a
0000
082d
0000
2e2a
0000
024d
0000
282a
0010
086d
0000
2a2a
240a
0000
082d
0000
2e2a
0000
0010
2a2a
0000
0000
0000
0010
0000
0000
0000
0010
020d
0000
200a
0000
0010
0000
0000
0000
0010
036d
0000
0000
0000
0000
0010
016d
0000
0000
032d
0000
0000
0010
0000
0000
012d
0000
0000
0010
026d
0000
0000
260a
0030
022d
0000
220a
0010
0000
0000
0000
0c4d
0000
0010
0000
0000
0000
044d
0000
0c1d
0000
0010
0000
040d
0000
0000
0000
084d
0000
0010
242a
0000
0000
0000
0010
0020
080d
0000
202a
0000
0010
0000
0000
0000
0010
0c6d
0000
0000
0000
0000
0010
046d
0000
0000
0c2d
0000
0000
0010
0000
0000
042d
0000
0000
0010
086d
0000
0000
262a
0000
0010
0000
0000
0000
0010
0000
0000
0000
0010
0000
0000
082d
0000
0000
222a
0010
0000
0000
0010
0000
0000
0000
0010
0000
0000
0000
0010
0000
0000
0000
0570
024d
0000
7c1a
8006
0000
0000
00c6
0000
0010
8086
0000
020d
0000
0000
780a
0006
0010
0000
0000
0000
0010
0086
0000
0000
0000
0010
0000
0000
0000
0010
0000
0040
0146
0000
0000
0010
0000
0000
0000
0010
80c6
0000
0000
0000
0010
0000
0000
8056
0000
0010
0000
0000
0000
0010
0000
0000
0000
0010
0000
0000
8146
0000
0010
40d6
0000
0000
0010
0000
0000
0246
0000
0010
0000
0000
0000
0010
026d
0000
0000
7e0a
c006
0000
0010
0000
0000
0000
0010
0000
0000
0000
0010
0000
0000
0000
0010
0116
0000
8106
0000
0010
0000
0000
0000
0010
0000
0000
4046
0000
0010
0000
0000
022d
0000
7a0a
0010
4006
0000
0000
0000
0010
4146
0000
0000
0000
0010
8246
0000
0020
4106
0010
0000
0000
0000
084d
0000
0010
7c2a
8406
0000
0000
0000
0010
0306
0020
0206
0010
8206
0000
0000
0186
0000
0010
c046
0000
0000
0000
0010
0000
0000
c146
0010
c086
0000
0000
0000
0010
4086
0000
0000
0000
0010
8186
0000
0000
0000
0060
0286
0000
8286
0000
0010
01c6
0000
0000
81c6
0000
0010
0000
0000
0000
0010
4206
0000
0000
0010
0000
0000
0000
0010
c106
0000
0000
02c6
0000
0010
4246
0000
0030
080d
0000
782a
0406
0000
0010
0000
0000
c0c6
0000
0010
0000
0000
4186
0000
c256
0000
c206
0000
0010
41c6
0000
0000
c186
0000
0010
4286
0000
0000
0046
0000
0030
82c6
0000
0000
0010
086d
0000
0000
7e2a
0000
c286
0000
0010
42c6
0000
0000
082d
0000
c406
7a2a
0010
c1c6
0000
0000
4406
0000
0010
0000
0000
c2c6
0000
0010
0070
0446
0010
0000
0000
0000
0010
0000
0000
0000
0010
0000
0000
0000
0010
0000
8306
0010
0000
0000
0000
0010
0000
0000
4306
0000
0010
c306
0000
0000
0000
0010
0706
0000
8706
0000
0010
0000
0000
0000
0010
0000
0000
0000
0010
0000
0000
0000
8456
0000
4706
0000
0010
0000
0000
4446
0000
0010
0000
0000
0000
0010
0000
0000
0020
c706
0000
0000
0010
0000
0000
0000
0010
0000
0000
0000
0010
c446
0000
0000
2ff0
fe85
0007
0000
0000
0001
1efa
d73e
7f75
0000
0010
0000
0000
0000
0010
0000
