2ff0
fe85
0007
0000
0000
0001
c9f9
d73d
7f75
0000
0010
0000
0000
0000
0010
0000
0b70
fe85
0007
0000
0000
0000
0010
0000
0000
0000
0010
0000
0000
0000
0010
0000
03a0
0e8f
0100
0000
108f
0001
0000
0000
0010
128f
0001
0000
0000
0000
0000
0010
0040
1c8f
0010
0000
0000
0000
0010
0000
0000
0000
0010
0000
0000
0000
0010
0000
2ff0
188f
8450
4a13
0000
1a8f
017f
0000
0000
0001
d241
d73d
7f75
0000
5a8f
0015
0000
249f
008b
00ac
0000
268f
00cc
000a
0000
808f
0000
1c40
0000
828f
7f49
8000
849f
0000
00d0
868f
4fac
00ea
0000
888f
0680
11e0
0000
8a8f
7f49
0000
0010
0000
0ab0
008f
0425
0000
0010
0000
0000
0000
0010
0000
0000
0000
0010
0000
0000
0000
0060
0183
1020
0010
0000
0000
0000
0010
8183
1020
0000
0000
0000
4183
1020
0010
c183
1020
0000
0010
0000
0000
01c3
1020
0000
0010
0000
0000
0000
0010
81c3
1020
41c3
1020
0010
c1c3
1020
0000
0000
0010
0000
0000
0203
1020
0000
0010
0000
0000
8213
1020
0000
4203
1020
0010
0000
c203
1020
0000
0000
0010
0000
0000
0243
1020
0020
8243
1020
0000
0000
4243
1020
0010
0000
c243
1020
0000
0000
0010
0000
0000
8293
1020
0000
4283
1020
0010
0000
c283
1020
0000
0000
0010
0000
0000
0283
1020
0020
82c3
1020
0000
0000
42c3
1020
0010
0000
c2c3
1020
0000
0000
0010
0000
0000
02c3
1020
0010
0000
0000
0000
0010
8303
1020
0000
0000
0000
4303
1020
0010
0000
c303
1020
0000
0010
0000
0000
0303
1020
0000
0010
0000
0000
0000
0010
8003
1020
4003
1020
0010
c003
1020
0000
0000
0010
0000
0000
0003
1020
0000
0010
0000
0000
8053
1020
0000
4043
1020
0010
0000
c043
1020
0000
0000
0010
0000
0000
0043
1020
0020
8083
1020
0000
0000
4083
1020
0010
0000
c083
1020
0000
0000
0010
0000
0000
0083
1020
0010
0000
0000
0000
0010
80c3
1020
0000
0000
0000
40c3
1020
0010
0000
c0c3
1020
0000
0010
0000
0000
00c3
1020
0000
0010
0000
0000
0000
0010
8103
1020
4103
1020
0010
c103
1020
0000
0000
0010
0000
0000
0103
1020
0000
0010
0000
0000
8153
1020
0000
4143
1020
0010
0000
c143
1020
0000
0000
0010
0000
0000
0143
1020
0020
8583
3020
0000
0000
4583
3020
0010
0000
c583
3020
0000
0000
0010
0000
0000
0583
3020
0010
0000
0000
0000
0010
85c3
3020
0000
0000
0000
45c3
3020
0010
0000
c5c3
3020
0000
0010
0000
0000
05c3
3020
0000
0010
0000
0000
0000
0010
8603
3020
4603
3020
0010
c603
3020
0000
0000
0010
0000
0000
0603
3020
0000
0010
0000
0000
0530
fe85
0007
0000
0000
0010
0000
0000
0000
0010
0000
0000
0000
0010
0000
0000
0540
022d
0000
024d
0000
0000
026d
0000
0000
020d
0000
0010
022d
0000
0000
024d
0000
020a
026d
0000
040a
0000
020d
0000
060a
0010
022d
0000
000a
0000
024d
0000
020a
026d
0000
040a
0000
020d
0000
060a
0010
022d
0000
000a
0000
024d
0000
020a
026d
0000
040a
020d
0000
060a
0010
022d
0000
000a
0000
024d
0000
020a
0000
026d
0000
040a
2a0a
020d
0000
060a
2c0a
0010
022d
0000
000a
2e0a
0000
024d
0000
280a
026d
0000
2a0a
020d
0000
2c0a
0010
022d
0000
2e0a
0000
024d
0000
280a
0000
026d
0000
2a0a
020d
0000
2c0a
0010
2e0a
0000
280a
0000
0000
0010
0000
0000
0000
0010
2ff0
032d
0000
0000
034d
0000
0000
036d
0000
0001
e3cd
d73d
7f75
0000
030d
0000
023d
0000
024d
0000
0000
026d
0000
0000
020d
0000
0010
022d
0000
0000
024d
0000
0a0a
026d
0000
0c0a
0000
020d
0000
0e0a
0010
022d
0000
080a
0000
024d
0000
0a0a
026d
0000
0c0a
020d
0000
0e0a
0010
022d
0000
080a
0000
024d
0000
0a0a
0000
026d
0000
0c0a
020d
0000
0e0a
0010
022d
0000
080a
0000
024d
0000
0a0a
0000
026d
0000
0c0a
020d
0000
0e0a
0010
022d
0000
080a
0000
024d
0000
0a0a
0000
026d
0000
0c0a
020d
0000
0e0a
023d
0000
080a
0000
024d
0000
0a0a
0000
026d
0000
0c0a
0000
020d
0000
0e0a
023d
0000
080a
0000
024d
0000
0a0a
0000
026d
0000
0c0a
0000
020d
0000
0e0a
023d
0000
080a
0000
024d
0000
0a0a
0000
026d
0000
0c0a
2a0a
0000
020d
0000
0e0a
2c0a
023d
0000
080a
2e0a
0000
024d
0000
280a
0000
026d
0000
2a0a
0000
020d
0000
2c0a
023d
0000
2e0a
0000
024d
0000
280a
0000
026d
0000
920a
0000
020d
0000
940a
023d
0000
960a
0000
024d
0000
900a
0000
026d
0000
920a
0000
020d
0000
940a
023d
0000
960a
024d
0000
900a
0000
026d
0000
0000
020d
0000
0010
0000
0000
0000
0020
2a0a
2c0a
0010
022d
0000
2e0a
0000
024d
0000
280a
0000
026d
0000
920a
0000
020d
0000
940a
023d
0000
960a
0000
024d
0000
900a
0000
026d
0000
0000
020d
0000
023d
0000
024d
0000
0a0a
0000
026d
0000
0c0a
0000
020d
0000
0e0a
0010
022d
0000
080a
024d
0000
0a0a
0000
026d
0000
0c0a
920a
0000
020d
0000
0e0a
940a
0010
022d
0000
080a
960a
024d
0000
900a
0000
026d
0000
2a0a
0000
020d
0000
2c0a
0010
022d
0000
2e0a
024d
0000
280a
0000
026d
0000
0000
020d
0000
0010
022d
0000
0000
024d
0000
0a0a
026d
0000
0c0a
0000
020d
0000
0e0a
0010
022d
0000
080a
0000
024d
0000
0a0a
026d
0000
0c0a
0000
020d
0000
0e0a
0010
022d
0000
080a
0000
024d
0000
0a0a
026d
0000
0c0a
2a0a
020d
0000
0e0a
2c0a
0010
080a
2e0a
0000
280a
0000
0000
0010
0030
022d
0000
024d
0000
0000
026d
0000
0000
020d
0000
0010
022d
0000
0000
024d
0000
0a0a
026d
0000
0c0a
0000
020d
0000
0e0a
0010
022d
0000
080a
0000
024d
0000
0a0a
026d
0000
0c0a
0000
020d
0000
0e0a
0010
022d
0000
080a
0000
024d
0000
0a0a
026d
0000
0c0a
020d
0000
0e0a
0010
022d
0000
080a
0000
024d
0000
0a0a
0000
026d
0000
0c0a
020d
0000
0e0a
0010
022d
0000
080a
0000
024d
0000
0a0a
0000
026d
0000
0c0a
020d
0000
0e0a
0010
022d
0000
080a
0000
024d
0000
0a0a
0000
026d
0000
0c0a
020d
0000
0e0a
023d
0000
080a
0000
024d
0000
0a0a
0000
026d
0000
0c0a
0000
020d
0000
0e0a
023d
0000
080a
0000
024d
0000
0a0a
0000
026d
0000
0c0a
0000
020d
0000
0e0a
023d
0000
080a
0000
024d
0000
0a0a
0000
026d
0000
0c0a
0000
020d
0000
0e0a
081a
0a0a
0000
0c0a
0000
0e0a
0010
080a
0000
0000
0000
0010
0000
0000
0000
0010
04a0
022d
0000
024d
0000
0000
026d
0000
0000
020d
0000
0010
022d
0000
0000
024d
0000
0a0a
026d
0000
0c0a
0000
020d
0000
0e0a
0010
022d
0000
080a
0000
024d
0000
0a0a
026d
0000
0c0a
0000
020d
0000
0e0a
0010
022d
0000
080a
0000
024d
0000
0a0a
026d
0000
0c0a
020d
0000
0e0a
0010
022d
0000
080a
0000
024d
0000
0a0a
0000
026d
0000
0c0a
020d
0000
0e0a
0010
022d
0000
080a
0000
024d
0000
0a0a
0000
026d
0000
0c0a
920a
020d
0000
0e0a
940a
0010
022d
0000
080a
960a
0000
024d
0000
900a
0000
026d
0000
020d
0000
0010
022d
0000
0000
024d
0000
0a0a
0000
026d
0000
0c0a
920a
020d
0000
0e0a
940a
023d
0000
080a
960a
0000
024d
0000
900a
0000
026d
0000
920a
020d
0000
940a
023d
0000
960a
0000
024d
0000
900a
0000
026d
0000
2a0a
0000
020d
0000
2c0a
023d
0000
2e0a
0000
024d
0000
280a
0000
026d
0000
920a
0000
020d
0000
940a
023d
0000
960a
0000
024d
0000
900a
0000
026d
0000
2a0a
0000
020d
0000
2c0a
2e1a
280a
0000
0000
0010
0000
0000
0000
0010
0000
0000
0000
0010
0000
0000
0000
04e0
022d
0000
024d
0000
0000
026d
0000
2a0a
0000
020d
0000
2c0a
0010
022d
0000
2e0a
024d
0000
280a
0000
026d
0000
2a0a
0000
020d
0000
2c0a
0010
022d
0000
2e0a
024d
0000
280a
026d
0000
2a0a
0000
020d
0000
2c0a
0010
022d
0000
2e0a
0000
024d
0000
280a
026d
0000
2a0a
0000
020d
0000
2c0a
0010
022d
0000
2e0a
0000
024d
0000
280a
026d
0000
920a
0000
020d
0000
940a
0010
022d
0000
960a
0000
024d
0000
900a
026d
0000
2a0a
020d
0000
2c0a
0010
2e0a
0000
280a
0000
0000
0010
0000
0000
0000
023d
0000
024d
0000
0000
026d
0000
0000
020d
0000
0010
022d
0000
0000
024d
0000
0a0a
026d
0000
0c0a
2a0a
0000
020d
0000
0e0a
2c0a
0010
022d
0000
080a
2e0a
0000
024d
0000
280a
026d
0000
920a
0000
020d
0000
940a
0010
022d
0000
960a
0000
024d
0000
900a
026d
0000
920a
0000
020d
0000
940a
0010
960a
0000
900a
0000
0000
0010
023d
0000
024d
0000
0000
026d
0000
0000
020d
0000
0010
022d
0000
0000
024d
0000
0a0a
026d
0000
0c0a
2a0a
0000
020d
0000
0e0a
2c0a
0010
022d
0000
080a
2e0a
0000
024d
0000
280a
026d
0000
2a0a
0000
020d
0000
2c0a
0010
2e0a
0000
280a
0000
0000
0fb0
022d
0000
024d
0000
0000
026d
0000
2a0a
0000
020d
0000
2c0a
0010
022d
0000
2e0a
024d
0000
280a
0000
026d
0000
0000
020d
0000
0010
022d
0000
0000
024d
0000
0a0a
026d
0000
0c0a
2a0a
0000
020d
0000
0e0a
2c0a
0010
022d
0000
080a
2e0a
0000
024d
0000
280a
026d
0000
920a
0000
020d
0000
940a
0010
022d
0000
960a
0000
024d
0000
900a
026d
0000
2a0a
0000
020d
0000
2c0a
0010
022d
0000
2e0a
0000
024d
0000
280a
026d
0000
2a0a
0000
020d
0000
2c0a
0010
022d
0000
2e0a
0000
024d
0000
280a
026d
0000
2a0a
020d
0000
2c0a
0010
022d
0000
2e0a
0000
024d
0000
280a
0000
026d
0000
2a0a
020d
0000
2c0a
0010
022d
0000
2e0a
0000
024d
0000
280a
0000
026d
0000
920a
020d
0000
940a
0010
022d
0000
960a
0000
024d
0000
900a
0000
026d
0000
2a0a
020d
0000
2c0a
023d
0000
2e0a
0000
024d
0000
280a
0000
026d
0000
2a0a
0000
020d
0000
2c0a
023d
0000
2e0a
0000
024d
0000
280a
0000
026d
0000
2a0a
0000
020d
0000
2c0a
023d
0000
2e0a
0000
024d
0000
280a
0000
026d
0000
2a0a
0000
020d
0000
2c0a
2e1a
280a
0000
0000
0010
0000
0000
0000
0010
012d
0000
0000
014d
0000
0000
016d
0000
0010
0000
0000
0000
010d
0000
0010
022d
0000
0000
720a
0000
0000
0010
022d
0000
720a
0000
0000
0010
022d
0000
0000
720a
0000
0000
0010
022d
0000
0000
024d
0000
2a0a
740a
0000
0010
022d
0000
0000
024d
0000
0000
2a0a
740a
0000
0010
022d
0000
024d
0000
0000
2a0a
740a
0000
0010
022d
0000
0000
024d
0000
0000
026d
0000
2a0a
2c0a
760a
0010
022d
0000
0000
024d
0000
0000
026d
0000
2a0a
0000
2c0a
760a
023d
0000
024d
0000
0000
026d
0000
2a0a
0000
020d
0000
2c0a
760a
0010
022d
0000
700a
024d
0000
0000
026d
0000
2a0a
0000
020d
0000
2c0a
0010
022d
0000
2e0a
700a
024d
0000
026d
0000
2a0a
0000
020d
0000
2c0a
0010
022d
0000
2e0a
700a
0000
024d
0000
026d
0000
2a0a
0000
020d
0000
2c0a
0010
022d
0000
2e0a
0000
024d
0000
280a
026d
0000
2a0a
020d
0000
2c0a
0010
2e0a
0000
024d
0000
280a
0000
026d
0000
0000
020d
0000
2c0a
2e1a
0000
024d
0000
280a
0000
026d
0000
0000
020d
0000
2c0a
0010
2e0a
024d
0000
280a
0000
026d
0000
0000
020d
0000
2c0a
0010
2e0a
0000
280a
0000
026d
0000
020d
0000
0010
2e0a
0000
280a
0000
026d
0000
0000
020d
0000
0010
2e0a
280a
026d
0000
0000
020d
0000
0010
2e0a
0000
280a
0000
0000
020d
0000
0010
0000
280a
0000
020d
0000
0010
0000
280a
0000
0000
0010
0000
0000
0000
0010
0000
0000
09b0
022d
0000
0000
920a
0000
0010
022d
0000
0000
0000
920a
0000
0010
022d
0000
2a0a
023d
0000
0000
0000
2a0a
0000
0010
022d
0000
0000
0000
2a0a
0000
0010
022d
0000
0000
0000
0010
022d
0000
0000
0a0a
0000
2a0a
0000
0010
022d
0000
0000
0000
2a0a
0010
022d
0000
0000
0000
2a0a
0000
0010
022d
0000
0000
0000
2a0a
0000
0010
022d
0000
0000
2a0a
0000
0010
022d
0000
0000
0000
2a0a
0000
0010
022d
0000
0000
023d
0000
0a0a
0000
920a
0000
0010
0000
0000
0000
0010
0000
0000
0000
0010
0000
0060
024d
0000
0000
940a
0010
0000
024d
0000
0000
026d
0000
0000
020d
0000
940a
961a
024d
0000
900a
0000
026d
0000
0000
020d
0000
2c0a
0010
960a
0000
024d
0000
900a
026d
0000
0000
020d
0000
2c0a
0010
2e0a
0000
024d
0000
280a
0000
026d
0000
020d
0000
2c0a
2e1a
024d
0000
280a
026d
0000
020d
0000
2e1a
024d
0000
280a
0000
026d
0000
0c0a
020d
0000
2c0a
0010
0000
024d
0000
0000
026d
0000
0000
020d
0000
0e0a
2c0a
081a
2e0a
0000
024d
0000
280a
0000
026d
0000
0000
020d
0000
2c0a
0010
2e0a
024d
0000
280a
0000
026d
0000
0000
020d
0000
2c0a
0010
2e0a
0000
024d
0000
280a
026d
0000
0000
020d
0000
2c0a
0010
2e0a
0000
024d
0000
280a
0000
026d
0000
020d
0000
2c0a
2e1a
0000
024d
0000
280a
0000
026d
0000
0000
020d
0000
0010
2e0a
024d
0000
280a
026d
0000
0c0a
0000
020d
0000
940a
0010
0000
0000
026d
0000
0000
020d
0000
0e0a
081a
960a
0000
900a
0000
0000
0010
0000
0000
0000
0010
0000
0000
0b70
032d
0000
0000
0000
0010
022d
0000
0000
0000
0000
0010
0000
0000
0000
0010
320a
0000
0010
0000
0000
0000
0010
0000
0000
0000
0010
0000
0000
0000
0010
0000
0aa0
032d
0000
0000
0000
0010
022d
0000
0000
0000
0000
0010
0000
0000
0000
0010
0020
320a
0000
0010
032d
0000
0000
0000
0000
0010
022d
0000
0000
0000
0000
0010
034d
0000
0000
0010
0000
024d
0000
0000
0000
0010
0000
0000
0000
0010
0000
320a
340a
0010
022d
0000
0000
034d
0000
620a
0000
0000
0010
0000
024d
0000
0000
0000
0040
340a
0010
0000
034d
0000
0000
0000
0010
0000
024d
0000
0000
0000
0010
0000
037d
0000
0010
0000
0000
016d
0000
0000
0010
0000
0000
340a
0000
0010
0000
024d
0000
640a
0000
0010
0000
0000
026d
0000
0000
0010
0000
0000
0000
0010
0000
0000
360a
0010
0000
036d
0000
0000
0010
0000
0000
026d
0000
0000
0010
0000
0000
0000
0030
360a
0010
0000
036d
0000
0000
030d
0000
0010
0000
0000
026d
0000
0000
020d
0000
0010
0000
0000
0010
0000
0000
0000
0010
300a
0000
0000
0000
030d
0000
0010
020d
0000
360a
0010
0000
026d
0000
0000
660a
0010
0000
0000
0000
0010
0000
0000
0020
300a
0000
0000
030d
0000
0010
0000
0000
0000
020d
0000
0010
0000
0000
0000
0040
300a
0000
0000
020d
0000
0010
600a
0000
0000
0000
0010
0000
0000
0000
0010
023d
0000
024d
0000
0000
026d
0000
0000
0010
022d
0000
0000
024d
0000
0a0a
0000
026d
0000
0c0a
920a
020d
0000
0e0a
940a
0010
022d
0000
960a
0000
024d
0000
0000
026d
0000
020d
0000
0010
022d
0000
080a
0000
024d
0000
0a0a
900a
0000
026d
0000
0c0a
e20a
020d
0000
0e0a
e40a
0010
022d
0000
e60a
0000
024d
0000
0000
026d
0000
e20a
020d
0000
e40a
0010
080a
e60a
0000
e00a
0000
0000
020d
0000
0010
022d
0000
024d
0000
e00a
026d
0000
e20a
0000
020d
0000
e40a
0010
022d
0000
e60a
0000
024d
0000
e00a
026d
0000
e20a
0000
020d
0000
e40a
0010
022d
0000
e60a
0000
024d
0000
e00a
026d
0000
920a
0000
020d
0000
940a
0010
022d
0000
960a
0000
024d
0000
900a
6a0a
026d
0000
6c0a
0000
020d
0000
6e0a
0010
022d
0000
680a
0000
024d
0000
0000
026d
0000
020d
0000
0010
0000
0a0a
0000
0c0a
0000
0e0a
0010
080a
0000
0000
0000
0020
022d
0000
024d
0000
0000
026d
0000
0000
020d
0000
0010
022d
0000
0000
024d
0000
0a0a
026d
0000
0c0a
0000
020d
0000
0e0a
0010
022d
0000
080a
0000
024d
0000
0a0a
026d
0000
0c0a
0000
020d
0000
0e0a
0010
022d
0000
080a
0000
024d
0000
0a0a
026d
0000
0c0a
020d
0000
0e0a
0010
022d
0000
080a
0000
024d
0000
0a0a
0000
026d
0000
0c0a
920a
020d
0000
0e0a
940a
0010
022d
0000
080a
960a
0000
024d
0000
900a
026d
0000
920a
020d
0000
940a
0010
960a
0000
900a
0000
0000
0010
0000
0000
0000
0510
022d
0000
024d
0000
0000
026d
0000
2a0a
0000
020d
0000
2c0a
0010
022d
0000
2e0a
024d
0000
280a
0000
026d
0000
920a
0000
020d
0000
940a
0010
022d
0000
960a
024d
0000
900a
026d
0000
920a
0000
020d
0000
940a
0010
022d
0000
960a
0000
024d
0000
900a
026d
0000
920a
0000
020d
0000
940a
0010
022d
0000
960a
0000
024d
0000
900a
026d
0000
0000
020d
0000
0010
022d
0000
0000
024d
0000
0a0a
0000
026d
0000
0c0a
2a0a
020d
0000
0e0a
2c0a
0010
022d
0000
080a
2e0a
0000
024d
0000
280a
0000
026d
0000
2a0a
020d
0000
2c0a
0010
022d
0000
2e0a
0000
024d
0000
280a
0000
026d
0000
2a0a
020d
0000
2c0a
0010
022d
0000
2e0a
0000
024d
0000
280a
0000
026d
0000
2a0a
020d
0000
2c0a
0010
022d
0000
2e0a
0000
024d
0000
280a
0000
026d
0000
2a0a
020d
0000
2c0a
023d
0000
2e0a
0000
024d
0000
280a
0000
026d
0000
2a0a
0000
020d
0000
2c0a
023d
0000
2e0a
0000
024d
0000
280a
0000
026d
0000
2a0a
0000
020d
0000
2c0a
023d
0000
2e0a
0000
024d
0000
280a
0000
026d
0000
2a0a
0000
020d
0000
2c0a
2e1a
280a
0000
0000
0010
0000
0000
0000
0010
0000
0000
0000
0010
0000
0000
0000
0080
022d
0000
024d
0000
0000
026d
0000
2a0a
0000
020d
0000
2c0a
0010
022d
0000
2e0a
024d
0000
280a
0000
026d
0000
2a0a
0000
020d
0000
2c0a
0010
022d
0000
2e0a
024d
0000
280a
026d
0000
2a0a
0000
020d
0000
2c0a
0010
022d
0000
2e0a
0000
024d
0000
280a
026d
0000
2a0a
0000
020d
0000
2c0a
0010
022d
0000
2e0a
0000
024d
0000
280a
026d
0000
2a0a
0000
020d
0000
2c0a
0010
022d
0000
2e0a
0000
024d
0000
280a
026d
0000
2a0a
020d
0000
2c0a
0010
022d
0000
2e0a
0000
024d
0000
280a
0000
026d
0000
2a0a
020d
0000
2c0a
0010
022d
0000
2e0a
0000
024d
0000
280a
0000
026d
0000
2a0a
020d
0000
2c0a
0010
022d
0000
2e0a
0000
024d
0000
280a
0000
026d
0000
2a0a
020d
0000
2c0a
023d
0000
2e0a
0000
024d
0000
280a
0000
026d
0000
2a0a
0000
020d
0000
2c0a
023d
0000
2e0a
0000
024d
0000
280a
0000
026d
0000
2a0a
0000
020d
0000
2c0a
023d
0000
2e0a
0000
024d
0000
280a
0000
026d
0000
2a0a
0000
020d
0000
2c0a
023d
0000
2e0a
024d
0000
280a
0000
026d
0000
2a0a
0000
020d
0000
2c0a
0010
2e0a
280a
0000
0010
0000
0000
0000
0010
0000
0000
0000
0010
0000
0000
0000
0010
022d
0000
024d
0000
0000
026d
0000
0000
020d
0000
0010
022d
0000
0000
024d
0000
0a0a
026d
0000
0c0a
2a0a
020d
0000
0e0a
2c0a
0010
022d
0000
080a
2e0a
0000
024d
0000
280a
026d
0000
2a0a
0000
020d
0000
2c0a
0010
2e0a
0000
280a
0000
0000
0010
0000
0380
022d
0000
024d
0000
0000
026d
0000
2a0a
0000
020d
0000
2c0a
0010
022d
0000
2e0a
024d
0000
280a
0000
026d
0000
0000
020d
0000
0010
022d
0000
0000
024d
0000
8a0a
026d
0000
8c0a
920a
0000
020d
0000
8e0a
940a
0010
022d
0000
880a
960a
0000
024d
0000
900a
026d
0000
920a
0000
020d
0000
940a
0010
960a
0000
900a
0000
0000
0030
022d
0000
024d
0000
0000
026d
0000
0000
020d
0000
0010
022d
0000
0000
024d
0000
0a0a
026d
0000
0c0a
0000
020d
0000
0e0a
0010
022d
0000
080a
0000
024d
0000
0a0a
026d
0000
0c0a
920a
0000
020d
0000
0e0a
940a
0010
022d
0000
080a
960a
0000
024d
0000
900a
026d
0000
920a
0000
020d
0000
940a
0010
022d
0000
960a
0000
024d
0000
900a
026d
0000
920a
0000
020d
0000
940a
0010
960a
0000
900a
0000
0000
0010
0100
022d
0000
024d
0000
0000
026d
0000
920a
0000
020d
0000
940a
0010
022d
0000
960a
024d
0000
900a
0000
026d
0000
920a
0000
020d
0000
940a
0010
022d
0000
960a
024d
0000
900a
026d
0000
920a
0000
020d
0000
940a
0010
022d
0000
960a
0000
024d
0000
900a
026d
0000
920a
0000
020d
0000
940a
0010
960a
0000
900a
0000
0000
0010
022d
0000
024d
0000
0000
026d
0000
920a
0000
020d
0000
940a
0010
022d
0000
960a
024d
0000
900a
026d
0000
920a
0000
020d
0000
940a
0010
022d
0000
960a
0000
024d
0000
900a
026d
0000
920a
0000
020d
0000
940a
0010
022d
0000
960a
0000
024d
0000
900a
026d
0000
920a
0000
020d
0000
940a
0010
960a
0000
900a
0000
0000
0010
0000
0520
022d
0000
024d
0000
0000
026d
0000
920a
0000
020d
0000
940a
0010
022d
0000
960a
024d
0000
900a
0000
026d
0000
920a
0000
020d
0000
940a
0010
022d
0000
960a
024d
0000
900a
026d
0000
920a
0000
020d
0000
940a
0010
022d
0000
960a
0000
024d
0000
900a
026d
0000
920a
0000
020d
0000
940a
0010
960a
0000
900a
0000
0000
0010
022d
0000
024d
0000
0000
026d
0000
920a
0000
020d
0000
940a
0010
022d
0000
960a
024d
0000
900a
026d
0000
920a
0000
020d
0000
940a
0010
022d
0000
960a
0000
024d
0000
900a
026d
0000
920a
0000
020d
0000
940a
0010
022d
0000
960a
0000
024d
0000
900a
026d
0000
920a
0000
020d
0000
940a
0010
022d
0000
960a
0000
024d
0000
900a
026d
0000
2a0a
020d
0000
2c0a
0010
2e0a
0000
280a
0000
0000
0010
0000
0000
0000
0b10
022d
0000
024d
0000
0000
026d
0000
e20a
0000
020d
0000
e40a
0010
022d
0000
e60a
024d
0000
e00a
0000
026d
0000
e20a
0000
020d
0000
e40a
0010
022d
0000
e60a
024d
0000
e00a
026d
0000
e20a
0000
020d
0000
e40a
0010
022d
0000
e60a
0000
024d
0000
e00a
026d
0000
e20a
0000
020d
0000
e40a
0010
022d
0000
e60a
0000
024d
0000
e00a
026d
0000
0000
020d
0000
0010
022d
0000
0000
024d
0000
8a0a
0000
026d
0000
8c0a
2a0a
020d
0000
8e0a
2c0a
0010
022d
0000
880a
2e0a
0000
024d
0000
280a
0000
026d
0000
2a0a
020d
0000
2c0a
0010
022d
0000
2e0a
0000
024d
0000
280a
0000
026d
0000
2a0a
020d
0000
2c0a
0010
022d
0000
2e0a
0000
024d
0000
280a
0000
026d
0000
2a0a
020d
0000
2c0a
0010
2e0a
0000
280a
0000
0000
0010
0000
0000
0000
0010
012d
0000
014d
0000
0000
016d
0000
0000
010d
0000
0010
0000
0000
0000
0010
022d
0000
720a
0000
0010
022d
0000
0000
720a
0000
0000
0010
022d
0000
0000
720a
0000
0000
033d
0000
024d
0000
0000
740a
0000
0010
022d
0000
0000
024d
0000
7a0a
0000
740a
025d
0000
740a
0000
0010
0000
034d
0000
0000
026d
0000
0000
760a
0010
0000
024d
0000
026d
0000
7c0a
0000
760a
0010
0000
0000
026d
0000
0000
020d
0000
760a
0010
700a
0000
036d
0000
0000
020d
0000
0010
700a
0000
0000
026d
0000
0000
020d
0000
7e0a
701a
0000
0000
0000
030d
0000
0010
0000
0000
0000
020d
0000
0010
032d
0000
780a
034d
0000
0000
036d
0000
0000
030d
0000
0010
032d
0000
0000
034d
0000
0000
036d
0000
030d
0000
0010
022d
0000
0000
024d
0000
320a
0000
016d
0000
340a
0000
020d
0000
013d
0000
300a
0000
014d
0000
0000
026d
0000
0000
010d
0000
360a
0010
022d
0000
024d
0000
320a
0000
016d
0000
340a
0000
020d
0000
0010
012d
0000
300a
014d
0000
026d
0000
0000
010d
0000
360a
0010
022d
0000
0000
024d
0000
320a
0000
016d
0000
340a
020d
0000
0010
012d
0000
300a
0000
014d
0000
0000
026d
0000
0000
010d
0000
360a
023d
0000
0000
024d
0000
320a
0000
016d
0000
340a
0000
020d
0000
301a
0000
026d
0000
0000
360a
0010
0000
0000
0000
0010
0000
0000
0000
0010
0000
03e0
022d
0000
024d
0000
320a
0000
340a
0000
0010
022d
0000
0000
024d
0000
320a
340a
0010
022d
0000
0000
024d
0000
320a
0000
340a
0000
0010
022d
0000
0000
024d
0000
320a
340a
0000
0010
0000
0000
0000
0010
022d
0000
0000
024d
0000
320a
0000
340a
0010
022d
0000
0000
024d
0000
320a
0000
340a
0000
0010
022d
0000
0000
024d
0000
320a
340a
0000
0010
022d
0000
0000
024d
0000
320a
0000
340a
0000
0010
0000
0180
026d
0000
020d
0000
360a
0010
012d
0000
300a
0000
024d
0000
0000
016d
0000
340a
010d
0000
0010
022d
0000
0000
014d
0000
320a
0000
026d
0000
0000
020d
0000
360a
013d
0000
300a
0000
024d
0000
0000
016d
0000
340a
0000
010d
0000
0010
022d
0000
034d
0000
320a
0000
026d
0000
0000
020d
0000
360a
0010
032d
0000
300a
0000
024d
0000
026d
0000
0000
020d
0000
940a
360a
0010
022d
0000
300a
0000
034d
0000
026d
0000
920a
020d
0000
360a
033d
0000
300a
024d
0000
026d
0000
020d
0000
940a
360a
023d
0000
300a
0000
026d
0000
920a
0000
020d
0000
360a
0010
300a
0000
0000
026d
0000
010d
0000
360a
0010
0000
014d
0000
0000
0000
020d
0000
0010
012d
0000
300a
024d
0000
0000
016d
0000
340a
0000
010d
0000
0010
022d
0000
0000
024d
0000
320a
026d
0000
0000
020d
0000
360a
0010
022d
0000
300a
0000
024d
0000
0000
016d
0000
0c0a
010d
0000
e40a
0010
022d
0000
0000
034d
0000
0a0a
0000
026d
0000
e20a
020d
0000
360a
033d
0000
300a
0000
0000
036d
0000
0000
030d
0000
0010
0000
0000
026d
0000
020d
0000
0010
960a
0000
900a
0000
0000
0010
0000
0000
0000
0010
0000
037d
0000
030d
0000
0010
0000
0000
026d
0000
0000
020d
0000
0010
960a
0000
900a
0020
026d
0000
020d
0000
360a
0010
300a
0000
0000
026d
0000
0000
020d
0000
0010
026d
0000
020d
0000
0e0a
081a
e60a
0000
e00a
0000
036d
0000
0000
030d
0000
0010
0260
022d
0000
024d
0000
0000
026d
0000
920a
0000
020d
0000
940a
0010
032d
0000
960a
034d
0000
900a
0000
036d
0000
0000
030d
0000
0010
022d
0000
0000
024d
0000
026d
0000
920a
020d
0000
940a
0010
022d
0000
960a
0000
024d
0000
900a
0000
026d
0000
2a0a
020d
0000
2c0a
0010
022d
0000
2e0a
0000
024d
0000
280a
0000
026d
0000
920a
020d
0000
940a
0010
022d
0000
960a
0000
024d
0000
900a
0000
026d
0000
920a
020d
0000
940a
023d
0000
960a
0000
024d
0000
900a
0000
026d
0000
e20a
0000
020d
0000
e40a
e61a
0000
e00a
0000
0000
0010
022d
0000
0000
024d
0000
320a
0000
016d
0000
340a
020d
0000
0010
012d
0000
300a
0000
014d
0000
0000
026d
0000
0000
010d
0000
360a
023d
0000
0000
024d
0000
320a
0000
016d
0000
340a
0000
020d
0000
0010
300a
0000
026d
0000
0000
360a
0010
0000
0000
0000
0010
0000
0000
0000
0010
0000
0120
022d
0000
024d
0000
320a
0000
016d
0000
340a
0000
020d
0000
0010
012d
0000
300a
014d
0000
0000
026d
0000
0000
010d
0000
360a
0010
022d
0000
0000
024d
0000
320a
016d
0000
340a
0000
020d
0000
0010
012d
0000
300a
0000
014d
0000
0000
026d
0000
010d
0000
360a
0010
022d
0000
0000
024d
0000
320a
0000
016d
0000
340a
0000
020d
0000
033d
0000
300a
0000
034d
0000
0000
026d
0000
0000
030d
0000
360a
0010
022d
0000
024d
0000
0000
036d
0000
920a
0000
020d
0000
940a
0010
032d
0000
0000
034d
0000
900a
026d
0000
0000
030d
0000
0010
022d
0000
960a
0000
024d
0000
0000
036d
0000
920a
020d
0000
940a
0010
022d
0000
0000
024d
0000
900a
0000
026d
0000
920a
020d
0000
940a
0010
960a
0000
900a
0000
026d
0000
0000
0010
960a
0000
0000
0030
022d
0000
024d
0000
0000
0000
020d
0000
0010
022d
0000
0000
024d
0000
0a0a
026d
0000
0c0a
2a0a
020d
0000
2c0a
0010
080a
0000
280a
0000
026d
0000
0000
0e0a
2e1a
0000
0000
0010
0000
0000
0000
0010
0000
0000
0000
0010
0000
0000
0000
0010
0440
022d
0000
024d
0000
0000
e20a
0000
e40a
0010
032d
0000
0000
034d
0000
0000
023d
0000
024d
0000
920a
0000
940a
0010
032d
0000
0000
034d
0000
0000
0000
0010
022d
0000
024d
0000
0000
920a
0000
940a
0010
032d
0000
0000
034d
0000
0000
0000
023d
0000
024d
0000
7a0a
0000
7c0a
0000
0010
0000
0000
0000
0010
0000
0000
0000
04e0
020d
0000
0010
e00a
0000
026d
0000
0000
030d
0000
0010
e60a
0000
0000
036d
0000
020d
0000
0010
0000
900a
0000
026d
0000
0000
030d
0000
0010
960a
0000
0000
036d
0000
020d
0000
0010
0000
900a
0000
026d
0000
0000
030d
0000
0010
960a
0000
036d
0000
020d
0000
0010
780a
0000
0000
026d
0000
0000
030d
0000
7e0a
0010
032d
0000
034d
0000
0000
036d
0000
0000
030d
0000
0010
032d
0000
0000
034d
0000
0000
036d
0000
020d
0000
0010
012d
0000
0000
024d
0000
0000
016d
0000
0000
0010
0000
301a
0000
340a
0000
030d
0000
0010
022d
0000
0000
034d
0000
0000
026d
0000
0000
010d
0000
0010
014d
0000
0000
0000
0010
0000
320a
0000
0000
020d
0000
360a
0010
032d
0000
024d
0000
0000
036d
0000
0000
0010
012d
0000
0000
0000
016d
0000
0000
0030
300a
0000
0000
030d
0000
0010
022d
0000
0000
0000
340a
0000
010d
0000
0010
034d
0000
026d
0000
0000
0010
0000
014d
0000
0000
0000
0010
0000
0000
0000
0010
320a
0000
0010
032d
0000
0000
0000
0000
360a
0010
012d
0000
0000
0000
036d
0000
017d
0000
020d
0000
0010
0000
0000
0000
0010
0000
0000
0000
0010
0000
024d
0000
0020
300a
0000
0000
020d
0000
0010
022d
0000
0000
e00a
0000
0000
020d
0000
0010
680a
0000
340a
0000
0010
0000
024d
0000
0000
026d
0000
0000
e40a
0010
0000
024d
0000
6c0a
0000
0010
0000
320a
0000
0000
0010
022d
0000
0000
0000
e20a
0000
0010
022d
0000
6a0a
0000
0000
360a
0010
0000
0000
026d
0000
0000
0010
e60a
0000
0000
026d
0000
6e0a
0010
0000
0000
0000
0010
0000
0000
0000
0010
0000
0000
0000
0010
030d
0000
0010
0000
0000
020d
0000
0010
780a
0000
0000
0000
0010
0000
034d
0000
025d
0000
7c0a
0000
0010
032d
0000
0000
0000
0000
0010
022d
0000
0000
7a0a
0000
037d
0000
0010
0000
0000
026d
0000
0000
030d
0000
7e0a
0010
032d
0000
0000
034d
0000
036d
0000
0000
030d
0000
0010
032d
0000
0000
034d
0000
0000
036d
0000
0000
020d
0000
013d
0000
300a
0000
024d
0000
0000
016d
0000
340a
0000
020d
0000
0010
022d
0000
024d
0000
900a
320a
0000
026d
0000
0000
020d
0000
940a
360a
0010
022d
0000
024d
0000
900a
0000
026d
0000
920a
0000
020d
0000
940a
0010
022d
0000
960a
024d
0000
026d
0000
920a
0000
0010
022d
0000
880a
960a
0000
0000
026d
0000
8c0a
8a1a
0000
8e0a
0010
0000
0000
0000
0010
0000
0000
0000
0010
0000
0000
0000
0010
0850
020d
0000
023d
0000
0000
024d
0000
900a
0000
026d
0000
920a
0000
020d
0000
940a
023d
0000
960a
0000
024d
0000
900a
0000
026d
0000
920a
0000
940a
0010
960a
021d
0000
013d
0000
300a
0000
024d
0000
0000
016d
0000
340a
0000
010d
0000
0010
022d
0000
014d
0000
320a
0000
026d
0000
0000
020d
0000
360a
0010
012d
0000
300a
024d
0000
016d
0000
340a
0000
010d
0000
0010
022d
0000
0000
014d
0000
320a
0000
026d
0000
020d
0000
360a
0010
012d
0000
300a
0000
024d
0000
0000
016d
0000
340a
010d
0000
023d
0000
0000
014d
0000
320a
0000
026d
0000
0000
020d
0000
360a
0010
012d
0000
300a
024d
0000
0000
016d
0000
340a
0000
020d
0000
0010
022d
0000
0000
024d
0000
900a
320a
026d
0000
0000
020d
0000
940a
360a
0010
022d
0000
0000
024d
0000
900a
026d
0000
920a
0000
020d
0000
940a
0010
022d
0000
960a
0000
024d
0000
026d
0000
920a
020d
0000
0010
022d
0000
880a
960a
0000
024d
0000
900a
0000
026d
0000
8c0a
020d
0000
940a
0010
022d
0000
0000
024d
0000
8a0a
900a
0000
026d
0000
920a
020d
0000
8e0a
940a
0010
022d
0000
960a
0000
024d
0000
900a
0000
026d
0000
920a
020d
0000
940a
0010
022d
0000
960a
0000
024d
0000
900a
0000
026d
0000
920a
020d
0000
940a
023d
0000
960a
0000
024d
0000
900a
0000
026d
0000
920a
0000
020d
0000
940a
023d
0000
960a
0000
024d
0000
900a
0000
026d
0000
920a
0000
940a
0010
022d
0000
960a
0000
026d
0000
920a
0000
0010
960a
0000
0000
0000
020d
0000
0010
300a
024d
0000
0000
340a
0000
0010
022d
0000
0000
320a
0000
026d
0000
0000
360a
04c0
020d
0000
301a
0000
024d
0000
0000
340a
0000
020d
0000
0010
300a
0000
024d
0000
340a
0000
020d
0000
0010
300a
0000
024d
0000
0000
340a
0000
020d
0000
0010
300a
024d
0000
0000
340a
0000
020d
0000
0010
300a
0000
024d
0000
0000
340a
0000
020d
0000
301a
0000
024d
0000
0000
340a
0000
020d
0000
0010
300a
0000
024d
0000
340a
030d
0000
0010
0000
034d
0000
0000
0000
0010
0000
0000
0000
0010
022d
0000
320a
026d
0000
0000
020d
0000
360a
0010
022d
0000
0000
024d
0000
900a
320a
0000
026d
0000
940a
360a
0010
022d
0000
0000
320a
0000
026d
0000
0000
360a
0010
022d
0000
320a
0000
026d
0000
0000
360a
0010
022d
0000
0000
320a
0000
026d
0000
0000
030d
0000
360a
023d
0000
0000
320a
0000
026d
0000
0000
020d
0000
360a
0010
012d
0000
034d
0000
900a
0000
016d
0000
0000
0010
022d
0000
0000
024d
0000
320a
0000
026d
0000
940a
360a
0010
032d
0000
0000
0000
036d
0000
0000
030d
0000
0010
022d
0000
0000
026d
0000
920a
0000
020d
0000
0010
960a
0000
034d
0000
900a
0000
0000
025d
0000
940a
0010
0000
0000
0000
030d
0000
0010
0000
0000
0000
020d
0000
0010
034d
0000
900a
0000
020d
0000
0010
0000
024d
0000
e00a
0000
0000
020d
0000
940a
025d
0000
900a
020d
0000
e40a
0010
0000
024d
0000
900a
0000
0000
940a
0010
0000
024d
0000
0000
940a
0010
032d
0000
0000
0000
036d
0000
0000
0010
022d
0000
0000
026d
0000
920a
0010
960a
0000
0000
0000
0010
0000
0000
0000
0010
032d
0000
0000
036d
0000
0010
022d
0000
0000
0000
026d
0000
920a
0000
0010
960a
0000
0000
0000
0020
032d
0000
0000
036d
0000
0000
0010
022d
0000
0000
0000
026d
0000
920a
0000
023d
0000
960a
0000
026d
0000
e20a
0000
0010
022d
0000
e60a
0000
0000
026d
0000
920a
0010
022d
0000
960a
0000
0000
026d
0000
920a
0000
0010
960a
0000
0000
0000
0440
020d
0000
0010
024d
0000
900a
0000
026d
0000
0000
020d
0000
940a
0010
022d
0000
960a
024d
0000
900a
0000
026d
0000
920a
0000
020d
0000
940a
0010
022d
0000
960a
024d
0000
900a
0000
026d
0000
920a
0000
940a
0010
022d
0000
960a
0000
0000
920a
0010
0000
0000
0000
020d
0000
0010
300a
0000
024d
0000
0000
016d
0000
340a
020d
0000
023d
0000
0000
024d
0000
900a
320a
0000
026d
0000
0000
020d
0000
940a
360a
023d
0000
0000
024d
0000
e00a
0000
026d
0000
920a
0000
020d
0000
e40a
0010
022d
0000
960a
024d
0000
900a
0000
026d
0000
e20a
0000
940a
0010
022d
0000
e60a
026d
0000
920a
961a
0000
0000
0000
020d
0000
0010
300a
0000
024d
0000
0000
340a
023d
0000
320a
026d
0000
0000
020d
0000
360a
0010
300a
0000
024d
0000
0000
340a
020d
0000
013d
0000
300a
0000
024d
0000
0000
016d
0000
340a
0000
010d
0000
0010
022d
0000
014d
0000
320a
0000
026d
0000
0000
020d
0000
360a
0010
012d
0000
300a
024d
0000
016d
0000
340a
0000
010d
0000
0010
022d
0000
0000
014d
0000
320a
0000
026d
0000
020d
0000
360a
0010
012d
0000
300a
0000
024d
0000
0000
016d
0000
340a
010d
0000
023d
0000
0000
014d
0000
320a
0000
026d
0000
0000
020d
0000
360a
0010
012d
0000
300a
024d
0000
0000
016d
0000
340a
0000
0010
022d
0000
0000
320a
0000
026d
0000
360a
0010
012d
0000
0000
0000
016d
0000
0000
030d
0000
0010
022d
0000
320a
026d
0000
0000
020d
0000
360a
0010
0000
034d
0000
900a
0000
0000
0010
032d
0000
024d
0000
0000
036d
0000
0000
940a
0010
022d
0000
0000
0000
026d
0000
920a
961a
0000
0010
0000
0000
0000
030d
0000
0010
0000
0000
0000
020d
0000
0010
0000
034d
0000
900a
0000
0010
0000
024d
0000
0000
0000
940a
0010
0000
0000
0000
0010
0020
032d
0000
0000
036d
0000
0000
0010
022d
0000
0000
0000
026d
0000
920a
0000
961a
0000
0000
0010
0000
0000
0000
0010
0000
0000
0000
0010
0000
0000
0000
0010
0930
020d
0000
0010
024d
0000
0000
0000
030d
0000
0010
022d
0000
080a
0000
034d
0000
026d
0000
0c0a
0000
020d
0000
0010
032d
0000
0000
024d
0000
0a0a
900a
0000
036d
0000
020d
0000
0e0a
940a
0010
022d
0000
0000
024d
0000
280a
0000
026d
0000
920a
020d
0000
2c0a
023d
0000
960a
024d
0000
e00a
026d
0000
2a0a
020d
0000
e40a
023d
0000
2e0a
024d
0000
280a
026d
0000
e20a
030d
0000
2c0a
0010
022d
0000
e60a
034d
0000
026d
0000
2a0a
0000
020d
0000
0010
032d
0000
2e0a
0000
024d
0000
900a
036d
0000
020d
0000
940a
0010
022d
0000
0000
024d
0000
280a
0000
026d
0000
920a
020d
0000
2c0a
023d
0000
960a
0000
024d
0000
900a
0000
026d
0000
2a0a
0000
020d
0000
940a
023d
0000
2e0a
0000
024d
0000
900a
0000
026d
0000
920a
0000
940a
0010
022d
0000
960a
0000
026d
0000
920a
0000
0010
960a
0000
0000
0000
0010
0000
0000
020d
0000
0010
024d
0000
0000
0000
020d
0000
0010
022d
0000
080a
0000
024d
0000
900a
026d
0000
0c0a
0000
020d
0000
940a
0010
022d
0000
0000
024d
0000
0a0a
e00a
026d
0000
920a
030d
0000
0e0a
e40a
0010
022d
0000
960a
0000
034d
0000
0000
026d
0000
e20a
020d
0000
0010
032d
0000
e60a
780a
0000
024d
0000
0000
036d
0000
7c0a
023d
0000
7a0a
026d
0000
0000
030d
0000
7e0a
0010
032d
0000
0000
034d
0000
0000
036d
0000
030d
0000
0010
032d
0000
0000
034d
0000
0000
036d
0000
0000
0010
0000
0060
030d
0000
033d
0000
0000
034d
0000
0000
036d
0000
0000
020d
0000
0010
012d
0000
024d
0000
0000
016d
0000
0000
0010
300a
0000
0000
340a
0000
010d
0000
0010
022d
0000
014d
0000
0000
026d
0000
0000
0010
0000
320a
0000
0000
020d
0000
360a
013d
0000
024d
0000
0000
016d
0000
0000
0010
300a
0000
0000
340a
0000
010d
0000
023d
0000
014d
0000
0000
026d
0000
0000
0010
0000
320a
0000
0000
020d
0000
360a
013d
0000
024d
0000
0000
016d
0000
0000
0010
300a
0000
0000
340a
0000
0010
022d
0000
0000
026d
0000
0000
0010
0000
320a
0000
0000
360a
0010
0000
0000
0000
0010
0540
020d
0000
013d
0000
0000
024d
0000
0000
0000
0010
300a
0000
0000
016d
0000
340a
0010
022d
0000
0000
0000
026d
0000
0000
0010
0000
320a
0000
0000
360a
0010
0080
030d
0000
0010
0000
0000
020d
0000
0010
780a
0000
034d
0000
0000
0000
0010
032d
0000
024d
0000
0000
036d
0000
7c0a
0000
0010
022d
0000
0000
7a0a
0000
026d
0000
030d
0000
7e0a
0010
032d
0000
0000
034d
0000
0000
036d
0000
0000
030d
0000
033d
0000
034d
0000
0000
036d
0000
0000
020d
0000
0010
022d
0000
0000
024d
0000
026d
0000
0010
080a
0000
0a0a
0000
0c0a
0000
020d
0000
0e0a
0010
022d
0000
680a
024d
0000
6a0a
026d
0000
6c0a
0000
020d
0000
6e0a
0010
022d
0000
0000
024d
0000
026d
0000
0010
080a
0000
0a0a
0000
0c0a
0000
0e0a
0010
0000
0000
0000
0010
0000
020d
0000
023d
0000
900a
0000
920a
0000
020d
0000
0010
022d
0000
0000
024d
0000
900a
026d
0000
920a
0000
020d
0000
940a
0010
022d
0000
960a
0000
024d
0000
280a
026d
0000
2a0a
020d
0000
940a
0010
022d
0000
960a
0000
024d
0000
900a
0000
026d
0000
920a
020d
0000
2c0a
0010
022d
0000
2e0a
0000
024d
0000
900a
0000
026d
0000
920a
940a
0010
960a
0000
024d
0000
0000
026d
0000
0000
940a
0010
960a
0000
0000
020d
0000
013d
0000
300a
0000
0000
0000
020d
0000
0010
022d
0000
0000
024d
0000
280a
320a
016d
0000
340a
0000
020d
0000
0010
022d
0000
0000
024d
0000
280a
0000
026d
0000
2a0a
020d
0000
2c0a
360a
0010
022d
0000
0000
024d
0000
280a
0000
026d
0000
2a0a
020d
0000
2c0a
0010
022d
0000
2e0a
0000
024d
0000
280a
0000
026d
0000
2a0a
020d
0000
2c0a
0010
022d
0000
2e0a
0000
024d
0000
900a
0000
026d
0000
2a0a
020d
0000
2c0a
023d
0000
2e0a
0000
024d
0000
280a
0000
026d
0000
920a
0000
020d
0000
940a
023d
0000
2e0a
0000
024d
0000
280a
0000
026d
0000
2a0a
0000
2c0a
0010
022d
0000
960a
024d
0000
0000
026d
0000
2a0a
0000
2c0a
0010
2e0a
0000
0000
026d
0000
0010
2e0a
0000
0000
0000
0010
0000
0000
0000
0010
0000
0000
0000
0010
0000
031d
0000
0010
0000
0000
010d
0000
0010
0000
0000
0000
0010
0000
0000
0000
020d
0000
201a
0000
0000
0000
0010
0000
0000
0000
0010
0000
0000
0000
0010
0000
034d
0000
0000
0010
0000
024d
0000
0000
240a
0000
0010
032d
0000
0000
0000
0000
0010
012d
0000
0000
0000
0010
0000
0000
0000
0010
022d
0000
0000
220a
0000
036d
0000
017d
0000
0010
0000
0000
0000
0010
0000
0000
0000
0010
0000
0000
026d
0000
0000
260a
0010
0000
0000
0010
0000
0000
0000
0010
0000
0000
0000
0010
0000
0000
0000
05c0
020d
0000
781a
0006
0000
0000
0086
0000
0010
0000
0000
0000
0010
0000
0000
80d6
0010
0000
0000
0000
0010
0000
0000
0000
0010
0000
0000
0000
0010
0000
0000
8046
0010
0000
0000
0000
0010
0000
0000
0000
0010
0000
0000
0000
0010
0046
0000
0020
81c6
0000
0000
0010
0000
0000
0000
0010
0000
0000
0000
0010
0000
0000
8186
0020
8086
0000
0000
0010
0000
024d
0000
0000
7c0a
8006
0000
0010
0000
0000
0106
8156
0000
0010
0000
0000
0000
0010
00c6
0000
0000
0000
0010
c0c6
0000
0000
0000
0020
8206
0010
0000
0000
0000
0010
0000
0000
0000
0010
02c6
0000
0000
0000
0010
0286
4096
0000
0000
c046
0000
0010
0000
0000
0000
0010
0000
0000
0000
0010
0000
01c6
0010
0186
0000
0000
0000
0010
8106
0000
0000
0000
0010
0000
0000
0306
0000
40d6
0000
0000
0010
c086
0000
0000
0146
0000
0010
4046
0000
0000
c1c6
0000
0010
c186
0010
0000
0000
0010
c146
0000
0000
0000
0010
0000
0000
0000
0010
022d
0000
7a0a
4006
0000
0010
4186
0000
0000
0000
0010
0000
0000
0000
0010
0000
0000
0000
0256
0000
8246
0000
0010
0000
0000
0000
0010
0000
0000
0000
0010
0000
0000
0000
0020
4146
0010
4106
0000
0000
0000
0010
0000
0000
0000
0010
0000
0000
0000
0010
0206
0000
0000
0010
c206
0000
0000
41c6
0000
0010
0000
0000
82c6
0000
0010
0000
42d6
0010
8306
0000
0000
0000
0010
0000
0000
0000
0010
4306
0000
0000
85c6
0000
027d
0000
05c6
7e0a
0010
8286
0000
0000
c006
0000
0010
0000
0000
4286
0000
0010
0030
8586
0010
c2c6
0000
0000
0000
0010
0000
0000
0000
0010
0000
0000
0000
0010
0586
0000
c5c6
0000
0010
0000
0000
c106
0000
0010
0000
0000
0000
0010
0000
0000
0020
45c6
0000
0000
0010
c286
0000
0000
4206
0000
0010
8606
0000
0000
c586
0000
0030
4586
0000
0000
0010
4246
0000
0000
c306
0000
0010
0606
0000
0000
0000
0010
0050
c606
0000
0000
0010
0000
0000
4606
0000
0010
0000
0000
0000
0010
0000
0000
0080
c246
0010
0000
0000
0000
0010
0000
0000
0000
0010
0000
0000
0000
0010
0000
2ff0
fe85
0007
0000
0000
0001
1efa
d73e
7f75
0000
0010
0000
0000
0000
0010
0000
