2ff0
fe85
0007
0000
0000
0001
c9f9
d73d
7f75
0000
0010
0000
0000
0000
0010
0000
0b70
fe85
0007
0000
0000
0000
0010
0000
0000
0000
0010
0000
0000
0000
0010
0000
03a0
0e8f
0100
0000
108f
0001
0000
0000
0010
128f
0001
0000
0000
0000
0000
0010
0040
1c8f
0010
0000
0000
0000
0010
0000
0000
0000
0010
0000
0000
0000
0010
0000
2ff0
188f
8450
4a13
0000
1a8f
017f
0000
0000
0001
d241
d73d
7f75
0000
5a8f
0015
0000
249f
008b
00ac
0000
268f
00cc
000a
0000
808f
0000
1c40
0000
828f
7f49
8000
849f
0000
00d0
868f
4fac
00ea
0000
888f
0680
11e0
0000
8a8f
7f49
0000
0010
0000
0ab0
008f
0425
0000
0010
0000
0000
0000
0010
0000
0000
0000
0010
0000
0000
0000
0060
c103
1020
0000
0010
0000
0000
0103
1020
0000
0010
0000
0000
0000
0010
8103
1020
0000
0000
4103
1020
0010
0000
c183
1020
0000
0000
0010
0000
0000
0183
1020
0020
8183
1020
0000
0000
4183
1020
0010
0000
c1c3
1020
0000
0000
0010
0000
0000
01c3
1020
0010
0000
0000
0000
0010
81c3
1020
0000
0000
0000
41c3
1020
0010
0000
0203
1020
0010
0000
0000
0000
0010
8203
1020
0000
0000
0000
4203
1020
0010
0000
c203
1020
0000
0010
0000
0000
0243
1020
0000
0010
0000
0000
0000
0010
8243
1020
4243
1020
0010
c243
1020
0000
0000
0010
0000
0000
0283
1020
0000
0010
0000
0000
8293
1020
0000
4283
1020
0010
0000
c283
1020
0000
0000
0010
0000
0000
02c3
1020
0020
82c3
1020
0000
0000
42c3
1020
0010
0000
c2c3
1020
0000
0000
0010
0000
0000
0303
1020
0010
0000
0000
0000
0010
8303
1020
0000
0000
0000
4303
1020
0010
0000
c303
1020
0000
0010
0000
0000
0343
1020
0000
0010
0000
0000
0000
0010
8343
1020
4343
1020
0010
c343
1020
0000
0000
0010
0000
0000
0003
1020
0000
0010
0000
0000
8013
1020
0000
4003
1020
0010
0000
c003
1020
0000
0000
0010
0000
0000
0043
1020
0020
8043
1020
0000
0000
4043
1020
0010
0000
c043
1020
0000
0000
0010
0000
0000
0083
1020
0010
0000
0000
0000
0010
8083
1020
0000
0000
0000
4083
1020
0010
0000
c083
1020
0000
0010
0000
0000
00c3
1020
0000
0010
0000
0000
0000
0010
80c3
1020
40c3
1020
0010
c0c3
1020
0000
0000
0010
0000
0000
0503
3020
0000
0010
0000
0000
8513
3020
0000
4503
3020
0010
0000
c503
3020
0000
0000
0010
0000
0000
0583
3020
0020
8583
3020
0000
0000
4583
3020
0010
0000
c583
3020
0000
0000
0010
0000
0000
05c3
3020
0010
0000
0000
0000
0010
85c3
3020
0000
0000
0000
45c3
3020
0010
0000
c5c3
3020
0000
0010
0000
0000
0000
0010
0000
0000
0000
0010
0000
0000
0000
0010
0500
fe85
0007
0000
0000
0010
0000
0000
0000
0010
0000
0000
0000
0010
0000
0000
0530
024d
0000
0000
020d
0000
0010
022d
0000
0000
024d
0000
0000
026d
0000
040a
020d
0000
023d
0000
000a
0000
024d
0000
020a
0000
026d
0000
040a
0000
020d
0000
060a
023d
0000
000a
0000
024d
0000
020a
0000
026d
0000
040a
0000
020d
0000
060a
023d
0000
000a
024d
0000
020a
0000
026d
0000
040a
0000
020d
0000
060a
2c0a
0010
022d
0000
000a
024d
0000
020a
280a
0000
026d
0000
2a0a
0000
020d
0000
060a
2c0a
023d
0000
2e0a
024d
0000
280a
0000
026d
0000
2a0a
0000
020d
0000
2c0a
0010
022d
0000
2e0a
280a
0000
026d
0000
2a0a
0000
0010
2e0a
0000
0000
0000
0010
0000
0000
2ff0
034d
0000
0000
036d
0000
0000
030d
0000
0001
e3de
d73d
7f75
0000
032d
0000
025d
0000
026d
0000
0000
020d
0000
0000
022d
0000
0010
024d
0000
0000
026d
0000
0c0a
020d
0000
0e0a
0000
022d
0000
080a
0010
024d
0000
0a0a
0000
026d
0000
0c0a
020d
0000
0e0a
022d
0000
080a
0010
024d
0000
0a0a
0000
026d
0000
0c0a
0000
020d
0000
0e0a
022d
0000
080a
0010
024d
0000
0a0a
0000
026d
0000
0c0a
0000
020d
0000
0e0a
022d
0000
080a
0010
024d
0000
0a0a
0000
026d
0000
0c0a
0000
020d
0000
0e0a
022d
0000
080a
025d
0000
0a0a
0000
026d
0000
0c0a
0000
020d
0000
0e0a
0000
022d
0000
080a
025d
0000
0a0a
0000
026d
0000
0c0a
0000
020d
0000
0e0a
0000
022d
0000
080a
025d
0000
0a0a
0000
026d
0000
0c0a
0000
020d
0000
0e0a
2c0a
0000
022d
0000
080a
2e0a
025d
0000
0a0a
280a
0000
026d
0000
2a0a
0000
020d
0000
2c0a
0000
022d
0000
2e0a
025d
0000
280a
0000
026d
0000
2a0a
0000
020d
0000
940a
0000
022d
0000
960a
025d
0000
900a
0000
026d
0000
920a
0000
020d
0000
940a
0000
022d
0000
960a
025d
0000
900a
026d
0000
920a
0000
020d
0000
0000
022d
0000
0010
0000
0000
0000
0020
2c0a
2e0a
0010
024d
0000
280a
0000
026d
0000
2a0a
0000
020d
0000
940a
0000
022d
0000
960a
025d
0000
900a
0000
026d
0000
920a
0000
020d
0000
0000
022d
0000
025d
0000
026d
0000
0c0a
0000
020d
0000
0e0a
0000
022d
0000
080a
0010
024d
0000
0a0a
026d
0000
0c0a
0000
020d
0000
0e0a
940a
0000
022d
0000
080a
960a
0010
024d
0000
0a0a
900a
026d
0000
920a
0000
020d
0000
2c0a
0000
022d
0000
2e0a
0010
024d
0000
280a
026d
0000
2a0a
0000
020d
0000
0000
022d
0000
0010
024d
0000
0000
026d
0000
0c0a
020d
0000
0e0a
0000
022d
0000
080a
0010
024d
0000
0a0a
0000
026d
0000
0c0a
020d
0000
0e0a
0000
022d
0000
080a
0010
024d
0000
0a0a
0000
026d
0000
0c0a
020d
0000
0e0a
2c0a
022d
0000
080a
2e0a
0010
0a0a
280a
0000
2a0a
0000
0000
0010
0030
024d
0000
026d
0000
0000
020d
0000
0000
022d
0000
0010
024d
0000
0000
026d
0000
0c0a
020d
0000
0e0a
0000
022d
0000
080a
0010
024d
0000
0a0a
0000
026d
0000
0c0a
020d
0000
0e0a
0000
022d
0000
080a
0010
024d
0000
0a0a
0000
026d
0000
0c0a
020d
0000
0e0a
022d
0000
080a
0010
024d
0000
0a0a
0000
026d
0000
0c0a
0000
020d
0000
0e0a
022d
0000
080a
0010
024d
0000
0a0a
0000
026d
0000
0c0a
0000
020d
0000
0e0a
022d
0000
080a
0010
024d
0000
0a0a
0000
026d
0000
0c0a
0000
020d
0000
0e0a
022d
0000
080a
025d
0000
0a0a
0000
026d
0000
0c0a
0000
020d
0000
0e0a
0000
022d
0000
080a
025d
0000
0a0a
0000
026d
0000
0c0a
0000
020d
0000
0e0a
0000
022d
0000
080a
025d
0000
0a0a
0000
026d
0000
0c0a
0000
020d
0000
0e0a
0000
022d
0000
080a
0a1a
0c0a
0000
0e0a
0000
080a
0010
0a0a
0000
0000
0000
0010
0000
0000
0000
0010
0a60
024d
0000
026d
0000
0000
020d
0000
0000
022d
0000
0010
024d
0000
0000
026d
0000
0c0a
020d
0000
0e0a
0000
022d
0000
080a
0010
024d
0000
0a0a
0000
026d
0000
0c0a
020d
0000
0e0a
0000
022d
0000
080a
0010
024d
0000
0a0a
0000
026d
0000
0c0a
020d
0000
0e0a
022d
0000
080a
0010
024d
0000
0a0a
0000
026d
0000
0c0a
0000
020d
0000
0e0a
022d
0000
080a
0010
024d
0000
0a0a
0000
026d
0000
0c0a
0000
020d
0000
0e0a
940a
022d
0000
080a
960a
0010
024d
0000
0a0a
900a
0000
026d
0000
920a
0000
020d
0000
022d
0000
0010
024d
0000
0000
026d
0000
0c0a
0000
020d
0000
0e0a
940a
022d
0000
080a
960a
025d
0000
0a0a
900a
0000
026d
0000
920a
0000
020d
0000
940a
022d
0000
960a
025d
0000
900a
0000
026d
0000
920a
0000
020d
0000
2c0a
0000
022d
0000
2e0a
025d
0000
280a
0000
026d
0000
2a0a
0000
020d
0000
940a
0000
022d
0000
960a
025d
0000
900a
0000
026d
0000
920a
0000
020d
0000
2c0a
0000
022d
0000
2e0a
025d
0000
280a
026d
0000
2a0a
0000
020d
0000
2c0a
0000
022d
0000
2e0a
0010
024d
0000
280a
026d
0000
2a0a
0000
020d
0000
2c0a
0000
022d
0000
2e0a
0010
024d
0000
280a
026d
0000
2a0a
0000
020d
0000
2c0a
0000
022d
0000
2e0a
0010
024d
0000
280a
026d
0000
2a0a
020d
0000
2c0a
0000
022d
0000
2e0a
0010
024d
0000
280a
0000
026d
0000
2a0a
020d
0000
940a
0000
022d
0000
960a
0010
024d
0000
900a
0000
026d
0000
920a
020d
0000
2c0a
0000
022d
0000
2e0a
0010
280a
0000
2a0a
0000
0000
0010
0000
025d
0000
026d
0000
0000
020d
0000
0000
022d
0000
0010
024d
0000
0000
026d
0000
0c0a
020d
0000
0e0a
2c0a
0000
022d
0000
080a
2e0a
0010
024d
0000
0a0a
280a
0000
026d
0000
2a0a
020d
0000
940a
0000
022d
0000
960a
0010
024d
0000
900a
0000
026d
0000
920a
020d
0000
940a
0000
022d
0000
960a
0010
900a
0000
920a
0000
0000
0010
025d
0000
026d
0000
0000
020d
0000
0000
022d
0000
0010
024d
0000
0000
026d
0000
0c0a
020d
0000
0e0a
2c0a
0000
022d
0000
080a
2e0a
0010
024d
0000
0a0a
280a
0000
026d
0000
2a0a
020d
0000
2c0a
0000
022d
0000
2e0a
0010
280a
0000
2a0a
0000
0000
0f00
024d
0000
026d
0000
0000
020d
0000
2c0a
0000
022d
0000
2e0a
0010
024d
0000
280a
026d
0000
2a0a
0000
020d
0000
0000
022d
0000
0010
024d
0000
0000
026d
0000
0c0a
020d
0000
0e0a
2c0a
0000
022d
0000
080a
2e0a
0010
024d
0000
0a0a
280a
0000
026d
0000
2a0a
020d
0000
940a
0000
022d
0000
960a
0010
024d
0000
900a
0000
026d
0000
920a
020d
0000
2c0a
0000
022d
0000
2e0a
0010
024d
0000
280a
0000
026d
0000
2a0a
020d
0000
2c0a
0000
022d
0000
2e0a
0010
024d
0000
280a
0000
026d
0000
2a0a
020d
0000
2c0a
022d
0000
2e0a
0010
024d
0000
280a
0000
026d
0000
2a0a
0000
020d
0000
2c0a
022d
0000
2e0a
0010
024d
0000
280a
0000
026d
0000
2a0a
0000
020d
0000
940a
022d
0000
960a
0010
024d
0000
900a
0000
026d
0000
920a
0000
020d
0000
2c0a
022d
0000
2e0a
025d
0000
280a
0000
026d
0000
2a0a
0000
020d
0000
2c0a
0000
022d
0000
2e0a
025d
0000
280a
0000
026d
0000
2a0a
0000
020d
0000
2c0a
0000
022d
0000
2e0a
025d
0000
280a
0000
026d
0000
2a0a
0000
020d
0000
2c0a
0000
022d
0000
2e0a
281a
2a0a
0000
0000
0010
0000
0000
0000
0010
014d
0000
0000
016d
0000
0000
010d
0000
012d
0000
0010
0000
0000
0000
0010
024d
0000
0000
740a
0000
0000
0010
024d
0000
740a
0000
0000
0010
024d
0000
0000
740a
0000
0000
0010
024d
0000
0000
026d
0000
2c0a
760a
0000
0010
024d
0000
0000
026d
0000
0000
2c0a
760a
0000
0010
024d
0000
026d
0000
0000
020d
0000
2c0a
760a
0000
700a
0010
024d
0000
0000
026d
0000
020d
0000
2c0a
2e0a
700a
0010
024d
0000
0000
026d
0000
0000
020d
0000
2c0a
0000
2e0a
700a
025d
0000
0000
026d
0000
0000
020d
0000
2c0a
0000
022d
0000
2e0a
0010
024d
0000
280a
720a
026d
0000
0000
020d
0000
2c0a
0000
022d
0000
2e0a
0010
024d
0000
280a
720a
026d
0000
0000
020d
0000
2c0a
0000
022d
0000
2e0a
0010
024d
0000
280a
720a
026d
0000
0000
020d
0000
2c0a
0000
022d
0000
2e0a
0010
024d
0000
280a
026d
0000
2a0a
020d
0000
2c0a
0000
022d
0000
2e0a
0010
280a
0000
026d
0000
2a0a
020d
0000
022d
0000
2e0a
0010
280a
0000
026d
0000
2a0a
0000
020d
0000
0000
022d
0000
2e0a
281a
0000
026d
0000
2a0a
0000
020d
0000
0000
022d
0000
2e0a
0010
280a
2a0a
020d
0000
0000
022d
0000
0010
280a
0000
2a0a
0000
020d
0000
0000
022d
0000
281a
2a0a
0000
0000
022d
0000
0010
0000
2a0a
0000
0000
022d
0000
0010
0000
2a0a
022d
0000
2a1a
0000
0000
0010
0000
0000
0000
0010
0000
0000
0000
0010
0000
0000
0990
024d
0000
0000
940a
0000
0010
024d
0000
0000
0000
940a
0000
0010
024d
0000
2c0a
025d
0000
0000
0000
2c0a
0000
0010
024d
0000
0000
0000
2c0a
0000
0010
024d
0000
0000
0000
0010
024d
0000
0000
0c0a
0000
2c0a
0000
0010
024d
0000
0000
0000
2c0a
0010
024d
0000
0000
0000
2c0a
0000
0010
024d
0000
0000
0000
2c0a
0000
0010
024d
0000
0000
2c0a
0000
0010
024d
0000
0000
0000
2c0a
0000
0010
024d
0000
0000
025d
0000
0c0a
0000
940a
0000
0010
0000
0000
0000
0010
0000
0000
0000
0010
0000
026d
0000
0000
960a
0010
0000
026d
0000
0000
020d
0000
0000
022d
0000
960a
0010
900a
026d
0000
920a
0000
020d
0000
0000
022d
0000
2e0a
0010
900a
0000
026d
0000
920a
020d
0000
0000
022d
0000
2e0a
0010
280a
0000
026d
0000
2a0a
0000
020d
0000
022d
0000
2e0a
281a
026d
0000
2a0a
020d
0000
022d
0000
281a
026d
0000
2a0a
0000
020d
0000
0e0a
022d
0000
2e0a
0010
0000
026d
0000
0000
020d
0000
0000
022d
0000
080a
2e0a
0a1a
280a
0000
026d
0000
2a0a
0000
020d
0000
0000
022d
0000
2e0a
0010
280a
026d
0000
2a0a
0000
020d
0000
0000
022d
0000
2e0a
0010
280a
0000
026d
0000
2a0a
020d
0000
0000
022d
0000
2e0a
0010
280a
0000
026d
0000
2a0a
0000
020d
0000
022d
0000
2e0a
281a
0000
026d
0000
2a0a
0000
020d
0000
0000
022d
0000
0010
280a
026d
0000
2a0a
020d
0000
0e0a
0000
022d
0000
960a
0010
0000
0000
020d
0000
0000
022d
0000
080a
0a1a
900a
0000
920a
0000
0000
0010
0000
0000
0000
0010
0000
0000
0b60
034d
0000
0000
0000
0010
024d
0000
0000
0000
0000
0010
0000
0000
0000
0010
340a
0000
0010
0000
0000
0000
0010
0000
0000
0000
0010
0000
0000
0000
0010
0000
2ff0
034d
0000
0000
0001
f796
d73d
7f75
0000
0010
024d
0000
0000
0000
0000
0010
0030
340a
0000
0010
034d
0000
0000
0000
0000
0010
024d
0000
0000
0000
0000
0010
037d
0000
0000
0010
0000
016d
0000
0000
0000
0010
0000
340a
0000
0000
0010
024d
0000
640a
0000
0000
0010
0000
026d
0000
0000
0000
0010
0000
0000
0000
0010
0000
360a
0010
0000
0000
0000
0010
0000
0000
0000
0010
0000
0000
0000
0010
0000
0000
0190
024d
0000
0000
0000
0010
024d
0000
0000
0c0a
0000
940a
0000
0010
024d
0000
025d
0000
0c0a
0000
e40a
0000
0010
024d
0000
0000
0000
e40a
0000
0010
024d
0000
e40a
025d
0000
0000
0000
e40a
0000
0010
024d
0000
0000
0000
940a
0000
0010
024d
0000
6c0a
0000
0000
0010
024d
0000
0000
0000
0000
0010
0000
0c0a
0000
0000
0010
0020
024d
0000
0000
0000
0010
024d
0000
0000
0c0a
0000
0000
0010
024d
0000
0000
0c0a
0000
0010
024d
0000
0000
0c0a
0000
0000
0010
024d
0000
0000
0c0a
0000
940a
025d
0000
940a
0000
0010
0000
0000
0000
0010
0000
0000
0000
0010
0000
0000
0000
0140
024d
0000
0000
2c0a
0000
0010
024d
0000
0000
0000
940a
0000
0010
024d
0000
940a
025d
0000
0000
0000
940a
0000
0010
024d
0000
0000
0000
0000
0010
024d
0000
0c0a
2c0a
0000
0010
024d
0000
0000
0000
2c0a
0000
0010
024d
0000
0000
0000
2c0a
025d
0000
2c0a
0000
0010
024d
0000
0000
0000
2c0a
0000
0010
024d
0000
0000
0000
2c0a
0010
024d
0000
0000
0000
2c0a
0000
0010
024d
0000
0000
0000
2c0a
0000
0010
024d
0000
0000
2c0a
0000
0010
024d
0000
0000
0000
2c0a
0000
0010
024d
0000
0000
2c0a
0010
024d
0000
0000
0000
2c0a
0000
0010
024d
0000
0000
0000
2c0a
0000
0010
024d
0000
0000
2c0a
0000
0010
024d
0000
0000
0000
2c0a
0000
0010
024d
0000
0000
2c0a
0010
024d
0000
0000
0000
2c0a
0000
0010
024d
0000
0000
0000
2c0a
0000
0010
024d
0000
0000
2c0a
0000
0010
024d
0000
0000
0000
2c0a
0000
0010
024d
0000
0000
2c0a
0010
0000
0000
0000
0010
0000
0000
0000
0010
0000
0000
0000
0010
0000
0000
025d
0000
0000
0010
024d
0000
0000
0c0a
0000
2c0a
0000
0010
024d
0000
0000
0000
2c0a
0010
0000
0000
0000
0010
0000
0000
0000
0010
0000
0000
0000
0010
0000
0000
00a0
024d
0000
0000
2c0a
0000
0010
024d
0000
0000
0000
0000
0010
024d
0000
0000
8c0a
940a
0000
0010
024d
0000
0000
0000
940a
0000
0010
0000
0000
0000
0010
0000
0020
024d
0000
0000
0000
0010
024d
0000
0000
0c0a
0000
0000
0010
024d
0000
0000
0c0a
940a
0000
0010
024d
0000
0000
0000
940a
0000
0010
024d
0000
0000
0000
940a
0050
024d
0000
0000
940a
0000
0010
024d
0000
0000
0000
940a
0000
0010
024d
0000
940a
025d
0000
0000
0000
940a
0000
0010
0000
0000
0000
0010
024d
0000
0000
0000
940a
0010
024d
0000
0000
0000
940a
0000
0010
024d
0000
0000
0000
940a
0000
0010
024d
0000
0000
940a
0000
0010
0000
0000
0000
0010
0000
0000
0000
0010
0000
0000
0110
024d
0000
0000
940a
0000
0010
024d
0000
0000
0000
940a
0000
0010
024d
0000
940a
025d
0000
0000
0000
940a
0000
0010
0000
0000
0000
0010
024d
0000
0000
0000
940a
0010
024d
0000
0000
0000
940a
0000
0010
024d
0000
0000
0000
940a
0000
0010
024d
0000
0000
940a
0000
0010
024d
0000
0000
0000
2c0a
0000
0010
0000
0000
0000
0b30
024d
0000
0000
e40a
0000
0010
024d
0000
0000
0000
e40a
0000
0010
024d
0000
e40a
025d
0000
0000
0000
e40a
0000
0010
024d
0000
0000
0000
0000
0010
024d
0000
8c0a
2c0a
0000
0010
024d
0000
0000
0000
2c0a
0000
0010
024d
0000
0000
0000
2c0a
025d
0000
2c0a
0000
0010
0000
0000
0000
0010
0000
0000
0000
0010
024d
0000
0000
740a
0000
0010
024d
0000
0000
740a
0000
0000
0010
024d
0000
0000
740a
0000
0000
035d
0000
0000
0000
0010
024d
0000
0000
7c0a
0000
0000
0010
0000
0000
0000
0010
0180
036d
0000
0000
0010
0000
026d
0000
0000
0000
0010
0000
0000
0000
0010
0000
0020
360a
0010
0000
036d
0000
0000
0000
0010
0000
026d
0000
0000
0000
0010
0000
031d
0000
0010
0000
0000
020d
0000
0000
0010
0000
0000
360a
0000
0010
0000
026d
0000
660a
0000
300a
0010
0000
0000
030d
0000
0000
0010
0000
0000
020d
0000
0000
0030
026d
0000
0000
0010
0000
026d
0000
0000
0e0a
0000
960a
300a
0010
0000
026d
0000
030d
0000
0000
0010
0000
026d
0000
0000
020d
0000
0e0a
0000
e60a
0010
0000
026d
0000
0000
e60a
0010
0000
026d
0000
0000
0000
032d
0000
e60a
0010
0000
026d
0000
0000
012d
0000
e60a
0010
0000
026d
0000
0000
0000
960a
300a
0010
0000
026d
0000
020d
0000
6e0a
0000
600a
0010
0000
026d
0000
0000
0000
0010
0000
0000
0e0a
022d
0000
0010
0000
0000
0010
0000
0000
0000
0010
320a
0000
026d
0000
0000
020d
0000
032d
0000
0010
0000
026d
0000
0000
020d
0000
0e0a
0000
022d
0000
080a
0010
900a
026d
0000
0000
020d
0000
0e0a
0000
0010
0000
026d
0000
0000
020d
0000
0e0a
080a
e01a
0000
026d
0000
0000
020d
0000
0e0a
0000
960a
0010
e00a
0000
026d
0000
020d
0000
960a
0010
e00a
320a
0000
026d
0000
0000
020d
0000
0000
032d
0000
2e0a
e01a
026d
0000
0000
020d
0000
0000
022d
0000
960a
0010
900a
0000
026d
0000
0000
020d
0000
960a
680a
0010
0000
026d
0000
0000
020d
0000
0000
960a
0010
0000
026d
0000
0000
080a
0010
0000
026d
0000
0000
0e0a
0000
2e0a
0010
320a
0000
026d
0000
022d
0000
2e0a
621a
026d
0000
0000
020d
0000
0000
2e0a
0010
0000
026d
0000
0000
020d
0000
080a
2e0a
0010
0000
026d
0000
0000
020d
0000
0000
080a
2e0a
0010
0000
026d
0000
020d
0000
0000
080a
2e0a
0010
0000
026d
0000
0000
020d
0000
0000
022d
0000
080a
2e0a
901a
0000
026d
0000
0000
020d
0000
0000
022d
0000
2e0a
0010
0a0a
900a
026d
0000
920a
0000
020d
0000
0000
022d
0000
2e0a
0010
280a
0000
026d
0000
020d
0000
022d
0000
2e0a
0010
0a0a
900a
0000
026d
0000
e20a
0000
020d
0000
0000
022d
0000
2e0a
901a
0000
026d
0000
e20a
0000
020d
0000
0000
022d
0000
2e0a
0010
900a
026d
0000
e20a
0000
020d
0000
0000
022d
0000
2e0a
0010
0000
026d
0000
e20a
020d
0000
022d
0000
080a
2e0a
0010
280a
0000
026d
0000
920a
0000
020d
0000
0000
022d
0000
2e0a
281a
6a0a
0000
026d
0000
0000
020d
0000
0000
022d
0000
2e0a
0010
280a
026d
0000
0000
020d
0000
0000
2e0a
0010
0a0a
280a
0000
026d
0000
0000
020d
0000
2e0a
0010
280a
0000
026d
0000
0000
020d
0000
0000
2e0a
0010
280a
0000
026d
0000
020d
0000
0000
022d
0000
2e0a
0010
280a
0000
026d
0000
0000
020d
0000
0000
022d
0000
2e0a
0a1a
280a
0000
0000
020d
0000
0000
022d
0000
0010
0a0a
280a
0000
020d
0000
022d
0000
0010
0a0a
280a
0000
0000
020d
0000
0000
022d
0000
0010
0a0a
280a
920a
0000
020d
0000
0000
022d
0000
0010
280a
0000
026d
0000
920a
0000
020d
0000
022d
0000
0010
280a
0000
026d
0000
2a0a
0000
020d
0000
0e0a
0000
022d
0000
2e0a
281a
0000
026d
0000
920a
0000
020d
0000
0000
022d
0000
2e0a
0010
280a
0000
026d
0000
920a
020d
0000
0000
022d
0000
2e0a
0010
280a
0000
026d
0000
920a
0000
020d
0000
022d
0000
0010
280a
0000
026d
0000
0000
020d
0000
8e0a
0000
022d
0000
960a
0a1a
280a
0000
026d
0000
2a0a
0000
020d
0000
0000
022d
0000
960a
0010
280a
2a0a
020d
0000
0000
022d
0000
0010
280a
0000
2a0a
0000
020d
0000
0000
022d
0000
281a
2a0a
0000
0000
022d
0000
0010
0000
026d
0000
2a0a
0000
0000
022d
0000
0010
026d
0000
2a0a
0e0a
0000
022d
0000
0010
0000
026d
0000
2a0a
0000
0e0a
0000
022d
0000
960a
0010
026d
0000
2a0a
0000
020d
0000
0000
022d
0000
960a
0010
0000
026d
0000
2a0a
020d
0000
0000
022d
0000
080a
960a
0010
280a
0000
026d
0000
2a0a
0000
020d
0000
022d
0000
960a
0010
280a
0000
026d
0000
2a0a
0000
020d
0000
0000
022d
0000
960a
281a
0000
026d
0000
2a0a
0000
020d
0000
0000
022d
0000
960a
0010
0000
026d
0000
2a0a
020d
0000
0000
022d
0000
880a
960a
0010
900a
0000
2a0a
0000
020d
0000
022d
0000
0010
900a
0000
026d
0000
2a0a
0000
0000
022d
0000
960a
0010
0000
026d
0000
2a0a
0000
022d
0000
960a
0010
0000
026d
0000
2a0a
0000
0000
022d
0000
960a
0010
026d
0000
2a0a
0000
020d
0000
0000
022d
0000
960a
0010
0000
2a0a
0000
020d
0000
022d
0000
080a
0010
0000
026d
0000
2a0a
0000
020d
0000
0000
022d
0000
080a
960a
901a
0000
026d
0000
2a0a
0000
020d
0000
0000
960a
0010
900a
0000
026d
0000
020d
0000
0000
960a
0010
900a
0000
026d
0000
0000
020d
0000
0000
960a
0010
900a
0000
020d
0000
0000
0010
900a
0000
026d
0000
0000
020d
0000
0000
022d
0000
960a
901a
0000
026d
0000
0000
020d
0000
0000
022d
0000
960a
0010
0a0a
900a
0000
026d
0000
2a0a
0000
022d
0000
960a
0010
0000
026d
0000
2a0a
0000
020d
0000
0000
022d
0000
960a
901a
0000
026d
0000
2a0a
0000
020d
0000
0000
022d
0000
2e0a
0010
900a
026d
0000
0000
020d
0000
0000
022d
0000
e60a
0010
8a0a
900a
0000
026d
0000
920a
020d
0000
0000
022d
0000
e60a
0010
900a
0000
026d
0000
920a
0000
0000
e60a
027d
0000
020d
0000
e60a
0010
900a
0000
026d
0000
0000
020d
0000
0000
0010
900a
026d
0000
020d
0000
8e0a
0000
022d
0000
2e0a
0010
900a
0000
026d
0000
0000
020d
0000
022d
0000
2e0a
0010
0a0a
900a
0000
026d
0000
0000
0000
022d
0000
2e0a
0010
0a0a
026d
0000
920a
0000
020d
0000
0000
022d
0000
2e0a
0010
900a
0000
920a
0000
020d
0000
022d
0000
0010
900a
0000
920a
0000
020d
0000
0000
022d
0000
0010
900a
026d
0000
920a
020d
0000
760a
0000
022d
0000
0010
900a
0000
026d
0000
920a
0000
020d
0000
760a
022d
0000
0010
280a
0000
026d
0000
920a
0000
020d
0000
760a
0000
022d
0000
e01a
0000
036d
0000
920a
0000
020d
0000
0000
0010
e00a
0000
026d
0000
020d
0000
7e0a
022d
0000
0010
e00a
0000
920a
0000
020d
0000
0000
022d
0000
0010
e00a
920a
0000
020d
0000
0000
022d
0000
0010
0000
920a
0000
020d
0000
0000
022d
0000
880a
281a
0000
920a
0000
020d
0000
0000
0010
280a
0000
0000
020d
0000
0000
022d
0000
281a
0000
920a
0000
020d
0000
0000
022d
0000
0010
280a
0000
920a
0000
022d
0000
0010
920a
0000
0000
022d
0000
0010
0000
920a
0000
020d
0000
0000
700a
021d
0000
022d
0000
700a
0010
0000
920a
0000
020d
0000
0000
022d
0000
700a
0010
920a
030d
0000
0000
022d
0000
0010
0000
920a
0000
020d
0000
0000
022d
0000
780a
921a
022d
0000
0010
0000
2a0a
0000
0000
022d
0000
0010
0000
e20a
0000
0000
022d
0000
0010
e20a
0000
0000
022d
0000
0010
0000
e20a
0000
0000
022d
0000
0010
0000
e20a
0000
022d
0000
0010
0000
0000
0000
022d
0000
0010
8a0a
0000
2a0a
0000
0000
022d
0000
0010
2a0a
0000
0000
022d
0000
0010
0000
2a0a
0000
0000
022d
0000
0010
2a0a
0000
0010
0000
0000
0000
0010
0000
0000
0000
022d
0000
0010
720a
0000
0000
022d
0000
721a
0000
0000
0000
022d
0000
0010
720a
0000
0000
0000
032d
0000
0010
022d
0000
035d
0000
7a0a
0000
036d
0000
0000
030d
0000
0000
032d
0000
0010
034d
0000
036d
0000
0000
030d
0000
0000
032d
0000
0010
024d
0000
0000
016d
0000
340a
020d
0000
012d
0000
300a
0010
014d
0000
0000
026d
0000
0000
010d
0000
360a
0000
022d
0000
025d
0000
320a
0000
016d
0000
340a
0000
020d
0000
0000
012d
0000
300a
015d
0000
026d
0000
0000
010d
0000
360a
0000
022d
0000
0010
024d
0000
320a
0000
016d
0000
340a
020d
0000
0000
012d
0000
300a
0010
014d
0000
0000
026d
0000
0000
010d
0000
360a
022d
0000
0010
024d
0000
320a
0000
016d
0000
340a
0000
020d
0000
012d
0000
300a
015d
0000
0000
026d
0000
0000
010d
0000
360a
0000
022d
0000
0010
024d
0000
320a
016d
0000
340a
0000
020d
0000
0000
012d
0000
300a
0010
014d
0000
026d
0000
010d
0000
360a
0000
022d
0000
0010
320a
0000
016d
0000
0000
0000
012d
0000
025d
0000
0000
340a
0000
020d
0000
0000
300a
0010
014d
0000
0000
026d
0000
010d
0000
360a
022d
0000
0010
320a
0000
016d
0000
0000
0000
012d
0000
0010
0000
025d
0000
340a
0000
0000
0010
014d
0000
0000
0000
020d
0000
0000
300a
0010
0000
026d
0000
010d
0000
360a
0000
022d
0000
0010
320a
0000
016d
0000
0000
0000
012d
0000
025d
0000
0000
340a
0000
0000
0010
014d
0000
0000
0000
020d
0000
0000
300a
027d
0000
010d
0000
360a
022d
0000
0010
320a
0000
016d
0000
0000
0000
012d
0000
025d
0000
340a
0000
020d
0000
0000
300a
0010
014d
0000
0000
026d
0000
0000
010d
0000
360a
022d
0000
0010
320a
0000
016d
0000
0000
0000
012d
0000
0010
024d
0000
340a
020d
0000
0000
300a
0010
014d
0000
0000
0000
010d
0000
0000
0010
0000
026d
0000
360a
0000
022d
0000
0010
320a
0000
016d
0000
0000
0000
012d
0000
0010
024d
0000
340a
0000
020d
0000
0000
300a
0010
014d
0000
0000
0000
010d
0000
0000
0010
026d
0000
360a
0000
022d
0000
0010
320a
0000
016d
0000
0000
0000
012d
0000
0010
024d
0000
340a
0000
020d
0000
0000
300a
0010
0000
0000
0000
0010
0000
026d
0000
360a
022d
0000
0010
320a
0000
0000
0000
0010
0000
0000
0000
0010
0000
0000
0000
025d
0000
340a
0000
020d
0000
0000
012d
0000
300a
0010
024d
0000
0000
016d
0000
340a
010d
0000
0000
022d
0000
0010
034d
0000
320a
0000
026d
0000
0000
020d
0000
360a
012d
0000
300a
0010
024d
0000
0000
016d
0000
0000
030d
0000
940a
0000
0010
034d
0000
026d
0000
0000
020d
0000
360a
0000
022d
0000
0010
024d
0000
900a
320a
036d
0000
030d
0000
940a
0000
032d
0000
0010
0000
026d
0000
0000
020d
0000
0000
022d
0000
960a
901a
0000
036d
0000
920a
0000
0000
032d
0000
0010
024d
0000
0000
026d
0000
340a
0000
022d
0000
960a
0010
024d
0000
0000
920a
0000
020d
0000
0000
300a
025d
0000
0000
0c0a
0000
020d
0000
e40a
0000
0010
034d
0000
0000
026d
0000
020d
0000
360a
022d
0000
080a
0010
e00a
320a
0000
026d
0000
0000
030d
0000
0000
022d
0000
0010
026d
0000
0000
0e0a
0000
022d
0000
e60a
0010
0a0a
0000
036d
0000
e20a
0000
032d
0000
0010
0000
0000
0000
0010
0000
0000
0000
0010
0000
0000
0000
0060
020d
0000
0010
024d
0000
900a
0000
026d
0000
0000
030d
0000
940a
0000
022d
0000
960a
035d
0000
0000
036d
0000
920a
0000
020d
0000
0000
032d
0000
0010
024d
0000
900a
026d
0000
0000
020d
0000
940a
0000
022d
0000
960a
0010
024d
0000
280a
026d
0000
920a
020d
0000
2c0a
0000
022d
0000
2e0a
0010
024d
0000
900a
0000
026d
0000
2a0a
020d
0000
940a
0000
022d
0000
960a
0010
024d
0000
900a
0000
026d
0000
920a
020d
0000
940a
0000
022d
0000
960a
0010
024d
0000
e00a
0000
026d
0000
920a
e40a
022d
0000
e60a
0010
0000
e20a
0000
020d
0000
0000
300a
0010
024d
0000
0000
016d
0000
340a
020d
0000
0000
012d
0000
300a
0010
014d
0000
0000
026d
0000
0000
360a
022d
0000
0010
024d
0000
320a
0000
016d
0000
340a
0000
0000
022d
0000
0010
320a
026d
0000
0000
360a
0000
0010
0000
0000
0000
0010
0000
0000
0000
0010
0000
0070
020d
0000
300a
0010
024d
0000
0000
016d
0000
340a
0000
020d
0000
0000
012d
0000
300a
015d
0000
0000
026d
0000
0000
010d
0000
360a
0000
022d
0000
0010
024d
0000
320a
016d
0000
340a
0000
020d
0000
0000
012d
0000
300a
0010
014d
0000
0000
026d
0000
030d
0000
360a
0000
022d
0000
0010
024d
0000
320a
0000
016d
0000
340a
020d
0000
022d
0000
0010
034d
0000
900a
320a
0000
026d
0000
0000
030d
0000
360a
032d
0000
025d
0000
0000
036d
0000
0000
020d
0000
940a
0000
022d
0000
0010
034d
0000
900a
026d
0000
920a
0000
020d
0000
0000
032d
0000
960a
0010
024d
0000
900a
036d
0000
940a
0000
022d
0000
0010
024d
0000
0000
026d
0000
920a
0000
940a
0000
022d
0000
960a
0010
026d
0000
920a
0000
0000
960a
0010
0000
0000
0000
0010
0000
020d
0000
0010
0000
0000
020d
0000
0000
080a
0010
024d
0000
280a
0000
0000
0000
022d
0000
025d
0000
0000
026d
0000
0c0a
0000
2c0a
0000
022d
0000
0010
0a0a
0000
026d
0000
2a0a
0e0a
0000
2e0a
0010
0000
0000
0000
0010
0000
0000
0000
0010
0000
0250
020d
0000
0010
e00a
0000
0000
030d
0000
0000
0010
0000
0000
020d
0000
0000
901a
0000
030d
0000
0000
0010
0000
0000
020d
0000
0000
0010
900a
0000
0000
030d
0000
0010
0000
0000
020d
0000
0000
780a
0010
0000
0000
0000
0010
0000
0000
0000
0450
022d
0000
025d
0000
0000
026d
0000
e20a
0000
e40a
0000
032d
0000
e60a
0010
034d
0000
036d
0000
0000
0000
022d
0000
0010
024d
0000
0000
026d
0000
920a
0000
940a
032d
0000
960a
0010
034d
0000
0000
036d
0000
0000
0000
022d
0000
0010
024d
0000
026d
0000
920a
0000
940a
0000
032d
0000
960a
0010
034d
0000
0000
036d
0000
022d
0000
025d
0000
7a0a
026d
0000
7c0a
0000
030d
0000
7e0a
0000
032d
0000
0010
034d
0000
036d
0000
0000
030d
0000
0000
032d
0000
0010
034d
0000
0000
036d
0000
020d
0000
012d
0000
0010
024d
0000
0000
016d
0000
0000
0000
0010
0000
0000
0000
300a
0010
340a
0000
030d
0000
0000
022d
0000
0010
034d
0000
0000
026d
0000
0000
010d
0000
0010
014d
0000
0000
0000
0000
0010
320a
0000
0000
020d
0000
360a
0000
032d
0000
025d
0000
0000
036d
0000
0000
0000
012d
0000
0010
0000
016d
0000
0000
0020
300a
0010
0000
030d
0000
0000
022d
0000
0010
0000
340a
0000
010d
0000
0000
035d
0000
026d
0000
0000
0000
0010
014d
0000
0000
0000
0000
0010
0000
0000
0000
321a
0000
0000
032d
0000
0010
0000
0000
360a
0000
012d
0000
0010
0000
036d
0000
017d
0000
020d
0000
0000
0010
0000
0000
0000
0010
0000
0000
0000
0010
024d
0000
301a
0010
0000
020d
0000
0000
022d
0000
0010
e00a
0000
0000
020d
0000
0000
680a
341a
0010
024d
0000
0000
026d
0000
0000
e40a
0000
0010
024d
0000
0000
6c0a
0000
321a
0000
022d
0000
0010
0000
e20a
0000
0000
022d
0000
0010
6a0a
0000
0000
360a
027d
0000
0000
e60a
0010
0000
026d
0000
0000
6e0a
0000
0010
0000
0000
0000
0010
0020
030d
0000
0010
0000
0000
020d
0000
0000
780a
0010
0000
0000
0000
0010
034d
0000
0000
0000
0010
024d
0000
0000
7c0a
0000
0000
032d
0000
0010
0000
0000
0000
022d
0000
7a1a
0000
0000
0000
0010
0000
036d
0000
0000
0000
0010
0000
026d
0000
030d
0000
7e0a
032d
0000
0010
034d
0000
0000
036d
0000
0000
030d
0000
0000
032d
0000
035d
0000
0000
036d
0000
0000
020d
0000
0000
012d
0000
300a
0010
024d
0000
016d
0000
340a
020d
0000
0000
022d
0000
0010
024d
0000
900a
320a
0000
026d
0000
020d
0000
940a
360a
022d
0000
0010
024d
0000
900a
0000
026d
0000
920a
0000
020d
0000
940a
022d
0000
960a
0010
024d
0000
0000
026d
0000
920a
0000
0000
022d
0000
880a
960a
0010
026d
0000
8c0a
0000
0000
0010
8a0a
0000
0000
8e0a
0000
0010
0000
0840
020d
0000
022d
0000
0010
024d
0000
900a
0000
026d
0000
920a
0000
020d
0000
940a
022d
0000
960a
0010
024d
0000
900a
0000
026d
0000
920a
0000
940a
0000
960a
0020
020d
0000
012d
0000
300a
0010
024d
0000
0000
016d
0000
340a
0000
010d
0000
022d
0000
015d
0000
320a
0000
026d
0000
0000
020d
0000
360a
0000
012d
0000
300a
025d
0000
016d
0000
340a
0000
010d
0000
0000
022d
0000
0010
014d
0000
320a
0000
026d
0000
020d
0000
360a
0000
012d
0000
300a
0010
024d
0000
0000
016d
0000
340a
010d
0000
022d
0000
0010
014d
0000
320a
0000
026d
0000
0000
020d
0000
360a
0000
012d
0000
300a
025d
0000
0000
016d
0000
340a
0000
020d
0000
0000
022d
0000
0010
024d
0000
900a
320a
026d
0000
0000
020d
0000
940a
360a
0000
022d
0000
0010
024d
0000
900a
026d
0000
920a
0000
020d
0000
940a
0000
022d
0000
960a
0010
024d
0000
026d
0000
920a
020d
0000
0000
022d
0000
880a
960a
0010
024d
0000
900a
0000
026d
0000
8c0a
020d
0000
940a
0000
022d
0000
0010
024d
0000
8a0a
900a
0000
026d
0000
920a
020d
0000
8e0a
940a
0000
022d
0000
960a
0010
024d
0000
900a
0000
026d
0000
920a
020d
0000
940a
0000
022d
0000
960a
0010
024d
0000
900a
0000
026d
0000
920a
020d
0000
940a
022d
0000
960a
0010
024d
0000
900a
0000
026d
0000
920a
0000
020d
0000
940a
022d
0000
960a
0010
024d
0000
900a
0000
026d
0000
920a
0000
940a
0000
022d
0000
960a
0010
026d
0000
920a
0000
0000
960a
0010
0000
0000
020d
0000
0000
300a
025d
0000
0000
340a
0000
0000
022d
0000
0010
320a
0000
026d
0000
0000
360a
0560
020d
0000
300a
0010
024d
0000
0000
340a
0000
020d
0000
0000
300a
0010
024d
0000
340a
0000
020d
0000
0000
300a
0010
024d
0000
0000
340a
0000
020d
0000
0000
300a
025d
0000
0000
340a
0000
020d
0000
0000
300a
0010
024d
0000
0000
340a
0000
020d
0000
300a
0010
024d
0000
0000
340a
0000
020d
0000
0000
300a
0010
024d
0000
340a
030d
0000
0000
0010
034d
0000
0000
0000
0000
0010
0000
0000
0000
0010
0000
0020
022d
0000
321a
0000
026d
0000
0000
020d
0000
360a
0000
022d
0000
0010
024d
0000
900a
320a
026d
0000
0000
030d
0000
940a
360a
0000
022d
0000
0010
320a
0000
026d
0000
020d
0000
360a
0000
022d
0000
0010
034d
0000
900a
320a
0000
026d
0000
360a
022d
0000
0010
024d
0000
320a
0000
026d
0000
0000
940a
360a
0000
022d
0000
321a
026d
0000
0000
030d
0000
360a
0000
022d
0000
0010
320a
0000
026d
0000
0000
020d
0000
360a
032d
0000
0010
034d
0000
900a
0000
036d
0000
0000
0000
022d
0000
025d
0000
026d
0000
920a
0000
940a
0000
960a
0010
0000
0000
030d
0000
0000
0010
020d
0000
035d
0000
900a
0000
0000
020d
0000
0000
0010
024d
0000
e00a
0000
0000
020d
0000
940a
0010
024d
0000
900a
0000
0000
020d
0000
e40a
0000
0010
024d
0000
900a
0000
940a
0000
0010
024d
0000
0000
0000
940a
0000
032d
0000
0010
0000
036d
0000
0000
022d
0000
0010
0000
026d
0000
920a
0000
0000
960a
0010
0000
0000
0000
033d
0000
0010
036d
0000
0000
0000
022d
0000
0010
0000
026d
0000
920a
0000
0000
960a
0010
0000
0000
0010
0000
0000
0000
032d
0000
0010
0000
036d
0000
0000
0000
022d
0000
0010
026d
0000
920a
0000
0000
022d
0000
960a
0010
0000
026d
0000
e20a
022d
0000
e60a
027d
0000
920a
022d
0000
960a
0010
0000
026d
0000
920a
0000
0000
960a
0010
0000
0000
0010
0000
0000
0000
0010
0000
0000
0000
0010
0000
0000
0000
0450
024d
0000
0000
020d
0000
940a
0000
022d
0000
0010
024d
0000
900a
0000
026d
0000
920a
020d
0000
940a
0000
022d
0000
960a
0010
024d
0000
900a
0000
026d
0000
920a
020d
0000
940a
0000
022d
0000
960a
0010
900a
0000
026d
0000
920a
0000
0000
960a
0010
0000
0000
0010
024d
0000
0000
340a
0000
020d
0000
0000
012d
0000
300a
025d
0000
026d
0000
0000
020d
0000
940a
360a
0000
022d
0000
0010
024d
0000
900a
320a
026d
0000
0000
020d
0000
e40a
0000
022d
0000
960a
0010
024d
0000
e00a
0000
026d
0000
920a
020d
0000
940a
0000
022d
0000
e60a
0010
900a
0000
026d
0000
e20a
022d
0000
960a
921a
0000
0000
0010
024d
0000
0000
340a
0000
020d
0000
0000
300a
027d
0000
360a
022d
0000
0010
320a
0000
0000
0000
0010
024d
0000
0000
340a
0000
020d
0000
300a
0010
024d
0000
0000
016d
0000
340a
0000
020d
0000
0000
012d
0000
300a
015d
0000
0000
026d
0000
0000
010d
0000
360a
0000
022d
0000
0010
024d
0000
320a
016d
0000
340a
0000
020d
0000
0000
012d
0000
300a
0010
014d
0000
0000
026d
0000
010d
0000
360a
0000
022d
0000
0010
024d
0000
320a
0000
016d
0000
340a
0000
020d
0000
012d
0000
300a
0010
014d
0000
0000
026d
0000
0000
010d
0000
360a
0000
022d
0000
025d
0000
320a
0000
016d
0000
340a
0000
020d
0000
0000
012d
0000
300a
027d
0000
360a
022d
0000
0010
034d
0000
320a
0000
026d
0000
0000
030d
0000
360a
022d
0000
025d
0000
320a
0000
0000
020d
0000
940a
0000
0010
900a
0000
036d
0000
032d
0000
027d
0000
0000
0000
022d
0000
960a
0010
0000
920a
0000
0000
0010
0000
035d
0000
0000
030d
0000
0000
0010
024d
0000
0000
0000
020d
0000
940a
0000
0010
900a
0000
0000
0010
0000
0000
0000
0010
0000
0000
0000
0010
0000
0000
0000
0010
036d
0000
0000
032d
0000
0010
0000
026d
0000
0000
0000
022d
0000
960a
0010
0000
920a
0000
0010
0000
0000
0000
0010
0000
0000
0000
0010
0000
0000
0000
0010
0000
0940
024d
0000
0000
020d
0000
0000
0010
034d
0000
0000
026d
0000
0c0a
0000
030d
0000
022d
0000
080a
0010
024d
0000
0000
036d
0000
0000
020d
0000
0e0a
940a
0000
032d
0000
025d
0000
0a0a
900a
0000
026d
0000
0000
020d
0000
2c0a
0000
022d
0000
960a
025d
0000
280a
0000
026d
0000
920a
0000
020d
0000
e40a
0000
022d
0000
2e0a
025d
0000
e00a
026d
0000
2a0a
0000
020d
0000
2c0a
0000
022d
0000
e60a
0010
034d
0000
280a
026d
0000
e20a
0000
030d
0000
0000
022d
0000
2e0a
0010
024d
0000
0000
036d
0000
2a0a
020d
0000
940a
0000
032d
0000
0010
024d
0000
900a
0000
026d
0000
020d
0000
2c0a
022d
0000
960a
0010
024d
0000
280a
0000
026d
0000
920a
0000
020d
0000
940a
022d
0000
2e0a
0010
024d
0000
900a
0000
026d
0000
2a0a
0000
020d
0000
940a
022d
0000
960a
0010
900a
0000
026d
0000
920a
0000
0000
022d
0000
960a
0010
920a
0000
0010
0000
0000
0000
0010
024d
0000
0000
0000
020d
0000
0000
0010
024d
0000
026d
0000
0c0a
0000
020d
0000
940a
0000
022d
0000
080a
0010
024d
0000
900a
026d
0000
020d
0000
0e0a
e40a
0000
022d
0000
960a
0010
034d
0000
0a0a
e00a
0000
026d
0000
920a
030d
0000
0000
022d
0000
e60a
0010
024d
0000
0000
036d
0000
e20a
7c0a
020d
0000
0000
032d
0000
780a
0010
0000
026d
0000
0000
7e0a
0000
022d
0000
035d
0000
7a0a
036d
0000
0000
030d
0000
0000
032d
0000
0010
034d
0000
0000
036d
0000
030d
0000
0000
032d
0000
0010
0000
0000
0000
0010
0000
0000
0000
0010
0000
0050
034d
0000
036d
0000
0000
030d
0000
0000
032d
0000
0010
024d
0000
0000
016d
0000
020d
0000
0000
012d
0000
0010
0000
340a
0000
0000
300a
0010
014d
0000
0000
026d
0000
010d
0000
0000
022d
0000
0010
0000
0000
360a
0000
0010
024d
0000
320a
016d
0000
020d
0000
0000
012d
0000
0010
0000
340a
0000
0000
300a
0010
014d
0000
026d
0000
010d
0000
0000
022d
0000
0010
0000
0000
360a
0000
0010
024d
0000
320a
016d
0000
020d
0000
0000
012d
0000
0010
0000
340a
0000
0000
300a
0010
0000
026d
0000
0000
022d
0000
0010
0000
0000
360a
0000
0010
320a
0000
0000
0000
0010
0000
04b0
024d
0000
016d
0000
0000
020d
0000
0000
0010
0000
340a
0000
0000
012d
0000
300a
0010
026d
0000
0000
0000
022d
0000
0010
0000
0000
360a
0000
0010
320a
0000
0090
034d
0000
0000
030d
0000
0000
0010
024d
0000
0000
7c0a
0000
020d
0000
0000
780a
0010
036d
0000
0000
0000
032d
0000
0010
0000
026d
0000
0000
7e0a
0000
022d
0000
035d
0000
7a0a
0000
036d
0000
0000
030d
0000
0000
032d
0000
0010
034d
0000
036d
0000
030d
0000
0000
032d
0000
0010
024d
0000
0000
026d
0000
0000
020d
0000
022d
0000
0010
0c0a
0000
0e0a
0000
080a
0010
024d
0000
0a0a
0000
026d
0000
6c0a
020d
0000
6e0a
022d
0000
680a
0010
024d
0000
6a0a
0000
026d
0000
0000
020d
0000
022d
0000
0010
0c0a
0000
0e0a
0000
080a
0010
0a0a
0000
0000
0000
0010
0000
0000
025d
0000
026d
0000
940a
0000
960a
0010
024d
0000
0000
026d
0000
0000
020d
0000
940a
022d
0000
960a
0010
024d
0000
900a
0000
026d
0000
920a
0000
020d
0000
2c0a
022d
0000
2e0a
025d
0000
900a
0000
026d
0000
920a
0000
020d
0000
940a
0000
022d
0000
960a
025d
0000
280a
0000
026d
0000
2a0a
0000
020d
0000
940a
0000
022d
0000
960a
901a
0000
920a
0000
020d
0000
0000
022d
0000
0010
900a
0000
920a
0000
0000
025d
0000
016d
0000
340a
0000
0000
0010
024d
0000
0000
026d
0000
0000
020d
0000
2c0a
360a
012d
0000
300a
0010
024d
0000
0000
026d
0000
0000
020d
0000
2c0a
0000
022d
0000
2e0a
025d
0000
280a
320a
0000
026d
0000
0000
020d
0000
2c0a
0000
022d
0000
2e0a
025d
0000
280a
0000
026d
0000
2a0a
0000
020d
0000
2c0a
0000
022d
0000
2e0a
025d
0000
280a
0000
026d
0000
2a0a
0000
020d
0000
940a
0000
022d
0000
2e0a
025d
0000
280a
026d
0000
2a0a
0000
020d
0000
2c0a
0000
022d
0000
960a
0010
024d
0000
900a
026d
0000
2a0a
0000
020d
0000
2c0a
0000
022d
0000
2e0a
0010
280a
0000
026d
0000
920a
020d
0000
0000
022d
0000
2e0a
0010
280a
0000
2a0a
0000
0000
022d
0000
0010
2a0a
0000
0000
0010
0000
0000
0000
0010
0000
0000
0000
0010
0000
0000
0020
034d
0000
0000
0000
0010
014d
0000
0000
0000
0000
0010
0000
0000
0000
0010
024d
0000
240a
0000
0000
0010
0000
0000
0000
0010
0000
0000
030d
0000
0000
0010
020d
0000
200a
0010
0000
0000
0010
0000
036d
0000
0000
0000
0010
0000
016d
0000
0020
026d
0000
260a
0000
032d
0000
0010
0000
0000
0000
012d
0000
0010
0000
0000
023d
0000
221a
0000
0000
0000
0010
0000
0000
0000
0010
0000
0000
0000
0010
0000
05d0
024d
0000
7c0a
8006
0000
0000
0010
0000
0000
0000
0010
0000
0000
0000
0010
0050
8046
0000
0010
0000
0000
0000
0010
0000
0000
0000
0010
0000
0000
0000
0010
021d
0000
780a
8106
0010
0000
0006
0000
0000
0010
0000
80c6
0000
0000
0086
0010
026d
0000
7e0a
0000
0046
0010
0000
c006
0000
0000
0010
0000
0000
0000
8086
0010
0050
8186
0000
0106
0010
0000
00c6
0000
0000
0010
0000
0000
0000
0010
0000
4086
8296
0010
0000
0000
0010
0000
0000
0000
0010
0000
c1c6
0000
0000
0010
0000
c046
01d6
0000
4046
0010
0000
0000
0000
c0c6
0010
0000
0000
0000
022d
0000
0010
7a0a
4006
0000
0010
0000
0000
0000
0186
0010
0000
0000
0000
0010
0000
0000
0000
0010
0256
0010
8206
0000
0000
81c6
0010
0000
0000
0000
0010
0000
0000
0000
0010
0000
0030
0286
0000
c286
0010
0000
c106
0000
0000
02c6
0010
0000
40c6
0000
0000
4106
0030
c086
0010
0000
0000
0010
0000
0000
0000
0010
0000
0000
0000
0206
0010
0000
8516
0010
82c6
0000
0000
0010
0000
0000
0000
0010
0000
42c6
0000
0000
41c6
0010
0030
c186
0000
0010
0000
0000
0000
4186
0010
0000
8586
0000
0000
0010
0000
0000
0030
8306
0010
c2c6
0000
0000
0506
0010
0000
0306
0000
0000
0586
0010
0000
05c6
4296
0000
c506
0010
0000
0000
0000
0010
0000
0000
0000
c206
0010
0000
85c6
0000
c586
0010
4206
0000
0000
0010
0000
0000
0000
0010
0000
8246
0000
0000
0010
0000
4246
0010
0000
0010
0000
0000
0000
8346
0010
0000
c246
0000
0000
45c6
0010
0000
0346
0000
c346
0010
0000
c306
0000
0000
4506
0010
0000
0000
0000
0010
0000
0000
4586
0010
4346
0000
0000
0010
0000
0000
0000
4306
0010
0000
0000
0000
0010
0000
00d0
c5c6
0000
0010
0000
0000
0000
0010
0000
0000
0000
0010
0000
0000
0000
0010
2ff0
fe85
0007
0000
0000
0001
1efa
d73e
7f75
0000
0010
0000
0000
0000
0010
0000
