2ff0
fe85
0007
0000
0000
0001
c9f9
d73d
7f75
0000
0010
0000
0000
0000
0010
0000
0b70
fe85
0007
0000
0000
0000
0010
0000
0000
0000
0010
0000
0000
0000
0010
0000
03a0
0e8f
0100
0000
108f
0001
0000
0000
0010
128f
0001
0000
0000
0000
0000
0010
0040
1c8f
0010
0000
0000
0000
0010
0000
0000
0000
0010
0000
0000
0000
0010
0000
2ff0
188f
8450
4a13
0000
1a8f
017f
0000
0000
0001
d241
d73d
7f75
0000
5a8f
0015
0000
249f
008b
00ac
0000
268f
00cc
000a
0000
808f
0000
1c40
0000
828f
7f49
8000
849f
0000
00d0
868f
4fac
00ea
0000
888f
0680
11e0
0000
8a8f
7f49
0000
0010
0000
0ab0
008f
0425
0000
0010
0000
0000
0000
0010
0000
0000
0000
0010
0000
0000
0000
0080
81c3
1020
0000
0000
41c3
1020
0010
0000
c1c3
1020
0000
0000
0010
0000
0000
01c3
1020
0010
0000
0000
0000
4203
1020
0010
0000
c203
1020
0000
0000
0010
0000
0203
1020
0010
0000
0000
0000
0010
8203
1020
0000
c243
1020
0000
0000
0010
0000
0243
1020
0010
0000
0000
0000
0010
8243
1020
0000
0000
0000
4243
1020
0010
0000
c283
1020
0000
0010
0000
0000
0283
1020
0000
0010
0000
0000
0000
0010
8283
1020
4283
1020
0010
c2c3
1020
0000
0000
0010
0000
0000
02c3
1020
0000
0010
0000
0000
82d3
1020
0000
42c3
1020
0010
0000
0000
0303
1020
0000
0010
0000
0000
0000
0010
8303
1020
0000
0000
4303
1020
0010
0000
c303
1020
0000
0000
0010
0000
0000
0000
8013
1020
0000
0000
4003
1020
0010
0000
c003
1020
0000
0000
0010
0000
0000
0003
1020
0010
0000
0000
0000
0010
8043
1020
0000
0000
0000
4043
1020
0010
0000
c043
1020
0000
0010
0000
0000
0043
1020
0000
0010
0000
0000
0000
4083
1020
0010
0000
c083
1020
0000
0010
0000
0000
0083
1020
0000
0010
0000
0000
0000
0010
8083
1020
40c3
1020
0010
c0c3
1020
0000
0000
0010
0000
0000
00c3
1020
0000
0010
0000
0000
80d3
1020
0000
4103
1020
0010
0000
c103
1020
0000
0000
0010
0000
0000
0103
1020
0020
8103
1020
0000
0000
4143
1020
0010
0000
c143
1020
0000
0000
0010
0000
0000
0143
1020
0010
0000
0000
0000
0010
8143
1020
0000
0000
0000
4183
1020
0010
0000
c183
1020
0000
0010
0000
0000
0183
1020
0000
0010
0000
0000
0000
0010
8183
1020
45c3
3020
0010
c5c3
3020
0000
0000
0010
0000
0000
05c3
3020
0000
0010
0000
0000
85d3
3020
c603
3020
0000
0010
0000
0000
0603
3020
0000
0010
0000
0000
0000
0010
8603
3020
0000
0000
4603
3020
0010
0000
0000
0643
3020
0000
0010
0000
0000
0000
8653
3020
0000
0000
4643
3020
0010
0000
c643
3020
0000
0000
0010
0000
0000
0000
0520
fe85
0007
0000
0000
0010
0000
0000
0000
0010
0000
0000
0000
0010
0000
0000
0510
022d
0000
024d
0000
0000
026d
0000
0000
020d
0000
0010
022d
0000
0000
024d
0000
020a
026d
0000
040a
0000
020d
0000
060a
0010
022d
0000
000a
0000
024d
0000
020a
026d
0000
040a
0000
020d
0000
060a
0010
022d
0000
000a
0000
024d
0000
020a
026d
0000
040a
020d
0000
060a
0010
022d
0000
000a
0000
024d
0000
020a
0000
026d
0000
040a
2a0a
020d
0000
060a
2c0a
0010
022d
0000
000a
2e0a
0000
024d
0000
280a
026d
0000
2a0a
020d
0000
2c0a
0010
022d
0000
2e0a
0000
024d
0000
280a
0000
026d
0000
2a0a
020d
0000
2c0a
0010
2e0a
0000
280a
0000
0000
0010
0000
0000
0000
0010
2ff0
032d
0000
0000
034d
0000
0000
036d
0000
0001
e3c1
d73d
7f75
0000
030d
0000
023d
0000
024d
0000
0000
026d
0000
0000
020d
0000
0010
022d
0000
0000
024d
0000
0a0a
026d
0000
0c0a
0000
020d
0000
0e0a
0010
022d
0000
080a
0000
024d
0000
0a0a
026d
0000
0c0a
020d
0000
0e0a
0010
022d
0000
080a
0000
024d
0000
0a0a
0000
026d
0000
0c0a
020d
0000
0e0a
0010
022d
0000
080a
0000
024d
0000
0a0a
0000
026d
0000
0c0a
020d
0000
0e0a
0010
022d
0000
080a
0000
024d
0000
0a0a
0000
026d
0000
0c0a
020d
0000
0e0a
023d
0000
080a
0000
024d
0000
0a0a
0000
026d
0000
0c0a
0000
020d
0000
0e0a
023d
0000
080a
0000
024d
0000
0a0a
0000
026d
0000
0c0a
0000
020d
0000
0e0a
023d
0000
080a
0000
024d
0000
0a0a
0000
026d
0000
0c0a
2a0a
0000
020d
0000
0e0a
2c0a
023d
0000
080a
2e0a
0000
024d
0000
280a
0000
026d
0000
2a0a
0000
020d
0000
2c0a
023d
0000
2e0a
0000
024d
0000
280a
0000
026d
0000
920a
0000
020d
0000
940a
023d
0000
960a
0000
024d
0000
900a
0000
026d
0000
920a
0000
020d
0000
940a
023d
0000
960a
024d
0000
900a
0000
026d
0000
0000
020d
0000
0010
0000
0000
0000
0020
2a0a
2c0a
0010
022d
0000
2e0a
0000
024d
0000
280a
0000
026d
0000
920a
0000
020d
0000
940a
023d
0000
960a
0000
024d
0000
900a
0000
026d
0000
0000
020d
0000
023d
0000
024d
0000
0a0a
0000
026d
0000
0c0a
0000
020d
0000
0e0a
0010
022d
0000
080a
024d
0000
0a0a
0000
026d
0000
0c0a
920a
0000
020d
0000
0e0a
940a
0010
022d
0000
080a
960a
024d
0000
900a
0000
026d
0000
2a0a
0000
020d
0000
2c0a
0010
022d
0000
2e0a
024d
0000
280a
0000
026d
0000
0000
020d
0000
0010
022d
0000
0000
024d
0000
0a0a
026d
0000
0c0a
0000
020d
0000
0e0a
0010
022d
0000
080a
0000
024d
0000
0a0a
026d
0000
0c0a
0000
020d
0000
0e0a
0010
022d
0000
080a
0000
024d
0000
0a0a
026d
0000
0c0a
2a0a
020d
0000
0e0a
2c0a
0010
080a
2e0a
0000
280a
0000
0000
0010
0030
022d
0000
024d
0000
0000
026d
0000
0000
020d
0000
0010
022d
0000
0000
024d
0000
0a0a
026d
0000
0c0a
0000
020d
0000
0e0a
0010
022d
0000
080a
0000
024d
0000
0a0a
026d
0000
0c0a
0000
020d
0000
0e0a
0010
022d
0000
080a
0000
024d
0000
0a0a
026d
0000
0c0a
020d
0000
0e0a
0010
022d
0000
080a
0000
024d
0000
0a0a
0000
026d
0000
0c0a
020d
0000
0e0a
0010
022d
0000
080a
0000
024d
0000
0a0a
0000
026d
0000
0c0a
020d
0000
0e0a
0010
022d
0000
080a
0000
024d
0000
0a0a
0000
026d
0000
0c0a
020d
0000
0e0a
023d
0000
080a
0000
024d
0000
0a0a
0000
026d
0000
0c0a
0000
020d
0000
0e0a
023d
0000
080a
0000
024d
0000
0a0a
0000
026d
0000
0c0a
0000
020d
0000
0e0a
023d
0000
080a
0000
024d
0000
0a0a
0000
026d
0000
0c0a
0000
020d
0000
0e0a
081a
0a0a
0000
0c0a
0000
0e0a
0010
080a
0000
0000
0000
0010
0000
0000
0000
0010
04e0
022d
0000
024d
0000
0000
026d
0000
0000
020d
0000
0010
022d
0000
0000
024d
0000
0a0a
026d
0000
0c0a
0000
020d
0000
0e0a
0010
022d
0000
080a
0000
024d
0000
0a0a
026d
0000
0c0a
0000
020d
0000
0e0a
0010
022d
0000
080a
0000
024d
0000
0a0a
026d
0000
0c0a
020d
0000
0e0a
0010
022d
0000
080a
0000
024d
0000
0a0a
0000
026d
0000
0c0a
020d
0000
0e0a
0010
022d
0000
080a
0000
024d
0000
0a0a
0000
026d
0000
0c0a
920a
020d
0000
0e0a
940a
0010
022d
0000
080a
960a
0000
024d
0000
900a
0000
026d
0000
020d
0000
0010
022d
0000
0000
024d
0000
0a0a
0000
026d
0000
0c0a
920a
020d
0000
0e0a
940a
023d
0000
080a
960a
0000
024d
0000
900a
0000
026d
0000
920a
020d
0000
940a
023d
0000
960a
0000
024d
0000
900a
0000
026d
0000
2a0a
0000
020d
0000
2c0a
023d
0000
2e0a
0000
024d
0000
280a
0000
026d
0000
920a
0000
020d
0000
940a
023d
0000
960a
0000
024d
0000
900a
0000
026d
0000
2a0a
0000
020d
0000
2c0a
2e1a
280a
0000
0000
0010
0000
0000
0000
0010
0000
0000
0000
0010
0000
0000
0000
0520
022d
0000
024d
0000
0000
026d
0000
2a0a
0000
020d
0000
2c0a
0010
022d
0000
2e0a
024d
0000
280a
0000
026d
0000
2a0a
0000
020d
0000
2c0a
0010
022d
0000
2e0a
024d
0000
280a
026d
0000
2a0a
0000
020d
0000
2c0a
0010
022d
0000
2e0a
0000
024d
0000
280a
026d
0000
2a0a
0000
020d
0000
2c0a
0010
022d
0000
2e0a
0000
024d
0000
280a
026d
0000
920a
0000
020d
0000
940a
0010
022d
0000
960a
0000
024d
0000
900a
026d
0000
2a0a
020d
0000
2c0a
0010
2e0a
0000
280a
0000
0000
0010
0000
0000
0000
023d
0000
024d
0000
0000
026d
0000
0000
020d
0000
0010
022d
0000
0000
024d
0000
0a0a
026d
0000
0c0a
2a0a
0000
020d
0000
0e0a
2c0a
0010
022d
0000
080a
2e0a
0000
024d
0000
280a
026d
0000
920a
0000
020d
0000
940a
0010
022d
0000
960a
0000
024d
0000
900a
026d
0000
920a
0000
020d
0000
940a
0010
960a
0000
900a
0000
0000
0010
023d
0000
024d
0000
0000
026d
0000
0000
020d
0000
0010
022d
0000
0000
024d
0000
0a0a
026d
0000
0c0a
2a0a
0000
020d
0000
0e0a
2c0a
0010
022d
0000
080a
2e0a
0000
024d
0000
280a
026d
0000
2a0a
0000
020d
0000
2c0a
0010
2e0a
0000
280a
0000
0000
0fa0
022d
0000
024d
0000
0000
026d
0000
2a0a
0000
020d
0000
2c0a
0010
022d
0000
2e0a
024d
0000
280a
0000
026d
0000
0000
020d
0000
0010
022d
0000
0000
024d
0000
0a0a
026d
0000
0c0a
2a0a
0000
020d
0000
0e0a
2c0a
0010
022d
0000
080a
2e0a
0000
024d
0000
280a
026d
0000
920a
0000
020d
0000
940a
0010
022d
0000
960a
0000
024d
0000
900a
026d
0000
2a0a
0000
020d
0000
2c0a
0010
022d
0000
2e0a
0000
024d
0000
280a
026d
0000
2a0a
0000
020d
0000
2c0a
0010
022d
0000
2e0a
0000
024d
0000
280a
026d
0000
2a0a
020d
0000
2c0a
0010
022d
0000
2e0a
0000
024d
0000
280a
0000
026d
0000
2a0a
020d
0000
2c0a
0010
022d
0000
2e0a
0000
024d
0000
280a
0000
026d
0000
920a
020d
0000
940a
0010
022d
0000
960a
0000
024d
0000
900a
0000
026d
0000
2a0a
020d
0000
2c0a
023d
0000
2e0a
0000
024d
0000
280a
0000
026d
0000
2a0a
0000
020d
0000
2c0a
023d
0000
2e0a
0000
024d
0000
280a
0000
026d
0000
2a0a
0000
020d
0000
2c0a
023d
0000
2e0a
0000
024d
0000
280a
0000
026d
0000
2a0a
0000
020d
0000
2c0a
2e1a
280a
0000
0000
0010
0000
0000
0000
0010
012d
0000
0000
014d
0000
0000
016d
0000
010d
0000
0010
0000
0000
0000
0010
022d
0000
0000
720a
0000
0000
0010
022d
0000
720a
0000
0000
0010
022d
0000
0000
720a
0000
0000
0010
022d
0000
0000
024d
0000
2a0a
740a
0000
0010
022d
0000
0000
024d
0000
0000
2a0a
740a
0000
0010
022d
0000
024d
0000
0000
2a0a
740a
0000
0010
022d
0000
0000
024d
0000
0000
026d
0000
2a0a
2c0a
760a
0010
022d
0000
0000
024d
0000
0000
026d
0000
2a0a
0000
2c0a
760a
023d
0000
024d
0000
0000
026d
0000
2a0a
0000
020d
0000
2c0a
760a
0010
022d
0000
700a
024d
0000
0000
026d
0000
2a0a
0000
020d
0000
2c0a
0010
022d
0000
2e0a
700a
024d
0000
026d
0000
2a0a
0000
020d
0000
2c0a
0010
022d
0000
2e0a
700a
0000
024d
0000
026d
0000
2a0a
0000
020d
0000
2c0a
0010
022d
0000
2e0a
0000
024d
0000
280a
026d
0000
2a0a
020d
0000
2c0a
0010
2e0a
0000
024d
0000
280a
0000
026d
0000
0000
020d
0000
2c0a
2e1a
0000
024d
0000
280a
0000
026d
0000
0000
020d
0000
2c0a
0010
2e0a
024d
0000
280a
0000
026d
0000
0000
020d
0000
2c0a
0010
2e0a
0000
280a
0000
026d
0000
020d
0000
0010
2e0a
0000
280a
0000
026d
0000
0000
020d
0000
0010
2e0a
280a
026d
0000
0000
020d
0000
0010
2e0a
0000
280a
0000
0000
020d
0000
0010
0000
280a
0000
020d
0000
0010
0000
280a
0000
0000
0010
0000
0000
0000
0010
0000
0000
09a0
022d
0000
0000
920a
0000
0010
022d
0000
0000
0000
920a
0000
0010
022d
0000
2a0a
023d
0000
0000
0000
2a0a
0000
0010
022d
0000
0000
0000
2a0a
0000
0010
022d
0000
0000
0000
0010
022d
0000
0000
0a0a
0000
2a0a
0000
0010
022d
0000
0000
0000
2a0a
0010
022d
0000
0000
0000
2a0a
0000
0010
022d
0000
0000
0000
2a0a
0000
0010
022d
0000
0000
2a0a
0000
0010
022d
0000
0000
0000
2a0a
0000
0010
022d
0000
0000
023d
0000
0a0a
0000
920a
0000
0010
0000
0000
0000
0010
0000
0000
0000
0010
0000
0020
024d
0000
026d
0000
0000
020d
0000
940a
0010
960a
0000
024d
0000
900a
0000
026d
0000
020d
0000
940a
0010
960a
0000
024d
0000
900a
0000
026d
0000
0000
020d
0000
2c0a
2e1a
024d
0000
280a
026d
0000
020d
0000
2c0a
2e1a
024d
0000
280a
026d
0000
020d
0000
2c0a
0010
2e0a
0000
024d
0000
280a
0000
026d
0000
0000
020d
0000
025d
0000
026d
0000
0c0a
020d
0000
0e0a
2c0a
0010
080a
2e0a
0000
024d
0000
280a
026d
0000
020d
0000
2c0a
0010
2e0a
0000
024d
0000
280a
0000
026d
0000
0000
020d
0000
2c0a
2e1a
0000
024d
0000
280a
0000
026d
0000
0000
020d
0000
2c0a
0010
2e0a
024d
0000
280a
026d
0000
0000
020d
0000
2c0a
0010
2e0a
0000
024d
0000
280a
0000
026d
0000
020d
0000
2c0a
0010
2e0a
0000
024d
0000
280a
0000
026d
0000
0000
020d
0000
0010
024d
0000
0000
026d
0000
0c0a
0000
020d
0000
0e0a
940a
0010
080a
960a
900a
0000
0010
0000
0000
0000
0010
0000
0000
0000
0010
0000
0000
0000
0010
0000
0b40
032d
0000
0000
0000
0010
022d
0000
0000
0000
0000
0010
0000
0000
0000
0010
320a
0000
0010
0000
0000
0000
0010
0000
0000
0000
0010
0000
0000
0000
0010
0000
0940
032d
0000
0000
0000
0010
022d
0000
0000
0000
0000
0010
0000
0000
0000
0010
0020
320a
0000
0010
032d
0000
0000
0000
0000
0010
022d
0000
0000
0000
0000
0010
034d
0000
0000
0010
0000
024d
0000
0000
0000
0010
0000
0000
0000
0010
0000
320a
340a
0010
022d
0000
0000
620a
0000
0000
0010
0000
0000
0000
0010
0000
0000
0000
00d0
034d
0000
0000
0010
0000
024d
0000
0000
0000
0010
0000
0000
0000
0010
0000
0020
340a
0010
0000
034d
0000
0000
0000
0010
0000
024d
0000
0000
0000
0010
0000
037d
0000
0010
0000
0000
016d
0000
0000
0010
0000
0000
340a
0000
0010
0000
024d
0000
640a
0000
0010
0000
0000
026d
0000
0000
0010
0000
0000
0000
0010
0000
0000
360a
0010
0000
036d
0000
0000
0010
0000
0000
026d
0000
0000
0010
0000
0000
0000
0030
360a
0010
0000
036d
0000
0000
030d
0000
0010
0000
0000
026d
0000
0000
020d
0000
0010
0000
0000
0010
0000
0000
0000
0010
300a
0000
0000
0000
0010
0000
0000
360a
0010
0000
026d
0000
0000
660a
0010
0000
0000
0000
0010
0000
0000
0000
0010
0090
022d
0000
024d
0000
0000
026d
0000
0000
0010
022d
0000
0000
024d
0000
0a0a
026d
0000
0c0a
920a
0e0a
940a
0010
022d
0000
960a
0000
024d
0000
0000
026d
0000
023d
0000
024d
0000
0a0a
026d
0000
0c0a
e20a
0000
0e0a
e40a
0010
022d
0000
e60a
024d
0000
026d
0000
e20a
0000
e40a
0010
e60a
0000
0000
0000
0010
0000
0000
0000
0040
022d
0000
024d
0000
0000
026d
0000
e20a
0000
e40a
0010
022d
0000
e60a
0000
024d
0000
026d
0000
e20a
0000
e40a
0010
022d
0000
e60a
0000
024d
0000
0000
026d
0000
920a
940a
0010
022d
0000
960a
0000
024d
0000
6a0a
0000
026d
0000
6c0a
0000
6e0a
023d
0000
0000
024d
0000
0000
026d
0000
0000
0010
0000
0a0a
0000
0c0a
0000
0e0a
0010
0000
0000
0010
0000
0000
0000
0010
022d
0000
0000
024d
0000
0000
026d
0000
0010
022d
0000
0000
024d
0000
0a0a
0000
026d
0000
0c0a
0000
0e0a
0010
022d
0000
024d
0000
0a0a
0000
026d
0000
0c0a
0000
0e0a
0010
022d
0000
0000
024d
0000
0a0a
026d
0000
0c0a
0000
0e0a
0010
022d
0000
0000
024d
0000
0a0a
0000
026d
0000
0c0a
920a
0e0a
940a
0010
022d
0000
960a
0000
024d
0000
0000
026d
0000
920a
0000
940a
961a
0000
0000
0000
0010
0000
0000
0000
0010
0000
0000
0000
0010
0000
0000
0500
030d
0000
0010
0000
0000
020d
0000
0010
0000
0000
0000
0010
0000
0000
0000
0030
300a
0000
0000
030d
0000
0010
0000
0000
0000
020d
0000
0010
0000
0000
0000
0030
022d
0000
024d
0000
0000
026d
0000
2a0a
0000
2c0a
0010
022d
0000
2e0a
300a
024d
0000
026d
0000
920a
0000
020d
0000
940a
0010
022d
0000
960a
600a
0000
024d
0000
026d
0000
920a
0000
940a
0010
022d
0000
960a
0000
024d
0000
0000
026d
0000
920a
940a
0010
022d
0000
960a
0000
024d
0000
0000
026d
0000
0000
0010
022d
0000
024d
0000
0a0a
026d
0000
0c0a
2a0a
0000
0e0a
2c0a
0010
022d
0000
2e0a
0000
024d
0000
026d
0000
2a0a
0000
020d
0000
2c0a
0010
022d
0000
2e0a
0000
024d
0000
0000
026d
0000
2a0a
020d
0000
2c0a
0010
022d
0000
080a
2e0a
0000
024d
0000
900a
0000
026d
0000
2a0a
020d
0000
2c0a
0010
022d
0000
2e0a
0000
024d
0000
0000
026d
0000
2a0a
020d
0000
2c0a
0010
022d
0000
080a
2e0a
0000
024d
0000
e00a
0000
026d
0000
2a0a
020d
0000
2c0a
0010
022d
0000
2e0a
0000
024d
0000
e00a
0000
026d
0000
2a0a
020d
0000
2c0a
023d
0000
2e0a
0000
024d
0000
e00a
0000
026d
0000
2a0a
0000
020d
0000
2c0a
2e1a
0000
e00a
0000
0000
020d
0000
0010
0000
900a
0000
0000
020d
0000
681a
0000
0000
020d
0000
0010
0000
0000
0000
0010
080a
0000
0000
0000
0010
0000
021d
0000
023d
0000
0000
024d
0000
0000
026d
0000
2a0a
0000
020d
0000
2c0a
0010
022d
0000
080a
2e0a
024d
0000
0000
026d
0000
2a0a
0000
020d
0000
2c0a
0010
022d
0000
080a
2e0a
024d
0000
0000
026d
0000
2a0a
0000
020d
0000
2c0a
0010
022d
0000
080a
2e0a
024d
0000
0000
026d
0000
2a0a
0000
020d
0000
2c0a
0010
022d
0000
080a
2e0a
024d
0000
900a
0000
026d
0000
2a0a
0000
020d
0000
2c0a
0010
022d
0000
2e0a
024d
0000
900a
026d
0000
2a0a
0000
020d
0000
2c0a
0010
022d
0000
2e0a
0000
024d
0000
280a
026d
0000
2a0a
0000
020d
0000
2c0a
0010
022d
0000
2e0a
0000
024d
0000
900a
026d
0000
2a0a
0000
020d
0000
2c0a
0010
022d
0000
2e0a
0000
024d
0000
900a
026d
0000
2a0a
020d
0000
2c0a
0010
022d
0000
2e0a
0000
024d
0000
900a
0000
026d
0000
2a0a
020d
0000
2c0a
0010
022d
0000
2e0a
0000
024d
0000
0000
026d
0000
2a0a
020d
0000
2c0a
023d
0000
080a
2e0a
0000
024d
0000
280a
0000
026d
0000
2a0a
0000
020d
0000
2c0a
023d
0000
2e0a
0000
024d
0000
280a
0000
026d
0000
2a0a
0000
020d
0000
2c0a
2e1a
0000
280a
0000
0000
020d
0000
0010
0000
280a
0000
0000
020d
0000
281a
020d
0000
0010
0000
280a
0000
0000
020d
0000
0010
022d
0000
0000
024d
0000
280a
026d
0000
0000
020d
0000
0010
022d
0000
0000
024d
0000
0a0a
280a
0000
026d
0000
0c0a
2a0a
020d
0000
0e0a
2c0a
0010
022d
0000
2e0a
0000
024d
0000
280a
0000
026d
0000
2a0a
020d
0000
2c0a
0010
2e0a
0000
280a
0000
0000
020d
0000
0010
0000
280a
0000
020d
0000
0010
0000
280a
0000
0000
020d
0000
0010
0000
280a
0000
0000
020d
0000
0010
280a
0000
0000
020d
0000
0010
0000
280a
0000
0000
020d
0000
0010
280a
0000
020d
0000
0010
0000
280a
0000
0000
020d
0000
0010
0000
280a
0000
0000
020d
0000
0010
280a
0000
0000
020d
0000
0010
0000
280a
0000
0000
020d
0000
0010
280a
0000
0010
0000
0000
0000
0010
0000
0000
0000
0010
0000
0000
0000
0010
0000
020d
0000
0010
0000
020d
0000
0010
080a
0000
280a
0000
0000
020d
0000
0010
0000
280a
0000
0010
0000
0000
0000
0010
0000
0000
0000
0010
0000
0000
0000
0010
0000
0220
022d
0000
024d
0000
0000
026d
0000
2a0a
0000
2c0a
0010
022d
0000
2e0a
0000
024d
0000
026d
0000
0000
020d
0000
0010
022d
0000
0000
024d
0000
8a0a
280a
0000
026d
0000
8c0a
920a
020d
0000
8e0a
940a
0010
022d
0000
960a
0000
024d
0000
0000
026d
0000
920a
020d
0000
940a
0010
880a
960a
0000
900a
0000
0000
020d
0000
0010
900a
0000
0010
0000
0000
0000
0010
022d
0000
0000
024d
0000
0000
026d
0000
0000
023d
0000
024d
0000
0a0a
0000
026d
0000
0c0a
0000
020d
0000
0e0a
0010
022d
0000
024d
0000
0a0a
026d
0000
0c0a
920a
0000
020d
0000
0e0a
940a
0010
022d
0000
080a
960a
024d
0000
0000
026d
0000
920a
0000
020d
0000
940a
0010
022d
0000
080a
960a
024d
0000
900a
026d
0000
920a
0000
020d
0000
940a
0010
960a
0000
900a
0000
0000
020d
0000
0010
900a
0000
0000
0010
0000
0000
0000
0010
0000
0000
0000
0010
0000
00d0
022d
0000
024d
0000
0000
026d
0000
920a
0000
940a
0010
022d
0000
960a
0000
024d
0000
026d
0000
920a
0000
940a
0010
022d
0000
960a
0000
024d
0000
0000
026d
0000
920a
940a
0010
022d
0000
960a
0000
024d
0000
0000
026d
0000
920a
0000
940a
961a
0000
0000
0010
022d
0000
0000
024d
0000
0000
026d
0000
920a
0000
940a
0010
022d
0000
960a
024d
0000
0000
026d
0000
920a
0000
940a
0010
022d
0000
960a
0000
024d
0000
026d
0000
920a
0000
940a
0010
022d
0000
960a
0000
024d
0000
0000
026d
0000
920a
940a
0010
960a
0000
0000
0000
0010
0000
0000
0000
0010
0000
0000
0000
04c0
020d
0000
023d
0000
0000
024d
0000
900a
0000
026d
0000
920a
0000
020d
0000
940a
023d
0000
960a
0000
024d
0000
900a
0000
026d
0000
920a
0000
020d
0000
940a
023d
0000
960a
024d
0000
900a
0000
026d
0000
920a
0000
020d
0000
940a
0010
022d
0000
960a
024d
0000
900a
0000
026d
0000
920a
0000
940a
0010
960a
0000
0000
0000
020d
0000
023d
0000
0000
024d
0000
900a
0000
920a
0000
020d
0000
940a
0010
022d
0000
024d
0000
900a
0000
026d
0000
920a
0000
020d
0000
940a
0010
022d
0000
960a
024d
0000
900a
026d
0000
920a
0000
020d
0000
940a
0010
022d
0000
960a
0000
024d
0000
900a
026d
0000
920a
0000
940a
0010
022d
0000
960a
0000
024d
0000
0000
026d
0000
2a0a
020d
0000
2c0a
0010
960a
0000
900a
0000
026d
0000
0000
020d
0000
0010
2e0a
900a
0000
0000
020d
0000
0010
0000
900a
0000
0000
020d
0000
0010
0000
900a
021d
0000
0010
900a
0000
0000
020d
0000
0010
0000
900a
0000
0000
020d
0000
0010
900a
0000
020d
0000
0010
0000
900a
0000
0000
020d
0000
0010
0000
280a
0000
0000
0a90
022d
0000
024d
0000
0000
026d
0000
e20a
0000
e40a
0010
022d
0000
e60a
0000
024d
0000
026d
0000
e20a
0000
020d
0000
e40a
0010
022d
0000
e60a
0000
024d
0000
e00a
026d
0000
e20a
0000
020d
0000
e40a
0010
022d
0000
e60a
0000
024d
0000
e00a
026d
0000
e20a
020d
0000
e40a
0010
022d
0000
e60a
0000
024d
0000
e00a
0000
026d
0000
020d
0000
0010
022d
0000
0000
024d
0000
8a0a
e00a
0000
026d
0000
8c0a
2a0a
020d
0000
8e0a
2c0a
023d
0000
2e0a
0000
024d
0000
0000
026d
0000
2a0a
0000
020d
0000
2c0a
023d
0000
880a
2e0a
0000
024d
0000
280a
0000
026d
0000
2a0a
0000
020d
0000
2c0a
023d
0000
2e0a
0000
024d
0000
280a
0000
026d
0000
2a0a
0000
020d
0000
2c0a
2e1a
0000
280a
0000
0000
020d
0000
0010
0000
280a
0000
0000
0010
012d
0000
014d
0000
016d
0000
0000
0010
0000
0000
0000
010d
0000
0010
022d
0000
0000
720a
023d
0000
720a
0000
0000
0010
022d
0000
0000
720a
0000
0000
0010
032d
0000
0000
024d
0000
740a
0000
0010
022d
0000
0000
024d
0000
7a0a
0000
740a
0000
0010
0000
024d
0000
740a
0000
0010
0000
034d
0000
0000
026d
0000
0000
760a
0010
0000
024d
0000
026d
0000
7c0a
0000
760a
0010
0000
0000
026d
0000
0000
020d
0000
760a
0010
700a
0000
036d
0000
0000
020d
0000
0010
700a
0000
0000
026d
0000
0000
020d
0000
7e0a
701a
0000
0000
0000
030d
0000
0010
0000
0000
0000
020d
0000
0010
032d
0000
780a
034d
0000
0000
036d
0000
0000
030d
0000
0010
032d
0000
0000
034d
0000
0000
036d
0000
030d
0000
0010
022d
0000
0000
024d
0000
320a
0000
016d
0000
340a
0000
020d
0000
013d
0000
300a
0000
014d
0000
0000
026d
0000
0000
010d
0000
360a
0010
022d
0000
024d
0000
320a
0000
016d
0000
340a
0000
020d
0000
0010
012d
0000
300a
014d
0000
026d
0000
0000
010d
0000
360a
0010
022d
0000
0000
024d
0000
320a
0000
016d
0000
340a
020d
0000
0010
012d
0000
300a
0000
014d
0000
0000
026d
0000
0000
010d
0000
360a
023d
0000
0000
024d
0000
320a
0000
016d
0000
340a
0000
020d
0000
301a
026d
0000
360a
0020
0000
0000
0000
0010
0000
0000
0000
0010
0000
0000
0000
03f0
022d
0000
024d
0000
320a
0000
340a
0000
0010
022d
0000
0000
024d
0000
320a
340a
0010
022d
0000
0000
024d
0000
320a
0000
340a
0000
0010
022d
0000
0000
024d
0000
320a
340a
0000
0010
0000
0000
0000
0010
022d
0000
0000
024d
0000
320a
0000
340a
0010
022d
0000
0000
024d
0000
320a
0000
340a
0000
0010
022d
0000
0000
024d
0000
320a
340a
0000
0010
022d
0000
0000
024d
0000
320a
0000
340a
0000
0010
0000
0170
020d
0000
301a
0000
0000
026d
0000
0000
020d
0000
360a
0010
012d
0000
300a
024d
0000
016d
0000
340a
0000
010d
0000
0010
022d
0000
0000
014d
0000
320a
0000
026d
0000
020d
0000
360a
0010
012d
0000
300a
0000
024d
0000
0000
016d
0000
340a
010d
0000
023d
0000
0000
034d
0000
320a
0000
026d
0000
0000
020d
0000
360a
0010
032d
0000
300a
024d
0000
0000
026d
0000
0000
020d
0000
940a
360a
0010
022d
0000
300a
034d
0000
0000
026d
0000
920a
0000
020d
0000
360a
0010
032d
0000
300a
0000
024d
0000
026d
0000
0000
020d
0000
940a
360a
0010
022d
0000
300a
0000
0000
026d
0000
920a
020d
0000
360a
0010
300a
0000
0000
026d
0000
0000
360a
0010
0000
014d
0000
0000
020d
0000
0010
012d
0000
300a
0000
024d
0000
0000
016d
0000
340a
0000
010d
0000
023d
0000
0000
024d
0000
320a
0000
026d
0000
0000
360a
0010
022d
0000
024d
0000
016d
0000
0c0a
0000
020d
0000
e40a
0010
022d
0000
300a
0000
034d
0000
0a0a
026d
0000
e20a
0000
030d
0000
360a
0010
032d
0000
0000
0000
036d
0000
0000
020d
0000
0010
900a
0000
026d
0000
0000
0010
960a
0000
0000
0000
030d
0000
0010
020d
0000
0010
900a
0000
0000
0010
0000
0000
036d
0000
0000
0010
0000
0000
026d
0000
020d
0000
0010
960a
300a
0000
0000
0000
020d
0000
0010
0000
0000
0000
020d
0000
081a
0000
e00a
0000
026d
0000
0000
030d
0000
360a
0010
0000
0000
026d
0000
027d
0000
0e0a
0010
e60a
0000
0000
036d
0000
0000
0010
0000
0000
0000
0010
0000
02d0
024d
0000
0000
020d
0000
940a
0010
022d
0000
0000
034d
0000
900a
0000
026d
0000
920a
030d
0000
0010
032d
0000
960a
0000
024d
0000
0000
036d
0000
0000
020d
0000
940a
023d
0000
0000
024d
0000
900a
0000
026d
0000
920a
0000
020d
0000
2c0a
023d
0000
960a
024d
0000
280a
0000
026d
0000
2a0a
0000
020d
0000
940a
0010
022d
0000
2e0a
024d
0000
900a
0000
026d
0000
920a
0000
020d
0000
940a
0010
022d
0000
960a
024d
0000
900a
0000
026d
0000
920a
0000
020d
0000
e40a
0010
022d
0000
960a
e00a
026d
0000
e20a
0000
0010
e60a
0000
024d
0000
0000
340a
0000
020d
0000
0010
012d
0000
300a
024d
0000
0000
016d
0000
340a
0000
010d
0000
0010
022d
0000
0000
320a
026d
0000
0000
020d
0000
360a
0010
012d
0000
300a
0000
0000
026d
0000
0000
360a
023d
0000
0000
320a
0000
0000
0010
0000
0000
0000
0010
0000
0000
0000
0010
0120
020d
0000
013d
0000
300a
0000
024d
0000
0000
016d
0000
340a
0000
010d
0000
023d
0000
014d
0000
320a
0000
026d
0000
0000
020d
0000
360a
0010
012d
0000
300a
024d
0000
016d
0000
340a
0000
010d
0000
0010
022d
0000
0000
014d
0000
320a
0000
026d
0000
020d
0000
360a
0010
012d
0000
300a
0000
024d
0000
0000
016d
0000
340a
030d
0000
023d
0000
0000
034d
0000
320a
0000
026d
0000
0000
020d
0000
360a
0010
032d
0000
024d
0000
900a
0000
036d
0000
0000
030d
0000
940a
0010
022d
0000
0000
034d
0000
026d
0000
920a
0000
020d
0000
0010
032d
0000
960a
0000
024d
0000
900a
036d
0000
020d
0000
940a
0010
022d
0000
0000
024d
0000
900a
0000
026d
0000
920a
940a
023d
0000
960a
0000
0000
026d
0000
920a
0000
0010
960a
0000
0000
0000
0010
021d
0000
0010
024d
0000
0000
0000
020d
0000
0010
022d
0000
080a
0000
024d
0000
280a
026d
0000
0c0a
0000
2c0a
0010
022d
0000
0000
0a0a
0000
026d
0000
2a0a
0000
0e0a
2e1a
0000
0000
0000
0010
0000
0000
0000
0010
0000
0000
0000
0010
0000
0000
04a0
020d
0000
0010
024d
0000
e00a
0000
0000
030d
0000
e40a
0010
0000
034d
0000
020d
0000
025d
0000
900a
0000
0000
030d
0000
940a
0010
0000
034d
0000
0000
0000
020d
0000
0010
024d
0000
900a
0000
0000
030d
0000
940a
0010
0000
034d
0000
0000
020d
0000
781a
0000
024d
0000
0000
7c0a
0000
0010
0000
0000
0000
0010
0000
0000
03e0
022d
0000
0000
026d
0000
e20a
0000
0010
032d
0000
e60a
0000
0000
036d
0000
023d
0000
026d
0000
920a
0000
0010
032d
0000
960a
0000
0000
036d
0000
0000
0010
022d
0000
0000
026d
0000
920a
0000
0010
032d
0000
960a
0000
0000
036d
0000
0000
023d
0000
7a0a
0000
026d
0000
0000
030d
0000
7e0a
0010
032d
0000
0000
034d
0000
036d
0000
030d
0000
0010
032d
0000
0000
034d
0000
0000
036d
0000
0000
020d
0000
013d
0000
024d
0000
0000
016d
0000
0000
0010
0000
0000
0000
0010
300a
0000
0000
340a
030d
0000
0010
022d
0000
0000
034d
0000
0000
026d
0000
0000
010d
0000
0010
014d
0000
0000
0010
0000
320a
0000
0000
020d
0000
360a
0010
032d
0000
0000
024d
0000
036d
0000
0000
0010
012d
0000
0000
0000
016d
0000
0000
0010
0000
0000
0000
0020
300a
0000
0000
030d
0000
0010
022d
0000
0000
0000
340a
0000
010d
0000
0010
034d
0000
026d
0000
0000
0010
0000
014d
0000
0000
0000
0010
0000
0000
0000
0010
320a
0000
0010
032d
0000
0000
0000
0000
360a
0010
012d
0000
0000
0000
036d
0000
017d
0000
020d
0000
0010
0000
0000
0000
0010
0000
0000
0000
0010
0000
024d
0000
0020
300a
0000
0000
020d
0000
0010
022d
0000
0000
e00a
0000
0000
020d
0000
0010
680a
0000
340a
0000
0010
0000
024d
0000
0000
026d
0000
0000
e40a
0010
0000
024d
0000
6c0a
0000
0010
0000
320a
0000
0000
0010
022d
0000
0000
0000
e20a
0000
0010
022d
0000
6a0a
0000
0000
360a
0010
0000
0000
026d
0000
0000
0010
e60a
0000
0000
026d
0000
6e0a
0010
0000
0000
0000
0010
0000
0000
0000
0010
0000
0000
0000
0010
030d
0000
0010
0000
0000
020d
0000
0010
780a
0000
0000
0000
0010
0000
034d
0000
025d
0000
7c0a
0000
0010
032d
0000
0000
0000
0000
0010
022d
0000
0000
7a0a
0000
037d
0000
0010
0000
0000
026d
0000
0000
030d
0000
7e0a
0010
032d
0000
0000
034d
0000
036d
0000
0000
030d
0000
0010
032d
0000
0000
034d
0000
0000
036d
0000
0000
020d
0000
013d
0000
300a
0000
024d
0000
0000
016d
0000
340a
0000
020d
0000
0010
022d
0000
024d
0000
900a
320a
0000
026d
0000
0000
020d
0000
940a
360a
0010
022d
0000
024d
0000
900a
0000
026d
0000
920a
0000
020d
0000
940a
0010
022d
0000
960a
024d
0000
026d
0000
920a
0000
0010
022d
0000
880a
960a
0000
0000
026d
0000
8c0a
8a1a
0000
8e0a
0010
0000
0000
0000
0010
0000
0000
0000
0010
0000
0000
0000
0010
07f0
020d
0000
023d
0000
0000
024d
0000
900a
0000
920a
0000
020d
0000
940a
0010
022d
0000
024d
0000
900a
0000
026d
0000
920a
0000
940a
0010
960a
0000
0000
026d
0000
0010
960a
0000
0000
0000
020d
0000
0010
012d
0000
300a
0000
024d
0000
0000
340a
010d
0000
0010
022d
0000
0000
024d
0000
320a
0000
016d
0000
340a
0000
020d
0000
013d
0000
300a
0000
014d
0000
0000
026d
0000
0000
010d
0000
360a
0010
022d
0000
024d
0000
320a
0000
016d
0000
340a
0000
020d
0000
0010
012d
0000
300a
0000
014d
0000
026d
0000
0000
010d
0000
360a
0010
022d
0000
0000
024d
0000
320a
0000
016d
0000
340a
020d
0000
0010
012d
0000
300a
0000
024d
0000
0000
026d
0000
0000
020d
0000
940a
360a
023d
0000
0000
024d
0000
900a
320a
0000
026d
0000
0000
020d
0000
940a
360a
023d
0000
0000
900a
0000
026d
0000
920a
0000
0010
022d
0000
960a
026d
0000
920a
961a
0000
0000
0000
0010
0000
0000
0000
0010
0000
0000
0000
0010
0020
024d
0000
0000
020d
0000
0010
022d
0000
0000
024d
0000
0000
026d
0000
8c0a
020d
0000
940a
023d
0000
880a
0000
024d
0000
8a0a
900a
0000
026d
0000
920a
0000
020d
0000
8e0a
940a
023d
0000
960a
0000
024d
0000
900a
0000
026d
0000
920a
0000
020d
0000
940a
023d
0000
960a
0000
024d
0000
900a
0000
026d
0000
920a
0000
020d
0000
940a
023d
0000
960a
0000
024d
0000
900a
0000
026d
0000
920a
0000
020d
0000
940a
023d
0000
960a
0000
024d
0000
900a
0000
026d
0000
920a
0000
020d
0000
940a
023d
0000
960a
900a
0000
026d
0000
920a
0000
0010
960a
0000
0000
0000
0010
0000
024d
0000
340a
0000
020d
0000
0010
012d
0000
300a
0000
0000
026d
0000
0000
360a
023d
0000
320a
0000
0000
0010
0000
0000
0000
0010
0000
0000
0000
0010
0000
0000
04d0
024d
0000
340a
0000
020d
0000
0010
012d
0000
300a
0000
024d
0000
0000
016d
0000
340a
010d
0000
0010
022d
0000
0000
014d
0000
320a
0000
026d
0000
0000
020d
0000
360a
013d
0000
300a
0000
024d
0000
0000
016d
0000
340a
0000
010d
0000
0010
022d
0000
014d
0000
320a
0000
026d
0000
0000
020d
0000
360a
0010
012d
0000
300a
024d
0000
016d
0000
340a
0000
010d
0000
0010
022d
0000
0000
014d
0000
320a
0000
026d
0000
020d
0000
360a
0010
012d
0000
300a
0000
024d
0000
0000
016d
0000
340a
010d
0000
023d
0000
0000
014d
0000
320a
0000
026d
0000
0000
020d
0000
360a
0010
012d
0000
300a
024d
0000
0000
016d
0000
340a
0000
010d
0000
0010
022d
0000
0000
014d
0000
320a
026d
0000
0000
020d
0000
360a
0010
012d
0000
300a
0000
0000
016d
0000
010d
0000
0010
0000
024d
0000
0000
340a
0000
0010
022d
0000
0000
034d
0000
320a
0000
0010
012d
0000
0000
024d
0000
0000
026d
0000
0000
020d
0000
940a
360a
301a
034d
0000
0000
016d
0000
0000
030d
0000
0010
0000
024d
0000
0000
026d
0000
020d
0000
940a
360a
023d
0000
0000
900a
320a
0000
036d
0000
0000
030d
0000
0010
032d
0000
0000
026d
0000
0000
020d
0000
0010
022d
0000
960a
0000
900a
0000
920a
033d
0000
036d
0000
0000
0010
022d
0000
0000
0000
026d
0000
920a
0000
0010
960a
034d
0000
0000
0010
0000
024d
0000
0000
0000
940a
0010
0000
0000
0000
030d
0000
021d
0000
0010
900a
0000
0000
0010
032d
0000
0000
0000
0000
0010
022d
0000
0000
036d
0000
920a
0010
0000
0000
026d
0000
0000
0010
960a
0000
034d
0000
0000
0000
025d
0000
940a
0010
0000
024d
0000
0000
0000
030d
0000
e40a
0010
0000
024d
0000
020d
0000
940a
025d
0000
900a
0000
0000
020d
0000
940a
0010
032d
0000
0000
e00a
020d
0000
023d
0000
900a
0000
036d
0000
920a
0000
020d
0000
0010
022d
0000
0000
900a
026d
0000
e20a
0000
0010
022d
0000
960a
0000
0000
026d
0000
920a
0000
0010
022d
0000
e60a
0000
026d
0000
920a
0000
0010
960a
0000
0000
026d
0000
0000
0010
960a
0000
0000
0010
0000
0000
0000
0010
0000
0000
0000
0010
0000
0000
0000
0010
0460
024d
0000
0000
020d
0000
940a
0010
022d
0000
0000
024d
0000
900a
0000
026d
0000
920a
020d
0000
940a
0010
022d
0000
960a
0000
024d
0000
900a
0000
026d
0000
920a
020d
0000
940a
0010
022d
0000
960a
0000
900a
0000
026d
0000
920a
0000
0010
960a
0000
0000
0010
0000
024d
0000
0000
340a
0000
020d
0000
0010
012d
0000
300a
024d
0000
026d
0000
0000
020d
0000
940a
360a
0010
022d
0000
0000
024d
0000
900a
320a
026d
0000
0000
020d
0000
e40a
0010
022d
0000
960a
0000
024d
0000
e00a
0000
026d
0000
920a
020d
0000
940a
0010
022d
0000
e60a
0000
900a
0000
026d
0000
e20a
023d
0000
960a
920a
025d
0000
340a
020d
0000
301a
0000
026d
0000
0000
360a
0010
022d
0000
320a
0000
0000
0010
0000
0000
0000
0010
0000
0000
0000
0010
0000
0000
0030
024d
0000
340a
0000
020d
0000
0010
300a
0000
024d
0000
0000
016d
0000
340a
020d
0000
013d
0000
300a
0000
014d
0000
0000
026d
0000
0000
010d
0000
360a
0010
022d
0000
024d
0000
320a
0000
016d
0000
340a
0000
020d
0000
0010
012d
0000
300a
014d
0000
026d
0000
0000
010d
0000
360a
0010
022d
0000
0000
024d
0000
320a
0000
016d
0000
340a
020d
0000
0010
012d
0000
300a
0000
014d
0000
0000
026d
0000
0000
010d
0000
360a
023d
0000
0000
024d
0000
320a
0000
016d
0000
340a
0000
020d
0000
013d
0000
300a
034d
0000
0000
026d
0000
0000
030d
0000
360a
0010
022d
0000
0000
024d
0000
320a
026d
0000
0000
020d
0000
940a
360a
0010
022d
0000
0000
900a
320a
036d
0000
0010
032d
0000
0000
0000
026d
0000
0000
0010
022d
0000
960a
0000
0000
920a
0010
0000
0000
0000
0010
0000
034d
0000
0000
0000
030d
0000
0010
0000
024d
0000
0000
020d
0000
940a
0010
0000
900a
0000
0000
0010
0000
0000
0000
0010
0000
0020
036d
0000
0010
032d
0000
0000
0000
026d
0000
0000
0010
022d
0000
960a
0000
920a
0010
0000
0000
0000
0010
0000
0000
0000
0010
0000
0000
0000
0010
0000
0000
0980
024d
0000
0000
020d
0000
0010
0000
034d
0000
0000
026d
0000
0c0a
0000
030d
0000
023d
0000
080a
0000
024d
0000
0000
036d
0000
0000
020d
0000
0e0a
940a
0010
032d
0000
024d
0000
0a0a
900a
0000
026d
0000
0000
020d
0000
2c0a
0010
022d
0000
960a
024d
0000
280a
0000
026d
0000
920a
0000
020d
0000
e40a
0010
022d
0000
2e0a
024d
0000
e00a
026d
0000
2a0a
0000
020d
0000
2c0a
0010
022d
0000
e60a
0000
034d
0000
280a
026d
0000
e20a
0000
030d
0000
0010
022d
0000
2e0a
0000
024d
0000
0000
036d
0000
2a0a
020d
0000
940a
0010
032d
0000
0000
024d
0000
900a
0000
026d
0000
020d
0000
2c0a
023d
0000
960a
0000
024d
0000
280a
0000
026d
0000
920a
0000
020d
0000
940a
023d
0000
2e0a
0000
024d
0000
900a
0000
026d
0000
2a0a
0000
020d
0000
940a
023d
0000
960a
0000
900a
0000
026d
0000
920a
0000
0010
022d
0000
960a
0000
920a
0010
0000
0000
0000
0010
0000
024d
0000
0000
0000
020d
0000
0010
0000
024d
0000
026d
0000
0c0a
0000
020d
0000
940a
0010
022d
0000
080a
0000
024d
0000
900a
026d
0000
020d
0000
0e0a
e40a
0010
022d
0000
960a
0000
034d
0000
0a0a
e00a
0000
026d
0000
920a
030d
0000
0010
022d
0000
e60a
0000
024d
0000
0000
036d
0000
e20a
7c0a
020d
0000
0010
032d
0000
780a
0000
0000
026d
0000
0000
7e0a
0010
022d
0000
034d
0000
7a0a
036d
0000
0000
030d
0000
0010
032d
0000
0000
034d
0000
0000
036d
0000
030d
0000
0010
032d
0000
0000
0000
0000
0010
0000
0000
0000
0010
0000
0000
0050
034d
0000
036d
0000
0000
030d
0000
0010
032d
0000
0000
024d
0000
0000
016d
0000
020d
0000
0010
012d
0000
0000
0000
340a
0000
0010
300a
0000
014d
0000
0000
026d
0000
010d
0000
0010
022d
0000
0000
0000
0000
360a
0010
0000
024d
0000
320a
016d
0000
020d
0000
0010
012d
0000
0000
0000
340a
0000
0010
300a
0000
014d
0000
026d
0000
010d
0000
0010
022d
0000
0000
0000
0000
360a
0010
0000
024d
0000
320a
016d
0000
020d
0000
0010
012d
0000
0000
0000
340a
0000
0010
300a
0000
0000
026d
0000
0010
022d
0000
0000
0000
0000
360a
0010
0000
320a
0000
0000
0010
0000
0000
0420
024d
0000
016d
0000
0000
0010
0000
0000
340a
0000
020d
0000
0010
012d
0000
026d
0000
301a
0000
0000
0000
360a
0010
022d
0000
0000
0000
0000
0010
0000
320a
0080
034d
0000
0000
0010
0000
024d
0000
0000
7c0a
0000
030d
0000
0010
0000
0000
036d
0000
020d
0000
0010
780a
0000
0000
026d
0000
0000
7e0a
0010
032d
0000
0000
023d
0000
034d
0000
7a0a
0000
036d
0000
0000
030d
0000
0010
032d
0000
0000
034d
0000
036d
0000
0000
030d
0000
0010
032d
0000
0000
024d
0000
0000
026d
0000
0000
020d
0000
023d
0000
0000
0000
0c0a
0000
0e0a
0010
080a
0000
024d
0000
0a0a
0000
026d
0000
6c0a
020d
0000
6e0a
0010
022d
0000
680a
0000
024d
0000
6a0a
0000
026d
0000
020d
0000
0010
022d
0000
0000
0000
0c0a
0000
0e0a
0010
080a
0000
0a0a
0000
0020
024d
0000
026d
0000
0000
020d
0000
940a
0010
022d
0000
960a
0000
024d
0000
900a
026d
0000
920a
0000
020d
0000
940a
0010
022d
0000
960a
0000
024d
0000
900a
026d
0000
920a
020d
0000
2c0a
0010
022d
0000
2e0a
0000
024d
0000
280a
0000
026d
0000
2a0a
020d
0000
940a
0010
022d
0000
960a
0000
024d
0000
900a
0000
026d
0000
920a
020d
0000
940a
0010
022d
0000
960a
0000
900a
0000
920a
0000
0010
0000
0000
025d
0000
016d
0000
340a
0000
020d
0000
0010
012d
0000
300a
0000
024d
0000
0000
026d
0000
020d
0000
2c0a
360a
0010
022d
0000
0000
024d
0000
280a
320a
0000
026d
0000
020d
0000
2c0a
0010
022d
0000
2e0a
0000
024d
0000
280a
0000
026d
0000
2a0a
020d
0000
2c0a
023d
0000
2e0a
0000
024d
0000
280a
0000
026d
0000
2a0a
0000
020d
0000
2c0a
023d
0000
2e0a
0000
024d
0000
280a
0000
026d
0000
2a0a
0000
020d
0000
940a
023d
0000
2e0a
0000
024d
0000
900a
0000
026d
0000
2a0a
0000
020d
0000
2c0a
023d
0000
960a
024d
0000
280a
0000
026d
0000
920a
0000
020d
0000
2c0a
0010
022d
0000
2e0a
280a
0000
026d
0000
2a0a
0000
0010
022d
0000
2e0a
0000
0000
2a0a
0000
0080
034d
0000
0000
0010
0000
014d
0000
0000
0000
030d
0000
0010
0000
0000
0000
010d
0000
0010
024d
0000
0000
240a
0000
0010
0000
0000
0000
0010
0000
0000
0000
021d
0000
201a
0000
0000
0000
0010
0000
0000
036d
0000
0000
0010
0000
0000
016d
0000
0010
032d
0000
0000
0000
0000
0010
012d
0000
0000
0000
026d
0000
0000
260a
0040
022d
0000
220a
0000
0000
0010
0000
0000
0000
0010
0000
0000
0000
0010
0000
0620
0046
0000
0000
0010
0000
024d
0000
0000
7c0a
8006
0000
0010
0000
0000
0000
0040
8146
0000
0000
0010
0000
0000
0000
0010
0000
0000
0000
0010
0000
0000
80c6
8056
0000
0010
0000
0000
0000
0010
0000
0000
0000
0010
0000
0000
0000
0010
0000
4056
0000
0106
0000
0010
0000
0000
0000
0010
0000
0000
0146
0000
0010
0000
0000
0040
8106
0000
0000
0010
0000
0000
0000
0010
0000
0000
0000
0010
0000
0000
0000
020d
0000
781a
0006
0000
0000
0000
0010
0000
0000
0000
0010
0000
0000
0086
0000
8096
0000
0000
0010
0000
0000
026d
0000
01c6
0000
7e0a
0010
4106
0000
0000
8206
c156
c006
0000
0010
0000
0000
4146
0000
0010
0000
0000
8246
0000
0010
00c6
0000
0196
0000
c0c6
0000
0010
0000
0000
0000
0010
0000
0000
0000
0010
0000
0000
4086
0050
022d
0000
8286
7a0a
0000
4006
0000
0010
0246
0000
0000
0286
0000
0010
c246
8186
c116
0000
0000
c046
0000
0010
0000
0000
82c6
0000
0010
0206
0000
0000
0000
02d6
0000
0000
0010
0000
0000
0000
0010
c086
0000
0000
0000
0010
c286
0000
0000
4196
0000
0010
0000
0000
0000
0010
8306
0000
0000
0000
0010
0000
0000
0000
0010
c186
40d6
0000
0000
0000
0010
0000
0000
0000
0010
81c6
0000
0000
0000
0010
0000
0020
4246
0000
4286
0000
0010
0000
0000
0000
0010
0000
0000
0000
0010
0000
0000
0040
8646
0010
0000
0000
0000
0010
0646
0000
0000
0000
0010
0000
0000
0000
0010
41d6
0000
0306
0000
0010
c1c6
0000
0000
c306
0000
0010
c646
0000
0000
05c6
0000
85d6
0000
0000
0010
0000
0000
0000
0010
4646
0000
0000
c206
0000
0010
c2c6
0000
42d6
0010
0000
0000
0000
0010
0000
0000
0000
0010
0000
0000
0000
0010
4306
0000
4216
0010
8606
0000
0000
45c6
0000
0010
0606
0000
0000
c5c6
0000
0010
c606
0000
4616
0010
0000
0000
0000
0010
0000
0000
0000
0010
0000
0000
0000
0010
0000
0000
2ff0
fe85
0007
0000
0000
0001
1efa
d73e
7f75
0000
0010
0000
0000
0000
0010
0000
