2e80
fe85
0007
0000
0000
0001
4682
fd03
7f79
0000
0010
0000
0000
0000
0010
0000
0b70
fe85
0007
0000
0000
0000
0010
0000
0000
0000
0010
0000
0000
0000
0010
0000
03a0
0e8f
0100
0000
108f
0001
0000
0000
0010
128f
0001
0000
0000
0000
0000
0010
0040
1c8f
0010
0000
0000
0000
0010
0000
0000
0000
0010
0000
0000
0000
0010
0000
2ff0
188f
f310
fba5
0000
1a8f
017e
0000
0000
0001
5091
fd03
7f79
0000
5a8f
002c
0000
249f
0096
00ac
0000
268f
00cc
000a
0000
808f
0000
af60
0000
828f
7efb
8000
849f
0000
00d0
868f
4fac
00ea
0000
888f
0680
a500
0000
8a8f
7efb
0000
0010
0000
0ab0
008f
0425
0000
0010
0000
0000
0000
0010
0000
0000
0000
0010
0000
0000
0000
0070
c0c3
1020
0000
0010
0000
0000
00c3
1020
0000
0010
0000
0000
0000
0010
80c3
1020
0000
0000
40c3
1020
0010
0000
c103
1020
0000
0000
0010
0000
0000
0103
1020
0020
8103
1020
0000
0000
4103
1020
0010
0000
c143
1020
0000
0000
0010
0000
0000
0143
1020
0010
0000
0000
0000
0010
8143
1020
0000
0000
0000
4143
1020
0010
0000
c183
1020
0000
0010
0000
0000
0183
1020
0000
0010
0000
0000
0000
0010
8183
1020
4183
1020
0010
c1c3
1020
0000
0000
0010
0000
0000
01c3
1020
0000
0010
0000
0000
81d3
1020
0000
41c3
1020
0010
0000
c203
1020
0000
0000
0010
0000
0000
0203
1020
0020
8203
1020
0000
0000
4203
1020
0010
0000
0000
0243
1020
0000
0010
0000
0000
8253
1020
0000
4243
1020
0010
0000
c243
1020
0000
0000
0010
0000
0000
0283
1020
0020
8283
1020
0000
0000
4283
1020
0010
0000
c283
1020
0000
0000
0010
0000
0000
02c3
1020
0010
0000
0000
0000
0010
82c3
1020
0000
0000
0000
42c3
1020
0010
0000
c2c3
1020
0000
0010
0000
0000
0303
1020
0000
0010
0000
0000
0000
0010
8303
1020
4303
1020
0010
c303
1020
0000
0000
0010
0000
0000
0003
1020
0000
0010
0000
0000
8013
1020
0000
4003
1020
0010
0000
c003
1020
0000
0000
0010
0000
0000
0043
1020
0020
8043
1020
0000
0000
4043
1020
0010
0000
c043
1020
0000
0000
0010
0000
0000
0083
1020
0010
0000
0000
0000
0010
8083
1020
0000
0000
0000
4083
1020
0010
0000
c083
1020
0000
0010
0000
0000
04c3
3020
0000
0010
0000
0000
0000
0010
84c3
3020
44c3
3020
0010
c4c3
3020
0000
0000
0010
0000
0000
0503
3020
0000
0010
0000
0000
8513
3020
0000
4503
3020
0010
0000
c503
3020
0000
0000
0010
0000
0000
0543
3020
0020
8543
3020
0000
0000
4543
3020
0010
0000
c543
3020
0000
0000
0010
0000
0000
0520
fe85
0007
0000
0000
0010
0000
0000
0000
0010
0000
0000
0000
0010
0000
0000
05f0
020d
0000
023d
0000
0000
024d
0000
0000
026d
0000
0000
020d
0000
0010
022d
0000
000a
024d
0000
020a
0000
026d
0000
040a
0000
020d
0000
060a
0010
022d
0000
000a
024d
0000
020a
0000
026d
0000
040a
0000
020d
0000
060a
0010
022d
0000
000a
024d
0000
020a
026d
0000
040a
0000
020d
0000
060a
0010
022d
0000
000a
0000
024d
0000
020a
280a
026d
0000
040a
2a0a
0000
020d
0000
060a
2c0a
0010
022d
0000
2e0a
024d
0000
280a
026d
0000
2a0a
0000
020d
0000
2c0a
0010
022d
0000
2e0a
0000
024d
0000
026d
0000
0000
0010
080a
0000
0a0a
0000
0c0a
0000
0e0a
0010
0000
0000
0000
2ff0
030d
0000
0000
032d
0000
0000
034d
0000
0001
621c
fd03
7f79
0000
036d
0000
021d
0000
022d
0000
0000
024d
0000
0000
026d
0000
0010
020d
0000
0000
022d
0000
080a
024d
0000
0a0a
0000
026d
0000
0c0a
0010
020d
0000
0e0a
0000
022d
0000
080a
024d
0000
0a0a
026d
0000
0c0a
0010
020d
0000
0e0a
0000
022d
0000
080a
0000
024d
0000
0a0a
026d
0000
0c0a
0010
020d
0000
0e0a
0000
022d
0000
080a
0000
024d
0000
0a0a
026d
0000
0c0a
0010
020d
0000
0e0a
0000
022d
0000
080a
0000
024d
0000
0a0a
026d
0000
0c0a
021d
0000
0e0a
0000
022d
0000
080a
0000
024d
0000
0a0a
0000
026d
0000
0c0a
021d
0000
0e0a
0000
022d
0000
080a
0000
024d
0000
0a0a
0000
026d
0000
0c0a
021d
0000
0e0a
0000
022d
0000
080a
0000
024d
0000
0a0a
280a
0000
026d
0000
0c0a
2a0a
021d
0000
0e0a
2c0a
0000
022d
0000
2e0a
0000
024d
0000
0000
026d
0000
021d
0000
022d
0000
080a
0000
024d
0000
0a0a
0000
026d
0000
0c0a
0010
020d
0000
0e0a
022d
0000
080a
0000
024d
0000
0a0a
0000
026d
0000
0c0a
0010
020d
0000
0e0a
022d
0000
080a
024d
0000
0a0a
0000
026d
0000
0c0a
0010
0e0a
0000
0000
0000
0010
281a
2a0a
0010
020d
0000
2c0a
0000
022d
0000
2e0a
0000
024d
0000
0000
026d
0000
021d
0000
022d
0000
080a
0000
024d
0000
0a0a
280a
0000
026d
0000
0c0a
2a0a
0010
020d
0000
0e0a
2c0a
022d
0000
2e0a
0000
024d
0000
900a
0000
026d
0000
920a
0010
020d
0000
940a
022d
0000
960a
0000
024d
0000
900a
0000
026d
0000
920a
0010
020d
0000
940a
022d
0000
960a
0000
024d
0000
280a
0000
026d
0000
2a0a
0010
020d
0000
2c0a
022d
0000
2e0a
0000
024d
0000
280a
0000
026d
0000
2a0a
0010
020d
0000
2c0a
022d
0000
2e0a
024d
0000
280a
0000
026d
0000
2a0a
0010
020d
0000
2c0a
0000
022d
0000
2e0a
024d
0000
900a
0000
026d
0000
920a
0010
020d
0000
940a
0000
022d
0000
960a
024d
0000
280a
0000
026d
0000
2a0a
0010
2c0a
0000
2e0a
0000
0000
0010
0000
0030
020d
0000
022d
0000
0000
024d
0000
0000
026d
0000
0010
020d
0000
0000
022d
0000
080a
024d
0000
0a0a
0000
026d
0000
0c0a
0010
020d
0000
0e0a
0000
022d
0000
080a
024d
0000
0a0a
0000
026d
0000
0c0a
0010
020d
0000
0e0a
0000
022d
0000
080a
024d
0000
0a0a
026d
0000
0c0a
0010
020d
0000
0e0a
0000
022d
0000
080a
0000
024d
0000
0a0a
026d
0000
0c0a
0010
020d
0000
0e0a
0000
022d
0000
080a
0000
024d
0000
0a0a
026d
0000
0c0a
0010
020d
0000
0e0a
0000
022d
0000
080a
0000
024d
0000
0a0a
026d
0000
0c0a
021d
0000
0e0a
0000
022d
0000
080a
0000
024d
0000
0a0a
0000
026d
0000
0c0a
021d
0000
0e0a
0000
022d
0000
080a
0000
024d
0000
0a0a
0000
026d
0000
0c0a
021d
0000
0e0a
0000
022d
0000
080a
0000
024d
0000
0a0a
0000
026d
0000
0c0a
021d
0000
0e0a
022d
0000
080a
0000
024d
0000
0a0a
0000
026d
0000
0c0a
0010
0e0a
080a
0a0a
0000
0c0a
0010
0e0a
0000
0000
0000
0010
0000
0000
0000
0010
0000
0000
0570
020d
0000
022d
0000
0000
024d
0000
0000
026d
0000
0010
020d
0000
0000
022d
0000
080a
024d
0000
0a0a
0000
026d
0000
0c0a
0010
020d
0000
0e0a
0000
022d
0000
080a
024d
0000
0a0a
0000
026d
0000
0c0a
0010
020d
0000
0e0a
0000
022d
0000
080a
024d
0000
0a0a
026d
0000
0c0a
0010
020d
0000
0e0a
0000
022d
0000
080a
0000
024d
0000
0a0a
026d
0000
0c0a
0010
020d
0000
0e0a
0000
022d
0000
080a
0000
024d
0000
0a0a
900a
026d
0000
0c0a
920a
0010
020d
0000
0e0a
940a
0000
022d
0000
960a
0000
024d
0000
900a
026d
0000
920a
0010
020d
0000
940a
0000
022d
0000
960a
0000
024d
0000
280a
026d
0000
2a0a
0010
020d
0000
2c0a
0000
022d
0000
2e0a
0000
024d
0000
900a
026d
0000
920a
0010
020d
0000
940a
0000
022d
0000
960a
0000
024d
0000
900a
026d
0000
920a
021d
0000
940a
0000
022d
0000
960a
0000
024d
0000
280a
0000
026d
0000
2a0a
021d
0000
2c0a
0000
022d
0000
2e0a
0000
024d
0000
280a
0000
026d
0000
2a0a
2c1a
0000
2e0a
0000
0000
0010
0000
0000
0000
0010
0000
0000
0000
0010
0000
0480
020d
0000
022d
0000
0000
024d
0000
280a
0000
026d
0000
2a0a
0010
020d
0000
2c0a
022d
0000
2e0a
0000
024d
0000
280a
0000
026d
0000
2a0a
0010
020d
0000
2c0a
022d
0000
2e0a
024d
0000
900a
0000
026d
0000
920a
0010
940a
0000
960a
0000
0000
0020
020d
0000
022d
0000
0000
024d
0000
0000
026d
0000
0010
020d
0000
0000
022d
0000
080a
024d
0000
0a0a
280a
0000
026d
0000
0c0a
2a0a
0010
020d
0000
0e0a
2c0a
022d
0000
2e0a
024d
0000
280a
0000
026d
0000
2a0a
0010
020d
0000
2c0a
0000
022d
0000
2e0a
024d
0000
280a
0000
026d
0000
2a0a
0010
2c0a
0000
2e0a
0000
0000
0010
021d
0000
022d
0000
0000
024d
0000
0000
026d
0000
0010
020d
0000
0000
022d
0000
080a
024d
0000
0a0a
280a
0000
026d
0000
0c0a
2a0a
0010
020d
0000
0e0a
2c0a
0000
022d
0000
2e0a
024d
0000
900a
0000
026d
0000
920a
0010
020d
0000
940a
0000
022d
0000
960a
024d
0000
900a
0000
026d
0000
920a
0010
020d
0000
940a
0000
022d
0000
960a
024d
0000
280a
0000
026d
0000
2a0a
0010
2c0a
0000
2e0a
0000
0000
0010
020d
0000
022d
0000
0000
024d
0000
0000
026d
0000
0010
0000
080a
0000
0a0a
0000
0c0a
0e1a
0000
0000
0010
0000
0000
0000
0010
0000
0000
0000
0010
0000
0000
0000
0010
09e0
020d
0000
022d
0000
0000
024d
0000
280a
0000
026d
0000
2a0a
0010
020d
0000
2c0a
022d
0000
2e0a
0000
024d
0000
280a
0000
026d
0000
2a0a
0010
020d
0000
2c0a
022d
0000
2e0a
024d
0000
280a
0000
026d
0000
2a0a
0010
020d
0000
2c0a
0000
022d
0000
2e0a
024d
0000
280a
0000
026d
0000
2a0a
0010
020d
0000
2c0a
0000
022d
0000
2e0a
024d
0000
280a
0000
026d
0000
2a0a
0010
020d
0000
2c0a
0000
022d
0000
2e0a
024d
0000
900a
026d
0000
920a
0010
020d
0000
940a
0000
022d
0000
960a
0000
024d
0000
280a
026d
0000
2a0a
0010
020d
0000
2c0a
0000
022d
0000
2e0a
0000
024d
0000
280a
026d
0000
2a0a
0010
020d
0000
2c0a
0000
022d
0000
2e0a
0000
024d
0000
280a
026d
0000
2a0a
021d
0000
2c0a
0000
022d
0000
2e0a
0000
024d
0000
900a
0000
026d
0000
920a
021d
0000
940a
0000
022d
0000
960a
0000
024d
0000
280a
0000
026d
0000
2a0a
021d
0000
2c0a
0000
022d
0000
2e0a
0000
024d
0000
280a
0000
026d
0000
2a0a
021d
0000
2c0a
022d
0000
2e0a
0000
024d
0000
280a
0000
026d
0000
2a0a
0010
2c0a
2e0a
0000
0010
0000
0000
0000
0010
010d
0000
0000
012d
0000
0000
014d
0000
0000
016d
0000
0010
0000
0000
0010
020d
0000
0000
700a
0000
0000
0010
020d
0000
0000
022d
0000
280a
720a
0000
0010
0000
022d
0000
0000
024d
0000
0000
2a0a
740a
0010
024d
0000
026d
0000
021d
0000
2c0a
760a
0000
700a
0000
0000
026d
0000
0010
020d
0000
012d
0000
2e0a
700a
0000
0000
0010
020d
0000
0000
022d
0000
0000
014d
0000
280a
720a
0010
020d
0000
0000
022d
0000
0000
280a
720a
0000
016d
0000
0010
020d
0000
022d
0000
0000
024d
0000
280a
0000
2a0a
740a
0010
020d
0000
0000
022d
0000
024d
0000
280a
2a0a
740a
0010
020d
0000
0000
022d
0000
0000
024d
0000
280a
0000
026d
0000
2a0a
021d
0000
2c0a
760a
0000
022d
0000
0000
024d
0000
280a
0000
026d
0000
2a0a
021d
0000
2c0a
760a
0000
022d
0000
0000
024d
0000
280a
0000
026d
0000
2a0a
021d
0000
2c0a
0000
022d
0000
2e0a
0000
024d
0000
280a
0000
026d
0000
2a0a
021d
0000
2c0a
022d
0000
2e0a
0000
024d
0000
280a
0000
026d
0000
2a0a
0010
020d
0000
2c0a
022d
0000
2e0a
0000
024d
0000
280a
0000
026d
0000
2a0a
0010
2c0a
0000
022d
0000
2e0a
024d
0000
0000
026d
0000
2a0a
0010
2c0a
0000
022d
0000
2e0a
0000
024d
0000
026d
0000
2a0a
0010
2c0a
0000
2e0a
0000
024d
0000
0000
026d
0000
0010
2c0a
2e0a
0000
024d
0000
0000
026d
0000
0010
2c0a
0000
2e0a
0000
0000
026d
0000
2e1a
026d
0000
0010
0000
2e0a
0000
0000
0010
0000
0000
0000
0010
0000
0000
0000
0d20
020d
0000
022d
0000
0000
280a
0000
2a0a
0010
020d
0000
0000
022d
0000
0000
024d
0000
280a
026d
0000
2a0a
0010
020d
0000
2c0a
0000
022d
0000
2e0a
0000
024d
0000
280a
026d
0000
2a0a
0010
020d
0000
2c0a
0000
022d
0000
2e0a
0000
024d
0000
280a
026d
0000
2a0a
0010
020d
0000
2c0a
0000
022d
0000
2e0a
0000
024d
0000
900a
026d
0000
920a
021d
0000
2c0a
0000
022d
0000
2e0a
0000
024d
0000
280a
0000
026d
0000
2a0a
021d
0000
940a
0000
022d
0000
960a
0000
024d
0000
280a
0000
026d
0000
2a0a
021d
0000
2c0a
022d
0000
2e0a
024d
0000
280a
026d
0000
2a0a
021d
0000
2c0a
022d
0000
2e0a
024d
0000
026d
0000
021d
0000
2c0a
0000
022d
0000
080a
2e0a
0000
024d
0000
0a0a
280a
026d
0000
2a0a
0010
020d
0000
0000
022d
0000
0000
024d
0000
280a
026d
0000
0c0a
2a0a
0010
020d
0000
0e0a
2c0a
0000
022d
0000
2e0a
0000
024d
0000
900a
026d
0000
920a
0010
020d
0000
2c0a
0000
022d
0000
2e0a
0000
024d
0000
900a
026d
0000
920a
0010
020d
0000
940a
0000
022d
0000
960a
0000
024d
0000
0000
026d
0000
021d
0000
940a
0000
022d
0000
080a
960a
0000
024d
0000
0a0a
280a
0000
026d
0000
2a0a
0010
0000
024d
0000
0000
026d
0000
0c0a
0010
0e0a
2c0a
0000
2e0a
0930
030d
0000
0000
0000
0010
020d
0000
0000
0000
0000
0010
0000
300a
0000
0000
021d
0000
0000
0000
0010
0000
300a
0000
0000
0010
0000
0000
0000
0010
0000
0000
0b20
032d
0000
0000
0010
0000
022d
0000
0000
0000
0010
0000
0000
320a
0000
0010
022d
0000
034d
0000
0000
0010
0000
0000
024d
0000
320a
0000
0010
0000
0000
0000
340a
0010
0000
024d
0000
0000
0010
0000
0000
0000
340a
0010
0000
0000
0000
0010
0030
036d
0000
0010
0000
0000
026d
0000
0010
0000
0000
0000
0010
360a
0000
0000
026d
0000
0010
0000
0000
0010
360a
0000
0000
0000
0010
0000
0000
0000
0010
0000
2ff0
030d
0000
0000
0001
7818
fd03
7f79
0000
0010
020d
0000
0000
0000
0000
0010
0030
300a
0000
0010
0000
0000
0000
0010
0000
0000
0000
0010
0000
0000
0000
0010
0b50
030d
0000
0000
0000
0010
020d
0000
0000
0000
0000
0010
0000
0000
0000
0010
033d
0000
0000
0010
0000
012d
0000
300a
0000
0000
0010
020d
0000
0000
022d
0000
600a
0000
0010
0000
0000
0000
0010
0000
0000
0000
0010
0000
0000
0000
0010
0000
320a
0010
020d
0000
0000
032d
0000
0000
034d
0000
0000
0010
020d
0000
0000
012d
0000
080a
024d
0000
280a
0000
0010
020d
0000
0000
0000
0000
0010
0000
022d
0000
080a
0000
0010
020d
0000
0000
0000
e00a
0000
0010
020d
0000
0000
0000
e00a
0000
340a
021d
0000
0000
0000
034d
0000
e00a
0000
0010
020d
0000
0000
0000
024d
0000
e00a
320a
0010
020d
0000
0000
022d
0000
0000
900a
620a
0000
036d
0000
0010
020d
0000
680a
0000
0000
016d
0000
0010
020d
0000
0000
0000
0000
0010
020d
0000
0000
080a
0000
340a
0010
020d
0000
0000
080a
0000
024d
0000
0000
640a
0010
020d
0000
022d
0000
080a
0000
026d
0000
0010
020d
0000
0000
022d
0000
080a
0000
0a0a
0000
2a0a
021d
0000
0000
022d
0000
080a
0000
0000
0010
020d
0000
0000
080a
0000
0a0a
900a
0010
020d
0000
0000
022d
0000
0000
024d
0000
280a
0000
e20a
0010
020d
0000
360a
022d
0000
0000
024d
0000
280a
0000
036d
0000
0c0a
e20a
0010
020d
0000
2c0a
022d
0000
024d
0000
280a
0000
026d
0000
e20a
0010
020d
0000
0000
022d
0000
0000
280a
0c0a
e20a
0010
020d
0000
0000
022d
0000
0000
024d
0000
280a
0000
920a
0010
020d
0000
e40a
022d
0000
0000
024d
0000
280a
6a0a
0000
0010
020d
0000
e40a
0000
022d
0000
024d
0000
280a
0000
0010
020d
0000
e40a
360a
0000
022d
0000
0000
024d
0000
0a0a
280a
026d
0000
0010
020d
0000
e40a
660a
0000
022d
0000
0000
024d
0000
0a0a
280a
0010
020d
0000
940a
0000
022d
0000
0000
024d
0000
0a0a
280a
0000
6c0a
023d
0000
024d
0000
0a0a
0010
0000
022d
0000
0000
024d
0000
0a0a
0000
0c0a
0010
022d
0000
024d
0000
0a0a
0000
026d
0000
0c0a
920a
0010
0000
022d
0000
0000
024d
0000
026d
0000
0c0a
2a0a
0010
020d
0000
0e0a
0000
022d
0000
2e0a
0000
024d
0000
026d
0000
0c0a
2a0a
021d
0000
0000
022d
0000
080a
0000
024d
0000
900a
0000
0c0a
2a0a
0e1a
0000
022d
0000
0000
024d
0000
0000
026d
0000
0c0a
2a0a
0010
940a
0000
022d
0000
e60a
024d
0000
0000
026d
0000
2a0a
0010
2c0a
0000
022d
0000
e60a
0000
024d
0000
026d
0000
2a0a
0010
2c0a
0000
022d
0000
e60a
0000
024d
0000
0000
026d
0000
2a0a
021d
0000
2c0a
0000
022d
0000
e60a
0000
024d
0000
0000
026d
0000
2a0a
021d
0000
2c0a
022d
0000
880a
960a
0000
024d
0000
0000
026d
0000
2a0a
0010
020d
0000
2c0a
6e0a
022d
0000
080a
0000
024d
0000
0000
026d
0000
2a0a
0010
020d
0000
2c0a
080a
0000
024d
0000
900a
0000
026d
0000
0010
020d
0000
0e0a
2c0a
0000
0000
024d
0000
900a
026d
0000
0010
020d
0000
0e0a
2c0a
0000
0000
024d
0000
900a
0000
026d
0000
021d
0000
0e0a
2c0a
0000
0000
024d
0000
900a
0000
026d
0000
0010
020d
0000
0e0a
2c0a
022d
0000
0000
900a
0000
026d
0000
0010
020d
0000
0e0a
0000
022d
0000
0a0a
900a
0000
026d
0000
920a
0010
020d
0000
0e0a
0000
960a
0000
900a
0000
026d
0000
021d
0000
0000
2e0a
0000
900a
0000
026d
0000
0010
020d
0000
0000
2e0a
024d
0000
900a
026d
0000
0010
020d
0000
0000
2e0a
0000
024d
0000
900a
0000
026d
0000
0c0a
021d
0000
940a
0000
022d
0000
2e0a
0000
900a
0000
026d
0000
0010
020d
0000
022d
0000
2e0a
0000
8a0a
900a
0000
026d
0000
0010
020d
0000
0000
022d
0000
2e0a
0a0a
900a
0000
026d
0000
0010
020d
0000
0000
022d
0000
2e0a
0000
0a0a
900a
026d
0000
920a
021d
0000
0000
022d
0000
2e0a
0000
024d
0000
900a
0000
026d
0000
920a
021d
0000
0000
022d
0000
2e0a
0000
024d
0000
900a
0000
026d
0000
8c0a
920a
021d
0000
022d
0000
2e0a
0000
024d
0000
900a
0000
0c0a
920a
0010
020d
0000
0000
022d
0000
024d
0000
900a
0000
0c0a
920a
0010
020d
0000
940a
0000
022d
0000
0000
024d
0000
900a
920a
0010
020d
0000
940a
0000
022d
0000
0000
024d
0000
900a
0000
920a
021d
0000
940a
0000
022d
0000
0000
024d
0000
900a
0000
026d
0000
920a
0010
020d
0000
940a
022d
0000
0000
024d
0000
900a
0000
026d
0000
920a
0010
020d
0000
0e0a
940a
022d
0000
960a
0000
024d
0000
900a
0000
920a
0010
020d
0000
940a
0000
022d
0000
024d
0000
900a
0000
920a
0010
020d
0000
940a
0000
022d
0000
0000
024d
0000
900a
920a
0010
020d
0000
940a
0000
022d
0000
0000
024d
0000
900a
0000
920a
021d
0000
940a
022d
0000
0000
024d
0000
900a
0000
026d
0000
920a
0010
020d
0000
940a
022d
0000
0000
024d
0000
900a
0000
026d
0000
920a
0010
020d
0000
8e0a
940a
022d
0000
024d
0000
900a
0000
026d
0000
920a
0010
020d
0000
0e0a
940a
0000
022d
0000
024d
0000
900a
0000
026d
0000
920a
0010
020d
0000
0e0a
940a
0000
022d
0000
960a
024d
0000
900a
0000
026d
0000
920a
0010
020d
0000
940a
0000
022d
0000
960a
024d
0000
900a
026d
0000
920a
0010
020d
0000
940a
0000
022d
0000
960a
0000
024d
0000
900a
026d
0000
920a
0010
020d
0000
940a
0000
022d
0000
960a
0000
024d
0000
900a
026d
0000
920a
0010
020d
0000
940a
0000
022d
0000
960a
0000
024d
0000
900a
026d
0000
920a
021d
0000
940a
0000
022d
0000
960a
0000
024d
0000
900a
0000
026d
0000
920a
021d
0000
940a
0000
022d
0000
960a
0000
024d
0000
900a
0000
026d
0000
920a
021d
0000
940a
0000
022d
0000
960a
0000
024d
0000
900a
0000
026d
0000
920a
021d
0000
940a
022d
0000
960a
0000
024d
0000
900a
0000
026d
0000
920a
0010
020d
0000
940a
022d
0000
960a
0000
024d
0000
900a
0000
026d
0000
920a
0010
020d
0000
940a
022d
0000
960a
0000
024d
0000
280a
0000
026d
0000
920a
0010
020d
0000
940a
022d
0000
960a
024d
0000
900a
0000
026d
0000
920a
0010
020d
0000
940a
0000
022d
0000
960a
024d
0000
e00a
0000
026d
0000
920a
0010
020d
0000
940a
0000
022d
0000
960a
024d
0000
e00a
0000
026d
0000
920a
0010
020d
0000
940a
0000
022d
0000
960a
024d
0000
e00a
026d
0000
920a
0010
020d
0000
940a
0000
022d
0000
960a
0000
024d
0000
e00a
026d
0000
920a
0010
940a
0000
022d
0000
960a
0000
024d
0000
0000
026d
0000
920a
941a
0000
022d
0000
960a
0000
024d
0000
0000
026d
0000
920a
0010
940a
022d
0000
960a
024d
0000
0000
026d
0000
920a
0010
940a
0000
022d
0000
960a
0000
024d
0000
026d
0000
920a
0010
940a
0000
022d
0000
960a
0000
024d
0000
0000
026d
0000
920a
941a
0000
022d
0000
960a
0000
024d
0000
0000
026d
0000
920a
0010
940a
022d
0000
960a
024d
0000
0000
026d
0000
920a
0010
940a
0000
022d
0000
960a
0000
024d
0000
026d
0000
2a0a
0010
940a
0000
022d
0000
960a
0000
024d
0000
0000
026d
0000
920a
941a
0000
022d
0000
960a
0000
024d
0000
0000
026d
0000
e20a
0010
940a
022d
0000
960a
024d
0000
0000
026d
0000
e20a
0010
940a
0000
022d
0000
960a
0000
024d
0000
026d
0000
e20a
0010
2c0a
0000
022d
0000
960a
0000
024d
0000
0000
026d
0000
e20a
941a
0000
960a
0000
024d
0000
0000
026d
0000
0010
e40a
0000
960a
0000
024d
0000
026d
0000
0010
e40a
0000
960a
0000
024d
0000
0000
026d
0000
0010
e40a
960a
024d
0000
0000
026d
0000
0010
e40a
0000
960a
0000
0000
026d
0000
0010
0000
960a
0000
026d
0000
0010
0000
960a
0000
0000
026d
0000
0010
0000
960a
0000
0000
026d
0000
0010
960a
0000
0000
026d
0000
0010
0000
960a
0000
0000
026d
0000
0010
960a
0000
026d
0000
0010
0000
2e0a
0000
0000
026d
0000
0010
0000
960a
0000
0000
026d
0000
0010
e60a
0000
0000
026d
0000
0010
0000
e60a
0000
0000
026d
0000
0010
e60a
0000
026d
0000
0010
0000
e60a
0000
0000
0010
0000
0000
0000
0010
0000
0000
0580
020d
0000
022d
0000
0000
024d
0000
0000
026d
0000
0010
020d
0000
0000
022d
0000
880a
024d
0000
8a0a
900a
0000
026d
0000
8c0a
920a
0010
020d
0000
8e0a
940a
022d
0000
960a
024d
0000
900a
0000
026d
0000
920a
0010
020d
0000
940a
0000
022d
0000
960a
024d
0000
900a
0000
026d
0000
920a
0010
940a
0000
960a
0000
0000
0010
020d
0000
022d
0000
0000
024d
0000
900a
0000
026d
0000
920a
0010
020d
0000
940a
022d
0000
960a
024d
0000
900a
0000
026d
0000
920a
0010
020d
0000
940a
0000
022d
0000
960a
024d
0000
900a
0000
026d
0000
920a
0010
020d
0000
940a
0000
022d
0000
960a
024d
0000
900a
0000
026d
0000
920a
0010
940a
0000
960a
0000
0000
0010
020d
0000
022d
0000
0000
024d
0000
900a
0000
026d
0000
920a
0010
020d
0000
940a
0000
022d
0000
960a
024d
0000
900a
0000
026d
0000
920a
0010
020d
0000
940a
0000
022d
0000
960a
024d
0000
900a
0000
026d
0000
920a
0010
020d
0000
940a
0000
022d
0000
960a
024d
0000
900a
0000
026d
0000
920a
0010
940a
0000
960a
0000
0000
0010
020d
0000
022d
0000
0000
024d
0000
900a
0000
026d
0000
920a
0010
020d
0000
940a
0000
022d
0000
960a
024d
0000
900a
0000
026d
0000
920a
0010
020d
0000
940a
0000
022d
0000
960a
024d
0000
900a
0000
026d
0000
920a
0010
020d
0000
940a
0000
022d
0000
960a
024d
0000
900a
0000
026d
0000
920a
0010
940a
0000
960a
0000
0000
0010
0000
0580
020d
0000
022d
0000
0000
024d
0000
900a
0000
026d
0000
920a
0010
020d
0000
940a
022d
0000
960a
0000
024d
0000
900a
0000
026d
0000
920a
0010
020d
0000
940a
022d
0000
960a
024d
0000
900a
0000
026d
0000
920a
0010
020d
0000
940a
0000
022d
0000
960a
024d
0000
900a
0000
026d
0000
920a
0010
940a
0000
960a
0000
0000
0010
020d
0000
022d
0000
0000
024d
0000
900a
0000
026d
0000
920a
0010
020d
0000
940a
022d
0000
960a
024d
0000
900a
0000
026d
0000
920a
0010
020d
0000
940a
0000
022d
0000
960a
024d
0000
900a
0000
026d
0000
920a
0010
020d
0000
940a
0000
022d
0000
960a
024d
0000
900a
0000
026d
0000
920a
0010
940a
0000
960a
0000
0000
0010
020d
0000
022d
0000
0000
024d
0000
900a
0000
026d
0000
920a
0010
020d
0000
940a
0000
022d
0000
960a
024d
0000
900a
026d
0000
920a
021d
0000
940a
022d
0000
960a
024d
0000
900a
026d
0000
920a
021d
0000
940a
0000
022d
0000
960a
0000
024d
0000
900a
026d
0000
920a
941a
0000
960a
0000
0000
0010
0000
0000
0000
0010
010d
0000
0000
012d
0000
014d
0000
0000
016d
0000
0010
0000
0000
0000
0010
020d
0000
0000
700a
021d
0000
700a
0000
0000
0010
020d
0000
0000
700a
0000
0000
0010
020d
0000
0000
022d
0000
280a
720a
0000
0010
020d
0000
0000
022d
0000
0000
900a
720a
0000
0010
022d
0000
720a
0000
0010
0000
022d
0000
0000
024d
0000
0000
2a0a
740a
0010
0000
022d
0000
024d
0000
0000
920a
740a
0010
0000
0000
024d
0000
0000
740a
0010
0000
024d
0000
026d
0000
0010
2c0a
760a
0000
0000
024d
0000
0000
026d
0000
0010
940a
760a
0000
0000
026d
0000
0010
760a
0000
0000
0000
026d
0000
0010
0000
2e0a
0000
026d
0000
0010
960a
0000
0000
0010
0000
0000
0000
0010
0000
0000
0000
0010
0000
03f0
020d
0000
022d
0000
0000
024d
0000
900a
0000
026d
0000
920a
0010
030d
0000
940a
032d
0000
960a
0000
034d
0000
0000
036d
0000
0010
020d
0000
0000
022d
0000
780a
024d
0000
7a0a
0000
026d
0000
7c0a
0010
030d
0000
7e0a
0000
032d
0000
0000
034d
0000
036d
0000
0010
030d
0000
0000
032d
0000
0000
034d
0000
0000
036d
0000
021d
0000
012d
0000
300a
0000
024d
0000
0000
016d
0000
340a
0010
010d
0000
0000
022d
0000
014d
0000
320a
0000
026d
0000
0010
020d
0000
360a
0000
012d
0000
300a
024d
0000
016d
0000
340a
0010
010d
0000
0000
022d
0000
0000
014d
0000
320a
0000
026d
0000
021d
0000
360a
0000
012d
0000
300a
0000
024d
0000
0000
016d
0000
340a
011d
0000
022d
0000
0000
014d
0000
320a
0000
026d
0000
0010
020d
0000
360a
0000
012d
0000
300a
024d
0000
0000
016d
0000
340a
0010
010d
0000
0000
022d
0000
0000
014d
0000
320a
026d
0000
0010
020d
0000
360a
0000
012d
0000
300a
0000
024d
0000
016d
0000
340a
0010
022d
0000
0000
320a
0000
026d
0000
0010
360a
0000
0000
0000
0030
020d
0000
300a
0000
024d
0000
0000
340a
0010
020d
0000
0000
012d
0000
300a
024d
0000
016d
0000
340a
0010
010d
0000
0000
022d
0000
0000
014d
0000
320a
0000
026d
0000
021d
0000
360a
0000
012d
0000
300a
0000
024d
0000
0000
016d
0000
340a
011d
0000
022d
0000
0000
014d
0000
320a
0000
026d
0000
0010
020d
0000
360a
0000
012d
0000
300a
024d
0000
0000
016d
0000
340a
0010
010d
0000
0000
022d
0000
0000
014d
0000
320a
026d
0000
0010
020d
0000
360a
0000
012d
0000
300a
0000
024d
0000
016d
0000
340a
011d
0000
0000
022d
0000
0000
014d
0000
320a
0000
026d
0000
0010
020d
0000
360a
012d
0000
300a
0000
024d
0000
0000
016d
0000
340a
0010
010d
0000
022d
0000
014d
0000
320a
0000
026d
0000
0010
020d
0000
360a
0000
012d
0000
300a
024d
0000
016d
0000
340a
0010
010d
0000
0000
022d
0000
0000
014d
0000
320a
0000
026d
0000
021d
0000
360a
0000
012d
0000
300a
0000
024d
0000
0000
016d
0000
340a
023d
0000
320a
026d
0000
0010
360a
0000
022d
0000
0000
320a
0000
026d
0000
0010
360a
0000
0000
0010
0000
0000
0000
0010
0000
0000
0000
0010
0000
0000
0000
0010
0e40
020d
0000
300a
0000
024d
0000
0000
340a
0010
020d
0000
0000
300a
0000
024d
0000
340a
0010
020d
0000
0000
300a
0000
024d
0000
0000
340a
0010
020d
0000
0000
300a
024d
0000
0000
340a
0010
0000
0000
0000
0010
020d
0000
0000
300a
0000
024d
0000
340a
0010
020d
0000
0000
300a
0000
024d
0000
0000
340a
0010
020d
0000
0000
300a
024d
0000
0000
340a
0010
020d
0000
0000
300a
0000
024d
0000
0000
340a
0010
021d
0000
012d
0000
300a
0000
0000
026d
0000
0010
010d
0000
360a
0000
022d
0000
024d
0000
320a
016d
0000
340a
0010
020d
0000
0000
012d
0000
300a
0000
014d
0000
026d
0000
011d
0000
360a
0000
022d
0000
0000
024d
0000
320a
0000
016d
0000
340a
021d
0000
012d
0000
300a
0000
014d
0000
0000
026d
0000
0010
010d
0000
360a
0000
022d
0000
024d
0000
320a
0000
016d
0000
340a
0010
020d
0000
0000
012d
0000
300a
014d
0000
026d
0000
0010
010d
0000
360a
0000
022d
0000
0000
024d
0000
320a
0000
016d
0000
340a
021d
0000
0000
012d
0000
300a
0000
014d
0000
0000
026d
0000
0010
010d
0000
360a
022d
0000
0000
024d
0000
320a
0000
016d
0000
340a
0010
020d
0000
012d
0000
300a
014d
0000
0000
026d
0000
0010
010d
0000
360a
0000
022d
0000
0000
024d
0000
320a
016d
0000
340a
0010
020d
0000
0000
012d
0000
300a
0000
014d
0000
026d
0000
011d
0000
360a
0000
022d
0000
0000
024d
0000
320a
0000
016d
0000
340a
021d
0000
012d
0000
300a
0000
014d
0000
0000
026d
0000
0010
360a
0000
022d
0000
024d
0000
320a
016d
0000
340a
0010
0000
022d
0000
0000
320a
0000
026d
0000
0010
360a
022d
0000
0000
320a
0000
026d
0000
0010
360a
0000
022d
0000
0000
320a
0000
026d
0000
361a
0000
022d
0000
0000
320a
0000
026d
0000
0010
360a
0000
0000
0000
023d
0000
320a
026d
0000
0010
360a
0000
022d
0000
0000
320a
0000
026d
0000
0010
360a
022d
0000
0000
320a
0000
026d
0000
0010
360a
0000
022d
0000
0000
320a
0000
026d
0000
361a
0000
0000
0000
0010
0000
0000
0000
0010
0000
0000
0000
0010
0000
0440
020d
0000
012d
0000
300a
0000
024d
0000
0000
016d
0000
340a
0010
010d
0000
022d
0000
014d
0000
320a
0000
026d
0000
0010
020d
0000
360a
0000
012d
0000
300a
024d
0000
016d
0000
340a
0010
010d
0000
0000
022d
0000
0000
014d
0000
320a
0000
026d
0000
021d
0000
360a
0000
012d
0000
300a
0000
024d
0000
0000
016d
0000
340a
011d
0000
022d
0000
0000
014d
0000
320a
0000
026d
0000
0010
020d
0000
360a
0000
012d
0000
300a
024d
0000
0000
016d
0000
340a
0010
010d
0000
0000
022d
0000
0000
014d
0000
320a
026d
0000
0010
020d
0000
360a
0000
012d
0000
300a
0000
024d
0000
016d
0000
340a
011d
0000
0000
022d
0000
0000
014d
0000
320a
0000
026d
0000
0010
020d
0000
360a
012d
0000
300a
0000
024d
0000
0000
016d
0000
340a
0010
010d
0000
022d
0000
014d
0000
320a
0000
026d
0000
0010
020d
0000
360a
0000
012d
0000
300a
024d
0000
016d
0000
340a
0010
010d
0000
0000
022d
0000
0000
014d
0000
320a
0000
026d
0000
021d
0000
360a
0000
012d
0000
300a
0000
024d
0000
0000
016d
0000
340a
023d
0000
320a
026d
0000
0010
360a
0000
0000
0000
0010
0000
0000
0000
0010
0000
0030
020d
0000
300a
0000
024d
0000
0000
340a
0010
020d
0000
0000
012d
0000
300a
024d
0000
016d
0000
340a
0010
010d
0000
0000
022d
0000
0000
014d
0000
320a
0000
026d
0000
021d
0000
360a
0000
012d
0000
300a
0000
024d
0000
0000
016d
0000
340a
011d
0000
022d
0000
0000
014d
0000
320a
0000
026d
0000
0010
020d
0000
360a
0000
012d
0000
300a
024d
0000
0000
016d
0000
340a
0010
010d
0000
0000
022d
0000
0000
014d
0000
320a
026d
0000
0010
020d
0000
360a
0000
012d
0000
300a
0000
024d
0000
016d
0000
340a
011d
0000
0000
022d
0000
0000
014d
0000
320a
0000
026d
0000
0010
020d
0000
360a
012d
0000
300a
0000
024d
0000
0000
016d
0000
340a
0010
010d
0000
022d
0000
014d
0000
320a
0000
026d
0000
0010
020d
0000
360a
0000
012d
0000
300a
024d
0000
016d
0000
340a
0010
010d
0000
0000
022d
0000
0000
014d
0000
320a
0000
026d
0000
021d
0000
360a
0000
012d
0000
300a
0000
024d
0000
0000
016d
0000
340a
023d
0000
320a
026d
0000
0010
360a
0000
022d
0000
0000
320a
0000
026d
0000
0010
360a
0000
0000
0010
0000
0000
0000
0010
0000
0000
0000
0010
0000
0000
0000
0010
04f0
020d
0000
300a
0000
024d
0000
0000
340a
0010
020d
0000
0000
012d
0000
300a
024d
0000
016d
0000
340a
0010
010d
0000
0000
022d
0000
0000
014d
0000
320a
0000
026d
0000
021d
0000
360a
0000
012d
0000
300a
0000
024d
0000
0000
016d
0000
340a
011d
0000
022d
0000
0000
014d
0000
320a
0000
026d
0000
0010
020d
0000
360a
0000
012d
0000
300a
024d
0000
0000
016d
0000
340a
0010
010d
0000
0000
022d
0000
0000
014d
0000
320a
026d
0000
0010
020d
0000
360a
0000
012d
0000
300a
0000
024d
0000
016d
0000
340a
011d
0000
0000
022d
0000
0000
014d
0000
320a
0000
026d
0000
0010
020d
0000
360a
012d
0000
300a
0000
024d
0000
0000
016d
0000
340a
0010
010d
0000
022d
0000
014d
0000
320a
0000
026d
0000
0010
020d
0000
360a
0000
012d
0000
300a
024d
0000
016d
0000
340a
0010
010d
0000
0000
022d
0000
0000
014d
0000
320a
0000
026d
0000
021d
0000
360a
0000
012d
0000
300a
0000
024d
0000
0000
016d
0000
340a
011d
0000
022d
0000
0000
014d
0000
320a
0000
026d
0000
0010
020d
0000
360a
0000
012d
0000
300a
024d
0000
0000
016d
0000
340a
0010
010d
0000
0000
022d
0000
0000
014d
0000
320a
026d
0000
0010
020d
0000
360a
0000
012d
0000
300a
0000
024d
0000
016d
0000
340a
011d
0000
0000
022d
0000
0000
014d
0000
320a
0000
026d
0000
0010
020d
0000
360a
012d
0000
300a
0000
024d
0000
0000
016d
0000
340a
0010
010d
0000
022d
0000
014d
0000
320a
0000
026d
0000
0010
020d
0000
360a
0000
012d
0000
300a
024d
0000
016d
0000
340a
0010
010d
0000
0000
022d
0000
0000
014d
0000
320a
0000
026d
0000
021d
0000
360a
0000
012d
0000
300a
0000
024d
0000
0000
016d
0000
340a
011d
0000
022d
0000
0000
014d
0000
320a
0000
026d
0000
0010
020d
0000
360a
0000
012d
0000
300a
024d
0000
0000
016d
0000
340a
0010
010d
0000
0000
022d
0000
0000
014d
0000
320a
026d
0000
0010
020d
0000
360a
0000
012d
0000
300a
0000
024d
0000
016d
0000
340a
011d
0000
0000
022d
0000
0000
014d
0000
320a
0000
026d
0000
0010
020d
0000
360a
012d
0000
300a
0000
024d
0000
0000
016d
0000
340a
0010
0000
022d
0000
320a
0000
026d
0000
0010
360a
0000
022d
0000
0000
320a
0000
026d
0000
0010
360a
0000
0000
0010
0000
0000
0000
0010
0000
0000
0000
0010
0000
0000
0000
0010
0790
020d
0000
300a
0000
024d
0000
0000
340a
0010
020d
0000
0000
012d
0000
300a
024d
0000
016d
0000
340a
0010
010d
0000
0000
022d
0000
0000
014d
0000
320a
0000
026d
0000
021d
0000
360a
0000
012d
0000
300a
0000
024d
0000
0000
016d
0000
340a
011d
0000
022d
0000
0000
014d
0000
320a
0000
026d
0000
0010
020d
0000
360a
0000
012d
0000
300a
024d
0000
0000
016d
0000
340a
0010
010d
0000
0000
022d
0000
0000
014d
0000
320a
026d
0000
0010
020d
0000
360a
0000
012d
0000
300a
0000
024d
0000
016d
0000
340a
031d
0000
0000
022d
0000
0000
034d
0000
320a
0000
026d
0000
0010
020d
0000
360a
022d
0000
0000
024d
0000
900a
320a
0000
026d
0000
0010
020d
0000
940a
360a
032d
0000
0000
024d
0000
900a
0000
036d
0000
0010
020d
0000
940a
0000
022d
0000
024d
0000
900a
0000
026d
0000
920a
0010
940a
0000
022d
0000
960a
0000
024d
0000
026d
0000
920a
0010
940a
0000
022d
0000
960a
0000
0000
026d
0000
920a
021d
0000
022d
0000
960a
0000
900a
0000
026d
0000
920a
0010
0000
960a
0000
0000
0020
030d
0000
0000
0000
0010
020d
0000
0000
0000
034d
0000
e00a
0000
0010
020d
0000
0000
024d
0000
900a
0000
0010
020d
0000
e40a
0000
0000
024d
0000
e00a
0000
021d
0000
940a
032d
0000
0000
024d
0000
900a
0000
036d
0000
0010
020d
0000
e40a
022d
0000
024d
0000
900a
0000
026d
0000
e20a
0010
020d
0000
940a
0000
022d
0000
e60a
024d
0000
900a
0000
026d
0000
920a
0010
940a
0000
022d
0000
960a
0000
024d
0000
026d
0000
e20a
941a
022d
0000
e60a
026d
0000
920a
023d
0000
960a
0000
0000
026d
0000
920a
0010
022d
0000
960a
0000
0000
026d
0000
920a
0010
0000
960a
0000
0560
020d
0000
0000
e00a
0000
0010
020d
0000
0000
0000
900a
0000
0010
020d
0000
e00a
021d
0000
0000
0000
900a
0000
0010
0000
0000
0000
0010
020d
0000
0000
0000
900a
0010
020d
0000
0000
0000
900a
0000
0010
020d
0000
0000
0000
e00a
0000
0010
020d
0000
0000
900a
0000
0010
0000
0000
0000
0010
0000
0000
0000
0010
0000
0000
0070
024d
0000
0010
e40a
0000
022d
0000
0000
024d
0000
0000
026d
0000
e20a
0010
020d
0000
940a
022d
0000
e60a
0000
024d
0000
e00a
0000
026d
0000
920a
0010
020d
0000
e40a
022d
0000
960a
0000
024d
0000
900a
0000
026d
0000
e20a
0010
020d
0000
940a
022d
0000
e60a
0000
900a
0000
026d
0000
920a
0010
020d
0000
0000
960a
0000
024d
0000
900a
0010
940a
0000
022d
0000
0000
024d
0000
0000
026d
0000
920a
0010
020d
0000
940a
022d
0000
960a
0000
024d
0000
e00a
0000
026d
0000
920a
0010
020d
0000
e40a
022d
0000
960a
0000
024d
0000
900a
0000
026d
0000
e20a
0010
020d
0000
940a
022d
0000
e60a
0000
e00a
0000
026d
0000
920a
0010
020d
0000
0000
960a
0000
024d
0000
900a
0010
e40a
0000
022d
0000
0000
024d
0000
0000
026d
0000
e20a
0010
940a
022d
0000
e60a
0000
024d
0000
0000
026d
0000
920a
0010
940a
0000
022d
0000
960a
024d
0000
0000
026d
0000
920a
0010
940a
0000
022d
0000
960a
0000
0000
026d
0000
920a
0010
960a
0000
024d
0000
0000
0010
e40a
0000
022d
0000
0000
024d
0000
026d
0000
e20a
941a
0000
022d
0000
e60a
0000
024d
0000
0000
026d
0000
920a
0010
e40a
022d
0000
960a
0000
024d
0000
0000
026d
0000
e20a
0010
940a
0000
022d
0000
e60a
0000
026d
0000
920a
0010
0000
960a
0000
0000
0010
0000
0000
0000
0010
0000
0a40
020d
0000
0000
024d
0000
900a
0000
0010
020d
0000
940a
0000
022d
0000
0000
024d
0000
900a
026d
0000
920a
0010
020d
0000
940a
0000
022d
0000
960a
0000
024d
0000
e00a
026d
0000
920a
0010
020d
0000
e40a
0000
022d
0000
960a
0000
024d
0000
900a
026d
0000
e20a
0010
940a
0000
022d
0000
e60a
0000
0000
026d
0000
920a
0010
020d
0000
960a
0000
024d
0000
e00a
0000
0010
020d
0000
e40a
0000
022d
0000
0000
024d
0000
900a
026d
0000
e20a
0010
020d
0000
940a
0000
022d
0000
e60a
0000
024d
0000
900a
026d
0000
920a
0010
020d
0000
940a
0000
022d
0000
960a
0000
024d
0000
900a
026d
0000
920a
0010
940a
0000
022d
0000
960a
0000
0000
026d
0000
920a
0010
960a
0000
0010
0000
0000
0000
0010
0000
0000
0000
0010
0000
0000
0000
0010
0000
0090
020d
0000
0000
024d
0000
e00a
0000
0010
020d
0000
e40a
0000
022d
0000
0000
024d
0000
900a
026d
0000
e20a
0010
020d
0000
940a
0000
022d
0000
e60a
0000
024d
0000
e00a
026d
0000
920a
0010
020d
0000
e40a
0000
022d
0000
960a
0000
024d
0000
900a
026d
0000
e20a
0010
940a
0000
022d
0000
e60a
0000
0000
026d
0000
920a
0010
020d
0000
960a
0000
024d
0000
900a
0000
0010
020d
0000
940a
0000
022d
0000
0000
024d
0000
900a
026d
0000
920a
0010
020d
0000
940a
0000
022d
0000
960a
0000
024d
0000
e00a
026d
0000
920a
0010
020d
0000
e40a
0000
022d
0000
960a
0000
024d
0000
900a
026d
0000
e20a
0010
940a
0000
022d
0000
e60a
0000
0000
026d
0000
920a
0010
960a
0000
0010
0000
0000
0000
0010
0000
0000
0000
0010
0000
0000
0000
0010
0000
0b10
020d
0000
0000
024d
0000
e00a
0000
0010
020d
0000
e40a
0000
022d
0000
0000
024d
0000
900a
026d
0000
e20a
0010
030d
0000
940a
0000
022d
0000
e60a
0000
034d
0000
026d
0000
920a
0010
020d
0000
0000
032d
0000
960a
0000
024d
0000
900a
0000
036d
0000
021d
0000
940a
0000
022d
0000
0000
024d
0000
900a
0000
026d
0000
920a
021d
0000
940a
022d
0000
960a
0000
024d
0000
e00a
0000
026d
0000
920a
0010
020d
0000
e40a
022d
0000
960a
0000
024d
0000
0000
026d
0000
e20a
0010
020d
0000
0000
022d
0000
080a
e60a
024d
0000
900a
0000
026d
0000
0c0a
0010
020d
0000
940a
0000
022d
0000
024d
0000
0a0a
e00a
0000
026d
0000
920a
0010
0e0a
e40a
0000
022d
0000
960a
0000
026d
0000
e20a
0010
0000
e60a
0000
0000
0010
0000
0000
0000
0010
020d
0000
0000
024d
0000
0000
0010
020d
0000
0000
022d
0000
080a
0000
024d
0000
280a
026d
0000
0c0a
031d
0000
2c0a
0000
022d
0000
0000
034d
0000
0a0a
0000
026d
0000
2a0a
021d
0000
0e0a
0000
032d
0000
2e0a
780a
0000
024d
0000
0000
036d
0000
7c0a
023d
0000
7a0a
026d
0000
0010
030d
0000
7e0a
0000
032d
0000
0000
034d
0000
0000
036d
0000
031d
0000
0000
032d
0000
0000
034d
0000
0000
036d
0000
0010
020d
0000
012d
0000
024d
0000
0000
016d
0000
0010
0000
300a
0000
0000
340a
0010
010d
0000
022d
0000
014d
0000
0000
026d
0000
0010
0000
0000
320a
0000
0010
020d
0000
360a
012d
0000
024d
0000
0000
016d
0000
0010
0000
300a
0000
0000
340a
0010
030d
0000
022d
0000
034d
0000
0000
026d
0000
0010
010d
0000
0000
0000
014d
0000
320a
0000
021d
0000
360a
032d
0000
0000
024d
0000
0000
036d
0000
0010
0000
012d
0000
0000
016d
0000
0010
0000
0000
0010
0000
0000
0000
0010
0000
300a
0000
0000
340a
0010
030d
0000
022d
0000
0000
034d
0000
0000
026d
0000
0010
010d
0000
0000
0000
014d
0000
0010
0000
0000
0000
0010
0000
0000
0000
0010
0000
0000
320a
0000
0010
360a
032d
0000
0000
036d
0000
0010
0000
012d
0000
0000
0000
016d
0000
0010
0000
0000
021d
0000
0000
0010
0000
0000
0000
0010
0000
0000
024d
0000
0000
0010
0000
0000
301a
0000
0010
020d
0000
0000
022d
0000
680a
0000
0000
0010
0000
0000
0000
340a
025d
0000
026d
0000
6c0a
0010
0000
0000
0000
0010
0000
0000
320a
0000
0010
0000
022d
0000
6a0a
0000
0010
0000
0000
0000
0010
360a
0000
0000
0000
026d
0000
0010
6e0a
0000
0000
0010
0000
0000
0000
0010
0000
0000
0000
0010
0000
0000
0000
0010
0370
020d
0000
022d
0000
0000
024d
0000
0000
026d
0000
0010
020d
0000
0000
022d
0000
880a
024d
0000
8a0a
900a
0000
026d
0000
8c0a
920a
0010
020d
0000
8e0a
940a
022d
0000
960a
024d
0000
900a
0000
026d
0000
920a
0010
020d
0000
940a
0000
022d
0000
960a
024d
0000
900a
0000
026d
0000
920a
0010
940a
0000
960a
0000
0000
0010
020d
0000
022d
0000
0000
900a
0000
920a
0010
020d
0000
0000
022d
0000
0000
024d
0000
900a
026d
0000
920a
0010
020d
0000
940a
0000
022d
0000
960a
0000
024d
0000
900a
026d
0000
920a
0010
020d
0000
940a
0000
022d
0000
960a
0000
024d
0000
900a
026d
0000
920a
941a
0000
960a
0000
024d
0000
0000
026d
0000
0010
940a
0000
960a
0100
020d
0000
022d
0000
0000
900a
0000
920a
0010
030d
0000
0000
032d
0000
0000
024d
0000
026d
0000
0010
020d
0000
940a
0000
022d
0000
960a
780a
0000
034d
0000
7a0a
036d
0000
0010
0000
0000
024d
0000
0000
026d
0000
7c0a
0010
030d
0000
7e0a
032d
0000
034d
0000
0000
036d
0000
0010
030d
0000
0000
032d
0000
0000
034d
0000
036d
0000
021d
0000
0000
012d
0000
300a
0000
024d
0000
0000
016d
0000
340a
0010
010d
0000
022d
0000
0000
014d
0000
320a
0000
026d
0000
0010
020d
0000
360a
0000
012d
0000
300a
024d
0000
0000
016d
0000
340a
0010
010d
0000
0000
022d
0000
0000
014d
0000
320a
026d
0000
0010
020d
0000
360a
0000
012d
0000
300a
0000
024d
0000
016d
0000
340a
011d
0000
0000
022d
0000
0000
014d
0000
320a
0000
026d
0000
0010
020d
0000
360a
012d
0000
300a
0000
024d
0000
0000
016d
0000
340a
0010
010d
0000
022d
0000
014d
0000
320a
0000
026d
0000
0010
020d
0000
360a
0000
012d
0000
300a
024d
0000
016d
0000
340a
0010
010d
0000
0000
022d
0000
0000
014d
0000
320a
0000
026d
0000
021d
0000
360a
0000
012d
0000
300a
0000
0000
016d
0000
0010
0000
0000
024d
0000
340a
0010
0000
022d
0000
0000
320a
0000
026d
0000
0010
360a
0000
0000
0990
020d
0000
300a
0000
024d
0000
0000
340a
0010
020d
0000
0000
012d
0000
300a
024d
0000
016d
0000
340a
0010
020d
0000
0000
022d
0000
0000
024d
0000
900a
320a
026d
0000
021d
0000
940a
360a
0000
022d
0000
0000
024d
0000
900a
320a
0000
026d
0000
021d
0000
940a
360a
0000
022d
0000
0000
024d
0000
900a
0000
026d
0000
920a
021d
0000
940a
022d
0000
960a
0000
024d
0000
900a
0000
026d
0000
920a
0010
020d
0000
940a
022d
0000
960a
0000
024d
0000
900a
0000
026d
0000
920a
0010
020d
0000
940a
022d
0000
960a
0000
024d
0000
900a
0000
026d
0000
920a
0010
020d
0000
940a
022d
0000
960a
024d
0000
900a
0000
026d
0000
920a
0010
020d
0000
940a
0000
022d
0000
960a
024d
0000
900a
0000
026d
0000
920a
0010
940a
0000
022d
0000
960a
0000
026d
0000
920a
0010
022d
0000
960a
0000
0000
026d
0000
920a
0010
020d
0000
0000
960a
300a
024d
0000
0000
340a
0010
020d
0000
0000
300a
0000
024d
0000
0000
340a
021d
0000
012d
0000
300a
0000
024d
0000
0000
016d
0000
340a
0010
010d
0000
0000
022d
0000
014d
0000
320a
0000
026d
0000
0010
020d
0000
360a
0000
012d
0000
300a
024d
0000
016d
0000
340a
0010
010d
0000
0000
022d
0000
0000
014d
0000
320a
0000
026d
0000
021d
0000
360a
0000
012d
0000
300a
0000
024d
0000
0000
016d
0000
340a
011d
0000
022d
0000
0000
014d
0000
320a
0000
026d
0000
0010
020d
0000
360a
0000
012d
0000
300a
024d
0000
0000
016d
0000
340a
0010
0000
022d
0000
0000
320a
0000
026d
0000
361a
0000
022d
0000
0000
320a
0000
026d
0000
0010
360a
0000
022d
0000
320a
026d
0000
0010
360a
0000
0000
0000
0010
0000
0000
0000
0010
0000
0000
0000
0720
020d
0000
300a
0000
024d
0000
0000
340a
0010
020d
0000
0000
012d
0000
300a
024d
0000
016d
0000
340a
0010
020d
0000
0000
022d
0000
0000
024d
0000
900a
320a
026d
0000
021d
0000
940a
360a
0000
022d
0000
0000
024d
0000
900a
320a
0000
026d
0000
021d
0000
940a
360a
0000
022d
0000
0000
024d
0000
900a
0000
026d
0000
920a
021d
0000
940a
022d
0000
960a
0000
024d
0000
900a
0000
026d
0000
920a
0010
020d
0000
940a
022d
0000
960a
0000
024d
0000
900a
0000
026d
0000
920a
0010
020d
0000
940a
022d
0000
960a
0000
024d
0000
900a
0000
026d
0000
920a
0010
940a
0000
022d
0000
960a
0000
026d
0000
920a
0010
0000
022d
0000
960a
0000
0000
026d
0000
920a
961a
0010
020d
0000
0000
0000
024d
0000
900a
0000
0010
020d
0000
940a
0000
022d
0000
024d
0000
900a
0000
026d
0000
920a
0010
940a
0000
022d
0000
960a
0000
0000
026d
0000
920a
0010
960a
0000
0000
0010
020d
0000
0000
300a
0000
024d
0000
0000
340a
021d
0000
0000
012d
0000
300a
0000
024d
0000
0000
016d
0000
340a
0010
010d
0000
022d
0000
0000
014d
0000
320a
0000
026d
0000
0010
020d
0000
360a
0000
012d
0000
300a
024d
0000
0000
016d
0000
340a
0010
010d
0000
0000
022d
0000
0000
014d
0000
320a
026d
0000
0010
020d
0000
360a
0000
012d
0000
300a
0000
024d
0000
0000
016d
0000
340a
011d
0000
0000
022d
0000
0000
014d
0000
320a
0000
026d
0000
0010
020d
0000
360a
012d
0000
300a
0000
024d
0000
0000
016d
0000
340a
0010
010d
0000
022d
0000
014d
0000
320a
0000
026d
0000
0010
020d
0000
360a
0000
012d
0000
300a
024d
0000
016d
0000
340a
0010
0000
022d
0000
0000
320a
0000
026d
0000
0010
360a
022d
0000
320a
0000
026d
0000
0010
360a
0000
0000
0000
0010
0000
0000
0000
0010
0bb0
020d
0000
300a
0000
024d
0000
0000
340a
0010
020d
0000
0000
012d
0000
300a
024d
0000
016d
0000
340a
0010
020d
0000
0000
022d
0000
0000
024d
0000
900a
320a
026d
0000
021d
0000
940a
360a
0000
022d
0000
0000
024d
0000
900a
320a
0000
026d
0000
021d
0000
940a
360a
0000
022d
0000
0000
024d
0000
900a
0000
026d
0000
920a
021d
0000
940a
022d
0000
960a
0000
024d
0000
900a
0000
026d
0000
920a
0010
020d
0000
940a
022d
0000
960a
0000
024d
0000
900a
0000
026d
0000
920a
0010
020d
0000
940a
022d
0000
960a
0000
024d
0000
900a
0000
026d
0000
920a
0010
020d
0000
940a
022d
0000
960a
024d
0000
900a
0000
026d
0000
920a
0010
020d
0000
940a
0000
022d
0000
960a
024d
0000
900a
0000
026d
0000
920a
0010
940a
0000
022d
0000
960a
0000
026d
0000
920a
0010
022d
0000
960a
0000
0000
026d
0000
920a
0010
020d
0000
0000
960a
300a
024d
0000
0000
340a
0010
020d
0000
0000
300a
0000
024d
0000
0000
340a
021d
0000
012d
0000
300a
0000
024d
0000
0000
016d
0000
340a
0010
010d
0000
0000
022d
0000
014d
0000
320a
0000
026d
0000
0010
020d
0000
360a
0000
012d
0000
300a
024d
0000
016d
0000
340a
0010
010d
0000
0000
022d
0000
0000
014d
0000
320a
0000
026d
0000
021d
0000
360a
0000
012d
0000
300a
0000
024d
0000
0000
016d
0000
340a
011d
0000
022d
0000
0000
014d
0000
320a
0000
026d
0000
0010
020d
0000
360a
0000
012d
0000
300a
024d
0000
0000
016d
0000
340a
0010
0000
022d
0000
0000
320a
0000
026d
0000
361a
0000
022d
0000
0000
320a
0000
026d
0000
0010
360a
0000
022d
0000
320a
026d
0000
0010
360a
0000
0000
0000
0010
0000
0000
0000
0010
0000
0000
0000
0530
020d
0000
300a
0000
024d
0000
0000
340a
0010
020d
0000
0000
012d
0000
300a
024d
0000
016d
0000
340a
0010
020d
0000
0000
022d
0000
0000
024d
0000
900a
320a
026d
0000
021d
0000
940a
360a
0000
022d
0000
0000
024d
0000
900a
320a
0000
026d
0000
021d
0000
940a
360a
0000
022d
0000
0000
024d
0000
900a
0000
026d
0000
920a
021d
0000
940a
022d
0000
960a
0000
024d
0000
900a
0000
026d
0000
920a
0010
020d
0000
940a
022d
0000
960a
0000
024d
0000
900a
0000
026d
0000
920a
0010
020d
0000
940a
022d
0000
960a
0000
024d
0000
900a
0000
026d
0000
920a
0010
940a
0000
022d
0000
960a
0000
026d
0000
920a
0010
0000
022d
0000
960a
0000
0000
026d
0000
920a
961a
0010
0000
0000
0000
0010
0000
0000
0000
0010
0000
0000
0000
0010
0000
0000
021d
0000
024d
0000
900a
0000
0010
020d
0000
940a
0000
022d
0000
0000
024d
0000
900a
026d
0000
920a
0010
940a
0000
022d
0000
960a
0000
0000
026d
0000
920a
0010
960a
0000
0010
020d
0000
0000
300a
0000
024d
0000
0000
340a
0010
020d
0000
0000
012d
0000
300a
024d
0000
0000
016d
0000
340a
0010
010d
0000
0000
022d
0000
0000
014d
0000
320a
026d
0000
0010
020d
0000
360a
0000
012d
0000
300a
0000
024d
0000
016d
0000
340a
011d
0000
0000
022d
0000
0000
014d
0000
320a
0000
026d
0000
0010
020d
0000
360a
012d
0000
300a
0000
024d
0000
0000
016d
0000
340a
0010
010d
0000
022d
0000
014d
0000
320a
0000
026d
0000
0010
020d
0000
360a
0000
012d
0000
300a
024d
0000
016d
0000
340a
0010
010d
0000
0000
022d
0000
0000
014d
0000
320a
0000
026d
0000
021d
0000
360a
0000
012d
0000
300a
0000
024d
0000
0000
016d
0000
340a
023d
0000
320a
026d
0000
0010
360a
0000
022d
0000
0000
320a
0000
026d
0000
0010
360a
0000
0000
0010
0000
0000
0000
0010
0000
0000
0000
0010
0000
0000
0000
0010
0a30
020d
0000
300a
0000
024d
0000
0000
340a
0010
020d
0000
0000
012d
0000
300a
024d
0000
016d
0000
340a
0010
020d
0000
0000
022d
0000
0000
024d
0000
900a
320a
026d
0000
021d
0000
940a
360a
0000
022d
0000
0000
024d
0000
900a
320a
0000
026d
0000
021d
0000
940a
360a
0000
022d
0000
0000
024d
0000
900a
0000
026d
0000
920a
021d
0000
940a
022d
0000
960a
0000
024d
0000
900a
0000
026d
0000
920a
0010
020d
0000
940a
022d
0000
960a
0000
024d
0000
900a
0000
026d
0000
920a
0010
020d
0000
940a
022d
0000
960a
0000
024d
0000
900a
0000
026d
0000
920a
0010
020d
0000
940a
022d
0000
960a
024d
0000
900a
0000
026d
0000
920a
0010
020d
0000
940a
0000
022d
0000
960a
024d
0000
900a
0000
026d
0000
920a
0010
940a
0000
022d
0000
960a
0000
026d
0000
920a
0010
022d
0000
960a
0000
0000
026d
0000
920a
0010
020d
0000
0000
960a
300a
024d
0000
0000
340a
0010
020d
0000
0000
300a
0000
024d
0000
0000
340a
021d
0000
012d
0000
300a
0000
024d
0000
0000
016d
0000
340a
0010
010d
0000
0000
022d
0000
014d
0000
320a
0000
026d
0000
0010
020d
0000
360a
0000
012d
0000
300a
024d
0000
016d
0000
340a
0010
010d
0000
0000
022d
0000
0000
014d
0000
320a
0000
026d
0000
021d
0000
360a
0000
012d
0000
300a
0000
024d
0000
0000
016d
0000
340a
011d
0000
022d
0000
0000
014d
0000
320a
0000
026d
0000
0010
020d
0000
360a
0000
012d
0000
300a
024d
0000
0000
016d
0000
340a
0010
0000
022d
0000
0000
320a
0000
026d
0000
361a
0000
022d
0000
0000
320a
0000
026d
0000
0010
360a
0000
022d
0000
320a
026d
0000
0010
360a
0000
0000
0000
0010
0000
0000
0000
0010
0000
0000
0000
05c0
020d
0000
300a
0000
024d
0000
0000
340a
0010
020d
0000
0000
012d
0000
300a
024d
0000
016d
0000
340a
0010
020d
0000
0000
022d
0000
0000
024d
0000
900a
320a
026d
0000
021d
0000
940a
360a
0000
022d
0000
0000
024d
0000
900a
320a
0000
026d
0000
021d
0000
940a
360a
0000
022d
0000
0000
024d
0000
900a
0000
026d
0000
920a
021d
0000
940a
022d
0000
960a
0000
024d
0000
900a
0000
026d
0000
920a
0010
020d
0000
940a
022d
0000
960a
0000
024d
0000
900a
0000
026d
0000
920a
0010
020d
0000
940a
022d
0000
960a
0000
024d
0000
900a
0000
026d
0000
920a
0010
940a
0000
022d
0000
960a
0000
026d
0000
920a
0010
0000
022d
0000
960a
0000
0000
026d
0000
920a
961a
0010
0000
0000
0000
0010
020d
0000
0000
022d
0000
0000
024d
0000
900a
0000
026d
0000
920a
021d
0000
940a
0000
022d
0000
960a
0000
024d
0000
900a
0000
026d
0000
920a
941a
0000
960a
0000
0000
0010
0000
0000
0000
0010
020d
0000
0000
012d
0000
300a
024d
0000
0000
016d
0000
340a
0010
010d
0000
0000
022d
0000
0000
014d
0000
320a
026d
0000
0010
020d
0000
360a
0000
012d
0000
300a
0000
024d
0000
0000
016d
0000
340a
011d
0000
0000
022d
0000
0000
014d
0000
320a
0000
026d
0000
0010
020d
0000
360a
012d
0000
300a
0000
024d
0000
0000
016d
0000
340a
0010
010d
0000
022d
0000
014d
0000
320a
0000
026d
0000
0010
020d
0000
360a
0000
012d
0000
300a
024d
0000
016d
0000
340a
0010
010d
0000
0000
022d
0000
0000
014d
0000
320a
0000
026d
0000
021d
0000
360a
0000
012d
0000
300a
0000
024d
0000
0000
016d
0000
340a
011d
0000
022d
0000
0000
014d
0000
320a
0000
026d
0000
0010
020d
0000
360a
0000
012d
0000
300a
024d
0000
0000
016d
0000
340a
0010
0000
022d
0000
0000
320a
0000
026d
0000
361a
0000
0000
0000
0010
0000
0000
0000
0010
0000
0000
0000
0010
0000
0bc0
020d
0000
300a
0000
024d
0000
0000
340a
0010
020d
0000
0000
012d
0000
300a
024d
0000
016d
0000
340a
0010
020d
0000
0000
022d
0000
0000
024d
0000
900a
320a
026d
0000
021d
0000
940a
360a
0000
022d
0000
0000
024d
0000
900a
320a
0000
026d
0000
021d
0000
940a
360a
0000
022d
0000
0000
024d
0000
900a
0000
026d
0000
920a
021d
0000
940a
022d
0000
960a
0000
024d
0000
900a
0000
026d
0000
920a
0010
020d
0000
940a
022d
0000
960a
0000
024d
0000
900a
0000
026d
0000
920a
0010
020d
0000
940a
022d
0000
960a
0000
024d
0000
900a
0000
026d
0000
920a
0010
020d
0000
940a
022d
0000
960a
024d
0000
900a
0000
026d
0000
920a
0010
020d
0000
940a
0000
022d
0000
960a
024d
0000
900a
0000
026d
0000
920a
0010
940a
0000
022d
0000
960a
0000
026d
0000
920a
0010
022d
0000
960a
0000
0000
026d
0000
920a
0010
020d
0000
0000
960a
300a
024d
0000
0000
340a
0010
020d
0000
0000
300a
0000
024d
0000
0000
340a
021d
0000
012d
0000
300a
0000
024d
0000
0000
016d
0000
340a
0010
010d
0000
0000
022d
0000
014d
0000
320a
0000
026d
0000
0010
020d
0000
360a
0000
012d
0000
300a
024d
0000
016d
0000
340a
0010
010d
0000
0000
022d
0000
0000
014d
0000
320a
0000
026d
0000
021d
0000
360a
0000
012d
0000
300a
0000
024d
0000
0000
016d
0000
340a
011d
0000
022d
0000
0000
014d
0000
320a
0000
026d
0000
0010
020d
0000
360a
0000
012d
0000
300a
024d
0000
0000
016d
0000
340a
0010
0000
022d
0000
0000
320a
0000
026d
0000
361a
0000
022d
0000
0000
320a
0000
026d
0000
0010
360a
0000
022d
0000
320a
026d
0000
0010
360a
0000
0000
0000
0010
0000
0000
0000
0010
0000
0000
0000
0590
020d
0000
012d
0000
300a
0000
024d
0000
0000
016d
0000
340a
0010
010d
0000
022d
0000
014d
0000
320a
0000
026d
0000
0010
020d
0000
360a
0000
012d
0000
300a
024d
0000
016d
0000
340a
0010
020d
0000
0000
022d
0000
0000
024d
0000
900a
320a
026d
0000
941a
360a
0000
022d
0000
0000
0000
026d
0000
920a
0010
0000
960a
0000
021d
0000
300a
024d
0000
0000
340a
0010
020d
0000
0000
012d
0000
300a
0000
024d
0000
016d
0000
340a
0010
020d
0000
0000
022d
0000
0000
024d
0000
320a
0000
026d
0000
031d
0000
360a
0000
022d
0000
880a
0000
034d
0000
320a
0000
026d
0000
8c0a
021d
0000
360a
022d
0000
0000
024d
0000
900a
0000
026d
0000
0010
940a
0000
032d
0000
8a0a
0000
036d
0000
0010
8e0a
0000
022d
0000
0000
0000
026d
0000
920a
0010
960a
0000
0010
0000
0000
0000
0010
0000
0000
0000
0010
0000
0000
0000
0010
0000
0030
020d
0000
022d
0000
0000
024d
0000
900a
0000
026d
0000
920a
0010
020d
0000
940a
022d
0000
960a
0000
024d
0000
900a
0000
026d
0000
920a
0010
020d
0000
940a
022d
0000
960a
024d
0000
900a
0000
026d
0000
920a
0010
030d
0000
940a
0000
032d
0000
960a
034d
0000
0000
036d
0000
0010
020d
0000
0000
022d
0000
0000
024d
0000
e00a
026d
0000
e20a
0010
020d
0000
e40a
0000
022d
0000
e60a
0000
024d
0000
900a
920a
021d
0000
940a
0000
022d
0000
0000
024d
0000
e00a
0000
026d
0000
e20a
0010
020d
0000
e40a
022d
0000
960a
0000
024d
0000
900a
0000
026d
0000
920a
0010
020d
0000
940a
022d
0000
e60a
0000
024d
0000
900a
0000
026d
0000
920a
0010
940a
0000
960a
0000
026d
0000
0010
0000
960a
0000
0000
0010
0000
0000
0000
0010
0000
0000
0a30
020d
0000
022d
0000
0000
024d
0000
900a
0000
920a
0010
020d
0000
940a
0000
022d
0000
024d
0000
e00a
0000
026d
0000
e20a
0010
020d
0000
e40a
0000
022d
0000
960a
024d
0000
900a
0000
026d
0000
920a
0010
020d
0000
940a
0000
022d
0000
e60a
024d
0000
e00a
026d
0000
e20a
0010
020d
0000
e40a
0000
022d
0000
960a
0000
024d
0000
900a
026d
0000
920a
0010
020d
0000
940a
0000
022d
0000
e60a
0000
024d
0000
900a
026d
0000
920a
0010
020d
0000
940a
0000
022d
0000
960a
0000
024d
0000
900a
026d
0000
920a
021d
0000
940a
0000
022d
0000
960a
0000
024d
0000
e00a
0000
026d
0000
e20a
e41a
0000
960a
0000
0000
026d
0000
0010
0000
e60a
0000
0000
0010
0000
0750
020d
0000
022d
0000
0000
024d
0000
900a
0000
920a
0010
020d
0000
940a
0000
022d
0000
024d
0000
e00a
0000
026d
0000
e20a
0010
020d
0000
e40a
0000
022d
0000
960a
024d
0000
900a
026d
0000
920a
021d
0000
940a
022d
0000
e60a
024d
0000
900a
026d
0000
920a
021d
0000
940a
022d
0000
960a
900a
0000
026d
0000
920a
0010
020d
0000
022d
0000
960a
0000
024d
0000
e00a
0000
026d
0000
e20a
0010
020d
0000
940a
022d
0000
960a
024d
0000
900a
0000
026d
0000
920a
0010
020d
0000
e40a
0000
022d
0000
e60a
024d
0000
e00a
0000
026d
0000
e20a
0010
940a
0000
960a
0000
024d
0000
026d
0000
e41a
0000
e60a
0000
024d
0000
0000
026d
0000
0010
020d
0000
940a
0000
022d
0000
960a
024d
0000
900a
0000
026d
0000
920a
0010
020d
0000
940a
0000
022d
0000
960a
024d
0000
900a
0000
026d
0000
920a
0010
020d
0000
940a
0000
022d
0000
960a
024d
0000
900a
0000
026d
0000
920a
0010
020d
0000
e40a
0000
022d
0000
e60a
024d
0000
e00a
026d
0000
e20a
0010
020d
0000
940a
0000
022d
0000
960a
0000
024d
0000
900a
026d
0000
920a
0010
020d
0000
e40a
0000
022d
0000
e60a
0000
024d
0000
e00a
026d
0000
e20a
0010
020d
0000
940a
0000
022d
0000
960a
0000
024d
0000
900a
026d
0000
920a
021d
0000
940a
0000
022d
0000
960a
0000
900a
0000
920a
0010
0000
08d0
024d
0000
026d
0000
0010
020d
0000
940a
0000
022d
0000
960a
0000
024d
0000
900a
026d
0000
920a
0010
020d
0000
e40a
0000
022d
0000
e60a
0000
024d
0000
e00a
026d
0000
e20a
021d
0000
940a
0000
022d
0000
960a
0000
024d
0000
900a
0000
026d
0000
920a
021d
0000
e40a
0000
022d
0000
e60a
0000
024d
0000
e00a
0000
026d
0000
e20a
021d
0000
940a
0000
022d
0000
960a
0000
024d
0000
900a
0000
026d
0000
920a
021d
0000
940a
022d
0000
960a
0000
024d
0000
900a
0000
026d
0000
920a
0010
020d
0000
940a
022d
0000
960a
0000
024d
0000
900a
0000
026d
0000
920a
0010
020d
0000
e40a
022d
0000
e60a
0000
e00a
0000
e20a
0010
0000
0000
0000
0010
0000
0000
0000
0030
024d
0000
026d
0000
0010
020d
0000
940a
0000
022d
0000
960a
0000
024d
0000
900a
026d
0000
920a
0010
020d
0000
e40a
0000
022d
0000
e60a
0000
024d
0000
e00a
026d
0000
e20a
021d
0000
940a
0000
022d
0000
960a
0000
024d
0000
900a
0000
026d
0000
920a
021d
0000
2c0a
0000
022d
0000
2e0a
0000
034d
0000
280a
0000
036d
0000
2a0a
031d
0000
0000
032d
0000
0000
024d
0000
0000
026d
0000
0010
020d
0000
940a
022d
0000
960a
024d
0000
900a
0000
026d
0000
920a
0010
020d
0000
e40a
0000
022d
0000
e60a
024d
0000
e00a
0000
026d
0000
e20a
0010
020d
0000
940a
0000
022d
0000
960a
024d
0000
900a
0000
026d
0000
920a
0010
020d
0000
0000
022d
0000
0000
024d
0000
026d
0000
0c0a
0010
020d
0000
0e0a
2c0a
0000
022d
0000
080a
2e0a
0000
0a0a
280a
2a0a
0010
0000
0000
0000
0010
0000
0000
0000
0010
0000
0000
0000
0010
0000
0510
024d
0000
026d
0000
0010
020d
0000
e40a
0000
022d
0000
e60a
0000
024d
0000
e00a
026d
0000
e20a
0010
020d
0000
940a
0000
022d
0000
960a
0000
024d
0000
900a
026d
0000
920a
021d
0000
940a
0000
022d
0000
960a
0000
900a
0000
920a
0010
0000
0020
024d
0000
026d
0000
0010
020d
0000
0000
022d
0000
0000
024d
0000
0000
026d
0000
0c0a
021d
0000
0e0a
940a
0000
022d
0000
080a
960a
0000
034d
0000
0a0a
900a
036d
0000
920a
031d
0000
0000
032d
0000
0000
024d
0000
0000
026d
0000
7c0a
0010
020d
0000
7e0a
022d
0000
780a
0000
034d
0000
7a0a
0000
036d
0000
0010
030d
0000
032d
0000
034d
0000
0000
036d
0000
0010
030d
0000
0000
032d
0000
0000
024d
0000
016d
0000
021d
0000
0000
012d
0000
0000
0000
340a
0010
0000
300a
0000
014d
0000
026d
0000
011d
0000
0000
022d
0000
0000
0000
0010
360a
0000
0000
024d
0000
320a
016d
0000
021d
0000
0000
012d
0000
0000
0000
340a
0010
0000
300a
0000
0000
026d
0000
0010
022d
0000
0000
0000
0010
360a
0000
0000
320a
0000
0010
0000
0000
0000
0a40
024d
0000
016d
0000
0010
020d
0000
0000
012d
0000
0000
0000
340a
0010
0000
300a
014d
0000
0000
026d
0000
0010
010d
0000
0000
022d
0000
0000
0000
0010
360a
024d
0000
320a
016d
0000
021d
0000
0000
012d
0000
0000
0000
340a
0010
0000
300a
026d
0000
023d
0000
0000
0000
0010
360a
0000
0000
320a
0000
0010
0000
0000
0000
0080
034d
0000
0010
030d
0000
0000
0000
024d
0000
0000
7c0a
0010
020d
0000
0000
780a
0000
036d
0000
0010
0000
032d
0000
0000
0000
026d
0000
0010
7e0a
0000
022d
0000
034d
0000
7a0a
0000
036d
0000
0010
030d
0000
0000
032d
0000
0000
034d
0000
036d
0000
031d
0000
0000
032d
0000
0000
024d
0000
0000
026d
0000
0010
020d
0000
022d
0000
0000
0c0a
0010
0e0a
0000
080a
0000
024d
0000
0a0a
0000
026d
0000
6c0a
021d
0000
6e0a
022d
0000
680a
0000
024d
0000
6a0a
0000
026d
0000
0010
020d
0000
022d
0000
024d
0000
0000
026d
0000
0c0a
0010
020d
0000
0e0a
940a
0000
022d
0000
080a
960a
024d
0000
0a0a
900a
0000
026d
0000
920a
0010
020d
0000
940a
0000
022d
0000
960a
024d
0000
900a
0000
026d
0000
920a
0010
020d
0000
2c0a
0000
022d
0000
2e0a
024d
0000
280a
0000
026d
0000
2a0a
0010
020d
0000
940a
0000
022d
0000
960a
024d
0000
900a
026d
0000
920a
0010
020d
0000
940a
0000
022d
0000
960a
0000
900a
920a
0010
0000
0000
0010
0000
0000
024d
0000
0000
016d
0000
340a
0010
020d
0000
012d
0000
300a
024d
0000
0000
026d
0000
0010
020d
0000
2c0a
360a
0000
022d
0000
024d
0000
280a
320a
026d
0000
0010
020d
0000
2c0a
0000
022d
0000
2e0a
0000
024d
0000
280a
026d
0000
2a0a
0010
020d
0000
2c0a
0000
022d
0000
2e0a
0000
024d
0000
280a
026d
0000
2a0a
0010
020d
0000
2c0a
0000
022d
0000
2e0a
0000
024d
0000
280a
026d
0000
2a0a
021d
0000
940a
0000
022d
0000
2e0a
0000
024d
0000
900a
0000
026d
0000
2a0a
021d
0000
2c0a
0000
022d
0000
960a
0000
024d
0000
280a
0000
026d
0000
920a
021d
0000
2c0a
0000
022d
0000
2e0a
0000
280a
0000
026d
0000
2a0a
0010
0000
022d
0000
2e0a
0000
2a0a
0010
0000
0000
0000
0010
0000
0000
0000
0010
0000
0000
024d
0000
0010
020d
0000
0000
0000
024d
0000
0000
026d
0000
0c0a
0010
020d
0000
2c0a
022d
0000
080a
0000
024d
0000
280a
0000
026d
0000
0010
020d
0000
0e0a
2c0a
022d
0000
2e0a
0a0a
280a
0000
026d
0000
2a0a
0010
0000
022d
0000
2e0a
0000
0000
2a0a
0010
0000
0000
0010
0000
0000
0000
0010
0000
0000
0000
0010
0000
0000
0000
0a60
024d
0000
0010
020d
0000
2c0a
0000
0000
024d
0000
280a
0000
026d
0000
0010
020d
0000
940a
022d
0000
2e0a
0000
024d
0000
900a
0000
026d
0000
2a0a
0010
020d
0000
2c0a
022d
0000
960a
0000
024d
0000
280a
0000
026d
0000
920a
0010
020d
0000
2c0a
022d
0000
2e0a
0000
034d
0000
280a
0000
026d
0000
2a0a
0010
030d
0000
0000
022d
0000
2e0a
0000
036d
0000
2a0a
0010
0000
032d
0000
0000
014d
0000
0000
0010
010d
0000
0000
0000
016d
0000
0010
0000
012d
0000
0000
024d
0000
0000
240a
0010
014d
0000
0010
0000
0000
0010
0000
0000
024d
0000
0000
240a
0010
0000
0000
014d
0000
0010
0000
0000
024d
0000
0000
240a
0010
0000
0000
0000
026d
0000
0010
260a
016d
0000
0010
0000
0000
0010
0000
0000
0000
026d
0000
0010
260a
0000
0000
0000
016d
0000
0010
0000
0000
026d
0000
0010
020d
0000
260a
0000
200a
0000
0000
0010
010d
0000
0000
0000
0010
0000
0000
0000
0010
020d
0000
0000
200a
0000
0000
0010
010d
0000
0000
0000
0010
020d
0000
0000
200a
0000
0000
0010
0000
022d
0000
0000
220a
0010
0000
012d
0000
0000
0000
0010
0000
0000
0000
0010
0000
022d
0000
0000
220a
0010
0000
012d
0000
0000
0000
0010
0000
022d
0000
0000
220a
0000
0010
0000
0890
8046
0010
0000
0000
0010
0000
0000
0000
0010
0000
0000
0000
0010
0000
8106
024d
0000
7c0a
80c6
0010
0000
0186
0000
0000
8006
0010
0000
0000
0000
0010
0000
0020
01c6
0010
0000
0000
0010
0000
0000
0000
0010
0000
0000
0000
0010
0000
8086
0040
0286
0010
0000
0000
0010
0000
0000
0000
0010
0000
0000
0000
0010
0000
0000
00b0
0206
0000
0010
0000
0000
0000
0010
0000
02c6
0000
0000
0010
0000
0000
0000
0030
0146
0010
0000
0000
0010
0000
8306
0000
0000
0010
0000
0000
0000
0010
0000
027d
0000
7e1a
0000
c006
0000
0000
0010
0000
0000
0000
0010
0000
0000
0000
0010
0020
4286
0010
0000
0000
0010
0000
0000
0000
0010
0000
0000
0000
8246
0010
0000
0030
41c6
0000
c0c6
0010
0000
0000
0000
c106
0010
0000
0000
0000
0010
0000
0000
0050
c046
0010
0000
0000
0010
0000
0000
0000
0010
0000
c086
0000
0000
42c6
0010
021d
0000
780a
0006
0000
0000
0010
0000
0000
0000
0010
0000
0000
0000
0010
0000
0080
0046
0000
0010
0000
4186
0000
0000
0010
0000
0000
0000
0010
0000
0000
0000
0030
4146
0010
0000
0000
0010
0000
0000
0000
0010
0000
0000
0000
0010
0000
0000
c246
0010
0000
0000
0010
0000
0000
0000
0010
0000
0000
0000
0010
0000
0000
0000
00d6
0010
0000
0000
0000
0010
0000
0000
0000
0010
0000
0000
0000
0010
0000
0000
4216
0010
0000
0000
0010
0000
0000
0000
0010
0000
0000
0000
0010
0000
0000
0000
0060
82c6
0010
0000
0000
c306
0010
0000
8146
0000
0000
0010
0000
8286
0000
0000
0020
0106
0010
0000
0000
0010
0000
0000
0000
0010
0000
0000
0000
0010
0000
0000
0256
0000
8206
0010
0000
81c6
0000
0000
0010
0000
c286
0000
0000
0010
0000
0000
0316
0010
0000
0000
0010
0000
0000
0000
0010
0000
022d
0000
0000
7a0a
0000
4006
0030
8186
0010
0000
0000
0010
0000
0000
0000
0010
0000
0000
0000
0010
0000
0000
0020
4106
0000
0010
0000
0000
0000
0010
0000
0000
0000
c1c6
0010
0000
0000
0000
0060
0086
0010
0000
0000
0010
0000
0000
0000
0010
0000
0000
0000
0010
0000
0000
0020
40c6
0010
0000
0000
0010
0000
0000
0000
0010
0000
0000
0000
0010
0000
0000
0030
c146
0000
8506
0010
0000
0000
0000
0010
0000
4246
0000
0000
4046
0010
0000
c206
0000
0010
0000
0000
0000
4086
0010
0000
0000
0000
84c6
0010
0000
c2c6
0000
0080
c186
0010
0000
0000
0010
0000
0000
0000
0010
0000
0000
0000
0010
0000
0000
00a0
0546
0010
0000
0000
0010
0000
0000
0000
c506
0010
0000
0000
0000
0010
0000
c4d6
0000
0010
0000
0000
0000
0010
0000
0000
0000
0010
0000
0000
0000
0010
0000
00c0
4546
0010
0000
0000
0010
0000
0000
0000
0010
0000
04c6
0000
0000
0010
0000
0060
4306
0000
0010
0000
0000
0000
0506
0010
0000
0000
0000
0010
0000
8546
0000
00f0
44c6
0010
0000
0000
0010
0000
0000
0000
0010
0000
0000
0000
0010
0000
0000
00d0
4506
0000
0010
0000
0000
0000
0010
0000
0000
0000
0010
0000
0000
0000
0010
0020
c546
0000
0010
0000
0000
0000
0010
0000
0000
0000
0010
0000
0000
0000
0010
2ff0
fe85
0007
0000
0000
0001
cc08
fd03
7f79
0000
0010
0000
0000
0000
0010
0000
