2850
fe85
0007
0000
0000
0001
4682
fd03
7f79
0000
0010
0000
0000
0000
0010
0000
0b70
fe85
0007
0000
0000
0000
0010
0000
0000
0000
0010
0000
0000
0000
0010
0000
03a0
0e8f
0100
0000
108f
0001
0000
0000
0010
128f
0001
0000
0000
0000
0000
0010
0040
1c8f
0010
0000
0000
0000
0010
0000
0000
0000
0010
0000
0000
0000
0010
0000
2ff0
188f
f310
fba5
0000
1a8f
017e
0000
0000
0001
5091
fd03
7f79
0000
5a8f
002c
0000
249f
0096
00ac
0000
268f
00cc
000a
0000
808f
0000
af60
0000
828f
7efb
8000
849f
0000
00d0
868f
4fac
00ea
0000
888f
0680
a500
0000
8a8f
7efb
0000
0010
0000
0ab0
008f
0425
0000
0010
0000
0000
0000
0010
0000
0000
0000
0010
0000
0000
0000
0090
8243
1020
0000
0000
4243
1020
0010
0000
c243
1020
0000
0000
0010
0000
0000
0243
1020
0010
0000
0000
0000
4283
1020
0010
0000
c283
1020
0000
0000
0010
0000
0283
1020
0010
0000
0000
0000
0010
8283
1020
0000
0000
0000
42c3
1020
0010
0000
c2c3
1020
0000
0010
0000
0000
02c3
1020
0000
0010
0000
0000
0000
0010
82c3
1020
4303
1020
0010
c303
1020
0000
0000
0010
0000
0000
0303
1020
0000
0010
0000
0000
8313
1020
0000
4003
1020
0010
0000
c003
1020
0000
0000
0010
0000
0000
0003
1020
0020
8003
1020
c043
1020
0000
0000
0010
0000
0000
0043
1020
0000
0010
0000
0000
8053
1020
0000
4043
1020
0010
0000
0000
0083
1020
0000
0010
0000
0000
0000
0010
8083
1020
0000
0000
4083
1020
0010
0000
c083
1020
0000
0000
0010
0000
0000
00c3
1020
0010
0000
0000
0000
0010
80c3
1020
0000
0000
0000
40c3
1020
0010
0000
c0c3
1020
0000
0010
0000
0000
0103
1020
0000
0010
0000
0000
0000
0010
8103
1020
0000
4103
1020
c113
1020
0000
0000
0010
0000
0000
0143
1020
0000
0010
0000
0000
0000
8153
1020
0000
0000
4143
1020
0010
0000
c143
1020
0000
0000
0010
0000
0000
0000
8193
1020
0000
0000
4183
1020
0010
0000
c183
1020
0000
0000
0010
0000
0000
0183
1020
0010
0000
0000
0000
0010
81c3
1020
0000
0000
0000
41c3
1020
0010
0000
c1c3
1020
0000
0010
0000
0000
01c3
1020
0000
0010
0000
0000
0000
4203
1020
0010
0000
c203
1020
0000
0010
0000
0000
0203
1020
0000
0010
0000
0000
0000
0010
8203
1020
4643
3020
0010
c643
3020
0000
0000
0010
0000
0000
0643
3020
0000
0010
0000
0000
8653
3020
c683
3020
0000
0010
0000
0000
0683
3020
0000
0010
0000
0000
0000
0010
8683
3020
0000
0000
4683
3020
0010
0000
0000
0000
0010
0000
0000
0000
0010
0000
00e0
c6c3
3020
0000
0010
0000
0000
06c3
3020
0000
0010
0000
0000
0000
0010
86c3
3020
0000
0000
46c3
3020
0010
0000
0000
0000
0010
0000
0000
0000
0010
0000
0000
03f0
fe85
0007
0000
0000
0010
0000
0000
0000
0010
0000
0000
0000
0010
0000
0000
0640
022d
0000
0000
026d
0000
0000
020d
0000
0010
022d
0000
0000
024d
0000
020a
026d
0000
020d
0000
060a
0010
022d
0000
000a
0000
024d
0000
020a
0000
026d
0000
040a
020d
0000
060a
0010
022d
0000
000a
0000
024d
0000
020a
0000
026d
0000
040a
020d
0000
060a
023d
0000
000a
0000
024d
0000
020a
0000
026d
0000
040a
2a0a
0000
020d
0000
060a
023d
0000
000a
2e0a
0000
024d
0000
280a
0000
026d
0000
040a
2a0a
020d
0000
2c0a
023d
0000
2e0a
0000
024d
0000
280a
0000
026d
0000
0000
020d
0000
2c0a
0010
024d
0000
0a0a
0000
0000
0e0a
0010
080a
0000
0000
0c0a
0000
0010
0000
2ff0
032d
0000
0000
034d
0000
0000
036d
0000
0001
6239
fd03
7f79
0000
030d
0000
023d
0000
024d
0000
0000
026d
0000
0000
020d
0000
0010
022d
0000
0000
024d
0000
0a0a
026d
0000
0c0a
0000
020d
0000
0e0a
0010
022d
0000
080a
0000
024d
0000
0a0a
026d
0000
0c0a
020d
0000
0e0a
0010
022d
0000
080a
0000
024d
0000
0a0a
0000
026d
0000
0c0a
020d
0000
0e0a
0010
022d
0000
080a
0000
024d
0000
0a0a
0000
026d
0000
0c0a
020d
0000
0e0a
0010
022d
0000
080a
0000
024d
0000
0a0a
0000
026d
0000
0c0a
020d
0000
0e0a
023d
0000
080a
0000
024d
0000
0a0a
0000
026d
0000
0c0a
0000
020d
0000
0e0a
023d
0000
080a
0000
024d
0000
0a0a
0000
026d
0000
0c0a
0000
020d
0000
0e0a
023d
0000
080a
0000
024d
0000
0a0a
0000
026d
0000
0c0a
2a0a
0000
020d
0000
0e0a
2c0a
023d
0000
080a
2e0a
0000
024d
0000
280a
0000
026d
0000
0000
020d
0000
023d
0000
024d
0000
0a0a
0000
026d
0000
0c0a
0000
020d
0000
0e0a
0010
022d
0000
080a
024d
0000
0a0a
0000
026d
0000
0c0a
0000
020d
0000
0e0a
0010
022d
0000
080a
024d
0000
0a0a
026d
0000
0c0a
0000
020d
0000
0e0a
0010
080a
0000
0000
0000
0010
2a1a
2c0a
0010
022d
0000
2e0a
0000
024d
0000
280a
0000
026d
0000
0000
020d
0000
023d
0000
024d
0000
0a0a
0000
026d
0000
0c0a
2a0a
0000
020d
0000
0e0a
2c0a
0010
022d
0000
080a
2e0a
024d
0000
280a
0000
026d
0000
920a
0000
020d
0000
940a
0010
022d
0000
960a
024d
0000
900a
0000
026d
0000
920a
0000
020d
0000
940a
0010
022d
0000
960a
024d
0000
900a
0000
026d
0000
2a0a
0000
020d
0000
2c0a
0010
022d
0000
2e0a
024d
0000
280a
0000
026d
0000
2a0a
0000
020d
0000
2c0a
0010
022d
0000
2e0a
024d
0000
280a
026d
0000
2a0a
0000
020d
0000
2c0a
0010
022d
0000
2e0a
0000
024d
0000
280a
026d
0000
920a
0000
020d
0000
940a
0010
022d
0000
960a
0000
024d
0000
900a
026d
0000
2a0a
0000
020d
0000
2c0a
0010
2e0a
0000
280a
0000
0000
0010
0000
0030
022d
0000
024d
0000
0000
026d
0000
0000
020d
0000
0010
022d
0000
0000
024d
0000
0a0a
026d
0000
0c0a
0000
020d
0000
0e0a
0010
022d
0000
080a
0000
024d
0000
0a0a
026d
0000
0c0a
0000
020d
0000
0e0a
0010
022d
0000
080a
0000
024d
0000
0a0a
026d
0000
0c0a
020d
0000
0e0a
0010
022d
0000
080a
0000
024d
0000
0a0a
0000
026d
0000
0c0a
020d
0000
0e0a
0010
022d
0000
080a
0000
024d
0000
0a0a
0000
026d
0000
0c0a
020d
0000
0e0a
0010
022d
0000
080a
0000
024d
0000
0a0a
0000
026d
0000
0c0a
020d
0000
0e0a
023d
0000
080a
0000
024d
0000
0a0a
0000
026d
0000
0c0a
0000
020d
0000
0e0a
023d
0000
080a
0000
024d
0000
0a0a
0000
026d
0000
0c0a
0000
020d
0000
0e0a
023d
0000
080a
0000
024d
0000
0a0a
0000
026d
0000
0c0a
0000
020d
0000
0e0a
023d
0000
080a
024d
0000
0a0a
0000
026d
0000
0c0a
0000
020d
0000
0e0a
0010
080a
0a0a
0c0a
0000
0e0a
0010
080a
0000
0000
0000
0010
0000
0000
0000
0010
0000
0000
0a60
022d
0000
024d
0000
0000
026d
0000
0000
020d
0000
0010
022d
0000
0000
024d
0000
0a0a
026d
0000
0c0a
0000
020d
0000
0e0a
0010
022d
0000
080a
0000
024d
0000
0a0a
026d
0000
0c0a
0000
020d
0000
0e0a
0010
022d
0000
080a
0000
024d
0000
0a0a
026d
0000
0c0a
020d
0000
0e0a
0010
022d
0000
080a
0000
024d
0000
0a0a
0000
026d
0000
0c0a
020d
0000
0e0a
0010
022d
0000
080a
0000
024d
0000
0a0a
0000
026d
0000
0c0a
920a
020d
0000
0e0a
940a
0010
022d
0000
080a
960a
0000
024d
0000
900a
0000
026d
0000
920a
020d
0000
940a
0010
022d
0000
960a
0000
024d
0000
900a
0000
026d
0000
2a0a
020d
0000
2c0a
0010
022d
0000
2e0a
0000
024d
0000
280a
0000
026d
0000
920a
020d
0000
940a
0010
022d
0000
960a
0000
024d
0000
900a
0000
026d
0000
920a
020d
0000
940a
023d
0000
960a
0000
024d
0000
900a
0000
026d
0000
2a0a
0000
020d
0000
2c0a
023d
0000
2e0a
0000
024d
0000
280a
0000
026d
0000
2a0a
0000
020d
0000
2c0a
023d
0000
2e0a
0000
024d
0000
280a
0000
026d
0000
2a0a
0000
020d
0000
2c0a
023d
0000
2e0a
024d
0000
280a
0000
026d
0000
2a0a
0000
020d
0000
2c0a
0010
022d
0000
2e0a
024d
0000
280a
0000
026d
0000
920a
0000
020d
0000
940a
0010
960a
0000
900a
0000
0010
0000
0000
0000
0010
022d
0000
0000
024d
0000
0000
026d
0000
0000
020d
0000
023d
0000
0000
024d
0000
0a0a
0000
026d
0000
0c0a
2a0a
0000
020d
0000
0e0a
2c0a
023d
0000
080a
2e0a
0000
024d
0000
280a
0000
026d
0000
2a0a
0000
020d
0000
2c0a
023d
0000
2e0a
0000
024d
0000
280a
0000
026d
0000
2a0a
0000
020d
0000
2c0a
2e1a
0000
280a
0000
0000
0010
0000
0000
0000
0010
022d
0000
0000
024d
0000
026d
0000
020d
0000
0010
022d
0000
0000
024d
0000
0a0a
0000
026d
0000
0c0a
2a0a
020d
0000
0e0a
2c0a
023d
0000
080a
2e0a
0000
024d
0000
280a
0000
026d
0000
920a
020d
0000
940a
023d
0000
960a
0000
024d
0000
900a
0000
026d
0000
920a
0000
020d
0000
940a
023d
0000
960a
0000
024d
0000
900a
0000
026d
0000
2a0a
0000
020d
0000
2c0a
2e1a
0000
280a
0000
0000
0010
022d
0000
0000
024d
0000
0000
026d
0000
0000
020d
0000
0010
0a0a
0000
0c0a
0000
0e0a
0010
080a
0000
0000
0000
0010
0000
0000
09f0
022d
0000
024d
0000
0000
026d
0000
2a0a
0000
020d
0000
2c0a
0010
022d
0000
2e0a
024d
0000
280a
0000
026d
0000
2a0a
0000
020d
0000
2c0a
0010
022d
0000
2e0a
024d
0000
280a
026d
0000
2a0a
0000
020d
0000
2c0a
0010
022d
0000
2e0a
0000
024d
0000
280a
026d
0000
2a0a
0000
020d
0000
2c0a
0010
022d
0000
2e0a
0000
024d
0000
280a
026d
0000
2a0a
0000
020d
0000
2c0a
0010
022d
0000
2e0a
0000
024d
0000
280a
026d
0000
920a
020d
0000
940a
0010
022d
0000
960a
0000
024d
0000
900a
0000
026d
0000
2a0a
020d
0000
2c0a
0010
022d
0000
2e0a
0000
024d
0000
280a
0000
026d
0000
2a0a
020d
0000
2c0a
0010
022d
0000
2e0a
0000
024d
0000
280a
0000
026d
0000
2a0a
020d
0000
2c0a
023d
0000
2e0a
0000
024d
0000
280a
0000
026d
0000
920a
0000
020d
0000
940a
023d
0000
960a
0000
024d
0000
900a
0000
026d
0000
2a0a
0000
020d
0000
2c0a
023d
0000
2e0a
0000
024d
0000
280a
0000
026d
0000
2a0a
0000
020d
0000
2c0a
023d
0000
2e0a
024d
0000
280a
0000
026d
0000
2a0a
0000
020d
0000
2c0a
0010
2e0a
280a
0000
0010
0000
0000
0000
0010
0000
0000
0000
0010
0000
0000
0000
0010
012d
0000
014d
0000
0000
016d
0000
0000
010d
0000
0010
0000
0000
0000
0010
022d
0000
720a
0000
0010
022d
0000
0000
024d
0000
0000
2a0a
740a
0000
0010
0000
024d
0000
026d
0000
020d
0000
2c0a
760a
0010
700a
0000
0000
026d
0000
0000
020d
0000
0010
022d
0000
2e0a
280a
720a
0000
0000
0010
022d
0000
0000
014d
0000
720a
0000
0000
023d
0000
024d
0000
0000
016d
0000
2a0a
740a
0000
010d
0000
0010
022d
0000
0000
024d
0000
2a0a
740a
0000
0010
022d
0000
0000
024d
0000
0000
026d
0000
2a0a
0000
2c0a
760a
023d
0000
0000
024d
0000
0000
026d
0000
2a0a
0000
020d
0000
2c0a
760a
023d
0000
700a
024d
0000
0000
026d
0000
2a0a
0000
020d
0000
2c0a
0010
022d
0000
2e0a
700a
024d
0000
0000
026d
0000
2a0a
0000
020d
0000
2c0a
0010
022d
0000
2e0a
024d
0000
280a
026d
0000
2a0a
0000
020d
0000
2c0a
0010
022d
0000
2e0a
0000
024d
0000
280a
026d
0000
2a0a
0000
020d
0000
2c0a
0010
022d
0000
2e0a
0000
024d
0000
280a
026d
0000
2a0a
0000
020d
0000
2c0a
0010
022d
0000
2e0a
0000
024d
0000
280a
026d
0000
2a0a
020d
0000
2c0a
0010
2e0a
0000
024d
0000
280a
0000
026d
0000
0000
020d
0000
2c0a
2e1a
0000
024d
0000
280a
0000
026d
0000
0000
020d
0000
2c0a
0010
2e0a
280a
0000
026d
0000
0000
020d
0000
0010
2e0a
0000
280a
0000
026d
0000
0000
020d
0000
2e1a
0000
280a
0000
0000
020d
0000
0010
0000
280a
0000
0000
0010
0000
0c10
022d
0000
0000
2a0a
0000
0010
022d
0000
0000
024d
0000
0000
026d
0000
2a0a
020d
0000
2c0a
023d
0000
2e0a
0000
024d
0000
280a
0000
026d
0000
2a0a
0000
020d
0000
2c0a
023d
0000
2e0a
0000
024d
0000
280a
0000
026d
0000
2a0a
0000
020d
0000
2c0a
023d
0000
2e0a
0000
024d
0000
280a
0000
026d
0000
920a
0000
020d
0000
2c0a
023d
0000
2e0a
024d
0000
280a
0000
026d
0000
2a0a
0000
020d
0000
940a
0010
022d
0000
960a
024d
0000
900a
026d
0000
2a0a
020d
0000
2c0a
023d
0000
2e0a
024d
0000
280a
026d
0000
2a0a
020d
0000
2c0a
0010
022d
0000
2e0a
0000
024d
0000
280a
0000
026d
0000
020d
0000
2c0a
0010
022d
0000
2e0a
0000
024d
0000
0a0a
280a
0000
026d
0000
2a0a
020d
0000
0010
022d
0000
0000
024d
0000
0000
026d
0000
0c0a
2a0a
0000
020d
0000
0e0a
2c0a
023d
0000
080a
2e0a
0000
024d
0000
280a
0000
026d
0000
920a
020d
0000
2c0a
023d
0000
2e0a
0000
024d
0000
280a
0000
026d
0000
920a
0000
020d
0000
940a
023d
0000
960a
0000
024d
0000
900a
0000
026d
0000
0000
020d
0000
940a
023d
0000
960a
024d
0000
0a0a
900a
0000
026d
0000
2a0a
0000
020d
0000
0010
0000
024d
0000
026d
0000
0c0a
0000
020d
0000
0e0a
2c0a
0010
080a
2e0a
0000
280a
0000
0ab0
032d
0000
0000
0000
0010
022d
0000
0000
0000
0000
0010
0000
320a
0000
0000
023d
0000
0000
0000
0010
0000
320a
0000
0000
0010
0000
0000
0000
0010
0000
0000
0bc0
034d
0000
0000
0010
0000
024d
0000
0000
0000
0010
0000
0000
340a
0000
0010
024d
0000
0000
0010
0000
0000
036d
0000
340a
0000
0010
0000
0000
026d
0000
0000
361a
0010
0000
026d
0000
0000
0010
0000
0000
0000
030d
0000
360a
0010
0000
0000
020d
0000
0010
0000
0000
0010
300a
0000
0000
0000
020d
0000
0010
0000
0000
0000
033d
0000
300a
0000
0000
0010
022d
0000
0000
0000
0000
0010
0000
0000
0000
0010
0020
320a
0000
0010
0000
0000
0000
0010
0000
0000
0000
0010
0000
0000
0000
0010
0020
032d
0000
0000
0000
0010
022d
0000
0000
0000
0000
0010
0000
0000
0000
0010
034d
0000
0000
0010
0000
024d
0000
0000
0000
0010
0000
320a
0000
0000
0010
022d
0000
620a
0000
0000
0010
0000
0000
0000
0010
0000
0000
340a
0000
0010
0000
0000
04e0
034d
0000
0000
0010
0000
024d
0000
0000
0000
0010
0000
0000
0000
0010
0000
037d
0000
0010
0000
0000
016d
0000
340a
0000
0010
0000
024d
0000
0000
026d
0000
640a
0010
0000
0000
0000
0010
0000
0000
0000
0010
0000
0000
0000
0010
0000
0000
360a
0010
0000
036d
0000
0000
0010
022d
0000
0000
0000
016d
0000
0000
030d
0000
023d
0000
024d
0000
0a0a
0000
026d
0000
2a0a
0000
020d
0000
0010
022d
0000
0000
024d
0000
0c0a
0000
2c0a
0010
0000
024d
0000
0a0a
0000
0000
0010
0000
0000
0c0a
361a
301a
0000
0000
026d
0000
0000
030d
0000
660a
0010
0000
0000
0000
020d
0000
023d
0000
0000
e20a
0000
0010
022d
0000
0000
024d
0000
0000
e20a
0000
e40a
0010
022d
0000
024d
0000
0000
e20a
0000
e40a
0010
022d
0000
0000
024d
0000
0000
026d
0000
e20a
e40a
0010
022d
0000
300a
0000
024d
0000
0000
026d
0000
920a
0000
020d
0000
0e0a
e40a
023d
0000
2e0a
600a
0000
024d
0000
6a0a
0000
026d
0000
0000
940a
023d
0000
024d
0000
0000
6c0a
0000
0e0a
0010
022d
0000
0000
024d
0000
0a0a
0000
026d
0000
0010
022d
0000
e60a
0000
024d
0000
0a0a
0000
026d
0000
0c0a
0000
0010
022d
0000
e60a
024d
0000
0a0a
0000
026d
0000
0c0a
0000
020d
0000
0010
022d
0000
e60a
024d
0000
0a0a
0000
026d
0000
0c0a
0000
020d
0000
0010
080a
e60a
0000
024d
0000
0a0a
280a
026d
0000
0c0a
0000
020d
0000
0010
960a
0000
0000
026d
0000
0c0a
6e0a
081a
0000
0000
026d
0000
0000
020d
0000
0010
0000
e00a
0000
026d
0000
0000
020d
0000
0e0a
0010
e00a
0000
026d
0000
0000
020d
0000
0e0a
0010
0000
e00a
0000
026d
0000
020d
0000
0e0a
0010
0000
e00a
0000
026d
0000
0000
020d
0000
0e0a
0010
900a
0000
020d
0000
0e0a
0010
680a
0000
0000
0000
020d
0000
0010
0000
0000
0000
020d
0000
081a
0000
0000
0000
020d
0000
0010
080a
0000
0000
0000
020d
0000
0010
080a
0000
0000
020d
0000
0010
080a
0000
0000
0000
0010
080a
0000
0000
0000
0010
03a0
022d
0000
0000
0000
0010
022d
0000
0000
024d
0000
0a0a
0000
026d
0000
920a
020d
0000
023d
0000
0000
024d
0000
0000
026d
0000
0c0a
2a0a
0000
020d
0000
0e0a
940a
023d
0000
080a
960a
0000
024d
0000
900a
0000
026d
0000
2a0a
0000
020d
0000
2c0a
023d
0000
2e0a
0000
024d
0000
280a
0000
026d
0000
2a0a
0000
020d
0000
2c0a
023d
0000
2e0a
024d
0000
280a
0000
026d
0000
2a0a
0000
020d
0000
2c0a
0010
022d
0000
2e0a
024d
0000
280a
0000
026d
0000
2a0a
0000
020d
0000
2c0a
0010
022d
0000
2e0a
024d
0000
280a
0000
026d
0000
2a0a
0000
020d
0000
2c0a
0010
022d
0000
2e0a
024d
0000
280a
026d
0000
2a0a
0000
020d
0000
2c0a
0010
022d
0000
2e0a
0000
024d
0000
280a
026d
0000
2a0a
0000
020d
0000
2c0a
0010
022d
0000
2e0a
0000
024d
0000
280a
026d
0000
2a0a
0000
020d
0000
2c0a
0010
022d
0000
2e0a
0000
024d
0000
280a
026d
0000
2a0a
020d
0000
2c0a
0010
2e0a
0000
024d
0000
280a
0000
026d
0000
0000
020d
0000
2c0a
2e1a
0000
280a
0000
0000
0010
0000
0000
0000
0010
0000
0000
0000
023d
0000
0000
0000
0010
022d
0000
0000
024d
0000
0a0a
0000
026d
0000
920a
0000
020d
0000
0010
024d
0000
0000
026d
0000
0c0a
0000
020d
0000
0e0a
940a
0010
080a
960a
900a
0000
0000
0010
0000
0000
0000
0010
0000
0000
0000
0010
022d
0000
0000
023d
0000
024d
0000
8a0a
0000
026d
0000
0000
020d
0000
0010
022d
0000
0000
024d
0000
0a0a
026d
0000
8c0a
0000
020d
0000
8e0a
0010
022d
0000
880a
0000
024d
0000
0a0a
026d
0000
0c0a
920a
0000
020d
0000
0e0a
0010
022d
0000
080a
0000
024d
0000
026d
0000
0c0a
920a
020d
0000
0e0a
940a
0010
022d
0000
080a
960a
0000
024d
0000
900a
026d
0000
920a
0000
020d
0000
940a
0010
022d
0000
960a
0000
024d
0000
900a
026d
0000
920a
020d
0000
940a
0010
022d
0000
960a
0000
024d
0000
900a
0000
026d
0000
920a
020d
0000
940a
0010
022d
0000
960a
0000
024d
0000
900a
0000
026d
0000
920a
020d
0000
940a
0010
960a
0000
024d
0000
900a
0000
026d
0000
0000
020d
0000
940a
961a
0000
900a
0000
0000
0010
0000
0000
0000
0010
0000
0000
0000
0010
0000
0480
022d
0000
0000
920a
0000
0010
022d
0000
0000
024d
0000
0000
026d
0000
920a
020d
0000
940a
023d
0000
960a
0000
024d
0000
900a
0000
026d
0000
920a
0000
020d
0000
940a
023d
0000
960a
0000
024d
0000
900a
0000
026d
0000
920a
0000
020d
0000
940a
023d
0000
960a
0000
024d
0000
900a
0000
026d
0000
920a
0000
020d
0000
940a
023d
0000
960a
024d
0000
900a
0000
026d
0000
920a
0000
940a
0010
022d
0000
960a
024d
0000
026d
0000
920a
0000
020d
0000
940a
0010
022d
0000
960a
0000
024d
0000
900a
026d
0000
920a
0000
020d
0000
940a
0010
960a
0000
024d
0000
900a
0000
026d
0000
020d
0000
940a
0010
960a
0000
024d
0000
900a
0000
026d
0000
0000
020d
0000
940a
023d
0000
960a
0000
024d
0000
900a
0000
026d
0000
920a
0000
020d
0000
940a
023d
0000
960a
024d
0000
900a
0000
026d
0000
920a
0000
020d
0000
940a
0010
022d
0000
960a
024d
0000
900a
0000
026d
0000
920a
0000
020d
0000
940a
0010
022d
0000
960a
024d
0000
900a
0000
026d
0000
920a
0000
020d
0000
940a
0010
022d
0000
960a
024d
0000
900a
026d
0000
920a
0000
020d
0000
940a
0010
022d
0000
960a
0000
024d
0000
900a
026d
0000
920a
0000
020d
0000
940a
0010
022d
0000
960a
0000
024d
0000
900a
026d
0000
920a
0000
020d
0000
940a
0010
022d
0000
960a
0000
900a
0000
920a
020d
0000
0010
900a
0000
0000
0010
0000
0000
0000
0010
0000
0000
0000
0010
0000
09e0
024d
0000
026d
0000
0000
940a
0010
022d
0000
960a
0000
024d
0000
0000
026d
0000
920a
020d
0000
940a
0010
022d
0000
960a
0000
024d
0000
900a
0000
026d
0000
920a
020d
0000
940a
0010
022d
0000
960a
0000
024d
0000
900a
0000
026d
0000
920a
020d
0000
940a
023d
0000
960a
0000
024d
0000
900a
0000
026d
0000
920a
0000
020d
0000
940a
023d
0000
960a
0000
024d
0000
900a
0000
026d
0000
920a
0000
020d
0000
940a
023d
0000
960a
0000
024d
0000
900a
0000
026d
0000
920a
0000
020d
0000
940a
023d
0000
960a
024d
0000
900a
0000
026d
0000
920a
0000
020d
0000
940a
0010
022d
0000
960a
024d
0000
900a
0000
026d
0000
920a
0000
020d
0000
940a
0010
022d
0000
960a
024d
0000
900a
0000
026d
0000
920a
0000
020d
0000
940a
0010
022d
0000
960a
024d
0000
900a
026d
0000
920a
0000
020d
0000
940a
0010
022d
0000
960a
0000
024d
0000
900a
026d
0000
920a
0000
020d
0000
940a
0010
022d
0000
960a
0000
024d
0000
900a
026d
0000
920a
0000
020d
0000
940a
0010
022d
0000
960a
0000
024d
0000
900a
026d
0000
920a
020d
0000
940a
0010
022d
0000
960a
0000
024d
0000
900a
0000
026d
0000
920a
020d
0000
940a
0010
022d
0000
960a
0000
024d
0000
900a
0000
026d
0000
920a
020d
0000
940a
0010
022d
0000
960a
0000
900a
0000
920a
0000
020d
0000
0010
900a
0000
0010
0000
0000
0000
0010
0000
0000
0000
0010
0000
0000
0000
0010
0000
0580
024d
0000
026d
0000
0000
020d
0000
940a
0010
022d
0000
960a
0000
024d
0000
900a
026d
0000
920a
0000
020d
0000
940a
0010
022d
0000
960a
0000
024d
0000
900a
026d
0000
920a
020d
0000
2c0a
0010
022d
0000
2e0a
0000
024d
0000
280a
0000
026d
0000
2a0a
020d
0000
940a
0010
022d
0000
960a
0000
024d
0000
900a
0000
920a
0000
e40a
0010
024d
0000
0000
026d
0000
0000
020d
0000
e40a
0010
022d
0000
e60a
0000
024d
0000
e00a
026d
0000
e20a
0000
020d
0000
e40a
0010
022d
0000
e60a
0000
024d
0000
e00a
026d
0000
e20a
0000
020d
0000
e40a
0010
022d
0000
e60a
0000
e00a
0000
026d
0000
e20a
020d
0000
0010
022d
0000
e60a
0000
e00a
0000
e20a
0000
0010
0000
0b40
024d
0000
026d
0000
0000
020d
0000
0010
022d
0000
0000
024d
0000
0000
026d
0000
8c0a
020d
0000
8e0a
940a
0010
022d
0000
880a
960a
0000
024d
0000
8a0a
900a
026d
0000
920a
020d
0000
940a
0010
022d
0000
960a
0000
024d
0000
900a
0000
026d
0000
920a
020d
0000
940a
0010
022d
0000
960a
0000
900a
0000
920a
0000
0010
0000
024d
0000
026d
0000
0000
940a
0010
960a
0000
024d
0000
0000
026d
0000
0000
020d
0000
940a
023d
0000
960a
0000
024d
0000
900a
0000
026d
0000
920a
0000
020d
0000
940a
023d
0000
960a
0000
024d
0000
900a
0000
026d
0000
920a
0000
020d
0000
940a
023d
0000
960a
900a
0000
920a
0000
020d
0000
0010
022d
0000
0000
900a
0000
920a
0080
024d
0000
026d
0000
0000
020d
0000
940a
0010
960a
0000
024d
0000
900a
0000
026d
0000
020d
0000
940a
0010
022d
0000
960a
0000
024d
0000
900a
0000
026d
0000
920a
020d
0000
940a
0010
022d
0000
960a
0000
024d
0000
900a
0000
026d
0000
920a
020d
0000
940a
023d
0000
960a
0000
900a
0000
920a
0000
0010
022d
0000
0000
024d
0000
920a
0000
940a
0010
0000
024d
0000
0000
026d
0000
0000
020d
0000
940a
0010
022d
0000
960a
024d
0000
900a
0000
026d
0000
920a
0000
020d
0000
940a
0010
022d
0000
960a
024d
0000
900a
0000
026d
0000
920a
0000
020d
0000
940a
0010
022d
0000
960a
900a
0000
026d
0000
920a
0000
020d
0000
0010
022d
0000
960a
0000
900a
0000
920a
0010
0000
0000
0000
0010
0000
0000
0000
0010
0000
0000
0000
0010
0000
0000
0450
024d
0000
0000
940a
0010
0000
024d
0000
0000
0000
940a
0010
0000
024d
0000
940a
025d
0000
0000
0000
940a
0010
0000
0000
0000
0010
0000
024d
0000
0000
0000
940a
0010
024d
0000
0000
0000
940a
0010
0000
024d
0000
0000
0000
940a
0010
0000
024d
0000
026d
0000
0000
020d
0000
940a
0010
960a
0000
900a
0000
026d
0000
0000
020d
0000
023d
0000
960a
0000
024d
0000
900a
0000
026d
0000
920a
0000
020d
0000
940a
023d
0000
960a
024d
0000
900a
026d
0000
920a
020d
0000
940a
023d
0000
960a
024d
0000
900a
920a
940a
023d
0000
0000
024d
0000
0000
026d
0000
920a
0000
020d
0000
940a
961a
0000
900a
0000
026d
0000
0000
020d
0000
0010
022d
0000
960a
0000
900a
026d
0000
920a
0000
020d
0000
0010
022d
0000
960a
0000
014d
0000
900a
0000
026d
0000
920a
020d
0000
0010
022d
0000
960a
0000
900a
0000
920a
0000
0010
022d
0000
024d
0000
0000
026d
0000
920a
740a
0000
020d
0000
0010
960a
0000
024d
0000
900a
026d
0000
740a
0000
020d
0000
0010
022d
0000
960a
0000
024d
0000
900a
0000
026d
0000
920a
740a
020d
0000
0010
022d
0000
960a
0000
024d
0000
900a
0000
026d
0000
920a
020d
0000
2c0a
0010
022d
0000
960a
0000
024d
0000
900a
0000
920a
0000
940a
023d
0000
0000
0000
920a
0000
0010
0000
0000
026d
0000
0000
010d
0000
760a
027d
0000
760a
0010
012d
0000
0000
0000
026d
0000
0000
020d
0000
760a
0010
700a
026d
0000
020d
0000
2e1a
700a
0000
0000
026d
0000
0000
020d
0000
0010
960a
700a
020d
0000
023d
0000
0000
280a
720a
0000
0000
020d
0000
0010
022d
0000
0000
900a
720a
0000
0010
022d
0000
0000
720a
0000
0000
0010
022d
0000
0000
0000
2a0a
0000
023d
0000
0000
920a
0000
0010
0000
0000
0000
0010
0000
0000
0000
0010
0000
0000
0400
024d
0000
0000
940a
0010
0000
034d
0000
0000
026d
0000
0000
020d
0000
0010
022d
0000
960a
024d
0000
900a
0000
036d
0000
920a
7c0a
0000
030d
0000
0010
032d
0000
0000
026d
0000
0000
020d
0000
7e0a
0010
022d
0000
780a
0000
034d
0000
7a0a
036d
0000
030d
0000
0010
032d
0000
0000
034d
0000
0000
036d
0000
0000
030d
0000
033d
0000
024d
0000
0000
016d
0000
340a
0000
020d
0000
0010
012d
0000
300a
0000
014d
0000
026d
0000
0000
010d
0000
360a
0010
022d
0000
0000
024d
0000
320a
0000
016d
0000
340a
020d
0000
0010
012d
0000
300a
0000
014d
0000
0000
026d
0000
0000
010d
0000
360a
023d
0000
0000
024d
0000
320a
0000
016d
0000
340a
0000
020d
0000
013d
0000
300a
014d
0000
0000
026d
0000
0000
010d
0000
360a
0010
022d
0000
0000
024d
0000
320a
016d
0000
340a
0000
020d
0000
0010
012d
0000
300a
0000
014d
0000
026d
0000
010d
0000
360a
0010
022d
0000
0000
024d
0000
320a
0000
016d
0000
340a
020d
0000
013d
0000
300a
0000
0000
026d
0000
0000
360a
0010
022d
0000
0000
320a
0020
024d
0000
340a
0000
020d
0000
0010
300a
0000
024d
0000
0000
016d
0000
340a
020d
0000
013d
0000
300a
0000
014d
0000
0000
026d
0000
0000
010d
0000
360a
0010
022d
0000
024d
0000
320a
0000
016d
0000
340a
0000
020d
0000
0010
012d
0000
300a
014d
0000
026d
0000
0000
010d
0000
360a
0010
022d
0000
0000
024d
0000
320a
0000
016d
0000
340a
020d
0000
0010
012d
0000
300a
0000
014d
0000
0000
026d
0000
0000
010d
0000
360a
023d
0000
0000
024d
0000
320a
0000
016d
0000
340a
0000
020d
0000
013d
0000
300a
014d
0000
0000
026d
0000
0000
010d
0000
360a
0010
022d
0000
0000
024d
0000
320a
016d
0000
340a
0000
020d
0000
0010
012d
0000
300a
0000
014d
0000
026d
0000
010d
0000
360a
0010
022d
0000
0000
024d
0000
320a
0000
016d
0000
340a
020d
0000
013d
0000
300a
0000
014d
0000
0000
026d
0000
0000
010d
0000
360a
0010
022d
0000
024d
0000
320a
0000
016d
0000
340a
0000
020d
0000
0010
012d
0000
300a
026d
0000
360a
023d
0000
0000
320a
0000
026d
0000
0000
360a
0010
022d
0000
0000
320a
0000
0010
0000
0000
0000
0010
0000
0000
0000
0010
0000
0000
0000
0010
0000
0e50
024d
0000
340a
0000
020d
0000
0010
300a
0000
024d
0000
0000
340a
0000
020d
0000
301a
0000
024d
0000
0000
340a
0000
020d
0000
0010
300a
0000
024d
0000
0000
340a
020d
0000
0010
300a
0000
0000
0000
0010
0000
024d
0000
0000
340a
0000
020d
0000
301a
0000
024d
0000
0000
340a
0000
020d
0000
0010
300a
0000
024d
0000
0000
340a
020d
0000
0010
300a
0000
024d
0000
0000
340a
0000
020d
0000
0010
300a
0000
026d
0000
360a
0010
022d
0000
0000
024d
0000
320a
0000
016d
0000
340a
0000
020d
0000
013d
0000
300a
0000
014d
0000
0000
026d
0000
0000
010d
0000
360a
0010
022d
0000
024d
0000
320a
0000
016d
0000
340a
0000
020d
0000
0010
012d
0000
300a
0000
014d
0000
026d
0000
0000
010d
0000
360a
0010
022d
0000
0000
024d
0000
320a
0000
016d
0000
340a
020d
0000
0010
012d
0000
300a
0000
014d
0000
0000
026d
0000
0000
010d
0000
360a
023d
0000
0000
024d
0000
320a
0000
016d
0000
340a
0000
020d
0000
013d
0000
300a
014d
0000
0000
026d
0000
0000
010d
0000
360a
0010
022d
0000
0000
024d
0000
320a
016d
0000
340a
0000
020d
0000
0010
012d
0000
300a
0000
014d
0000
026d
0000
010d
0000
360a
0010
022d
0000
0000
024d
0000
320a
0000
016d
0000
340a
020d
0000
013d
0000
300a
0000
014d
0000
0000
026d
0000
0000
010d
0000
360a
0010
022d
0000
024d
0000
320a
0000
016d
0000
340a
0000
020d
0000
0010
012d
0000
300a
014d
0000
026d
0000
0000
010d
0000
360a
0010
022d
0000
0000
024d
0000
320a
0000
016d
0000
340a
020d
0000
0010
012d
0000
300a
0000
0000
026d
0000
0000
360a
0010
022d
0000
320a
0000
026d
0000
0000
360a
0010
022d
0000
0000
320a
0000
026d
0000
360a
023d
0000
0000
320a
0000
026d
0000
0000
360a
0010
022d
0000
0000
320a
0000
027d
0000
360a
0010
022d
0000
0000
320a
0000
026d
0000
0000
360a
0010
022d
0000
320a
026d
0000
0000
360a
0010
022d
0000
0000
320a
0000
026d
0000
0000
360a
0010
022d
0000
320a
0000
0000
0010
0000
0000
0000
0010
0000
0000
0000
0010
0000
0000
0440
024d
0000
016d
0000
340a
0000
020d
0000
0010
012d
0000
300a
0000
014d
0000
026d
0000
010d
0000
360a
0010
022d
0000
0000
024d
0000
320a
0000
016d
0000
340a
020d
0000
013d
0000
300a
0000
014d
0000
0000
026d
0000
0000
010d
0000
360a
0010
022d
0000
024d
0000
320a
0000
016d
0000
340a
0000
020d
0000
0010
012d
0000
300a
014d
0000
026d
0000
0000
010d
0000
360a
0010
022d
0000
0000
024d
0000
320a
0000
016d
0000
340a
020d
0000
0010
012d
0000
300a
0000
014d
0000
0000
026d
0000
0000
010d
0000
360a
023d
0000
0000
024d
0000
320a
0000
016d
0000
340a
0000
020d
0000
013d
0000
300a
014d
0000
0000
026d
0000
0000
010d
0000
360a
0010
022d
0000
0000
024d
0000
320a
016d
0000
340a
0000
020d
0000
0010
012d
0000
300a
0000
014d
0000
026d
0000
010d
0000
360a
0010
022d
0000
0000
024d
0000
320a
0000
016d
0000
340a
020d
0000
013d
0000
300a
0000
014d
0000
0000
026d
0000
0000
010d
0000
360a
0010
022d
0000
024d
0000
320a
0000
016d
0000
340a
0000
020d
0000
0010
012d
0000
300a
026d
0000
360a
023d
0000
0000
320a
0000
0000
0010
0000
0000
0000
0010
0000
0000
0020
024d
0000
016d
0000
340a
0000
020d
0000
0010
012d
0000
300a
0000
014d
0000
026d
0000
010d
0000
360a
0010
022d
0000
0000
024d
0000
320a
0000
016d
0000
340a
020d
0000
013d
0000
300a
0000
014d
0000
0000
026d
0000
0000
010d
0000
360a
0010
022d
0000
024d
0000
320a
0000
016d
0000
340a
0000
020d
0000
0010
012d
0000
300a
014d
0000
026d
0000
0000
010d
0000
360a
0010
022d
0000
0000
024d
0000
320a
0000
016d
0000
340a
020d
0000
0010
012d
0000
300a
0000
014d
0000
0000
026d
0000
0000
010d
0000
360a
023d
0000
0000
024d
0000
320a
0000
016d
0000
340a
0000
020d
0000
013d
0000
300a
014d
0000
0000
026d
0000
0000
010d
0000
360a
0010
022d
0000
0000
024d
0000
320a
016d
0000
340a
0000
020d
0000
0010
012d
0000
300a
0000
014d
0000
026d
0000
010d
0000
360a
0010
022d
0000
0000
024d
0000
320a
0000
016d
0000
340a
020d
0000
013d
0000
300a
0000
014d
0000
0000
026d
0000
0000
010d
0000
360a
0010
022d
0000
024d
0000
320a
0000
016d
0000
340a
0000
020d
0000
0010
012d
0000
300a
026d
0000
360a
023d
0000
0000
320a
0000
0000
0010
0000
0000
0000
0010
0000
0000
0530
024d
0000
340a
0000
020d
0000
0010
300a
0000
024d
0000
0000
016d
0000
340a
020d
0000
013d
0000
300a
0000
014d
0000
0000
026d
0000
0000
010d
0000
360a
0010
022d
0000
024d
0000
320a
0000
016d
0000
340a
0000
020d
0000
0010
012d
0000
300a
014d
0000
026d
0000
0000
010d
0000
360a
0010
022d
0000
0000
024d
0000
320a
0000
016d
0000
340a
020d
0000
0010
012d
0000
300a
0000
014d
0000
0000
026d
0000
0000
010d
0000
360a
023d
0000
0000
024d
0000
320a
0000
016d
0000
340a
0000
020d
0000
013d
0000
300a
014d
0000
0000
026d
0000
0000
010d
0000
360a
0010
022d
0000
0000
024d
0000
320a
016d
0000
340a
0000
020d
0000
0010
012d
0000
300a
0000
014d
0000
026d
0000
010d
0000
360a
0010
022d
0000
0000
024d
0000
320a
0000
016d
0000
340a
020d
0000
013d
0000
300a
0000
014d
0000
0000
026d
0000
0000
010d
0000
360a
0010
022d
0000
024d
0000
320a
0000
016d
0000
340a
0000
020d
0000
0010
012d
0000
300a
014d
0000
026d
0000
0000
010d
0000
360a
0010
022d
0000
0000
024d
0000
320a
0000
016d
0000
340a
020d
0000
0010
012d
0000
300a
0000
014d
0000
0000
026d
0000
0000
010d
0000
360a
023d
0000
0000
024d
0000
320a
0000
016d
0000
340a
0000
020d
0000
013d
0000
300a
014d
0000
0000
026d
0000
0000
010d
0000
360a
0010
022d
0000
0000
024d
0000
320a
016d
0000
340a
0000
020d
0000
0010
012d
0000
300a
0000
014d
0000
026d
0000
010d
0000
360a
0010
022d
0000
0000
024d
0000
320a
0000
016d
0000
340a
020d
0000
013d
0000
300a
0000
014d
0000
0000
026d
0000
0000
010d
0000
360a
0010
022d
0000
024d
0000
320a
0000
016d
0000
340a
0000
020d
0000
0010
012d
0000
300a
014d
0000
026d
0000
0000
010d
0000
360a
0010
022d
0000
0000
024d
0000
320a
0000
016d
0000
340a
020d
0000
0010
012d
0000
300a
0000
014d
0000
0000
026d
0000
0000
010d
0000
360a
023d
0000
0000
024d
0000
320a
0000
016d
0000
340a
0000
020d
0000
013d
0000
300a
014d
0000
0000
026d
0000
0000
010d
0000
360a
0010
022d
0000
0000
024d
0000
320a
016d
0000
340a
0000
020d
0000
0010
012d
0000
300a
0000
0000
026d
0000
360a
0010
022d
0000
0000
320a
0000
026d
0000
0000
360a
0010
022d
0000
0000
320a
0000
0010
0000
0000
0000
0010
0000
0000
0000
0010
0000
0000
0000
0010
0000
0740
024d
0000
340a
0000
020d
0000
0010
300a
0000
024d
0000
0000
016d
0000
340a
020d
0000
013d
0000
300a
0000
014d
0000
0000
026d
0000
0000
010d
0000
360a
0010
022d
0000
024d
0000
320a
0000
016d
0000
340a
0000
020d
0000
0010
012d
0000
300a
014d
0000
026d
0000
0000
010d
0000
360a
0010
022d
0000
0000
024d
0000
320a
0000
016d
0000
340a
020d
0000
0010
012d
0000
300a
0000
014d
0000
0000
026d
0000
0000
010d
0000
360a
023d
0000
0000
024d
0000
320a
0000
016d
0000
340a
0000
020d
0000
013d
0000
300a
034d
0000
0000
026d
0000
0000
030d
0000
360a
0010
022d
0000
0000
024d
0000
320a
026d
0000
0000
020d
0000
940a
360a
0010
022d
0000
0000
024d
0000
900a
320a
036d
0000
0000
020d
0000
940a
0010
032d
0000
0000
024d
0000
900a
0000
026d
0000
020d
0000
940a
0010
022d
0000
960a
0000
900a
0000
026d
0000
920a
0000
023d
0000
960a
0000
026d
0000
920a
0000
0010
022d
0000
960a
0000
0000
920a
0000
0020
024d
0000
0000
020d
0000
940a
0010
0000
034d
0000
900a
0000
026d
0000
0000
023d
0000
960a
024d
0000
0000
920a
0000
030d
0000
e40a
0010
0000
024d
0000
0000
020d
0000
940a
025d
0000
e00a
020d
0000
e40a
0010
0000
024d
0000
900a
0000
036d
0000
020d
0000
940a
0010
032d
0000
0000
024d
0000
e00a
0000
026d
0000
0000
020d
0000
940a
023d
0000
e60a
0000
024d
0000
900a
0000
026d
0000
e20a
0000
020d
0000
940a
023d
0000
960a
0000
900a
0000
026d
0000
920a
0000
020d
0000
0010
022d
0000
e60a
900a
0000
026d
0000
e20a
0000
0010
022d
0000
960a
0000
0000
026d
0000
920a
023d
0000
960a
026d
0000
920a
0000
0010
022d
0000
960a
0000
0000
920a
0000
0010
0510
024d
0000
0000
e40a
0010
0000
024d
0000
0000
0000
940a
0010
0000
024d
0000
e40a
025d
0000
0000
0000
940a
0010
0000
0000
0000
0010
0000
024d
0000
0000
0000
940a
0010
024d
0000
0000
0000
940a
0010
0000
024d
0000
0000
0000
e40a
0010
0000
024d
0000
0000
940a
0010
0000
0000
0000
0010
0000
0000
0000
0010
0000
0000
0000
00f0
026d
0000
020d
0000
0010
022d
0000
e60a
0000
e00a
0000
026d
0000
e20a
0000
020d
0000
023d
0000
960a
0000
024d
0000
900a
0000
026d
0000
920a
0000
020d
0000
e40a
023d
0000
e60a
0000
024d
0000
e00a
0000
026d
0000
e20a
0000
020d
0000
940a
023d
0000
960a
024d
0000
900a
0000
920a
0000
940a
0010
0000
024d
0000
0000
026d
0000
020d
0000
940a
0010
022d
0000
960a
0000
900a
0000
026d
0000
920a
0000
020d
0000
023d
0000
960a
0000
024d
0000
900a
0000
026d
0000
920a
0000
020d
0000
e40a
023d
0000
e60a
024d
0000
e00a
0000
026d
0000
e20a
0000
020d
0000
940a
0010
022d
0000
960a
024d
0000
900a
0000
920a
0000
e40a
0010
0000
024d
0000
0000
026d
0000
020d
0000
940a
023d
0000
e60a
0000
e00a
0000
026d
0000
e20a
0000
020d
0000
0010
022d
0000
960a
900a
0000
026d
0000
920a
0000
020d
0000
0010
022d
0000
960a
0000
900a
026d
0000
920a
0000
020d
0000
0010
022d
0000
960a
0000
900a
0000
920a
0000
027d
0000
020d
0000
0010
022d
0000
e60a
0000
e00a
0000
026d
0000
e20a
0000
020d
0000
023d
0000
960a
0000
900a
0000
026d
0000
920a
0000
020d
0000
0010
022d
0000
e60a
e00a
0000
026d
0000
e20a
0000
020d
0000
0010
022d
0000
960a
0000
900a
0000
920a
0010
0000
0000
0000
0010
0000
0000
0000
0010
0000
0000
0000
0010
0000
0000
0a10
024d
0000
026d
0000
0000
020d
0000
940a
0010
022d
0000
960a
0000
024d
0000
900a
026d
0000
920a
0000
020d
0000
940a
0010
022d
0000
960a
0000
024d
0000
900a
026d
0000
920a
020d
0000
e40a
0010
022d
0000
e60a
0000
024d
0000
e00a
0000
026d
0000
e20a
020d
0000
940a
0010
022d
0000
960a
0000
900a
0000
920a
0000
0010
0000
024d
0000
026d
0000
0000
020d
0000
e40a
0010
e60a
0000
024d
0000
e00a
0000
026d
0000
020d
0000
940a
0010
022d
0000
960a
0000
024d
0000
900a
0000
026d
0000
e20a
020d
0000
940a
023d
0000
960a
0000
024d
0000
900a
0000
026d
0000
920a
0000
020d
0000
940a
023d
0000
960a
0000
900a
0000
920a
0000
0010
022d
0000
0000
0000
920a
0040
024d
0000
026d
0000
0000
020d
0000
e40a
0010
022d
0000
e60a
0000
024d
0000
e00a
026d
0000
e20a
0000
020d
0000
940a
0010
022d
0000
960a
0000
024d
0000
900a
026d
0000
920a
020d
0000
e40a
0010
022d
0000
e60a
0000
024d
0000
e00a
0000
026d
0000
e20a
020d
0000
940a
0010
022d
0000
960a
0000
900a
0000
920a
0000
0010
0000
024d
0000
026d
0000
0000
940a
0010
960a
0000
024d
0000
0000
026d
0000
0000
020d
0000
940a
023d
0000
960a
0000
024d
0000
900a
0000
026d
0000
920a
0000
020d
0000
e40a
023d
0000
e60a
0000
024d
0000
900a
0000
026d
0000
920a
0000
020d
0000
940a
023d
0000
960a
e00a
0000
e20a
0000
020d
0000
0010
022d
0000
0000
900a
0000
920a
0bc0
024d
0000
026d
0000
0000
e40a
0010
e60a
0000
024d
0000
0000
026d
0000
0000
020d
0000
940a
023d
0000
960a
0000
034d
0000
e00a
0000
036d
0000
e20a
0000
020d
0000
023d
0000
0000
024d
0000
900a
0000
026d
0000
920a
0000
030d
0000
940a
0010
032d
0000
960a
024d
0000
0000
026d
0000
0000
020d
0000
940a
0010
022d
0000
960a
024d
0000
900a
026d
0000
920a
0000
020d
0000
e40a
0010
022d
0000
e60a
0000
024d
0000
900a
026d
0000
920a
0000
020d
0000
0010
022d
0000
0000
024d
0000
e00a
0000
026d
0000
0c0a
e20a
020d
0000
0e0a
940a
0010
022d
0000
960a
0000
024d
0000
0000
026d
0000
020d
0000
e40a
0010
022d
0000
080a
e60a
0000
0a0a
900a
0000
920a
0000
020d
0000
023d
0000
0000
e00a
0000
e20a
0000
0010
0000
0000
0000
0010
0000
024d
0000
026d
0000
0000
0010
0000
024d
0000
0000
026d
0000
0c0a
0000
020d
0000
0e0a
2c0a
023d
0000
2e0a
0000
034d
0000
0000
036d
0000
0000
020d
0000
0010
022d
0000
080a
024d
0000
0a0a
280a
0000
026d
0000
2a0a
7c0a
0000
030d
0000
7e0a
0010
032d
0000
0000
0000
020d
0000
0010
022d
0000
780a
0000
034d
0000
7a0a
0000
036d
0000
030d
0000
033d
0000
0000
034d
0000
0000
036d
0000
0000
030d
0000
0010
032d
0000
024d
0000
016d
0000
0000
020d
0000
0010
012d
0000
0000
0000
340a
0000
0010
300a
014d
0000
026d
0000
0000
010d
0000
0010
022d
0000
0000
0000
0000
360a
0010
0000
024d
0000
320a
016d
0000
0000
020d
0000
0010
012d
0000
0000
0000
340a
0000
0010
300a
034d
0000
0000
026d
0000
0000
030d
0000
0010
022d
0000
0000
014d
0000
0000
010d
0000
360a
0010
024d
0000
320a
0000
036d
0000
0000
020d
0000
0010
032d
0000
016d
0000
013d
0000
0000
0000
0000
0010
0000
0000
0000
0010
0000
0000
340a
0000
301a
034d
0000
0000
026d
0000
0000
030d
0000
0010
022d
0000
0000
014d
0000
0000
010d
0000
0010
0000
0000
0010
0000
0000
0000
0010
0000
0000
0000
360a
0010
0000
320a
036d
0000
0000
0010
032d
0000
0000
0000
016d
0000
0000
0010
012d
0000
0000
025d
0000
0000
0010
0000
0000
0000
0010
0000
0000
0000
020d
0000
0010
0000
0000
341a
0010
0000
024d
0000
0000
026d
0000
6c0a
0000
0010
0000
0000
0000
0010
300a
020d
0000
023d
0000
680a
0000
0000
0000
0010
0000
0000
0000
360a
0010
0000
0000
026d
0000
6e0a
0010
0000
0000
0000
0010
0000
320a
0000
0000
0010
022d
0000
0000
6a0a
0000
0010
0000
0000
0000
0010
0000
0000
0000
0010
0000
0000
0000
0010
0000
03b0
024d
0000
0000
020d
0000
0010
0000
024d
0000
0000
026d
0000
8c0a
0000
020d
0000
940a
023d
0000
880a
0000
024d
0000
900a
0000
026d
0000
0000
020d
0000
8e0a
940a
023d
0000
960a
0000
024d
0000
8a0a
900a
0000
026d
0000
920a
0000
020d
0000
940a
023d
0000
960a
0000
900a
0000
026d
0000
920a
0000
0010
022d
0000
960a
0000
024d
0000
920a
0000
020d
0000
940a
0010
0000
024d
0000
900a
0000
026d
0000
0000
020d
0000
940a
023d
0000
960a
0000
024d
0000
900a
0000
026d
0000
920a
0000
020d
0000
940a
023d
0000
960a
0000
024d
0000
900a
0000
026d
0000
920a
0000
020d
0000
940a
023d
0000
960a
0000
900a
0000
026d
0000
920a
0000
0010
022d
0000
960a
0000
920a
0010
0000
0000
0000
0010
0000
0000
0000
0010
0000
0000
0000
0010
0000
0000
0080
024d
0000
0000
020d
0000
940a
0010
0000
034d
0000
900a
0000
026d
0000
0000
030d
0000
023d
0000
960a
0000
024d
0000
0000
036d
0000
920a
7c0a
0000
020d
0000
033d
0000
780a
0000
026d
0000
0000
7e0a
0010
022d
0000
0000
034d
0000
7a0a
0000
036d
0000
030d
0000
0010
032d
0000
0000
034d
0000
0000
036d
0000
0000
030d
0000
033d
0000
024d
0000
0000
016d
0000
340a
0000
020d
0000
0010
012d
0000
300a
0000
014d
0000
026d
0000
0000
010d
0000
360a
0010
022d
0000
0000
024d
0000
320a
0000
016d
0000
340a
020d
0000
0010
012d
0000
300a
0000
014d
0000
0000
026d
0000
0000
010d
0000
360a
023d
0000
0000
024d
0000
320a
0000
016d
0000
340a
0000
020d
0000
013d
0000
300a
014d
0000
0000
026d
0000
0000
010d
0000
360a
0010
022d
0000
0000
024d
0000
320a
016d
0000
340a
0000
020d
0000
0010
012d
0000
300a
0000
014d
0000
026d
0000
010d
0000
360a
0010
022d
0000
0000
024d
0000
320a
0000
016d
0000
340a
020d
0000
013d
0000
300a
0000
014d
0000
0000
026d
0000
0000
010d
0000
360a
0010
022d
0000
024d
0000
320a
0000
016d
0000
340a
0000
020d
0000
0010
012d
0000
300a
026d
0000
360a
023d
0000
0000
320a
0000
0000
0010
0000
0000
0000
0010
0000
0000
0960
024d
0000
340a
0000
020d
0000
0010
300a
0000
024d
0000
0000
016d
0000
340a
020d
0000
013d
0000
300a
0000
024d
0000
0000
026d
0000
0000
020d
0000
940a
360a
023d
0000
024d
0000
900a
320a
0000
026d
0000
0000
020d
0000
940a
360a
0010
022d
0000
024d
0000
900a
320a
0000
026d
0000
0000
020d
0000
940a
0010
022d
0000
960a
024d
0000
900a
026d
0000
920a
0000
020d
0000
940a
0010
022d
0000
960a
0000
024d
0000
900a
026d
0000
920a
0000
020d
0000
940a
0010
022d
0000
960a
0000
024d
0000
900a
026d
0000
920a
0000
020d
0000
940a
0010
022d
0000
960a
0000
024d
0000
900a
026d
0000
920a
020d
0000
940a
0010
022d
0000
960a
0000
024d
0000
900a
0000
026d
0000
920a
020d
0000
940a
0010
022d
0000
960a
0000
900a
0000
026d
0000
920a
0000
023d
0000
960a
0000
026d
0000
920a
0000
0010
022d
0000
960a
0000
024d
0000
0000
920a
340a
020d
0000
0010
300a
0000
024d
0000
0000
340a
0000
020d
0000
0010
300a
024d
0000
016d
0000
340a
0000
020d
0000
0010
012d
0000
300a
0000
014d
0000
0000
026d
0000
010d
0000
360a
0010
022d
0000
0000
024d
0000
320a
0000
016d
0000
340a
020d
0000
013d
0000
300a
0000
014d
0000
0000
026d
0000
0000
010d
0000
360a
0010
022d
0000
024d
0000
320a
0000
016d
0000
340a
0000
020d
0000
0010
012d
0000
300a
014d
0000
026d
0000
0000
010d
0000
360a
0010
022d
0000
0000
024d
0000
320a
0000
016d
0000
340a
020d
0000
0010
012d
0000
300a
0000
0000
026d
0000
0000
360a
0010
022d
0000
320a
0000
026d
0000
0000
360a
0010
022d
0000
0000
320a
0000
026d
0000
360a
023d
0000
0000
320a
0000
0000
0010
0000
0000
0000
0010
0000
0000
0000
0010
0740
024d
0000
340a
0000
020d
0000
0010
300a
0000
024d
0000
0000
016d
0000
340a
020d
0000
013d
0000
300a
0000
024d
0000
0000
026d
0000
0000
020d
0000
940a
360a
023d
0000
024d
0000
900a
320a
0000
026d
0000
0000
020d
0000
940a
360a
0010
022d
0000
024d
0000
900a
320a
0000
026d
0000
0000
020d
0000
940a
0010
022d
0000
960a
024d
0000
900a
026d
0000
920a
0000
020d
0000
940a
0010
022d
0000
960a
0000
024d
0000
900a
026d
0000
920a
0000
020d
0000
940a
0010
022d
0000
960a
0000
024d
0000
900a
026d
0000
920a
0000
020d
0000
940a
0010
022d
0000
960a
0000
900a
0000
026d
0000
920a
0010
022d
0000
960a
0000
0000
026d
0000
920a
0000
0010
022d
0000
960a
920a
0010
0000
0000
0010
0000
0000
0000
0010
0000
0000
0000
0010
0000
0000
0000
0060
024d
0000
0000
020d
0000
940a
0010
0000
024d
0000
900a
0000
026d
0000
0000
020d
0000
940a
023d
0000
960a
0000
900a
0000
026d
0000
920a
0000
0010
022d
0000
960a
0000
920a
0000
0010
0000
024d
0000
0000
340a
0000
020d
0000
0010
300a
0000
024d
0000
016d
0000
340a
0000
020d
0000
0010
012d
0000
300a
0000
014d
0000
0000
026d
0000
010d
0000
360a
0010
022d
0000
0000
024d
0000
320a
0000
016d
0000
340a
020d
0000
013d
0000
300a
0000
014d
0000
0000
026d
0000
0000
010d
0000
360a
0010
022d
0000
024d
0000
320a
0000
016d
0000
340a
0000
020d
0000
0010
012d
0000
300a
014d
0000
026d
0000
0000
010d
0000
360a
0010
022d
0000
0000
024d
0000
320a
0000
016d
0000
340a
020d
0000
013d
0000
300a
014d
0000
026d
0000
010d
0000
360a
023d
0000
024d
0000
320a
0000
016d
0000
340a
0000
020d
0000
0010
012d
0000
300a
0000
026d
0000
360a
0010
022d
0000
0000
320a
0000
026d
0000
0000
360a
0010
022d
0000
320a
0000
0010
0000
0000
0000
0010
0000
0000
0000
0010
0000
0000
0000
0010
0000
0b50
024d
0000
340a
0000
020d
0000
0010
300a
0000
024d
0000
0000
016d
0000
340a
020d
0000
013d
0000
300a
0000
024d
0000
0000
026d
0000
0000
020d
0000
940a
360a
023d
0000
024d
0000
900a
320a
0000
026d
0000
0000
020d
0000
940a
360a
0010
022d
0000
024d
0000
900a
320a
0000
026d
0000
0000
020d
0000
940a
0010
022d
0000
960a
024d
0000
900a
026d
0000
920a
0000
020d
0000
940a
0010
022d
0000
960a
0000
024d
0000
900a
026d
0000
920a
0000
020d
0000
940a
0010
022d
0000
960a
0000
024d
0000
900a
026d
0000
920a
0000
020d
0000
940a
0010
022d
0000
960a
0000
024d
0000
900a
026d
0000
920a
020d
0000
940a
0010
022d
0000
960a
0000
024d
0000
900a
0000
026d
0000
920a
020d
0000
940a
0010
022d
0000
960a
0000
900a
0000
026d
0000
920a
0000
023d
0000
960a
0000
026d
0000
920a
0000
0010
022d
0000
960a
0000
024d
0000
0000
920a
340a
020d
0000
0010
300a
0000
024d
0000
0000
340a
0000
020d
0000
0010
300a
024d
0000
016d
0000
340a
0000
020d
0000
0010
012d
0000
300a
0000
014d
0000
0000
026d
0000
010d
0000
360a
0010
022d
0000
0000
024d
0000
320a
0000
016d
0000
340a
020d
0000
013d
0000
300a
0000
014d
0000
0000
026d
0000
0000
010d
0000
360a
0010
022d
0000
024d
0000
320a
0000
016d
0000
340a
0000
020d
0000
0010
012d
0000
300a
014d
0000
026d
0000
0000
010d
0000
360a
0010
022d
0000
0000
024d
0000
320a
0000
016d
0000
340a
020d
0000
0010
012d
0000
300a
0000
0000
026d
0000
0000
360a
0010
022d
0000
320a
0000
026d
0000
0000
360a
0010
022d
0000
0000
320a
0000
026d
0000
360a
023d
0000
0000
320a
0000
0000
0010
0000
0000
0000
0010
0000
0000
0000
0010
04f0
024d
0000
016d
0000
340a
0000
020d
0000
0010
012d
0000
300a
0000
014d
0000
026d
0000
010d
0000
360a
0010
022d
0000
0000
024d
0000
320a
0000
016d
0000
340a
020d
0000
013d
0000
300a
0000
024d
0000
0000
026d
0000
0000
020d
0000
940a
360a
023d
0000
024d
0000
900a
320a
0000
026d
0000
0000
020d
0000
940a
0010
022d
0000
960a
024d
0000
900a
0000
026d
0000
920a
0000
020d
0000
940a
0010
022d
0000
960a
024d
0000
900a
026d
0000
920a
0000
020d
0000
940a
0010
022d
0000
960a
0000
024d
0000
900a
026d
0000
920a
0000
020d
0000
940a
0010
022d
0000
960a
0000
024d
0000
900a
026d
0000
920a
0000
020d
0000
940a
0010
022d
0000
960a
0000
900a
0000
026d
0000
920a
0010
022d
0000
960a
0000
0000
920a
0000
0010
0000
0000
0000
0010
0000
0020
024d
0000
0000
020d
0000
940a
0010
0000
024d
0000
900a
0000
026d
0000
0000
020d
0000
940a
023d
0000
960a
0000
900a
0000
026d
0000
920a
0000
0010
022d
0000
960a
0000
920a
0000
0010
0000
024d
0000
0000
340a
0000
020d
0000
0010
300a
0000
024d
0000
016d
0000
340a
0000
020d
0000
0010
012d
0000
300a
0000
014d
0000
0000
026d
0000
010d
0000
360a
0010
022d
0000
0000
024d
0000
320a
0000
016d
0000
340a
020d
0000
013d
0000
300a
0000
014d
0000
0000
026d
0000
0000
010d
0000
360a
0010
022d
0000
024d
0000
320a
0000
016d
0000
340a
0000
020d
0000
0010
012d
0000
300a
014d
0000
026d
0000
0000
010d
0000
360a
0010
022d
0000
0000
024d
0000
320a
0000
016d
0000
340a
020d
0000
0010
012d
0000
300a
0000
014d
0000
0000
026d
0000
0000
010d
0000
360a
023d
0000
0000
024d
0000
320a
0000
016d
0000
340a
0000
020d
0000
013d
0000
300a
0000
026d
0000
0000
360a
0010
022d
0000
0000
320a
0000
026d
0000
360a
023d
0000
0000
320a
0000
0000
0010
0000
0000
0000
0010
0000
0000
0000
0010
0a60
024d
0000
340a
0000
020d
0000
0010
300a
0000
024d
0000
0000
016d
0000
340a
020d
0000
013d
0000
300a
0000
024d
0000
0000
026d
0000
0000
020d
0000
940a
360a
023d
0000
024d
0000
900a
320a
0000
026d
0000
0000
020d
0000
940a
360a
0010
022d
0000
024d
0000
900a
320a
0000
026d
0000
0000
020d
0000
940a
0010
022d
0000
960a
024d
0000
900a
026d
0000
920a
0000
020d
0000
940a
0010
022d
0000
960a
0000
024d
0000
900a
026d
0000
920a
0000
020d
0000
940a
0010
022d
0000
960a
0000
024d
0000
900a
026d
0000
920a
0000
020d
0000
940a
0010
022d
0000
960a
0000
024d
0000
900a
026d
0000
920a
020d
0000
940a
0010
022d
0000
960a
0000
024d
0000
900a
0000
026d
0000
920a
020d
0000
940a
0010
022d
0000
960a
0000
900a
0000
026d
0000
920a
0000
023d
0000
960a
0000
026d
0000
920a
0000
0010
022d
0000
960a
0000
024d
0000
0000
920a
340a
020d
0000
0010
300a
0000
024d
0000
0000
340a
0000
020d
0000
0010
300a
024d
0000
016d
0000
340a
0000
020d
0000
0010
012d
0000
300a
0000
014d
0000
0000
026d
0000
010d
0000
360a
0010
022d
0000
0000
024d
0000
320a
0000
016d
0000
340a
020d
0000
013d
0000
300a
0000
014d
0000
0000
026d
0000
0000
010d
0000
360a
0010
022d
0000
024d
0000
320a
0000
016d
0000
340a
0000
020d
0000
0010
012d
0000
300a
014d
0000
026d
0000
0000
010d
0000
360a
0010
022d
0000
0000
024d
0000
320a
0000
016d
0000
340a
020d
0000
0010
012d
0000
300a
0000
0000
026d
0000
0000
360a
0010
022d
0000
320a
0000
026d
0000
0000
360a
0010
022d
0000
0000
320a
0000
026d
0000
360a
023d
0000
0000
320a
0000
0000
0010
0000
0000
0000
0010
0000
0000
0000
0010
05b0
024d
0000
340a
0000
020d
0000
0010
300a
0000
024d
0000
0000
016d
0000
340a
020d
0000
013d
0000
300a
0000
024d
0000
0000
026d
0000
0000
020d
0000
940a
360a
023d
0000
024d
0000
900a
320a
0000
026d
0000
0000
020d
0000
940a
360a
0010
022d
0000
024d
0000
900a
320a
0000
026d
0000
0000
020d
0000
940a
0010
022d
0000
960a
024d
0000
900a
026d
0000
920a
0000
020d
0000
940a
0010
022d
0000
960a
0000
024d
0000
900a
026d
0000
920a
0000
020d
0000
940a
0010
022d
0000
960a
0000
024d
0000
900a
026d
0000
920a
0000
020d
0000
940a
0010
022d
0000
960a
0000
900a
0000
026d
0000
920a
0010
022d
0000
960a
0000
0000
026d
0000
920a
0000
0010
022d
0000
960a
920a
0010
0000
0000
0010
0000
0000
0000
0010
0000
0000
0000
0010
0000
024d
0000
020d
0000
940a
025d
0000
900a
0000
026d
0000
0000
020d
0000
940a
0010
022d
0000
960a
900a
0000
026d
0000
920a
0000
0010
022d
0000
960a
0000
0000
920a
0000
0010
024d
0000
340a
0000
020d
0000
0010
300a
0000
024d
0000
0000
016d
0000
340a
0000
020d
0000
013d
0000
300a
0000
014d
0000
0000
026d
0000
0000
010d
0000
360a
0010
022d
0000
024d
0000
320a
0000
016d
0000
340a
0000
020d
0000
0010
012d
0000
300a
014d
0000
026d
0000
0000
010d
0000
360a
0010
022d
0000
0000
024d
0000
320a
0000
016d
0000
340a
020d
0000
0010
012d
0000
300a
0000
014d
0000
0000
026d
0000
0000
010d
0000
360a
023d
0000
0000
024d
0000
320a
0000
016d
0000
340a
0000
020d
0000
013d
0000
300a
014d
0000
0000
026d
0000
0000
010d
0000
360a
0010
022d
0000
0000
024d
0000
320a
016d
0000
340a
0000
020d
0000
0010
012d
0000
300a
0000
0000
026d
0000
360a
0010
022d
0000
0000
320a
0000
026d
0000
0000
360a
0010
022d
0000
0000
320a
0000
0010
0000
0000
0000
0010
0000
0000
0000
0010
0000
0000
0000
0010
0000
0b80
024d
0000
340a
0000
020d
0000
0010
300a
0000
024d
0000
0000
016d
0000
340a
020d
0000
013d
0000
300a
0000
024d
0000
0000
026d
0000
0000
020d
0000
940a
360a
023d
0000
024d
0000
900a
320a
0000
026d
0000
0000
020d
0000
940a
360a
0010
022d
0000
024d
0000
900a
320a
0000
026d
0000
0000
020d
0000
940a
0010
022d
0000
960a
024d
0000
900a
026d
0000
920a
0000
020d
0000
940a
0010
022d
0000
960a
0000
024d
0000
900a
026d
0000
920a
0000
020d
0000
940a
0010
022d
0000
960a
0000
024d
0000
900a
026d
0000
920a
0000
020d
0000
940a
0010
022d
0000
960a
0000
024d
0000
900a
026d
0000
920a
020d
0000
940a
0010
022d
0000
960a
0000
024d
0000
900a
0000
026d
0000
920a
020d
0000
940a
0010
022d
0000
960a
0000
900a
0000
026d
0000
920a
0000
023d
0000
960a
0000
026d
0000
920a
0000
0010
022d
0000
960a
0000
024d
0000
0000
920a
340a
020d
0000
0010
300a
0000
024d
0000
0000
340a
0000
020d
0000
0010
300a
024d
0000
016d
0000
340a
0000
020d
0000
0010
012d
0000
300a
0000
014d
0000
0000
026d
0000
010d
0000
360a
0010
022d
0000
0000
024d
0000
320a
0000
016d
0000
340a
020d
0000
013d
0000
300a
0000
014d
0000
0000
026d
0000
0000
010d
0000
360a
0010
022d
0000
024d
0000
320a
0000
016d
0000
340a
0000
020d
0000
0010
012d
0000
300a
014d
0000
026d
0000
0000
010d
0000
360a
0010
022d
0000
0000
024d
0000
320a
0000
016d
0000
340a
020d
0000
0010
012d
0000
300a
0000
0000
026d
0000
0000
360a
0010
022d
0000
320a
0000
026d
0000
0000
360a
0010
022d
0000
0000
320a
0000
026d
0000
360a
023d
0000
0000
320a
0000
0000
0010
0000
0000
0000
0010
0000
0000
0000
0010
0560
024d
0000
340a
0000
020d
0000
0010
300a
0000
024d
0000
0000
016d
0000
340a
020d
0000
013d
0000
300a
0000
024d
0000
0000
026d
0000
0000
020d
0000
940a
360a
023d
0000
900a
320a
0000
026d
0000
0000
360a
0010
022d
0000
0000
320a
0000
026d
0000
0010
022d
0000
960a
0000
024d
0000
0000
920a
340a
0000
020d
0000
0010
300a
024d
0000
340a
0000
020d
0000
0010
300a
0000
024d
0000
0000
026d
0000
0000
020d
0000
360a
023d
0000
0000
034d
0000
320a
0000
026d
0000
8c0a
0000
030d
0000
360a
023d
0000
880a
024d
0000
320a
0000
026d
0000
0000
020d
0000
940a
0010
022d
0000
900a
036d
0000
0000
8e0a
0010
032d
0000
0000
8a0a
0000
026d
0000
0000
0010
022d
0000
960a
0000
920a
0000
0010
0000
0000
0000
0010
0000
0000
0000
0010
0000
024d
0000
0000
020d
0000
940a
0010
0000
024d
0000
900a
0000
026d
0000
0000
020d
0000
940a
023d
0000
960a
0000
024d
0000
900a
0000
026d
0000
920a
0000
020d
0000
940a
023d
0000
960a
034d
0000
900a
0000
026d
0000
920a
0000
030d
0000
0010
022d
0000
960a
024d
0000
0000
920a
0000
020d
0000
e40a
0010
0000
024d
0000
e00a
0000
036d
0000
020d
0000
940a
0010
032d
0000
0000
024d
0000
900a
0000
026d
0000
0000
020d
0000
e40a
023d
0000
e60a
0000
024d
0000
e00a
0000
026d
0000
e20a
0000
020d
0000
940a
023d
0000
960a
0000
024d
0000
900a
0000
026d
0000
920a
0000
020d
0000
940a
023d
0000
e60a
900a
0000
026d
0000
e20a
0000
0010
022d
0000
960a
0000
0000
026d
0000
920a
0010
022d
0000
960a
0000
0000
920a
0000
0010
0000
0000
0000
0010
0000
0a60
024d
0000
0000
020d
0000
940a
0010
0000
024d
0000
900a
0000
026d
0000
0000
020d
0000
e40a
023d
0000
960a
0000
024d
0000
e00a
0000
026d
0000
920a
0000
020d
0000
940a
023d
0000
e60a
0000
024d
0000
900a
0000
026d
0000
e20a
0000
020d
0000
e40a
023d
0000
960a
0000
024d
0000
e00a
0000
026d
0000
920a
0000
020d
0000
940a
023d
0000
e60a
024d
0000
900a
0000
026d
0000
e20a
0000
020d
0000
940a
0010
022d
0000
960a
024d
0000
900a
0000
026d
0000
920a
0000
020d
0000
940a
0010
022d
0000
960a
024d
0000
900a
0000
026d
0000
920a
0000
020d
0000
e40a
0010
022d
0000
960a
e00a
026d
0000
920a
023d
0000
e60a
e20a
0010
0000
0000
0010
0000
0000
0000
0010
0750
024d
0000
0000
020d
0000
940a
0010
0000
024d
0000
900a
0000
026d
0000
0000
020d
0000
e40a
023d
0000
960a
0000
024d
0000
e00a
0000
026d
0000
920a
0000
020d
0000
940a
023d
0000
e60a
0000
024d
0000
900a
0000
026d
0000
e20a
0000
020d
0000
940a
023d
0000
960a
0000
024d
0000
900a
0000
026d
0000
920a
0000
020d
0000
940a
023d
0000
960a
024d
0000
900a
0000
026d
0000
920a
0000
020d
0000
e40a
0010
022d
0000
960a
024d
0000
e00a
0000
026d
0000
920a
0000
020d
0000
940a
0010
022d
0000
e60a
024d
0000
900a
0000
026d
0000
e20a
0000
020d
0000
e40a
0010
022d
0000
960a
e00a
026d
0000
920a
0000
0010
022d
0000
e60a
0000
0000
e20a
0000
0010
0000
0000
0040
024d
0000
0000
020d
0000
940a
0010
0000
024d
0000
900a
0000
026d
0000
0000
020d
0000
940a
023d
0000
960a
0000
024d
0000
900a
0000
026d
0000
920a
0000
020d
0000
940a
023d
0000
960a
0000
024d
0000
900a
0000
026d
0000
920a
0000
020d
0000
e40a
023d
0000
960a
0000
024d
0000
e00a
0000
026d
0000
920a
0000
020d
0000
940a
023d
0000
e60a
024d
0000
900a
0000
026d
0000
e20a
0000
020d
0000
e40a
0010
022d
0000
960a
024d
0000
e00a
0000
026d
0000
920a
0000
020d
0000
940a
0010
022d
0000
e60a
024d
0000
900a
0000
026d
0000
e20a
0000
020d
0000
940a
0010
022d
0000
960a
900a
026d
0000
920a
0000
0010
022d
0000
960a
0000
0000
920a
0000
0010
0000
0000
0860
024d
0000
0000
020d
0000
940a
0010
0000
024d
0000
900a
0000
026d
0000
0000
020d
0000
e40a
023d
0000
960a
0000
024d
0000
e00a
0000
026d
0000
920a
0000
020d
0000
940a
023d
0000
e60a
0000
024d
0000
900a
0000
026d
0000
e20a
0000
020d
0000
e40a
023d
0000
960a
0000
024d
0000
e00a
0000
026d
0000
920a
0000
020d
0000
940a
023d
0000
e60a
024d
0000
900a
0000
026d
0000
e20a
0000
020d
0000
940a
0010
022d
0000
960a
024d
0000
900a
0000
026d
0000
920a
0000
020d
0000
940a
0010
022d
0000
960a
024d
0000
900a
0000
026d
0000
920a
0000
020d
0000
e40a
0010
022d
0000
960a
024d
0000
e00a
026d
0000
920a
0000
020d
0000
940a
0010
022d
0000
e60a
0000
024d
0000
900a
026d
0000
e20a
0000
020d
0000
e40a
0010
022d
0000
960a
0000
024d
0000
e00a
026d
0000
920a
0000
020d
0000
940a
0010
022d
0000
e60a
0000
024d
0000
900a
026d
0000
e20a
020d
0000
2c0a
0010
022d
0000
960a
0000
034d
0000
280a
0000
026d
0000
920a
030d
0000
0010
022d
0000
2e0a
0000
024d
0000
0000
036d
0000
2a0a
0000
020d
0000
940a
033d
0000
0000
024d
0000
900a
0000
026d
0000
0000
020d
0000
e40a
023d
0000
960a
024d
0000
e00a
0000
026d
0000
920a
0000
020d
0000
940a
0010
022d
0000
e60a
024d
0000
900a
0000
026d
0000
e20a
0000
020d
0000
0010
022d
0000
960a
024d
0000
026d
0000
0c0a
920a
0000
020d
0000
2c0a
0010
022d
0000
080a
0000
280a
026d
0000
0e0a
0010
022d
0000
2e0a
0000
0a0a
0000
2a0a
0000
0010
0000
0000
0000
05f0
024d
0000
0000
020d
0000
e40a
0010
0000
024d
0000
e00a
0000
026d
0000
0000
020d
0000
940a
023d
0000
e60a
0000
024d
0000
900a
0000
026d
0000
e20a
0000
020d
0000
940a
023d
0000
960a
0000
900a
0000
026d
0000
920a
0000
0010
022d
0000
960a
920a
0010
0000
0000
0010
0000
024d
0000
0000
0000
020d
0000
0010
0000
024d
0000
026d
0000
0c0a
020d
0000
940a
0010
022d
0000
080a
0000
034d
0000
900a
0000
026d
0000
030d
0000
0e0a
0010
022d
0000
960a
0000
024d
0000
0a0a
0000
036d
0000
920a
7c0a
020d
0000
0010
032d
0000
780a
0000
0000
026d
0000
0000
7e0a
0010
022d
0000
034d
0000
7a0a
036d
0000
0000
030d
0000
0010
032d
0000
0000
034d
0000
0000
036d
0000
030d
0000
0010
032d
0000
0000
024d
0000
0000
016d
0000
0000
020d
0000
0010
012d
0000
0000
340a
0000
0010
300a
0000
014d
0000
0000
026d
0000
0000
010d
0000
023d
0000
0000
0000
360a
0010
0000
024d
0000
320a
0000
016d
0000
0000
020d
0000
013d
0000
0000
340a
0000
0010
300a
0000
0000
026d
0000
0000
0010
022d
0000
0000
360a
321a
0000
0000
0010
0000
0000
0000
0010
0000
0000
0000
0010
0000
0000
0000
09b0
024d
0000
0000
020d
0000
0010
0000
0000
016d
0000
340a
0000
0010
012d
0000
300a
014d
0000
0000
026d
0000
0000
010d
0000
0010
022d
0000
0000
0000
0000
360a
025d
0000
320a
016d
0000
020d
0000
0010
012d
0000
0000
0000
340a
0000
0010
300a
026d
0000
023d
0000
0000
0000
0000
360a
0010
0000
320a
0000
0000
0010
0000
0000
0080
034d
0000
0000
030d
0000
0010
0000
024d
0000
0000
7c0a
0000
020d
0000
0010
780a
0000
036d
0000
0000
0010
032d
0000
0000
0000
026d
0000
0000
7e0a
0010
022d
0000
034d
0000
7a0a
0000
036d
0000
0000
030d
0000
0010
032d
0000
0000
034d
0000
036d
0000
030d
0000
0010
032d
0000
0000
024d
0000
0000
026d
0000
0000
020d
0000
023d
0000
0000
0c0a
0000
0e0a
0010
080a
0000
024d
0000
0a0a
0000
026d
0000
6c0a
020d
0000
6e0a
023d
0000
680a
0000
024d
0000
6a0a
0000
026d
0000
0000
020d
0000
023d
0000
024d
0000
0000
026d
0000
0c0a
0000
020d
0000
0e0a
940a
0010
022d
0000
080a
960a
024d
0000
0a0a
900a
0000
026d
0000
920a
0000
020d
0000
940a
0010
022d
0000
960a
024d
0000
900a
0000
026d
0000
920a
0000
020d
0000
2c0a
0010
022d
0000
2e0a
024d
0000
280a
0000
026d
0000
2a0a
0000
020d
0000
940a
0010
960a
0000
024d
0000
900a
026d
0000
0000
020d
0000
940a
0010
022d
0000
960a
0000
900a
0000
920a
023d
0000
920a
0000
0010
0000
024d
0000
0000
016d
0000
340a
0000
020d
0000
0010
300a
024d
0000
0000
026d
0000
0000
020d
0000
2c0a
360a
0010
022d
0000
0000
024d
0000
280a
320a
026d
0000
0000
020d
0000
2c0a
0010
022d
0000
2e0a
0000
024d
0000
280a
026d
0000
2a0a
0000
020d
0000
2c0a
0010
022d
0000
2e0a
0000
024d
0000
280a
026d
0000
2a0a
020d
0000
2c0a
0010
022d
0000
2e0a
0000
024d
0000
280a
0000
026d
0000
2a0a
020d
0000
940a
0010
022d
0000
2e0a
0000
024d
0000
900a
0000
026d
0000
2a0a
020d
0000
2c0a
0010
022d
0000
960a
0000
024d
0000
280a
0000
026d
0000
920a
020d
0000
2c0a
023d
0000
2e0a
0000
280a
0000
026d
0000
2a0a
0000
0010
022d
0000
2e0a
0000
2a0a
0000
0010
0000
0000
0000
0010
0000
0000
0000
0010
0000
024d
0000
020d
0000
025d
0000
0000
026d
0000
0c0a
0000
020d
0000
2c0a
0010
022d
0000
080a
024d
0000
280a
026d
0000
0000
020d
0000
0e0a
2c0a
0010
022d
0000
2e0a
0000
0a0a
280a
026d
0000
2a0a
0000
0010
022d
0000
2e0a
0000
0000
2a0a
0000
0010
0000
0000
0a60
024d
0000
0000
020d
0000
2c0a
0010
0000
024d
0000
280a
0000
026d
0000
0000
020d
0000
940a
023d
0000
2e0a
0000
024d
0000
900a
0000
026d
0000
2a0a
0000
020d
0000
2c0a
023d
0000
960a
0000
024d
0000
280a
0000
026d
0000
920a
0000
020d
0000
2c0a
023d
0000
2e0a
0000
034d
0000
280a
0000
026d
0000
2a0a
0000
030d
0000
0010
022d
0000
2e0a
0000
036d
0000
2a0a
0000
0010
032d
0000
0000
014d
0000
0000
0000
010d
0000
0010
0000
016d
0000
0000
0010
012d
0000
0000
024d
0000
0000
240a
0000
015d
0000
0010
0000
0000
0000
0010
0000
024d
0000
0000
240a
0000
0010
0000
014d
0000
0000
0010
0000
024d
0000
0000
240a
0000
0010
0000
0000
026d
0000
0000
260a
017d
0000
0010
0000
0000
0000
0010
0000
0000
026d
0000
0000
260a
0010
0000
0000
016d
0000
0010
0000
0000
026d
0000
0000
020d
0000
260a
0010
200a
0000
0000
0000
010d
0000
0010
0000
0000
0010
0000
0000
0000
020d
0000
0010
200a
0000
0000
0000
010d
0000
0010
0000
0000
020d
0000
0010
200a
0000
0000
0000
0010
022d
0000
0000
220a
0000
0010
012d
0000
0000
0000
0000
0010
0000
0000
0000
0010
022d
0000
0000
220a
0000
0010
012d
0000
0000
0000
0000
0010
022d
0000
0000
220a
0000
0000
0010
0800
8046
0010
0000
0000
0000
0010
0000
0000
0000
0010
0000
0000
0000
0010
0000
0060
8086
0000
0000
0010
0000
0000
0000
0010
0000
0000
0000
0010
0000
0000
0000
00d0
0146
0010
0106
0000
0000
0000
0010
0000
0000
0000
0010
0000
0000
0000
0010
00c6
024d
0000
0000
7c0a
8006
0000
0010
81c6
0000
0000
0000
0010
0000
0000
0000
0030
0186
0000
8246
0000
0010
0000
0000
0000
0010
0000
0000
0000
0010
0000
0000
0070
0306
0010
0000
0000
0000
0010
0000
0000
0000
0010
0000
0000
0000
0010
0000
0060
c046
0010
c086
0000
0000
0000
0010
0000
0000
0000
0010
0000
0000
0000
0010
027d
0000
7e0a
0010
c006
0000
0000
0000
0010
0206
0000
0000
0000
0010
0000
0000
0286
0010
0000
0000
0000
0010
0000
0000
0000
0010
0000
0000
0000
0010
0000
0000
0070
02c6
0000
0000
0010
0000
0000
0000
0010
0000
0000
0000
0010
0000
0000
0000
0060
4186
0000
0000
0010
0000
0000
0000
0010
0000
0000
0000
0010
0000
0000
0000
0020
42c6
0010
0000
0000
0000
0010
0000
0000
0000
0010
0000
0000
0000
0010
4106
4156
0010
0000
0000
0000
0010
0000
0000
0000
0010
0000
0000
0000
0010
0000
0000
0040
0046
0000
0000
0010
4306
0000
0000
0000
0010
0000
0000
0000
0010
0000
0000
c256
0010
0000
0000
0000
0010
0000
0000
4286
0000
0010
0000
0000
40c6
0000
0010
020d
0000
781a
0006
0000
0000
c1c6
0000
0010
80c6
0000
0000
0000
0010
0000
0000
0020
8186
0010
0000
0000
0000
0010
0000
0000
0000
0010
0000
0000
0000
0010
0000
4206
0010
8146
0000
0000
0000
0010
0000
0000
8206
0000
0010
0000
0000
0000
0010
0040
022d
0000
7a0a
0000
4006
0000
0010
0000
0000
0000
0010
0000
0000
0000
0010
0050
0086
0010
0000
0000
0000
0010
0000
0000
0000
0010
0000
0000
0000
0010
0000
0030
8286
0000
0000
0010
0000
0000
0000
0010
0000
0000
0000
0010
0000
0000
0000
0040
82c6
0010
0000
0000
0000
0010
0000
0000
0000
0010
0000
0000
01c6
0000
0010
0040
0246
0000
0000
0010
0000
0000
0000
0010
0000
0000
c186
0000
0010
0000
0000
0030
4046
0000
0000
0010
0000
0000
0000
0010
0000
0000
0000
0010
0000
0000
0000
0030
8306
0000
0000
0010
0000
0000
0000
0010
0000
0000
0000
0010
0000
0000
0000
0080
c146
0000
0000
0010
c2c6
0000
0000
0000
0010
0000
0000
0000
0010
8106
0000
0020
c286
0000
0000
0010
0000
0000
c106
0000
0010
41c6
0000
0000
0000
0010
0000
4096
0010
0000
0000
0000
0010
c206
0000
0000
0686
0000
0010
0000
0000
0000
0010
0040
c0c6
0000
0000
0010
0000
0000
0000
0010
0000
0000
0000
0010
0000
0000
0000
0030
c306
0010
0000
0000
0000
0010
0000
0000
0000
0010
0000
0000
0000
0010
0000
0030
06c6
0000
0000
0010
0000
0000
0000
0010
0000
0000
4686
0000
0010
0000
0000
4256
0000
0010
0000
0000
0000
0010
0000
0000
8646
0000
0010
0000
0000
0000
0010
0030
46c6
0010
c646
0000
0000
0000
0010
0000
0000
0000
0010
0000
0000
0000
0010
0120
0646
0000
0000
0010
0000
0000
0000
0010
0000
0000
86c6
0000
0010
8686
0000
0210
4646
0000
0000
0010
0000
0000
0000
0010
0000
0000
0000
0010
0000
0000
0000
0020
c686
0000
0000
0010
c6c6
0000
0000
0000
0010
0000
0000
0000
0010
0000
0000
2ff0
fe85
0007
0000
0000
0001
cc08
fd03
7f79
0000
0010
0000
0000
0000
0010
0000
