2ff0
fe85
0007
0000
0000
0001
4682
fd03
7f79
0000
0010
0000
0000
0000
0010
0000
0b70
fe85
0007
0000
0000
0000
0010
0000
0000
0000
0010
0000
0000
0000
0010
0000
03a0
0e8f
0100
0000
108f
0001
0000
0000
0010
128f
0001
0000
0000
0000
0000
0010
0040
1c8f
0010
0000
0000
0000
0010
0000
0000
0000
0010
0000
0000
0000
0010
0000
2ff0
188f
f310
fba5
0000
1a8f
017e
0000
0000
0001
5091
fd03
7f79
0000
5a8f
002c
0000
249f
0096
00ac
0000
268f
00cc
000a
0000
808f
0000
af60
0000
828f
7efb
8000
849f
0000
00d0
868f
4fac
00ea
0000
888f
0680
a500
0000
8a8f
7efb
0000
0010
0000
0ab0
008f
0425
0000
0010
0000
0000
0000
0010
0000
0000
0000
0010
0000
0000
0000
0070
8083
1020
0000
0000
4083
1020
0010
0000
c083
1020
0000
0000
0010
0000
0000
0083
1020
0010
0000
0000
0000
0010
80c3
1020
0000
0000
0000
40c3
1020
0010
0000
c0c3
1020
0000
0010
0000
0000
00c3
1020
0000
0010
0000
0000
0000
0010
8103
1020
4103
1020
0010
c103
1020
0000
0000
0010
0000
0000
0103
1020
0000
0010
0000
0000
8193
1020
0000
4183
1020
0010
0000
c183
1020
0000
0000
0010
0000
0000
0183
1020
41d3
1020
0010
c1c3
1020
0000
0000
0010
0000
0000
01c3
1020
0000
0010
0000
0000
81d3
1020
0000
4203
1020
0010
0000
c203
1020
0000
0000
0010
0000
0000
0203
1020
0020
8203
1020
0000
0000
4243
1020
0010
0000
c243
1020
0000
0000
0010
0000
0000
0243
1020
0010
0000
0000
0000
0010
8243
1020
0000
0000
0000
4283
1020
0010
0000
c283
1020
0000
0010
0000
0000
0283
1020
0000
0010
0000
0000
0000
0010
8283
1020
42c3
1020
0010
c2c3
1020
0000
0000
0010
0000
0000
02c3
1020
0000
0010
0000
0000
82d3
1020
0000
4303
1020
0010
0000
c303
1020
0000
0000
0010
0000
0000
0303
1020
0020
8303
1020
0000
0000
4343
1020
0010
0000
c343
1020
0000
0000
0010
0000
0000
0343
1020
0010
0000
0000
0000
0010
8343
1020
0000
0000
0000
4003
1020
0010
0000
c003
1020
0000
0010
0000
0000
0003
1020
0000
0010
0000
0000
0000
0010
8003
1020
4043
1020
0010
c043
1020
0000
0000
0010
0000
0000
0043
1020
0000
0010
0000
0000
8053
1020
0000
4483
3020
0010
0000
c483
3020
0000
0000
0010
0000
0000
0483
3020
0020
8483
3020
0000
0000
44c3
3020
0010
0000
c4c3
3020
0000
0000
0010
0000
0000
04c3
3020
0010
0000
0000
0000
0010
84c3
3020
0000
0000
0000
4503
3020
0010
0000
c503
3020
0000
0010
0000
0000
0503
3020
0000
0010
0000
0000
0000
0010
8503
3020
0530
fe85
0007
0000
0000
0010
0000
0000
0000
0010
0000
0000
0000
0010
0000
0000
05d0
022d
0000
0000
026d
0000
0000
020d
0000
0010
022d
0000
0000
024d
0000
020a
026d
0000
020d
0000
060a
0010
022d
0000
000a
0000
024d
0000
020a
0000
026d
0000
040a
020d
0000
060a
0010
022d
0000
000a
0000
024d
0000
020a
0000
026d
0000
040a
020d
0000
060a
023d
0000
000a
0000
024d
0000
020a
0000
026d
0000
040a
2a0a
0000
020d
0000
060a
023d
0000
000a
2e0a
0000
024d
0000
280a
0000
026d
0000
040a
2a0a
020d
0000
2c0a
023d
0000
2e0a
0000
024d
0000
280a
0000
026d
0000
0000
020d
0000
2c0a
0010
024d
0000
0a0a
0000
0000
0e0a
0010
080a
0000
0000
0c0a
0000
0010
0000
2ff0
032d
0000
0000
034d
0000
0000
036d
0000
0001
6245
fd03
7f79
0000
030d
0000
023d
0000
024d
0000
0000
026d
0000
0000
020d
0000
0010
022d
0000
0000
024d
0000
0a0a
026d
0000
0c0a
0000
020d
0000
0e0a
0010
022d
0000
080a
0000
024d
0000
0a0a
026d
0000
0c0a
020d
0000
0e0a
0010
022d
0000
080a
0000
024d
0000
0a0a
0000
026d
0000
0c0a
020d
0000
0e0a
0010
022d
0000
080a
0000
024d
0000
0a0a
0000
026d
0000
0c0a
020d
0000
0e0a
0010
022d
0000
080a
0000
024d
0000
0a0a
0000
026d
0000
0c0a
020d
0000
0e0a
023d
0000
080a
0000
024d
0000
0a0a
0000
026d
0000
0c0a
0000
020d
0000
0e0a
023d
0000
080a
0000
024d
0000
0a0a
0000
026d
0000
0c0a
0000
020d
0000
0e0a
023d
0000
080a
0000
024d
0000
0a0a
0000
026d
0000
0c0a
2a0a
0000
020d
0000
0e0a
2c0a
023d
0000
080a
2e0a
0000
024d
0000
280a
0000
026d
0000
0000
020d
0000
023d
0000
024d
0000
0a0a
0000
026d
0000
0c0a
0000
020d
0000
0e0a
0010
022d
0000
080a
024d
0000
0a0a
0000
026d
0000
0c0a
0000
020d
0000
0e0a
0010
022d
0000
080a
024d
0000
0a0a
026d
0000
0c0a
0000
020d
0000
0e0a
0010
080a
0000
0000
0000
0010
2a1a
2c0a
0010
022d
0000
2e0a
0000
024d
0000
280a
0000
026d
0000
0000
020d
0000
023d
0000
024d
0000
0a0a
0000
026d
0000
0c0a
2a0a
0000
020d
0000
0e0a
2c0a
0010
022d
0000
080a
2e0a
024d
0000
280a
0000
026d
0000
920a
0000
020d
0000
940a
0010
022d
0000
960a
024d
0000
900a
0000
026d
0000
920a
0000
020d
0000
940a
0010
022d
0000
960a
024d
0000
900a
0000
026d
0000
2a0a
0000
020d
0000
2c0a
0010
022d
0000
2e0a
024d
0000
280a
0000
026d
0000
2a0a
0000
020d
0000
2c0a
0010
022d
0000
2e0a
024d
0000
280a
026d
0000
2a0a
0000
020d
0000
2c0a
0010
022d
0000
2e0a
0000
024d
0000
280a
026d
0000
920a
0000
020d
0000
940a
0010
022d
0000
960a
0000
024d
0000
900a
026d
0000
2a0a
0000
020d
0000
2c0a
0010
2e0a
0000
280a
0000
0000
0010
0000
0030
022d
0000
024d
0000
0000
026d
0000
0000
020d
0000
0010
022d
0000
0000
024d
0000
0a0a
026d
0000
0c0a
0000
020d
0000
0e0a
0010
022d
0000
080a
0000
024d
0000
0a0a
026d
0000
0c0a
0000
020d
0000
0e0a
0010
022d
0000
080a
0000
024d
0000
0a0a
026d
0000
0c0a
020d
0000
0e0a
0010
022d
0000
080a
0000
024d
0000
0a0a
0000
026d
0000
0c0a
020d
0000
0e0a
0010
022d
0000
080a
0000
024d
0000
0a0a
0000
026d
0000
0c0a
020d
0000
0e0a
0010
022d
0000
080a
0000
024d
0000
0a0a
0000
026d
0000
0c0a
020d
0000
0e0a
023d
0000
080a
0000
024d
0000
0a0a
0000
026d
0000
0c0a
0000
020d
0000
0e0a
023d
0000
080a
0000
024d
0000
0a0a
0000
026d
0000
0c0a
0000
020d
0000
0e0a
023d
0000
080a
0000
024d
0000
0a0a
0000
026d
0000
0c0a
0000
020d
0000
0e0a
023d
0000
080a
024d
0000
0a0a
0000
026d
0000
0c0a
0000
020d
0000
0e0a
0010
080a
0a0a
0c0a
0000
0e0a
0010
080a
0000
0000
0000
0010
0000
0000
0000
0010
0000
0000
0a10
022d
0000
024d
0000
0000
026d
0000
0000
020d
0000
0010
022d
0000
0000
024d
0000
0a0a
026d
0000
0c0a
0000
020d
0000
0e0a
0010
022d
0000
080a
0000
024d
0000
0a0a
026d
0000
0c0a
0000
020d
0000
0e0a
0010
022d
0000
080a
0000
024d
0000
0a0a
026d
0000
0c0a
020d
0000
0e0a
0010
022d
0000
080a
0000
024d
0000
0a0a
0000
026d
0000
0c0a
020d
0000
0e0a
0010
022d
0000
080a
0000
024d
0000
0a0a
0000
026d
0000
0c0a
920a
020d
0000
0e0a
940a
0010
022d
0000
080a
960a
0000
024d
0000
900a
0000
026d
0000
920a
020d
0000
940a
0010
022d
0000
960a
0000
024d
0000
900a
0000
026d
0000
2a0a
020d
0000
2c0a
0010
022d
0000
2e0a
0000
024d
0000
280a
0000
026d
0000
920a
020d
0000
940a
0010
022d
0000
960a
0000
024d
0000
900a
0000
026d
0000
920a
020d
0000
940a
023d
0000
960a
0000
024d
0000
900a
0000
026d
0000
2a0a
0000
020d
0000
2c0a
023d
0000
2e0a
0000
024d
0000
280a
0000
026d
0000
2a0a
0000
020d
0000
2c0a
023d
0000
2e0a
0000
024d
0000
280a
0000
026d
0000
2a0a
0000
020d
0000
2c0a
023d
0000
2e0a
024d
0000
280a
0000
026d
0000
2a0a
0000
020d
0000
2c0a
0010
022d
0000
2e0a
024d
0000
280a
0000
026d
0000
920a
0000
020d
0000
940a
0010
960a
0000
900a
0000
0010
0000
0000
0000
0010
022d
0000
0000
024d
0000
0000
026d
0000
0000
020d
0000
023d
0000
0000
024d
0000
0a0a
0000
026d
0000
0c0a
2a0a
0000
020d
0000
0e0a
2c0a
023d
0000
080a
2e0a
0000
024d
0000
280a
0000
026d
0000
2a0a
0000
020d
0000
2c0a
023d
0000
2e0a
0000
024d
0000
280a
0000
026d
0000
2a0a
0000
020d
0000
2c0a
2e1a
0000
280a
0000
0000
0010
0000
0000
0000
0010
022d
0000
0000
024d
0000
026d
0000
020d
0000
0010
022d
0000
0000
024d
0000
0a0a
0000
026d
0000
0c0a
2a0a
020d
0000
0e0a
2c0a
023d
0000
080a
2e0a
0000
024d
0000
280a
0000
026d
0000
920a
020d
0000
940a
023d
0000
960a
0000
024d
0000
900a
0000
026d
0000
920a
0000
020d
0000
940a
023d
0000
960a
0000
024d
0000
900a
0000
026d
0000
2a0a
0000
020d
0000
2c0a
2e1a
0000
280a
0000
0000
0010
022d
0000
0000
024d
0000
0000
026d
0000
0000
020d
0000
0010
0a0a
0000
0c0a
0000
0e0a
0010
080a
0000
0000
0000
0010
0000
0000
09a0
022d
0000
024d
0000
0000
026d
0000
2a0a
0000
020d
0000
2c0a
0010
022d
0000
2e0a
024d
0000
280a
0000
026d
0000
2a0a
0000
020d
0000
2c0a
0010
022d
0000
2e0a
024d
0000
280a
026d
0000
2a0a
0000
020d
0000
2c0a
0010
022d
0000
2e0a
0000
024d
0000
280a
026d
0000
2a0a
0000
020d
0000
2c0a
0010
022d
0000
2e0a
0000
024d
0000
280a
026d
0000
2a0a
0000
020d
0000
2c0a
0010
022d
0000
2e0a
0000
024d
0000
280a
026d
0000
920a
020d
0000
940a
0010
022d
0000
960a
0000
024d
0000
900a
0000
026d
0000
2a0a
020d
0000
2c0a
0010
022d
0000
2e0a
0000
024d
0000
280a
0000
026d
0000
2a0a
020d
0000
2c0a
0010
022d
0000
2e0a
0000
024d
0000
280a
0000
026d
0000
2a0a
020d
0000
2c0a
023d
0000
2e0a
0000
024d
0000
280a
0000
026d
0000
920a
0000
020d
0000
940a
023d
0000
960a
0000
024d
0000
900a
0000
026d
0000
2a0a
0000
020d
0000
2c0a
023d
0000
2e0a
0000
024d
0000
280a
0000
026d
0000
2a0a
0000
020d
0000
2c0a
023d
0000
2e0a
024d
0000
280a
0000
026d
0000
2a0a
0000
020d
0000
2c0a
0010
2e0a
280a
0000
0010
0000
0000
0000
0010
0000
0000
0000
0010
0000
0000
0000
0010
0000
0030
012d
0000
014d
0000
0000
016d
0000
0000
010d
0000
0010
0000
0000
0000
0010
022d
0000
720a
0000
0000
0010
022d
0000
0000
024d
0000
0000
2a0a
740a
0000
0010
024d
0000
026d
0000
0000
020d
0000
2c0a
760a
0010
700a
0000
0000
026d
0000
0000
020d
0000
023d
0000
2e0a
0000
280a
720a
0000
0000
0010
022d
0000
0000
014d
0000
720a
0000
0010
022d
0000
0000
024d
0000
0000
016d
0000
2a0a
740a
0000
010d
0000
023d
0000
024d
0000
0000
2a0a
740a
0000
0010
022d
0000
0000
024d
0000
0000
026d
0000
2a0a
2c0a
760a
0010
022d
0000
0000
024d
0000
0000
026d
0000
2a0a
0000
020d
0000
2c0a
760a
023d
0000
700a
0000
024d
0000
0000
026d
0000
2a0a
0000
020d
0000
2c0a
023d
0000
2e0a
700a
0000
024d
0000
0000
026d
0000
2a0a
0000
020d
0000
2c0a
023d
0000
2e0a
024d
0000
280a
0000
026d
0000
2a0a
0000
020d
0000
2c0a
0010
022d
0000
2e0a
024d
0000
280a
0000
026d
0000
2a0a
0000
020d
0000
2c0a
0010
022d
0000
2e0a
024d
0000
280a
0000
026d
0000
2a0a
0000
020d
0000
2c0a
0010
022d
0000
2e0a
024d
0000
280a
026d
0000
2a0a
0000
020d
0000
2c0a
0010
2e0a
0000
024d
0000
280a
026d
0000
020d
0000
2c0a
0010
2e0a
0000
024d
0000
280a
0000
026d
0000
0000
020d
0000
2c0a
2e1a
0000
280a
0000
026d
0000
0000
020d
0000
0010
2e0a
0000
280a
0000
026d
0000
020d
0000
0010
2e0a
0000
280a
0000
0000
020d
0000
0010
0000
280a
0000
0ad0
022d
0000
024d
0000
0000
026d
0000
2a0a
0000
2c0a
0010
022d
0000
2e0a
0000
024d
0000
026d
0000
2a0a
0000
020d
0000
2c0a
0010
022d
0000
2e0a
0000
024d
0000
280a
026d
0000
2a0a
0000
020d
0000
2c0a
0010
022d
0000
2e0a
0000
024d
0000
280a
026d
0000
2a0a
020d
0000
2c0a
0010
022d
0000
2e0a
0000
024d
0000
280a
0000
026d
0000
920a
020d
0000
940a
0010
022d
0000
960a
0000
024d
0000
280a
0000
026d
0000
2a0a
020d
0000
2c0a
0010
022d
0000
2e0a
0000
024d
0000
900a
0000
026d
0000
2a0a
020d
0000
2c0a
023d
0000
2e0a
0000
024d
0000
280a
0000
026d
0000
2a0a
0000
020d
0000
2c0a
023d
0000
2e0a
024d
0000
280a
026d
0000
020d
0000
023d
0000
024d
0000
0a0a
280a
026d
0000
0c0a
2a0a
0000
020d
0000
0e0a
2c0a
0010
022d
0000
2e0a
0000
024d
0000
026d
0000
2a0a
0000
020d
0000
2c0a
0010
022d
0000
080a
2e0a
0000
024d
0000
280a
026d
0000
920a
0000
020d
0000
940a
0010
022d
0000
960a
0000
024d
0000
280a
026d
0000
920a
0000
020d
0000
940a
0010
022d
0000
960a
0000
024d
0000
900a
026d
0000
020d
0000
0010
022d
0000
0000
024d
0000
0a0a
900a
0000
026d
0000
0c0a
2a0a
020d
0000
0e0a
2c0a
0010
2e0a
0000
0000
0000
020d
0000
0010
080a
0000
280a
0b60
032d
0000
0000
0000
0010
022d
0000
0000
0000
0000
0010
0000
320a
0000
0000
023d
0000
0000
0000
0010
0000
320a
0000
0000
0010
0000
0000
0000
0010
0000
0000
0b20
034d
0000
0000
0010
0000
024d
0000
0000
0000
0010
0000
0000
340a
0000
0010
024d
0000
0000
0010
0000
0000
036d
0000
340a
0000
0010
0000
0000
026d
0000
0000
361a
0010
0000
026d
0000
0000
0010
0000
0000
0000
030d
0000
360a
0010
0000
0000
020d
0000
0010
0000
0000
0010
300a
0000
0000
0000
020d
0000
0010
0000
0000
0000
301a
0000
0000
0010
0000
0000
0000
0010
0000
0000
0000
0010
0000
0000
0000
0010
2ff0
032d
0000
0000
0001
7ccd
fd03
7f79
0000
0010
022d
0000
0000
0000
0000
0010
0030
320a
0000
0010
032d
0000
0000
0000
0000
0010
022d
0000
0000
034d
0000
0000
025d
0000
0000
0010
0000
0000
0000
0010
0000
0000
0000
0010
0000
320a
0000
0000
023d
0000
620a
0000
340a
0000
0010
0000
0000
0000
0010
0000
0000
0000
0010
0000
0020
022d
0000
0000
0000
0010
022d
0000
0000
0a0a
0000
2a0a
0000
0010
022d
0000
0a1a
0000
0010
022d
0000
0000
0000
e20a
0000
0010
022d
0000
0000
0000
e20a
0000
023d
0000
0000
e20a
0000
0010
022d
0000
0000
0000
e20a
0000
0010
022d
0000
0000
920a
0010
022d
0000
0000
6a0a
0000
0000
0010
022d
0000
0000
0000
0000
0010
022d
0000
0a0a
0000
0000
0010
022d
0000
0000
0a0a
0000
0000
0010
022d
0000
0000
0a0a
023d
0000
0a0a
0000
0000
0010
022d
0000
0000
0a0a
0000
0000
0010
022d
0000
0000
0a0a
920a
0000
0010
022d
0000
0000
0000
2a0a
0000
0010
022d
0000
0000
0000
2a0a
023d
0000
2a0a
0000
0010
022d
0000
0000
0000
2a0a
0000
0010
022d
0000
0000
0000
2a0a
0010
022d
0000
0000
0000
2a0a
0000
0010
022d
0000
0000
0000
2a0a
0000
0010
022d
0000
0000
2a0a
0000
0010
022d
0000
0000
0000
2a0a
0000
0010
022d
0000
0000
2a0a
0010
0000
0000
0000
0010
0000
0000
0000
0010
0000
0000
0000
0010
0000
0000
023d
0000
0000
0010
022d
0000
0000
0a0a
0000
920a
0000
0010
0000
0000
0000
0010
0030
022d
0000
0000
0000
0010
022d
0000
0000
8a0a
0000
0000
0010
022d
0000
0000
0a0a
0000
0010
022d
0000
0000
0a0a
0000
920a
0000
0010
022d
0000
0000
0000
920a
023d
0000
920a
0000
0010
022d
0000
0000
0000
920a
0000
0010
022d
0000
0000
0000
920a
0010
022d
0000
0000
0000
920a
0000
0010
022d
0000
0000
0000
920a
0000
0010
022d
0000
0000
920a
0000
0010
022d
0000
0000
0000
920a
0000
0010
022d
0000
0000
920a
0010
022d
0000
0000
0000
920a
0000
0010
022d
0000
0000
0000
920a
0000
0010
022d
0000
0000
920a
0000
0010
022d
0000
0000
0000
920a
0000
0010
022d
0000
0000
920a
0010
022d
0000
0000
0000
920a
0000
0010
022d
0000
0000
0000
920a
0000
0010
022d
0000
0000
920a
0000
0010
022d
0000
0000
0000
920a
0000
0010
022d
0000
0000
920a
0010
022d
0000
0000
0000
920a
0000
0010
022d
0000
0000
0000
920a
0000
0010
022d
0000
0000
920a
0000
0010
022d
0000
0000
0000
920a
0000
0010
022d
0000
0000
920a
0010
022d
0000
0000
0000
920a
0000
0010
022d
0000
0000
0000
920a
0000
0010
022d
0000
0000
920a
0000
0010
022d
0000
0000
0000
920a
0000
0010
022d
0000
0000
920a
0010
022d
0000
0000
0000
920a
0000
0010
022d
0000
0000
0000
920a
0000
0010
022d
0000
0000
920a
0000
0010
022d
0000
0000
0000
920a
0000
0010
022d
0000
0000
920a
0010
022d
0000
0000
0000
920a
0000
0010
022d
0000
0000
0000
920a
0000
0010
022d
0000
0000
920a
0000
0010
022d
0000
0000
0000
920a
0000
0010
022d
0000
0000
920a
0010
022d
0000
0000
0000
2a0a
0000
0010
022d
0000
0000
0000
920a
0000
0010
022d
0000
0000
e20a
0000
0010
022d
0000
0000
0000
e20a
0000
0010
022d
0000
0000
e20a
0010
022d
0000
0000
0000
e20a
0000
0010
0000
0000
0000
0010
022d
0000
0000
023d
0000
8a0a
0000
920a
0000
0010
022d
0000
0000
0000
920a
0000
0010
022d
0000
920a
0010
0000
0000
0010
022d
0000
0000
0000
920a
0000
0010
022d
0000
0000
0000
920a
0010
022d
0000
0000
0000
920a
0000
0010
022d
0000
0000
0000
920a
0000
0010
023d
0000
0000
920a
0000
0010
022d
0000
0000
0000
920a
0000
0010
022d
0000
0000
920a
0010
022d
0000
0000
0000
920a
0000
0010
0000
0000
0000
0010
022d
0000
0000
920a
0010
022d
0000
0000
0000
920a
0000
0010
022d
0000
0000
0000
920a
0000
0010
022d
0000
0000
920a
0000
0010
0000
0000
0000
0010
0000
0000
0000
0010
0000
0000
0090
034d
0000
0000
0010
0000
024d
0000
0000
0000
0010
0000
0000
0000
0010
0000
037d
0000
0010
0000
0000
016d
0000
340a
0000
0010
0000
024d
0000
0000
026d
0000
640a
0010
0000
0000
0000
0010
0000
0000
0000
0010
0000
0000
0000
0010
0000
0000
360a
0010
024d
0000
0000
0000
0010
0000
024d
0000
0000
0c0a
0000
2c0a
0010
0000
024d
0000
0000
0010
0000
0000
0c0a
0000
0010
0000
024d
0000
0000
0000
e40a
0010
024d
0000
036d
0000
0000
e40a
0010
0000
024d
0000
0000
026d
0000
0000
e40a
0010
024d
0000
0000
e40a
0010
0000
024d
0000
0000
0000
940a
0010
0000
024d
0000
0000
6c0a
030d
0000
0010
0000
024d
0000
0000
0000
020d
0000
360a
0010
0000
024d
0000
026d
0000
0c0a
660a
0010
0000
024d
0000
0000
0c0a
0000
0010
0000
024d
0000
0000
0c0a
0010
0000
024d
0000
0000
0c0a
0000
0010
300a
0000
024d
0000
0000
0c0a
0000
030d
0000
0010
024d
0000
0000
026d
0000
0c0a
0000
020d
0000
940a
0010
0000
024d
0000
026d
0000
0000
0e0a
2c0a
0010
2e0a
0000
024d
0000
0000
026d
0000
0000
2c0a
025d
0000
0e0a
2c0a
0010
0000
024d
0000
0000
026d
0000
0000
2c0a
0010
e60a
300a
024d
0000
026d
0000
0000
020d
0000
2c0a
0010
e60a
600a
0000
024d
0000
0000
026d
0000
2c0a
0010
e60a
0000
024d
0000
0000
026d
0000
0000
2c0a
0010
e60a
0000
024d
0000
026d
0000
0000
2c0a
0010
960a
0000
024d
0000
0000
026d
0000
0000
2c0a
6e0a
025d
0000
026d
0000
020d
0000
2c0a
0010
0000
0000
026d
0000
0000
020d
0000
0e0a
081a
280a
0000
026d
0000
0000
020d
0000
0e0a
0010
0000
0000
026d
0000
0000
0e0a
081a
0000
026d
0000
0000
020d
0000
0e0a
0010
0000
024d
0000
e00a
0000
026d
0000
020d
0000
0e0a
0010
024d
0000
e00a
0000
026d
0000
0c0a
0000
020d
0000
0e0a
940a
961a
e00a
0000
026d
0000
0000
020d
0000
0010
2e0a
0000
e00a
0000
026d
0000
0000
020d
0000
2e1a
0000
900a
0000
026d
0000
0000
020d
0000
0010
2e0a
680a
0000
0000
026d
0000
020d
0000
0010
2e0a
0000
024d
0000
0000
026d
0000
0000
020d
0000
0010
080a
2e0a
024d
0000
0000
026d
0000
8c0a
0000
020d
0000
0010
080a
2e0a
0000
024d
0000
026d
0000
0c0a
0000
020d
0000
0010
080a
2e0a
0000
024d
0000
0000
026d
0000
0c0a
020d
0000
940a
0010
080a
2e0a
0000
024d
0000
0000
026d
0000
0000
020d
0000
940a
081a
2e0a
0000
024d
0000
0000
026d
0000
0000
020d
0000
940a
0010
080a
2e0a
024d
0000
900a
0000
020d
0000
940a
0010
0000
024d
0000
280a
0000
0000
020d
0000
940a
0010
024d
0000
280a
0000
0000
020d
0000
940a
0010
0000
024d
0000
280a
0000
020d
0000
940a
0010
024d
0000
280a
0000
026d
0000
0000
020d
0000
940a
0010
0000
024d
0000
280a
026d
0000
0000
020d
0000
0e0a
940a
0010
960a
0000
024d
0000
280a
020d
0000
940a
025d
0000
280a
0000
0000
020d
0000
940a
0010
0000
024d
0000
280a
020d
0000
940a
025d
0000
280a
0000
0000
020d
0000
940a
0010
0000
024d
0000
280a
026d
0000
940a
0010
0000
024d
0000
0000
026d
0000
0000
8e0a
940a
0010
0000
024d
0000
026d
0000
0000
0e0a
940a
0010
0000
024d
0000
0000
026d
0000
0000
0e0a
940a
961a
024d
0000
0000
026d
0000
0000
020d
0000
940a
0010
960a
0000
024d
0000
0000
026d
0000
020d
0000
940a
0010
080a
960a
0000
024d
0000
900a
0000
026d
0000
0000
940a
961a
0000
024d
0000
0000
026d
0000
0000
940a
0010
960a
0000
024d
0000
0000
026d
0000
940a
0010
960a
0000
024d
0000
0000
026d
0000
0000
940a
0010
960a
0000
024d
0000
026d
0000
0000
020d
0000
940a
0010
960a
0000
024d
0000
0000
026d
0000
020d
0000
940a
881a
960a
0000
024d
0000
0000
026d
0000
0000
020d
0000
940a
0010
080a
960a
024d
0000
0000
026d
0000
0000
020d
0000
940a
0010
080a
960a
0000
024d
0000
900a
026d
0000
0000
020d
0000
940a
0010
960a
0000
024d
0000
900a
0000
026d
0000
020d
0000
940a
0010
960a
0000
024d
0000
900a
0000
026d
0000
0000
020d
0000
940a
961a
0000
024d
0000
900a
0000
026d
0000
0000
020d
0000
940a
0010
960a
0000
024d
0000
900a
026d
0000
0000
020d
0000
940a
0010
960a
0000
024d
0000
900a
0000
026d
0000
020d
0000
940a
0010
960a
0000
024d
0000
900a
0000
026d
0000
0000
020d
0000
940a
961a
0000
024d
0000
900a
0000
026d
0000
0000
020d
0000
940a
0010
960a
024d
0000
900a
026d
0000
0000
020d
0000
940a
0010
960a
0000
024d
0000
900a
0000
026d
0000
020d
0000
940a
0010
960a
0000
024d
0000
900a
0000
026d
0000
0000
020d
0000
940a
023d
0000
960a
0000
024d
0000
900a
0000
026d
0000
920a
0000
020d
0000
940a
023d
0000
960a
0000
024d
0000
900a
0000
026d
0000
920a
0000
020d
0000
940a
023d
0000
960a
024d
0000
900a
0000
026d
0000
920a
0000
020d
0000
2c0a
0010
022d
0000
960a
024d
0000
900a
0000
026d
0000
920a
0000
020d
0000
940a
0010
960a
0000
024d
0000
900a
026d
0000
0000
020d
0000
e40a
0010
022d
0000
960a
0000
024d
0000
900a
026d
0000
920a
0000
020d
0000
e40a
0010
022d
0000
960a
0000
024d
0000
900a
026d
0000
920a
020d
0000
e40a
0010
022d
0000
960a
0000
024d
0000
900a
0000
026d
0000
920a
020d
0000
e40a
0010
022d
0000
960a
0000
900a
0000
026d
0000
920a
0000
020d
0000
961a
0000
024d
0000
900a
0000
026d
0000
0000
020d
0000
0010
022d
0000
960a
024d
0000
900a
0000
026d
0000
8c0a
920a
0000
020d
0000
940a
0010
022d
0000
960a
024d
0000
900a
0000
026d
0000
920a
0000
020d
0000
940a
0010
022d
0000
960a
024d
0000
900a
026d
0000
920a
0000
020d
0000
940a
0010
022d
0000
960a
0000
900a
026d
0000
920a
020d
0000
0010
960a
0000
024d
0000
900a
0000
026d
0000
0000
020d
0000
940a
961a
0000
024d
0000
900a
0000
026d
0000
0000
020d
0000
940a
0010
012d
0000
960a
024d
0000
900a
0000
026d
0000
0000
020d
0000
940a
0010
960a
0000
024d
0000
900a
026d
0000
0000
020d
0000
940a
0010
022d
0000
960a
0000
900a
720a
0000
026d
0000
020d
0000
0010
022d
0000
2e0a
0000
024d
0000
900a
720a
0000
026d
0000
020d
0000
940a
023d
0000
960a
0000
024d
0000
900a
720a
0000
026d
0000
0000
020d
0000
940a
023d
0000
e60a
0000
024d
0000
900a
0000
026d
0000
2a0a
0000
020d
0000
940a
023d
0000
e60a
0000
024d
0000
900a
0000
026d
0000
920a
0000
020d
0000
940a
e61a
900a
0000
026d
0000
0000
020d
0000
0010
e60a
0000
024d
0000
900a
0000
0000
020d
0000
940a
025d
0000
900a
026d
0000
020d
0000
940a
0010
0000
024d
0000
900a
026d
0000
020d
0000
8e0a
940a
0010
960a
0000
024d
0000
900a
0000
026d
0000
0000
020d
0000
940a
961a
0000
900a
0000
026d
0000
0000
020d
0000
0010
960a
0000
024d
0000
280a
0000
020d
0000
940a
0010
0000
024d
0000
900a
0000
026d
0000
0000
020d
0000
940a
961a
0000
024d
0000
e00a
0000
026d
0000
0000
020d
0000
940a
0010
960a
024d
0000
e00a
026d
0000
0000
020d
0000
940a
0010
960a
0000
e00a
0000
026d
0000
020d
0000
961a
0000
024d
0000
e00a
0000
0000
940a
0010
0000
024d
0000
0000
026d
0000
020d
0000
940a
0010
960a
0000
024d
0000
0000
026d
0000
0000
020d
0000
940a
881a
960a
024d
0000
900a
0000
026d
0000
0000
020d
0000
940a
0010
960a
0000
900a
026d
0000
020d
0000
0010
960a
0000
024d
0000
900a
0000
0000
940a
0010
0000
024d
0000
026d
0000
0000
020d
0000
940a
0010
960a
0000
024d
0000
900a
0000
026d
0000
020d
0000
940a
961a
0000
024d
0000
900a
0000
026d
0000
0000
020d
0000
940a
0010
960a
900a
0000
026d
0000
0000
020d
0000
0010
960a
0000
900a
0000
0000
0010
0000
024d
0000
026d
0000
740a
0000
020d
0000
0010
960a
0000
024d
0000
900a
0000
026d
0000
740a
020d
0000
0010
960a
0000
024d
0000
900a
0000
026d
0000
740a
0000
020d
0000
961a
0000
024d
0000
900a
0000
026d
0000
0000
020d
0000
2c0a
0010
960a
0000
024d
0000
900a
0000
940a
0010
0000
0000
026d
0000
0000
020d
0000
0010
960a
0000
900a
026d
0000
0000
020d
0000
0010
960a
0000
900a
0000
026d
0000
0000
020d
0000
961a
900a
0000
026d
0000
0000
020d
0000
0010
960a
0000
900a
0000
0000
0010
0000
026d
0000
020d
0000
0010
960a
0000
900a
0000
026d
0000
0000
020d
0000
0010
960a
900a
026d
0000
0000
020d
0000
0010
960a
0000
900a
0000
026d
0000
0000
020d
0000
961a
900a
0000
0000
0010
0000
0000
0000
020d
0000
0010
0000
900a
0000
026d
0000
020d
0000
760a
0010
900a
0000
026d
0000
0000
020d
0000
760a
0010
0000
900a
0000
026d
0000
020d
0000
760a
0010
0000
900a
0000
026d
0000
0000
0010
2e0a
0000
0000
026d
0000
020d
0000
0010
960a
0000
900a
0000
0000
020d
0000
0010
0000
900a
0000
020d
0000
0010
900a
0000
0000
020d
0000
0010
0000
900a
0000
0000
0010
0000
0000
021d
0000
701a
0000
0000
0000
020d
0000
0010
700a
0000
0000
0000
020d
0000
0010
700a
0000
0000
020d
0000
0010
0000
280a
0000
0000
020d
0000
0010
0000
900a
0000
01f0
022d
0000
024d
0000
0000
026d
0000
920a
0000
020d
0000
940a
0010
032d
0000
960a
034d
0000
900a
0000
036d
0000
0000
030d
0000
0010
022d
0000
0000
024d
0000
7a0a
026d
0000
7c0a
0000
020d
0000
7e0a
0010
032d
0000
780a
0000
034d
0000
0000
036d
0000
030d
0000
0010
032d
0000
0000
034d
0000
0000
036d
0000
0000
030d
0000
023d
0000
024d
0000
320a
0000
016d
0000
340a
0000
020d
0000
0010
012d
0000
300a
014d
0000
026d
0000
0000
010d
0000
360a
0010
022d
0000
0000
024d
0000
320a
0000
016d
0000
340a
020d
0000
0010
012d
0000
300a
0000
014d
0000
0000
026d
0000
0000
010d
0000
360a
023d
0000
0000
024d
0000
320a
0000
016d
0000
340a
0000
020d
0000
013d
0000
300a
014d
0000
0000
026d
0000
0000
010d
0000
360a
0010
022d
0000
0000
024d
0000
320a
016d
0000
340a
0000
020d
0000
0010
012d
0000
300a
0000
014d
0000
026d
0000
010d
0000
360a
0010
022d
0000
0000
024d
0000
320a
0000
016d
0000
340a
020d
0000
013d
0000
300a
0000
014d
0000
0000
026d
0000
0000
010d
0000
360a
0010
022d
0000
320a
0000
016d
0000
0000
0010
012d
0000
0000
024d
0000
0000
340a
0000
020d
0000
301a
0000
014d
0000
0000
026d
0000
0000
010d
0000
360a
0010
022d
0000
024d
0000
320a
016d
0000
340a
0000
020d
0000
0010
012d
0000
300a
0000
014d
0000
026d
0000
010d
0000
360a
0010
022d
0000
0000
024d
0000
320a
0000
016d
0000
340a
020d
0000
013d
0000
300a
0000
014d
0000
0000
026d
0000
0000
010d
0000
360a
0010
022d
0000
024d
0000
320a
0000
016d
0000
340a
0000
020d
0000
0010
012d
0000
300a
014d
0000
026d
0000
0000
010d
0000
360a
0010
022d
0000
0000
024d
0000
320a
0000
016d
0000
340a
020d
0000
0010
012d
0000
300a
0000
014d
0000
0000
026d
0000
0000
010d
0000
360a
023d
0000
0000
024d
0000
320a
0000
016d
0000
340a
0000
020d
0000
013d
0000
300a
014d
0000
0000
026d
0000
0000
010d
0000
360a
0010
022d
0000
0000
024d
0000
320a
016d
0000
340a
0000
020d
0000
0010
012d
0000
300a
0000
014d
0000
026d
0000
010d
0000
360a
0010
022d
0000
0000
024d
0000
320a
0000
016d
0000
340a
020d
0000
301a
0000
0000
026d
0000
0000
360a
0010
0000
0000
0000
0010
0000
0000
0df0
022d
0000
024d
0000
320a
0000
016d
0000
340a
0000
020d
0000
0010
012d
0000
300a
014d
0000
0000
026d
0000
0000
010d
0000
360a
0010
022d
0000
0000
024d
0000
320a
016d
0000
340a
0000
020d
0000
0010
012d
0000
300a
0000
014d
0000
0000
026d
0000
010d
0000
360a
0010
022d
0000
0000
024d
0000
320a
0000
016d
0000
340a
0000
020d
0000
013d
0000
300a
0000
014d
0000
0000
026d
0000
0000
010d
0000
360a
0010
022d
0000
024d
0000
320a
0000
016d
0000
340a
0000
020d
0000
0010
012d
0000
300a
014d
0000
026d
0000
0000
010d
0000
360a
0010
022d
0000
0000
024d
0000
320a
0000
016d
0000
340a
020d
0000
0010
012d
0000
300a
0000
014d
0000
0000
026d
0000
0000
010d
0000
360a
023d
0000
0000
024d
0000
320a
0000
016d
0000
340a
0000
020d
0000
013d
0000
300a
014d
0000
0000
026d
0000
0000
010d
0000
360a
0010
022d
0000
0000
024d
0000
320a
016d
0000
340a
0000
020d
0000
0010
012d
0000
300a
0000
014d
0000
026d
0000
010d
0000
360a
0010
022d
0000
0000
024d
0000
320a
0000
016d
0000
340a
020d
0000
013d
0000
300a
0000
014d
0000
0000
026d
0000
0000
010d
0000
360a
0010
022d
0000
024d
0000
320a
0000
016d
0000
340a
0000
020d
0000
0010
012d
0000
300a
014d
0000
026d
0000
0000
010d
0000
360a
0010
022d
0000
0000
024d
0000
320a
0000
016d
0000
340a
020d
0000
0010
012d
0000
300a
0000
014d
0000
0000
026d
0000
0000
010d
0000
360a
023d
0000
0000
024d
0000
320a
0000
016d
0000
340a
0000
020d
0000
013d
0000
300a
014d
0000
0000
026d
0000
0000
010d
0000
360a
0010
022d
0000
0000
024d
0000
320a
016d
0000
340a
0000
020d
0000
0010
012d
0000
300a
0000
014d
0000
026d
0000
010d
0000
360a
0010
022d
0000
0000
024d
0000
320a
0000
016d
0000
340a
020d
0000
013d
0000
300a
0000
014d
0000
0000
026d
0000
0000
010d
0000
360a
0010
022d
0000
024d
0000
320a
0000
016d
0000
340a
0000
020d
0000
0010
012d
0000
300a
014d
0000
026d
0000
0000
010d
0000
360a
0010
022d
0000
0000
024d
0000
320a
0000
016d
0000
340a
020d
0000
0010
012d
0000
300a
0000
014d
0000
0000
026d
0000
0000
010d
0000
360a
023d
0000
0000
024d
0000
320a
0000
016d
0000
340a
0000
020d
0000
301a
0000
026d
0000
0000
360a
0010
0000
0000
0000
0010
0000
0000
0000
0010
0000
0380
020d
0000
013d
0000
300a
0000
024d
0000
0000
016d
0000
340a
0000
010d
0000
023d
0000
014d
0000
320a
0000
026d
0000
0000
020d
0000
360a
0010
012d
0000
300a
024d
0000
016d
0000
340a
0000
010d
0000
0010
022d
0000
0000
014d
0000
320a
0000
026d
0000
020d
0000
360a
0010
012d
0000
300a
0000
024d
0000
0000
016d
0000
340a
010d
0000
023d
0000
0000
014d
0000
320a
0000
026d
0000
0000
020d
0000
360a
0010
012d
0000
300a
024d
0000
0000
016d
0000
340a
0000
010d
0000
0010
022d
0000
0000
014d
0000
320a
026d
0000
0000
020d
0000
360a
0010
012d
0000
300a
0000
024d
0000
016d
0000
340a
010d
0000
0010
022d
0000
0000
014d
0000
320a
0000
026d
0000
0000
020d
0000
360a
013d
0000
300a
0000
024d
0000
0000
016d
0000
340a
0000
010d
0000
023d
0000
014d
0000
320a
0000
026d
0000
0000
020d
0000
360a
0010
012d
0000
300a
024d
0000
016d
0000
340a
0000
010d
0000
0010
022d
0000
0000
014d
0000
320a
0000
026d
0000
020d
0000
360a
0010
012d
0000
300a
0000
024d
0000
0000
016d
0000
340a
023d
0000
320a
026d
0000
0000
360a
0010
0000
0000
0000
0010
0000
0000
0000
0010
0050
020d
0000
013d
0000
300a
0000
024d
0000
0000
016d
0000
340a
0000
010d
0000
023d
0000
014d
0000
320a
0000
026d
0000
0000
020d
0000
360a
0010
012d
0000
300a
024d
0000
016d
0000
340a
0000
010d
0000
0010
022d
0000
0000
014d
0000
320a
0000
026d
0000
020d
0000
360a
0010
012d
0000
300a
0000
024d
0000
0000
016d
0000
340a
010d
0000
023d
0000
0000
014d
0000
320a
0000
026d
0000
0000
020d
0000
360a
0010
012d
0000
300a
024d
0000
0000
016d
0000
340a
0000
010d
0000
0010
022d
0000
0000
014d
0000
320a
026d
0000
0000
020d
0000
360a
0010
012d
0000
300a
0000
024d
0000
016d
0000
340a
010d
0000
0010
022d
0000
0000
014d
0000
320a
0000
026d
0000
0000
020d
0000
360a
013d
0000
300a
0000
024d
0000
0000
016d
0000
340a
0000
010d
0000
023d
0000
014d
0000
320a
0000
026d
0000
0000
020d
0000
360a
0010
012d
0000
300a
024d
0000
016d
0000
340a
0000
010d
0000
0010
022d
0000
0000
014d
0000
320a
0000
026d
0000
020d
0000
360a
0010
012d
0000
300a
0000
024d
0000
0000
016d
0000
340a
023d
0000
320a
026d
0000
0000
360a
0010
0000
0000
0000
0010
0000
0000
0000
0010
0550
024d
0000
340a
0000
020d
0000
0010
012d
0000
300a
0000
024d
0000
0000
016d
0000
340a
010d
0000
0010
022d
0000
0000
014d
0000
320a
0000
026d
0000
0000
020d
0000
360a
013d
0000
300a
0000
024d
0000
0000
016d
0000
340a
0000
010d
0000
0010
022d
0000
014d
0000
320a
0000
026d
0000
0000
020d
0000
360a
0010
012d
0000
300a
024d
0000
016d
0000
340a
0000
010d
0000
0010
022d
0000
0000
014d
0000
320a
0000
026d
0000
020d
0000
360a
0010
012d
0000
300a
0000
024d
0000
0000
016d
0000
340a
010d
0000
023d
0000
0000
014d
0000
320a
0000
026d
0000
0000
020d
0000
360a
0010
012d
0000
300a
024d
0000
0000
016d
0000
340a
0000
010d
0000
0010
022d
0000
0000
014d
0000
320a
026d
0000
0000
020d
0000
360a
0010
012d
0000
300a
0000
024d
0000
016d
0000
340a
010d
0000
0010
022d
0000
0000
014d
0000
320a
0000
026d
0000
0000
020d
0000
360a
013d
0000
300a
0000
024d
0000
0000
016d
0000
340a
0000
010d
0000
023d
0000
014d
0000
320a
0000
026d
0000
0000
020d
0000
360a
0010
012d
0000
300a
024d
0000
016d
0000
340a
0000
010d
0000
0010
022d
0000
0000
014d
0000
320a
0000
026d
0000
020d
0000
360a
0010
012d
0000
300a
0000
024d
0000
0000
016d
0000
340a
010d
0000
023d
0000
0000
014d
0000
320a
0000
026d
0000
0000
020d
0000
360a
0010
012d
0000
300a
024d
0000
0000
016d
0000
340a
0000
010d
0000
0010
022d
0000
0000
014d
0000
320a
026d
0000
0000
020d
0000
360a
0010
012d
0000
300a
0000
024d
0000
016d
0000
340a
010d
0000
0010
022d
0000
0000
014d
0000
320a
0000
026d
0000
0000
020d
0000
360a
013d
0000
300a
0000
024d
0000
0000
016d
0000
340a
0000
010d
0000
023d
0000
014d
0000
320a
0000
026d
0000
0000
020d
0000
360a
0010
012d
0000
300a
024d
0000
016d
0000
340a
0000
010d
0000
0010
022d
0000
0000
014d
0000
320a
0000
026d
0000
020d
0000
360a
0010
012d
0000
300a
0000
024d
0000
0000
016d
0000
340a
010d
0000
023d
0000
0000
014d
0000
320a
0000
026d
0000
0000
020d
0000
360a
0010
012d
0000
300a
024d
0000
016d
0000
340a
010d
0000
023d
0000
320a
026d
0000
0000
020d
0000
360a
013d
0000
300a
0000
0000
026d
0000
0000
360a
0010
022d
0000
0000
320a
0000
0010
0000
0000
0000
0010
0000
0000
0000
0010
0000
0000
0000
0010
0000
0790
024d
0000
340a
0000
020d
0000
0010
012d
0000
300a
0000
024d
0000
0000
016d
0000
340a
010d
0000
0010
022d
0000
0000
014d
0000
320a
0000
026d
0000
0000
020d
0000
360a
013d
0000
300a
0000
024d
0000
0000
016d
0000
340a
0000
010d
0000
0010
022d
0000
014d
0000
320a
0000
026d
0000
0000
020d
0000
360a
0010
012d
0000
300a
024d
0000
016d
0000
340a
0000
010d
0000
0010
022d
0000
0000
014d
0000
320a
0000
026d
0000
020d
0000
360a
0010
012d
0000
300a
0000
024d
0000
0000
016d
0000
340a
010d
0000
023d
0000
0000
034d
0000
320a
0000
026d
0000
0000
020d
0000
360a
0010
012d
0000
300a
024d
0000
0000
026d
0000
0000
030d
0000
940a
360a
0010
022d
0000
024d
0000
320a
036d
0000
0000
020d
0000
940a
0010
032d
0000
0000
024d
0000
900a
026d
0000
020d
0000
940a
0010
022d
0000
960a
0000
900a
0000
026d
0000
920a
0000
020d
0000
023d
0000
960a
0000
900a
0000
026d
0000
920a
0000
0010
022d
0000
960a
920a
0010
0000
0000
0010
0000
0000
0000
0010
0000
0000
0000
0010
0000
0000
0000
025d
0000
020d
0000
940a
0010
0000
034d
0000
900a
0000
026d
0000
0000
030d
0000
023d
0000
960a
024d
0000
0000
036d
0000
920a
0000
020d
0000
e40a
0010
032d
0000
024d
0000
e00a
026d
0000
0000
020d
0000
940a
0010
022d
0000
e60a
0000
024d
0000
900a
026d
0000
e20a
0000
020d
0000
e40a
0010
022d
0000
960a
0000
024d
0000
e00a
026d
0000
920a
020d
0000
940a
0010
022d
0000
e60a
0000
024d
0000
900a
0000
026d
0000
e20a
020d
0000
940a
0010
022d
0000
960a
0000
024d
0000
900a
0000
026d
0000
920a
020d
0000
940a
0010
022d
0000
960a
0000
900a
0000
026d
0000
920a
0000
0010
022d
0000
960a
0000
920a
0000
0010
0000
0000
0000
0010
0000
0000
0000
0010
0000
04e0
024d
0000
0000
020d
0000
e40a
0010
0000
024d
0000
e00a
0000
0000
020d
0000
940a
0010
024d
0000
900a
0000
0000
020d
0000
e40a
0010
0000
024d
0000
e00a
0000
020d
0000
940a
0010
900a
0000
0000
0010
0000
024d
0000
0000
0000
020d
0000
940a
025d
0000
900a
020d
0000
940a
0010
0000
024d
0000
900a
0000
0000
020d
0000
e40a
025d
0000
e00a
020d
0000
940a
0010
0000
900a
0000
0000
0010
0000
0000
0000
0010
00a0
026d
0000
0010
022d
0000
e60a
0000
024d
0000
0000
026d
0000
e20a
0000
020d
0000
e40a
023d
0000
960a
0000
024d
0000
e00a
0000
026d
0000
920a
0000
020d
0000
940a
023d
0000
e60a
0000
024d
0000
900a
0000
026d
0000
e20a
0000
020d
0000
940a
023d
0000
960a
024d
0000
900a
0000
920a
0000
020d
0000
940a
0010
0000
900a
0000
026d
0000
0010
022d
0000
960a
0000
024d
0000
0000
026d
0000
920a
0000
020d
0000
e40a
023d
0000
960a
0000
024d
0000
e00a
0000
026d
0000
920a
0000
020d
0000
940a
023d
0000
e60a
024d
0000
900a
0000
026d
0000
e20a
0000
020d
0000
e40a
0010
022d
0000
960a
024d
0000
e00a
0000
920a
0000
020d
0000
940a
0010
0000
900a
0000
026d
0000
0010
022d
0000
e60a
0000
0000
026d
0000
e20a
0000
0010
022d
0000
960a
0000
026d
0000
920a
0010
022d
0000
960a
0000
0000
026d
0000
920a
0000
0010
022d
0000
960a
0000
920a
0000
0010
0000
0000
026d
0000
0000
0010
022d
0000
e60a
0000
0000
026d
0000
e20a
0010
022d
0000
960a
0000
0000
026d
0000
920a
0000
0010
022d
0000
e60a
0000
026d
0000
e20a
0000
0010
022d
0000
960a
0000
0000
920a
0000
0010
0000
0a40
024d
0000
026d
0000
0000
020d
0000
940a
0010
022d
0000
960a
0000
024d
0000
900a
026d
0000
920a
0000
020d
0000
940a
0010
022d
0000
960a
0000
024d
0000
900a
026d
0000
920a
020d
0000
e40a
0010
022d
0000
e60a
0000
024d
0000
e00a
0000
026d
0000
e20a
020d
0000
940a
0010
022d
0000
960a
0000
900a
0000
920a
0000
0010
0000
024d
0000
026d
0000
0000
e40a
0010
e60a
0000
024d
0000
0000
026d
0000
0000
020d
0000
940a
023d
0000
960a
0000
024d
0000
e00a
0000
026d
0000
e20a
0000
020d
0000
940a
023d
0000
960a
0000
024d
0000
900a
0000
026d
0000
920a
0000
020d
0000
940a
023d
0000
960a
900a
0000
920a
0000
020d
0000
0010
022d
0000
0000
024d
0000
900a
026d
0000
920a
e40a
0010
e60a
0000
024d
0000
0000
026d
0000
0000
940a
0010
960a
024d
0000
026d
0000
0000
020d
0000
e40a
0010
022d
0000
e60a
0000
024d
0000
e00a
026d
0000
e20a
020d
0000
940a
0010
022d
0000
960a
0000
900a
0000
920a
0000
020d
0000
023d
0000
0000
024d
0000
e00a
0000
026d
0000
e20a
0000
020d
0000
940a
0010
022d
0000
960a
024d
0000
900a
0000
026d
0000
920a
0000
940a
0010
960a
0000
024d
0000
026d
0000
0000
020d
0000
e40a
0010
022d
0000
e60a
0000
024d
0000
900a
0000
026d
0000
920a
020d
0000
940a
0010
022d
0000
960a
0000
900a
0000
920a
0000
020d
0000
023d
0000
0000
e00a
0000
e20a
0000
020d
0000
0010
022d
0000
0000
900a
0000
920a
0010
0000
0000
0000
0010
0000
0000
0000
0010
0000
0000
0000
0010
0000
0000
0bd0
024d
0000
026d
0000
0000
e40a
0010
e60a
0000
024d
0000
0000
026d
0000
0000
940a
961a
0000
034d
0000
0000
036d
0000
0000
020d
0000
0010
022d
0000
0000
024d
0000
e00a
026d
0000
e20a
0000
020d
0000
940a
0010
022d
0000
960a
0000
024d
0000
900a
026d
0000
920a
0000
030d
0000
940a
0010
032d
0000
960a
0000
024d
0000
0000
026d
0000
020d
0000
e40a
0010
022d
0000
e60a
0000
024d
0000
900a
0000
026d
0000
920a
020d
0000
0010
022d
0000
0000
024d
0000
900a
0000
026d
0000
0c0a
920a
0000
020d
0000
0e0a
940a
023d
0000
960a
0000
024d
0000
e00a
0000
026d
0000
e20a
0000
020d
0000
e40a
023d
0000
e60a
0000
0000
0000
020d
0000
0010
022d
0000
080a
0000
0a0a
900a
920a
0000
020d
0000
0010
022d
0000
0000
e00a
0000
e20a
0000
0010
0000
024d
0000
026d
0000
0000
0010
0000
024d
0000
0000
026d
0000
0c0a
0000
0e0a
2c0a
2e1a
034d
0000
0000
036d
0000
0000
020d
0000
0010
022d
0000
0000
024d
0000
0000
026d
0000
7c0a
020d
0000
7e0a
0010
022d
0000
080a
0000
0a0a
280a
0000
2a0a
0000
030d
0000
033d
0000
0000
0000
0000
020d
0000
0010
022d
0000
780a
0000
034d
0000
7a0a
036d
0000
0000
030d
0000
0010
032d
0000
0000
034d
0000
0000
036d
0000
0000
030d
0000
033d
0000
0000
024d
0000
0000
016d
0000
0000
020d
0000
0010
012d
0000
340a
301a
0000
014d
0000
0000
026d
0000
0000
010d
0000
0010
022d
0000
0000
0000
360a
0010
024d
0000
320a
0000
016d
0000
0000
020d
0000
0010
012d
0000
0000
0000
340a
0010
300a
0000
034d
0000
0000
026d
0000
0000
030d
0000
0010
022d
0000
0000
014d
0000
0000
010d
0000
360a
0010
0000
024d
0000
320a
0000
036d
0000
0000
020d
0000
033d
0000
0000
0000
016d
0000
0000
0010
012d
0000
0000
0000
0000
0010
0000
341a
0010
300a
0000
034d
0000
0000
026d
0000
0000
030d
0000
0010
022d
0000
0000
014d
0000
0000
010d
0000
0010
0000
0000
0000
0010
0000
0000
0000
0010
0000
0000
360a
0010
320a
0000
036d
0000
0000
0010
032d
0000
0000
0000
016d
0000
0000
0010
012d
0000
0000
0000
0010
0000
024d
0000
0000
0000
0010
0000
0000
0000
0010
0000
020d
0000
0010
0000
0010
0000
0000
340a
0000
0010
0000
024d
0000
0000
026d
0000
6c0a
0010
0000
0000
0000
0010
300a
0000
0000
0000
020d
0000
0010
022d
0000
680a
361a
0010
0000
026d
0000
0000
6e0a
0010
0000
0000
0000
0010
0000
320a
0000
0000
023d
0000
6a0a
0000
0000
0010
0000
0000
0000
0010
0000
0000
0000
0010
0000
0000
0450
024d
0000
0000
020d
0000
0010
0000
024d
0000
0000
026d
0000
8c0a
0000
020d
0000
940a
023d
0000
880a
0000
024d
0000
900a
0000
026d
0000
0000
020d
0000
8e0a
940a
023d
0000
960a
0000
024d
0000
8a0a
900a
0000
026d
0000
920a
0000
020d
0000
940a
023d
0000
960a
0000
900a
0000
026d
0000
920a
0000
0010
022d
0000
960a
0000
024d
0000
920a
0000
020d
0000
940a
0010
0000
024d
0000
900a
0000
026d
0000
0000
020d
0000
940a
023d
0000
960a
0000
024d
0000
900a
0000
026d
0000
920a
0000
020d
0000
940a
023d
0000
960a
0000
024d
0000
900a
0000
026d
0000
920a
0000
020d
0000
940a
023d
0000
960a
0000
900a
0000
026d
0000
920a
0000
0010
022d
0000
960a
0000
920a
0010
0000
0000
0000
0010
0000
0000
0000
0010
0000
0000
0000
0010
0000
0000
0060
020d
0000
0010
024d
0000
900a
0000
026d
0000
0000
030d
0000
940a
0010
022d
0000
960a
034d
0000
0000
036d
0000
920a
0000
020d
0000
0010
032d
0000
780a
0000
024d
0000
026d
0000
7c0a
0000
7e0a
0010
022d
0000
0000
034d
0000
7a0a
0000
036d
0000
030d
0000
0010
032d
0000
0000
034d
0000
0000
036d
0000
0000
030d
0000
0010
032d
0000
024d
0000
0000
016d
0000
340a
0000
020d
0000
0010
012d
0000
300a
0000
014d
0000
026d
0000
0000
010d
0000
360a
0010
022d
0000
0000
024d
0000
320a
0000
016d
0000
340a
020d
0000
0010
012d
0000
300a
0000
014d
0000
0000
026d
0000
0000
010d
0000
360a
023d
0000
0000
024d
0000
320a
0000
016d
0000
340a
0000
020d
0000
013d
0000
300a
014d
0000
0000
026d
0000
0000
010d
0000
360a
0010
022d
0000
0000
024d
0000
320a
016d
0000
340a
0000
020d
0000
0010
012d
0000
300a
0000
014d
0000
026d
0000
010d
0000
360a
0010
022d
0000
0000
024d
0000
320a
0000
016d
0000
340a
020d
0000
013d
0000
300a
0000
014d
0000
0000
026d
0000
0000
010d
0000
360a
0010
022d
0000
024d
0000
320a
0000
016d
0000
340a
0000
020d
0000
0010
012d
0000
300a
026d
0000
360a
023d
0000
0000
320a
0000
0000
0010
0000
0000
0000
0010
0000
0000
0980
024d
0000
340a
0000
020d
0000
0010
300a
0000
024d
0000
0000
016d
0000
340a
020d
0000
013d
0000
300a
0000
024d
0000
0000
026d
0000
0000
020d
0000
940a
360a
023d
0000
024d
0000
900a
320a
0000
026d
0000
0000
020d
0000
940a
360a
0010
022d
0000
024d
0000
900a
320a
0000
026d
0000
0000
020d
0000
940a
0010
022d
0000
960a
024d
0000
900a
026d
0000
920a
0000
020d
0000
940a
0010
022d
0000
960a
0000
024d
0000
900a
026d
0000
920a
0000
020d
0000
940a
0010
022d
0000
960a
0000
024d
0000
900a
026d
0000
920a
0000
020d
0000
940a
0010
022d
0000
960a
0000
024d
0000
900a
026d
0000
920a
020d
0000
940a
0010
022d
0000
960a
0000
024d
0000
900a
0000
026d
0000
920a
020d
0000
940a
0010
022d
0000
960a
0000
900a
0000
026d
0000
920a
0000
023d
0000
960a
0000
026d
0000
920a
0000
0010
022d
0000
960a
0000
024d
0000
0000
920a
340a
020d
0000
0010
300a
0000
024d
0000
0000
340a
0000
020d
0000
0010
300a
024d
0000
016d
0000
340a
0000
020d
0000
0010
012d
0000
300a
0000
014d
0000
0000
026d
0000
010d
0000
360a
0010
022d
0000
0000
024d
0000
320a
0000
016d
0000
340a
020d
0000
013d
0000
300a
0000
014d
0000
0000
026d
0000
0000
010d
0000
360a
0010
022d
0000
024d
0000
320a
0000
016d
0000
340a
0000
020d
0000
0010
012d
0000
300a
014d
0000
026d
0000
0000
010d
0000
360a
0010
022d
0000
0000
024d
0000
320a
0000
016d
0000
340a
020d
0000
0010
012d
0000
300a
0000
0000
026d
0000
0000
360a
0010
022d
0000
320a
0000
026d
0000
0000
360a
0010
022d
0000
0000
320a
0000
026d
0000
360a
023d
0000
0000
320a
0000
0000
0010
0000
0000
0000
0010
0000
0000
0000
0010
0670
024d
0000
340a
0000
020d
0000
0010
300a
0000
024d
0000
0000
016d
0000
340a
020d
0000
013d
0000
300a
0000
024d
0000
0000
026d
0000
0000
020d
0000
940a
360a
023d
0000
024d
0000
900a
320a
0000
026d
0000
0000
020d
0000
940a
360a
0010
022d
0000
024d
0000
900a
320a
0000
026d
0000
0000
020d
0000
940a
0010
022d
0000
960a
024d
0000
900a
026d
0000
920a
0000
020d
0000
940a
0010
022d
0000
960a
0000
024d
0000
900a
026d
0000
920a
0000
020d
0000
940a
0010
022d
0000
960a
0000
024d
0000
900a
026d
0000
920a
0000
020d
0000
940a
0010
022d
0000
960a
0000
900a
0000
026d
0000
920a
0010
022d
0000
960a
0000
0000
026d
0000
920a
0000
0010
022d
0000
960a
920a
0010
0000
0000
0010
0000
0000
0000
0010
0000
0000
0000
0010
0000
0000
0000
0040
024d
0000
0000
020d
0000
940a
0010
0000
024d
0000
900a
0000
026d
0000
0000
020d
0000
940a
023d
0000
960a
0000
900a
0000
026d
0000
920a
0000
0010
022d
0000
960a
0000
920a
0000
0010
0000
024d
0000
0000
340a
0000
020d
0000
0010
300a
0000
024d
0000
016d
0000
340a
0000
020d
0000
0010
012d
0000
300a
0000
014d
0000
0000
026d
0000
010d
0000
360a
0010
022d
0000
0000
024d
0000
320a
0000
016d
0000
340a
020d
0000
013d
0000
300a
0000
014d
0000
0000
026d
0000
0000
010d
0000
360a
0010
022d
0000
024d
0000
320a
0000
016d
0000
340a
0000
020d
0000
0010
012d
0000
300a
014d
0000
026d
0000
0000
010d
0000
360a
0010
022d
0000
0000
024d
0000
320a
0000
016d
0000
340a
020d
0000
0010
012d
0000
300a
0000
014d
0000
0000
026d
0000
0000
010d
0000
360a
023d
0000
0000
024d
0000
320a
0000
016d
0000
340a
0000
020d
0000
013d
0000
300a
0000
026d
0000
0000
360a
0010
022d
0000
0000
320a
0000
026d
0000
360a
023d
0000
0000
320a
0000
0000
0010
0000
0000
0000
0010
0000
0000
0000
0010
0b20
024d
0000
340a
0000
020d
0000
0010
300a
0000
024d
0000
0000
016d
0000
340a
020d
0000
013d
0000
300a
0000
024d
0000
0000
026d
0000
0000
020d
0000
940a
360a
023d
0000
024d
0000
900a
320a
0000
026d
0000
0000
020d
0000
940a
360a
0010
022d
0000
024d
0000
900a
320a
0000
026d
0000
0000
020d
0000
940a
0010
022d
0000
960a
024d
0000
900a
026d
0000
920a
0000
020d
0000
940a
0010
022d
0000
960a
0000
024d
0000
900a
026d
0000
920a
0000
020d
0000
940a
0010
022d
0000
960a
0000
024d
0000
900a
026d
0000
920a
0000
020d
0000
940a
0010
022d
0000
960a
0000
024d
0000
900a
026d
0000
920a
020d
0000
940a
0010
022d
0000
960a
0000
024d
0000
900a
0000
026d
0000
920a
020d
0000
940a
0010
022d
0000
960a
0000
900a
0000
026d
0000
920a
0000
023d
0000
960a
0000
026d
0000
920a
0000
0010
022d
0000
960a
0000
024d
0000
0000
920a
340a
020d
0000
0010
300a
0000
024d
0000
0000
340a
0000
020d
0000
0010
300a
024d
0000
016d
0000
340a
0000
020d
0000
0010
012d
0000
300a
0000
014d
0000
0000
026d
0000
010d
0000
360a
0010
022d
0000
0000
024d
0000
320a
0000
016d
0000
340a
020d
0000
013d
0000
300a
0000
014d
0000
0000
026d
0000
0000
010d
0000
360a
0010
022d
0000
024d
0000
320a
0000
016d
0000
340a
0000
020d
0000
0010
012d
0000
300a
014d
0000
026d
0000
0000
010d
0000
360a
0010
022d
0000
0000
024d
0000
320a
0000
016d
0000
340a
020d
0000
0010
012d
0000
300a
0000
0000
026d
0000
0000
360a
0010
022d
0000
320a
0000
026d
0000
0000
360a
0010
022d
0000
0000
320a
0000
026d
0000
360a
023d
0000
0000
320a
0000
0000
0010
0000
0000
0000
0010
0000
0000
0000
0010
05c0
024d
0000
340a
0000
020d
0000
0010
300a
0000
024d
0000
0000
016d
0000
340a
020d
0000
013d
0000
300a
0000
024d
0000
0000
026d
0000
0000
020d
0000
940a
360a
023d
0000
024d
0000
900a
320a
0000
026d
0000
0000
020d
0000
940a
360a
0010
022d
0000
024d
0000
900a
320a
0000
026d
0000
0000
020d
0000
940a
0010
022d
0000
960a
024d
0000
900a
026d
0000
920a
0000
020d
0000
940a
0010
022d
0000
960a
0000
024d
0000
900a
026d
0000
920a
0000
020d
0000
940a
0010
022d
0000
960a
0000
024d
0000
900a
026d
0000
920a
0000
020d
0000
940a
0010
022d
0000
960a
0000
900a
0000
026d
0000
920a
0010
022d
0000
960a
0000
0000
026d
0000
920a
0000
0010
022d
0000
960a
920a
0010
0000
0000
0010
0000
0000
0000
0010
0000
0000
0000
0010
0000
0000
0000
0070
024d
0000
0000
020d
0000
940a
0010
0000
024d
0000
900a
0000
026d
0000
0000
020d
0000
940a
023d
0000
960a
0000
900a
0000
026d
0000
920a
0000
0010
022d
0000
960a
0000
920a
0000
0010
0000
024d
0000
0000
340a
0000
020d
0000
0010
300a
0000
024d
0000
016d
0000
340a
0000
020d
0000
0010
012d
0000
300a
0000
014d
0000
0000
026d
0000
010d
0000
360a
0010
022d
0000
0000
024d
0000
320a
0000
016d
0000
340a
020d
0000
013d
0000
300a
0000
014d
0000
0000
026d
0000
0000
010d
0000
360a
0010
022d
0000
024d
0000
320a
0000
016d
0000
340a
0000
020d
0000
0010
012d
0000
300a
014d
0000
026d
0000
0000
010d
0000
360a
0010
022d
0000
0000
024d
0000
320a
0000
016d
0000
340a
020d
0000
0010
012d
0000
300a
0000
014d
0000
0000
026d
0000
0000
010d
0000
360a
023d
0000
0000
024d
0000
320a
0000
016d
0000
340a
0000
020d
0000
013d
0000
300a
0000
026d
0000
0000
360a
0010
022d
0000
0000
320a
0000
026d
0000
360a
023d
0000
0000
320a
0000
0000
0010
0000
0000
0000
0010
0000
0000
0000
0010
09c0
024d
0000
340a
0000
020d
0000
0010
300a
0000
024d
0000
0000
016d
0000
340a
020d
0000
013d
0000
300a
0000
024d
0000
0000
026d
0000
0000
020d
0000
940a
360a
023d
0000
024d
0000
900a
320a
0000
026d
0000
0000
020d
0000
940a
360a
0010
022d
0000
024d
0000
900a
320a
0000
026d
0000
0000
020d
0000
940a
0010
022d
0000
960a
024d
0000
900a
026d
0000
920a
0000
020d
0000
940a
0010
022d
0000
960a
0000
024d
0000
900a
026d
0000
920a
0000
020d
0000
940a
0010
022d
0000
960a
0000
024d
0000
900a
026d
0000
920a
0000
020d
0000
940a
0010
022d
0000
960a
0000
024d
0000
900a
026d
0000
920a
020d
0000
940a
0010
022d
0000
960a
0000
024d
0000
900a
0000
026d
0000
920a
020d
0000
940a
0010
022d
0000
960a
0000
900a
0000
026d
0000
920a
0000
023d
0000
960a
0000
026d
0000
920a
0000
0010
022d
0000
960a
0000
024d
0000
0000
920a
340a
020d
0000
0010
300a
0000
024d
0000
0000
340a
0000
020d
0000
0010
300a
024d
0000
016d
0000
340a
0000
020d
0000
0010
012d
0000
300a
0000
014d
0000
0000
026d
0000
010d
0000
360a
0010
022d
0000
0000
024d
0000
320a
0000
016d
0000
340a
020d
0000
013d
0000
300a
0000
014d
0000
0000
026d
0000
0000
010d
0000
360a
0010
022d
0000
024d
0000
320a
0000
016d
0000
340a
0000
020d
0000
0010
012d
0000
300a
014d
0000
026d
0000
0000
010d
0000
360a
0010
022d
0000
0000
024d
0000
320a
0000
016d
0000
340a
020d
0000
0010
012d
0000
300a
0000
0000
026d
0000
0000
360a
0010
022d
0000
320a
0000
026d
0000
0000
360a
0010
022d
0000
0000
320a
0000
026d
0000
360a
023d
0000
0000
320a
0000
0000
0010
0000
0000
0000
0010
0000
0000
0000
0010
05e0
024d
0000
340a
0000
020d
0000
0010
300a
0000
024d
0000
0000
016d
0000
340a
020d
0000
013d
0000
300a
0000
024d
0000
0000
026d
0000
0000
020d
0000
940a
360a
023d
0000
024d
0000
900a
320a
0000
026d
0000
0000
020d
0000
940a
360a
0010
022d
0000
024d
0000
900a
320a
0000
026d
0000
0000
020d
0000
940a
0010
022d
0000
960a
024d
0000
900a
026d
0000
920a
0000
020d
0000
940a
0010
022d
0000
960a
0000
024d
0000
900a
026d
0000
920a
0000
020d
0000
940a
0010
022d
0000
960a
0000
024d
0000
900a
026d
0000
920a
0000
020d
0000
940a
0010
022d
0000
960a
0000
900a
0000
026d
0000
920a
0010
022d
0000
960a
0000
0000
026d
0000
920a
0000
0010
022d
0000
960a
920a
0010
0000
0000
0010
0000
0000
0000
0010
0000
0000
0000
0010
0000
024d
0000
020d
0000
940a
025d
0000
900a
0000
026d
0000
0000
020d
0000
940a
0010
022d
0000
960a
900a
0000
026d
0000
920a
0000
0010
022d
0000
960a
0000
0000
920a
0000
0010
024d
0000
340a
0000
020d
0000
0010
300a
0000
024d
0000
0000
016d
0000
340a
0000
020d
0000
013d
0000
300a
0000
014d
0000
0000
026d
0000
0000
010d
0000
360a
0010
022d
0000
024d
0000
320a
0000
016d
0000
340a
0000
020d
0000
0010
012d
0000
300a
014d
0000
026d
0000
0000
010d
0000
360a
0010
022d
0000
0000
024d
0000
320a
0000
016d
0000
340a
020d
0000
0010
012d
0000
300a
0000
014d
0000
0000
026d
0000
0000
010d
0000
360a
023d
0000
0000
024d
0000
320a
0000
016d
0000
340a
0000
020d
0000
013d
0000
300a
014d
0000
0000
026d
0000
0000
010d
0000
360a
0010
022d
0000
0000
024d
0000
320a
016d
0000
340a
0000
020d
0000
0010
012d
0000
300a
0000
0000
026d
0000
360a
0010
022d
0000
0000
320a
0000
026d
0000
0000
360a
0010
022d
0000
0000
320a
0000
0010
0000
0000
0000
0010
0000
0000
0000
0010
0000
0000
0000
0010
0000
0b00
024d
0000
340a
0000
020d
0000
0010
300a
0000
024d
0000
0000
016d
0000
340a
020d
0000
013d
0000
300a
0000
024d
0000
0000
026d
0000
0000
020d
0000
940a
360a
023d
0000
024d
0000
900a
320a
0000
026d
0000
0000
020d
0000
940a
360a
0010
022d
0000
024d
0000
900a
320a
0000
026d
0000
0000
020d
0000
940a
0010
022d
0000
960a
024d
0000
900a
026d
0000
920a
0000
020d
0000
940a
0010
022d
0000
960a
0000
024d
0000
900a
026d
0000
920a
0000
020d
0000
940a
0010
022d
0000
960a
0000
024d
0000
900a
026d
0000
920a
0000
020d
0000
940a
0010
022d
0000
960a
0000
024d
0000
900a
026d
0000
920a
020d
0000
940a
0010
022d
0000
960a
0000
024d
0000
900a
0000
026d
0000
920a
020d
0000
940a
0010
022d
0000
960a
0000
900a
0000
026d
0000
920a
0000
023d
0000
960a
0000
026d
0000
920a
0000
0010
022d
0000
960a
0000
024d
0000
0000
920a
340a
020d
0000
0010
300a
0000
024d
0000
0000
340a
0000
020d
0000
0010
300a
024d
0000
016d
0000
340a
0000
020d
0000
0010
012d
0000
300a
0000
014d
0000
0000
026d
0000
010d
0000
360a
0010
022d
0000
0000
024d
0000
320a
0000
016d
0000
340a
020d
0000
013d
0000
300a
0000
014d
0000
0000
026d
0000
0000
010d
0000
360a
0010
022d
0000
024d
0000
320a
0000
016d
0000
340a
0000
020d
0000
0010
012d
0000
300a
014d
0000
026d
0000
0000
010d
0000
360a
0010
022d
0000
0000
024d
0000
320a
0000
016d
0000
340a
020d
0000
0010
012d
0000
300a
0000
0000
026d
0000
0000
360a
0010
022d
0000
320a
0000
026d
0000
0000
360a
0010
022d
0000
0000
320a
0000
026d
0000
360a
023d
0000
0000
320a
0000
0000
0010
0000
0000
0000
0010
0000
0000
0000
0010
0610
024d
0000
340a
0000
020d
0000
0010
300a
0000
024d
0000
0000
016d
0000
340a
020d
0000
013d
0000
300a
0000
024d
0000
0000
026d
0000
0000
020d
0000
940a
360a
023d
0000
900a
320a
0000
026d
0000
0000
360a
0010
022d
0000
0000
320a
0000
026d
0000
0010
022d
0000
960a
0000
024d
0000
0000
920a
340a
0000
020d
0000
0010
300a
024d
0000
340a
0000
020d
0000
0010
300a
0000
024d
0000
0000
026d
0000
0000
020d
0000
360a
023d
0000
0000
034d
0000
320a
0000
026d
0000
8c0a
0000
030d
0000
360a
023d
0000
880a
024d
0000
320a
0000
026d
0000
0000
020d
0000
940a
0010
022d
0000
900a
036d
0000
0000
020d
0000
8e0a
0010
032d
0000
0000
8a0a
900a
0000
026d
0000
020d
0000
023d
0000
960a
024d
0000
900a
026d
0000
920a
020d
0000
940a
023d
0000
960a
024d
0000
900a
0000
026d
0000
920a
0000
940a
0010
022d
0000
960a
0000
024d
0000
026d
0000
920a
0000
940a
0010
022d
0000
960a
0000
0000
920a
0000
0010
0000
035d
0000
0000
030d
0000
0010
0000
024d
0000
0000
0000
020d
0000
e40a
0010
0000
024d
0000
e00a
0000
020d
0000
940a
0010
0000
024d
0000
900a
0000
036d
0000
0000
020d
0000
e40a
033d
0000
0000
024d
0000
e00a
0000
026d
0000
0000
020d
0000
940a
023d
0000
e60a
024d
0000
900a
0000
026d
0000
e20a
0000
020d
0000
940a
0010
022d
0000
960a
900a
0000
026d
0000
920a
0000
0010
022d
0000
e60a
0000
0000
026d
0000
e20a
0010
022d
0000
960a
0000
0000
026d
0000
920a
0000
0010
022d
0000
960a
0000
920a
0010
0000
0000
0000
0010
0000
0000
0000
0010
0000
0000
0000
0010
0000
0000
0a70
024d
0000
0000
020d
0000
940a
0010
0000
024d
0000
900a
0000
026d
0000
0000
020d
0000
e40a
023d
0000
960a
0000
024d
0000
e00a
0000
026d
0000
920a
0000
020d
0000
940a
023d
0000
e60a
0000
024d
0000
900a
0000
026d
0000
e20a
0000
020d
0000
e40a
023d
0000
960a
0000
024d
0000
e00a
0000
026d
0000
920a
0000
020d
0000
940a
023d
0000
e60a
024d
0000
900a
0000
026d
0000
e20a
0000
020d
0000
940a
0010
022d
0000
960a
024d
0000
900a
0000
026d
0000
920a
0000
020d
0000
940a
0010
022d
0000
960a
024d
0000
900a
0000
026d
0000
920a
0000
020d
0000
e40a
0010
022d
0000
960a
e00a
026d
0000
920a
0000
0010
022d
0000
e60a
0000
0000
e20a
0000
0010
0000
0000
0660
024d
0000
0000
020d
0000
940a
0010
0000
024d
0000
900a
0000
026d
0000
0000
020d
0000
e40a
023d
0000
960a
0000
024d
0000
e00a
0000
026d
0000
920a
0000
020d
0000
940a
023d
0000
e60a
0000
024d
0000
900a
0000
026d
0000
e20a
0000
020d
0000
940a
023d
0000
960a
0000
024d
0000
900a
0000
026d
0000
920a
0000
020d
0000
940a
023d
0000
960a
024d
0000
900a
0000
026d
0000
920a
0000
020d
0000
e40a
0010
022d
0000
960a
024d
0000
e00a
0000
026d
0000
920a
0000
020d
0000
940a
0010
022d
0000
e60a
024d
0000
900a
0000
026d
0000
e20a
0000
020d
0000
e40a
0010
022d
0000
960a
e00a
026d
0000
920a
0000
0010
022d
0000
e60a
0000
0000
e20a
0000
0010
0000
0000
0070
024d
0000
0000
020d
0000
940a
0010
0000
024d
0000
900a
0000
026d
0000
0000
020d
0000
940a
023d
0000
960a
0000
024d
0000
900a
0000
026d
0000
920a
0000
020d
0000
940a
023d
0000
960a
0000
024d
0000
900a
0000
026d
0000
920a
0000
020d
0000
e40a
023d
0000
960a
0000
024d
0000
e00a
0000
026d
0000
920a
0000
020d
0000
940a
023d
0000
e60a
024d
0000
900a
0000
026d
0000
e20a
0000
020d
0000
e40a
0010
022d
0000
960a
024d
0000
e00a
0000
026d
0000
920a
0000
020d
0000
940a
0010
022d
0000
e60a
024d
0000
900a
0000
026d
0000
e20a
0000
020d
0000
940a
0010
022d
0000
960a
900a
026d
0000
920a
0000
0010
022d
0000
960a
0000
0000
920a
0000
0010
0000
0000
0850
024d
0000
0000
020d
0000
940a
0010
0000
024d
0000
900a
0000
026d
0000
0000
020d
0000
e40a
023d
0000
960a
0000
024d
0000
e00a
0000
026d
0000
920a
0000
020d
0000
940a
023d
0000
e60a
0000
024d
0000
900a
0000
026d
0000
e20a
0000
020d
0000
e40a
023d
0000
960a
0000
024d
0000
e00a
0000
026d
0000
920a
0000
020d
0000
940a
023d
0000
e60a
024d
0000
900a
0000
026d
0000
e20a
0000
020d
0000
940a
0010
022d
0000
960a
024d
0000
900a
0000
026d
0000
920a
0000
020d
0000
940a
0010
022d
0000
960a
024d
0000
900a
0000
026d
0000
920a
0000
020d
0000
e40a
0010
022d
0000
960a
e00a
026d
0000
920a
0000
0010
022d
0000
e60a
0000
0000
e20a
0000
0010
0000
0000
0040
024d
0000
0000
020d
0000
940a
0010
0000
024d
0000
900a
0000
0000
020d
0000
e40a
0010
024d
0000
e00a
0000
0000
020d
0000
940a
0010
0000
024d
0000
900a
0000
020d
0000
2c0a
0010
034d
0000
280a
0000
0000
030d
0000
0010
0000
024d
0000
0000
020d
0000
940a
0010
024d
0000
900a
0000
0000
020d
0000
e40a
0010
0000
024d
0000
e00a
0000
020d
0000
940a
0010
0000
024d
0000
900a
0000
0000
020d
0000
0010
0000
024d
0000
0c0a
0000
020d
0000
2c0a
0010
080a
0000
280a
0000
0000
0010
0000
0000
05e0
026d
0000
0010
022d
0000
960a
0000
024d
0000
0000
026d
0000
920a
0000
020d
0000
e40a
023d
0000
e60a
0000
024d
0000
e00a
0000
026d
0000
e20a
0000
020d
0000
940a
023d
0000
960a
0000
024d
0000
900a
0000
026d
0000
920a
0000
020d
0000
940a
023d
0000
2e0a
900a
0000
036d
0000
2a0a
0000
0010
032d
0000
0000
0000
026d
0000
023d
0000
960a
026d
0000
920a
0000
0010
022d
0000
e60a
0000
024d
0000
0000
026d
0000
e20a
020d
0000
0010
022d
0000
960a
0000
024d
0000
0000
026d
0000
0c0a
920a
020d
0000
940a
023d
0000
080a
0000
034d
0000
900a
0000
026d
0000
0000
030d
0000
0e0a
023d
0000
2e0a
0000
024d
0000
0a0a
0000
026d
0000
2a0a
7c0a
0000
020d
0000
023d
0000
e60a
780a
0000
026d
0000
e20a
0000
0010
022d
0000
960a
0000
0000
026d
0000
920a
0010
022d
0000
960a
0000
0000
920a
0000
0010
0000
0000
0000
0010
0000
027d
0000
0010
022d
0000
0000
0000
026d
0000
0000
0e0a
0010
022d
0000
960a
0000
0a0a
036d
0000
920a
0000
0010
032d
0000
0000
0000
026d
0000
0000
7e0a
0010
022d
0000
034d
0000
7a0a
0000
036d
0000
0000
030d
0000
0010
032d
0000
0000
034d
0000
036d
0000
030d
0000
0010
032d
0000
0000
024d
0000
0000
016d
0000
0000
020d
0000
013d
0000
0000
340a
0000
0010
300a
0000
014d
0000
0000
026d
0000
0000
010d
0000
023d
0000
0000
0000
360a
0010
0000
024d
0000
320a
0000
016d
0000
0000
020d
0000
013d
0000
0000
340a
0000
0010
300a
0000
0000
026d
0000
0000
0010
022d
0000
0000
360a
321a
0000
0000
0010
0000
0000
0000
0010
0000
0000
0000
0010
0000
0000
0000
0990
024d
0000
0000
020d
0000
0010
0000
0000
016d
0000
340a
0000
0010
012d
0000
300a
014d
0000
0000
026d
0000
0000
010d
0000
0010
022d
0000
0000
0000
0000
360a
025d
0000
320a
016d
0000
020d
0000
0010
012d
0000
0000
0000
340a
0000
0010
300a
026d
0000
023d
0000
0000
0000
0000
360a
0010
0000
320a
0000
0000
0010
0000
0000
0080
034d
0000
0000
030d
0000
0010
0000
024d
0000
0000
7c0a
0000
020d
0000
0010
780a
0000
036d
0000
0000
0010
032d
0000
0000
0000
026d
0000
0000
7e0a
0010
022d
0000
034d
0000
7a0a
0000
036d
0000
0000
030d
0000
0010
032d
0000
0000
034d
0000
036d
0000
030d
0000
0010
032d
0000
0000
024d
0000
0000
026d
0000
0000
020d
0000
023d
0000
0000
0c0a
0000
0e0a
0010
080a
0000
024d
0000
0a0a
0000
026d
0000
6c0a
020d
0000
6e0a
023d
0000
680a
0000
024d
0000
6a0a
0000
026d
0000
0000
020d
0000
023d
0000
024d
0000
0000
026d
0000
0c0a
0000
020d
0000
0e0a
940a
0010
022d
0000
080a
960a
024d
0000
0a0a
900a
0000
026d
0000
920a
0000
020d
0000
940a
0010
022d
0000
960a
024d
0000
900a
0000
026d
0000
920a
0000
020d
0000
2c0a
0010
022d
0000
2e0a
024d
0000
280a
0000
026d
0000
2a0a
0000
940a
0010
960a
0000
024d
0000
0000
026d
0000
020d
0000
940a
0010
022d
0000
960a
0000
900a
0000
920a
0000
020d
0000
023d
0000
900a
0000
920a
0000
0010
0000
024d
0000
0000
016d
0000
340a
0000
0010
024d
0000
026d
0000
0000
020d
0000
2c0a
360a
0010
012d
0000
300a
0000
024d
0000
026d
0000
020d
0000
2c0a
0010
022d
0000
2e0a
0000
024d
0000
280a
320a
0000
026d
0000
020d
0000
2c0a
0010
022d
0000
2e0a
0000
024d
0000
280a
0000
026d
0000
2a0a
020d
0000
2c0a
023d
0000
2e0a
0000
024d
0000
280a
0000
026d
0000
2a0a
0000
020d
0000
940a
023d
0000
2e0a
0000
024d
0000
280a
0000
026d
0000
2a0a
0000
020d
0000
2c0a
023d
0000
960a
0000
024d
0000
900a
0000
026d
0000
2a0a
0000
020d
0000
2c0a
023d
0000
2e0a
280a
0000
026d
0000
920a
0000
020d
0000
0010
022d
0000
2e0a
0000
280a
2a0a
0000
0010
022d
0000
0000
0000
2a0a
0000
0010
0000
0000
0000
0010
0000
024d
0000
0000
0010
0000
024d
0000
0000
026d
0000
0c0a
0000
020d
0000
2c0a
0010
024d
0000
026d
0000
0000
020d
0000
0e0a
2c0a
0010
022d
0000
080a
2e0a
0000
280a
026d
0000
020d
0000
0010
022d
0000
2e0a
0000
0a0a
280a
0000
2a0a
0000
0010
022d
0000
0000
2a0a
0000
0010
0000
0000
0000
0010
0000
0000
0000
0010
0000
0000
0000
0a20
024d
0000
0000
2c0a
0010
0000
024d
0000
0000
026d
0000
0000
020d
0000
940a
023d
0000
2e0a
024d
0000
280a
0000
026d
0000
2a0a
0000
020d
0000
2c0a
0010
022d
0000
960a
024d
0000
900a
0000
026d
0000
920a
0000
020d
0000
2c0a
0010
022d
0000
2e0a
034d
0000
280a
0000
026d
0000
2a0a
0000
020d
0000
0010
022d
0000
2e0a
0000
280a
036d
0000
2a0a
0000
030d
0000
0010
032d
0000
0000
014d
0000
0000
0000
0010
016d
0000
010d
0000
013d
0000
0000
024d
0000
0000
240a
0000
0010
0000
014d
0000
0020
024d
0000
240a
0000
0010
0000
014d
0000
0000
0000
0010
0000
024d
0000
0000
240a
0010
0000
0000
026d
0000
0000
260a
0010
0000
0000
016d
0000
0000
0010
0000
027d
0000
260a
0010
0000
0000
016d
0000
0000
0010
0000
0000
026d
0000
0000
020d
0000
260a
201a
0000
0000
0000
010d
0000
0010
0000
0000
0000
0010
0000
0000
0000
020d
0000
201a
0000
0000
0000
010d
0000
0010
0000
0000
0000
020d
0000
0010
200a
023d
0000
220a
0000
0000
0010
012d
0000
0000
0000
0000
0010
0000
0000
0000
0010
022d
0000
220a
0000
0000
0010
012d
0000
0000
0000
0000
0010
022d
0000
0000
220a
07c0
024d
0000
7c0a
8006
0000
0010
0000
0000
0000
0010
0000
0000
0000
0010
0000
0106
0010
0000
0000
0000
0010
0000
0000
0000
0010
0000
0000
0000
0010
0000
0000
0030
8086
0000
0000
0010
0000
0000
0000
0010
0000
0000
0000
0010
0000
0000
0000
0070
00c6
0000
0000
0010
0000
0000
0000
0010
0000
0000
0000
0010
0000
0000
8246
8216
0010
0000
0000
8186
0000
0010
0000
0000
0000
0010
0000
0000
0000
0010
0000
0020
8306
0000
0046
0000
0010
0000
0000
0000
0010
0000
0000
0000
0010
0000
0000
0070
8346
0000
0000
0010
0000
0000
0000
0010
0000
0000
0000
0010
0000
0000
0000
0050
c086
0000
0000
0010
0000
0000
0000
0010
0000
0000
0000
0010
0000
0000
0000
4116
0000
0000
0010
0000
0000
0000
0010
0000
0000
0000
0010
81c6
0000
0000
0000
0060
c246
0010
0000
0000
0000
0010
0000
0000
0000
0010
0000
0000
0000
0010
0000
40c6
0010
0000
0000
82c6
0000
0010
0000
0000
0000
0010
0000
0000
0000
0010
0000
0060
4046
0000
0000
0010
0000
0000
0000
0010
0000
0000
0000
0010
0000
0000
0000
c216
0000
0000
0010
0000
0000
0000
0010
0000
0000
0000
0010
0000
0000
0000
0010
0030
026d
0000
7e0a
0010
c006
0000
0000
0000
0010
0000
0000
0000
0010
0000
0000
0020
c346
0000
0000
0010
0000
0000
0000
0010
0000
0000
0000
0010
0000
0000
0000
8116
0000
0000
0010
0000
0000
0000
0010
0000
0000
0000
0010
0000
0000
0000
0010
0296
0010
0000
0000
0000
0010
0000
0000
0000
0010
0000
0000
4286
0000
0010
0000
0150
8286
0000
8046
0000
0010
0000
0000
0000
0010
0000
0000
0000
0010
0000
0000
0256
0000
0010
0000
0000
80c6
0000
0010
0000
0000
0000
0010
0000
0000
0000
0010
0030
0346
0010
0206
0000
0000
0000
0010
0000
0000
0000
0010
0000
0000
0000
0010
0080
c306
0010
0000
0000
0000
0010
0000
0000
0000
0010
0000
0000
4206
0000
0010
0086
0000
0000
0010
0000
0000
0000
0010
0000
0000
0000
0010
0000
0000
0000
0010
4346
0010
0000
0000
0010
0000
0000
0000
0010
0000
0000
0000
0010
0000
0000
c106
4256
0000
0010
0000
0000
0000
0010
0000
0000
c1c6
0000
0010
0000
0000
0000
0010
01d6
0010
c186
0000
0000
0000
0010
c2c6
0000
0000
0000
0010
c286
0000
0000
0000
0196
0000
0000
0010
0000
0000
0000
020d
0000
0010
780a
0006
0000
0000
0000
0010
0050
4086
0010
0000
0000
0000
0010
c0c6
0000
0000
0000
0010
0000
0000
0000
0010
0306
04d6
0000
0000
0000
0010
0000
0000
0000
0010
0000
0000
0000
0010
0000
0000
0020
022d
0000
8486
7a0a
0000
4006
0000
0010
4186
0000
0000
0000
0010
0000
0000
0020
44c6
0010
0000
0000
0000
0010
0000
0000
0000
0010
0000
0000
0000
0010
0000
0050
0506
0010
0000
0000
0000
0010
0000
0000
0000
0010
0000
0000
0000
0010
0000
0030
c046
0010
0000
0000
0000
0010
0000
0000
0000
0010
4506
0000
0000
0000
0010
4306
0000
0000
0010
0000
0000
0000
0010
0000
0000
0000
0010
0000
0000
0000
0010
0020
c486
0000
0000
0010
02c6
0000
0000
0000
0010
0000
0000
0000
0010
0000
0000
0050
41c6
0000
0486
0000
0010
0000
0000
0000
0010
0000
0000
0000
0010
0000
0000
0020
8506
0000
0000
0010
0000
0000
84c6
0000
0010
0000
0000
0000
0010
0000
0000
00d0
42c6
0010
0000
0000
0000
0010
0000
0000
0000
0010
0000
0000
0000
0010
0000
0020
4486
0010
0000
0000
0000
0010
0000
0000
0000
0010
0000
0000
0000
0010
0000
c506
0010
0000
0000
0000
0010
0000
0000
0000
0010
0000
0000
0000
0010
0000
0000
0020
c4c6
0000
0000
0010
0000
0000
0000
0010
0000
0000
0000
0010
0000
0000
0000
2ff0
fe85
0007
0000
0000
0001
cc08
fd03
7f79
0000
0010
0000
0000
0000
0010
0000
