2ff0
fe85
0007
0000
0000
0001
4682
fd03
7f79
0000
0010
0000
0000
0000
0010
0000
0b70
fe85
0007
0000
0000
0000
0010
0000
0000
0000
0010
0000
0000
0000
0010
0000
03a0
0e8f
0100
0000
108f
0001
0000
0000
0010
128f
0001
0000
0000
0000
0000
0010
0040
1c8f
0010
0000
0000
0000
0010
0000
0000
0000
0010
0000
0000
0000
0010
0000
2ff0
188f
f310
fba5
0000
1a8f
017e
0000
0000
0001
5091
fd03
7f79
0000
5a8f
002c
0000
249f
0096
00ac
0000
268f
00cc
000a
0000
808f
0000
af60
0000
828f
7efb
8000
849f
0000
00d0
868f
4fac
00ea
0000
888f
0680
a500
0000
8a8f
7efb
0000
0010
0000
0ab0
008f
0425
0000
0010
0000
0000
0000
0010
0000
0000
0000
0010
0000
0000
0000
0070
4203
1020
0010
c203
1020
0000
0000
0010
0000
0000
0203
1020
0000
0010
0000
8213
1020
0000
0000
4243
1020
0010
0000
c243
1020
0000
0000
0010
0000
0000
0243
1020
0010
0000
0000
0000
0010
8243
1020
0000
0000
0000
4283
1020
0010
0000
c283
1020
0000
0010
0000
0000
0283
1020
0000
0010
0000
0000
0000
0010
8283
1020
0000
42c3
1020
c2d3
1020
0000
0000
0010
0000
0000
02c3
1020
0000
0010
0000
0000
0000
82d3
1020
0000
0000
4303
1020
0010
0000
c303
1020
0000
0000
0010
0000
0000
0303
1020
0010
0000
0000
0000
0010
8303
1020
0000
0000
0000
4003
1020
0010
0000
c003
1020
0000
0010
0000
0000
0003
1020
0000
0010
0000
0000
0000
0010
8003
1020
0000
4043
1020
c053
1020
0000
0000
0010
0000
0000
0043
1020
0000
0010
0000
0000
0000
8053
1020
0000
0000
4083
1020
0010
0000
c083
1020
0000
0000
0010
0000
0000
0083
1020
0010
0000
0000
0000
0010
8083
1020
0000
c0c3
1020
0000
0000
0010
0000
0000
00c3
1020
0010
0000
0000
0000
0010
80c3
1020
0000
0000
0000
40c3
1020
0010
0000
c103
1020
0000
0010
0000
0000
0103
1020
0000
0010
0000
0000
0000
0010
8103
1020
4103
1020
0010
c143
1020
0000
0000
0010
0000
0000
0143
1020
0000
0010
0000
0000
8153
1020
0000
4143
1020
0010
0000
c183
1020
0000
0000
0010
0000
0000
0183
1020
0020
8183
1020
0000
0000
4183
1020
0010
0000
c1c3
1020
0000
0000
0010
0000
0000
01c3
1020
0010
0000
0000
0000
0010
81c3
1020
0000
0000
0000
41c3
1020
0010
0000
c603
3020
0000
0010
0000
0000
0603
3020
0000
0010
0000
0000
0000
0010
8603
3020
4603
3020
0010
c643
3020
0000
0000
0010
0000
0000
0643
3020
0000
0010
0000
0000
8653
3020
0000
4643
3020
0010
0000
c683
3020
0000
0000
0010
0000
0000
0683
3020
0020
8683
3020
0000
0000
4683
3020
0010
0000
0000
0000
0010
0000
0000
0000
0010
0500
fe85
0007
0000
0000
0010
0000
0000
0000
0010
0000
0000
0000
0010
0000
0000
05c0
022d
0000
024d
0000
0000
026d
0000
0000
020d
0000
0010
022d
0000
0000
024d
0000
020a
026d
0000
040a
0000
020d
0000
060a
0010
022d
0000
000a
0000
024d
0000
020a
026d
0000
040a
0000
020d
0000
060a
0010
022d
0000
000a
0000
024d
0000
020a
026d
0000
040a
020d
0000
060a
0010
022d
0000
000a
0000
024d
0000
020a
0000
026d
0000
040a
2a0a
020d
0000
060a
2c0a
0010
022d
0000
000a
2e0a
0000
024d
0000
280a
026d
0000
2a0a
020d
0000
2c0a
0010
022d
0000
2e0a
0000
024d
0000
280a
0000
026d
0000
020d
0000
0010
0000
0a0a
0000
0c0a
0000
0e0a
0010
080a
0000
0000
0000
0010
2ff0
030d
0000
0000
032d
0000
0000
034d
0000
0001
6238
fd03
7f79
0000
036d
0000
021d
0000
022d
0000
0000
024d
0000
0000
026d
0000
0010
020d
0000
0000
022d
0000
080a
024d
0000
0a0a
0000
026d
0000
0c0a
0010
020d
0000
0e0a
0000
022d
0000
080a
024d
0000
0a0a
026d
0000
0c0a
0010
020d
0000
0e0a
0000
022d
0000
080a
0000
024d
0000
0a0a
026d
0000
0c0a
0010
020d
0000
0e0a
0000
022d
0000
080a
0000
024d
0000
0a0a
026d
0000
0c0a
0010
020d
0000
0e0a
0000
022d
0000
080a
0000
024d
0000
0a0a
026d
0000
0c0a
021d
0000
0e0a
0000
022d
0000
080a
0000
024d
0000
0a0a
0000
026d
0000
0c0a
021d
0000
0e0a
0000
022d
0000
080a
0000
024d
0000
0a0a
0000
026d
0000
0c0a
021d
0000
0e0a
0000
022d
0000
080a
0000
024d
0000
0a0a
280a
0000
026d
0000
0c0a
2a0a
021d
0000
0e0a
2c0a
0000
022d
0000
2e0a
0000
024d
0000
0000
026d
0000
021d
0000
022d
0000
080a
0000
024d
0000
0a0a
0000
026d
0000
0c0a
0010
020d
0000
0e0a
022d
0000
080a
0000
024d
0000
0a0a
0000
026d
0000
0c0a
0010
020d
0000
0e0a
022d
0000
080a
024d
0000
0a0a
0000
026d
0000
0c0a
0010
0e0a
0000
0000
0000
0010
281a
2a0a
0010
020d
0000
2c0a
0000
022d
0000
2e0a
0000
024d
0000
0000
026d
0000
021d
0000
022d
0000
080a
0000
024d
0000
0a0a
280a
0000
026d
0000
0c0a
2a0a
0010
020d
0000
0e0a
2c0a
022d
0000
2e0a
0000
024d
0000
900a
0000
026d
0000
920a
0010
020d
0000
940a
022d
0000
960a
0000
024d
0000
900a
0000
026d
0000
920a
0010
020d
0000
940a
022d
0000
960a
0000
024d
0000
280a
0000
026d
0000
2a0a
0010
020d
0000
2c0a
022d
0000
2e0a
0000
024d
0000
280a
0000
026d
0000
2a0a
0010
020d
0000
2c0a
022d
0000
2e0a
024d
0000
280a
0000
026d
0000
2a0a
0010
020d
0000
2c0a
0000
022d
0000
2e0a
024d
0000
900a
0000
026d
0000
920a
0010
020d
0000
940a
0000
022d
0000
960a
024d
0000
280a
0000
026d
0000
2a0a
0010
2c0a
0000
2e0a
0000
0000
0010
0000
0030
020d
0000
022d
0000
0000
024d
0000
0000
026d
0000
0010
020d
0000
0000
022d
0000
080a
024d
0000
0a0a
0000
026d
0000
0c0a
0010
020d
0000
0e0a
0000
022d
0000
080a
024d
0000
0a0a
0000
026d
0000
0c0a
0010
020d
0000
0e0a
0000
022d
0000
080a
024d
0000
0a0a
026d
0000
0c0a
0010
020d
0000
0e0a
0000
022d
0000
080a
0000
024d
0000
0a0a
026d
0000
0c0a
0010
020d
0000
0e0a
0000
022d
0000
080a
0000
024d
0000
0a0a
026d
0000
0c0a
0010
020d
0000
0e0a
0000
022d
0000
080a
0000
024d
0000
0a0a
026d
0000
0c0a
021d
0000
0e0a
0000
022d
0000
080a
0000
024d
0000
0a0a
0000
026d
0000
0c0a
021d
0000
0e0a
0000
022d
0000
080a
0000
024d
0000
0a0a
0000
026d
0000
0c0a
021d
0000
0e0a
0000
022d
0000
080a
0000
024d
0000
0a0a
0000
026d
0000
0c0a
021d
0000
0e0a
022d
0000
080a
0000
024d
0000
0a0a
0000
026d
0000
0c0a
0010
0e0a
080a
0a0a
0000
0c0a
0010
0e0a
0000
0000
0000
0010
0000
0000
0000
0010
0000
0000
0a50
020d
0000
022d
0000
0000
024d
0000
0000
026d
0000
0010
020d
0000
0000
022d
0000
080a
024d
0000
0a0a
0000
026d
0000
0c0a
0010
020d
0000
0e0a
0000
022d
0000
080a
024d
0000
0a0a
0000
026d
0000
0c0a
0010
020d
0000
0e0a
0000
022d
0000
080a
024d
0000
0a0a
026d
0000
0c0a
0010
020d
0000
0e0a
0000
022d
0000
080a
0000
024d
0000
0a0a
026d
0000
0c0a
0010
020d
0000
0e0a
0000
022d
0000
080a
0000
024d
0000
0a0a
900a
026d
0000
0c0a
920a
0010
020d
0000
0e0a
940a
0000
022d
0000
960a
0000
024d
0000
900a
026d
0000
920a
0010
020d
0000
940a
0000
022d
0000
960a
0000
024d
0000
280a
026d
0000
2a0a
0010
020d
0000
2c0a
0000
022d
0000
2e0a
0000
024d
0000
900a
026d
0000
920a
0010
020d
0000
940a
0000
022d
0000
960a
0000
024d
0000
900a
026d
0000
920a
021d
0000
940a
0000
022d
0000
960a
0000
024d
0000
280a
0000
026d
0000
2a0a
021d
0000
2c0a
0000
022d
0000
2e0a
0000
024d
0000
280a
0000
026d
0000
2a0a
021d
0000
2c0a
0000
022d
0000
2e0a
0000
024d
0000
280a
0000
026d
0000
2a0a
021d
0000
2c0a
022d
0000
2e0a
0000
024d
0000
280a
0000
026d
0000
2a0a
0010
020d
0000
2c0a
022d
0000
2e0a
0000
024d
0000
900a
0000
026d
0000
920a
0010
940a
0000
960a
0000
0010
0000
0000
0000
0010
020d
0000
0000
022d
0000
0000
024d
0000
0000
026d
0000
021d
0000
0000
022d
0000
080a
0000
024d
0000
0a0a
280a
0000
026d
0000
0c0a
2a0a
021d
0000
0e0a
2c0a
0000
022d
0000
2e0a
0000
024d
0000
280a
0000
026d
0000
2a0a
021d
0000
2c0a
0000
022d
0000
2e0a
0000
024d
0000
280a
0000
026d
0000
2a0a
2c1a
0000
2e0a
0000
0000
0010
0000
0000
0000
0010
020d
0000
0000
022d
0000
024d
0000
026d
0000
0010
020d
0000
0000
022d
0000
080a
0000
024d
0000
0a0a
280a
026d
0000
0c0a
2a0a
021d
0000
0e0a
2c0a
0000
022d
0000
2e0a
0000
024d
0000
900a
026d
0000
920a
021d
0000
940a
0000
022d
0000
960a
0000
024d
0000
900a
0000
026d
0000
920a
021d
0000
940a
0000
022d
0000
960a
0000
024d
0000
280a
0000
026d
0000
2a0a
2c1a
0000
2e0a
0000
0000
0010
020d
0000
0000
022d
0000
0000
024d
0000
0000
026d
0000
0010
080a
0000
0a0a
0000
0c0a
0010
0e0a
0000
0000
0000
0010
0000
0000
09d0
020d
0000
022d
0000
0000
024d
0000
280a
0000
026d
0000
2a0a
0010
020d
0000
2c0a
022d
0000
2e0a
0000
024d
0000
280a
0000
026d
0000
2a0a
0010
020d
0000
2c0a
022d
0000
2e0a
024d
0000
280a
0000
026d
0000
2a0a
0010
020d
0000
2c0a
0000
022d
0000
2e0a
024d
0000
280a
0000
026d
0000
2a0a
0010
020d
0000
2c0a
0000
022d
0000
2e0a
024d
0000
280a
0000
026d
0000
2a0a
0010
020d
0000
2c0a
0000
022d
0000
2e0a
024d
0000
900a
026d
0000
920a
0010
020d
0000
940a
0000
022d
0000
960a
0000
024d
0000
280a
026d
0000
2a0a
0010
020d
0000
2c0a
0000
022d
0000
2e0a
0000
024d
0000
280a
026d
0000
2a0a
0010
020d
0000
2c0a
0000
022d
0000
2e0a
0000
024d
0000
280a
026d
0000
2a0a
021d
0000
2c0a
0000
022d
0000
2e0a
0000
024d
0000
900a
0000
026d
0000
920a
021d
0000
940a
0000
022d
0000
960a
0000
024d
0000
280a
0000
026d
0000
2a0a
021d
0000
2c0a
0000
022d
0000
2e0a
0000
024d
0000
280a
0000
026d
0000
2a0a
021d
0000
2c0a
022d
0000
2e0a
0000
024d
0000
280a
0000
026d
0000
2a0a
0010
2c0a
2e0a
0000
0010
0000
0000
0000
0010
0000
0000
0000
0010
0000
0000
0000
0010
010d
0000
012d
0000
0000
014d
0000
0000
016d
0000
0010
0000
0000
0000
0010
020d
0000
700a
0000
0010
020d
0000
0000
022d
0000
0000
280a
720a
0000
0010
0000
022d
0000
024d
0000
2a0a
740a
0010
0000
0000
024d
0000
0000
026d
0000
0010
020d
0000
2c0a
760a
700a
0000
0000
026d
0000
0010
020d
0000
0000
012d
0000
2e0a
700a
0000
0000
021d
0000
022d
0000
0000
014d
0000
280a
720a
0000
0010
020d
0000
0000
022d
0000
280a
720a
016d
0000
0010
020d
0000
0000
022d
0000
0000
024d
0000
280a
0000
2a0a
740a
021d
0000
0000
022d
0000
0000
024d
0000
280a
0000
2a0a
740a
0010
020d
0000
022d
0000
024d
0000
280a
0000
026d
0000
2a0a
0010
020d
0000
2c0a
760a
0000
022d
0000
024d
0000
280a
0000
026d
0000
2a0a
0010
020d
0000
2c0a
760a
0000
022d
0000
024d
0000
280a
026d
0000
2a0a
0010
020d
0000
2c0a
0000
022d
0000
2e0a
0000
024d
0000
280a
026d
0000
2a0a
0010
020d
0000
2c0a
0000
022d
0000
2e0a
0000
024d
0000
280a
026d
0000
2a0a
0010
020d
0000
2c0a
0000
022d
0000
2e0a
0000
024d
0000
280a
026d
0000
2a0a
2c1a
0000
022d
0000
2e0a
0000
024d
0000
0000
026d
0000
2a0a
0010
2c0a
022d
0000
2e0a
0000
024d
0000
0000
026d
0000
2a0a
0010
2c0a
0000
2e0a
0000
024d
0000
026d
0000
0010
2c0a
0000
2e0a
0000
024d
0000
0000
026d
0000
0010
2c0a
2e0a
0000
026d
0000
0010
0000
2e0a
0000
0000
026d
0000
0010
0000
2e0a
0000
0000
0ae0
020d
0000
022d
0000
0000
024d
0000
280a
0000
026d
0000
2a0a
0010
020d
0000
2c0a
022d
0000
2e0a
0000
024d
0000
280a
0000
026d
0000
2a0a
0010
020d
0000
2c0a
022d
0000
2e0a
024d
0000
280a
0000
026d
0000
2a0a
0010
020d
0000
2c0a
0000
022d
0000
2e0a
024d
0000
280a
0000
026d
0000
2a0a
0010
020d
0000
2c0a
0000
022d
0000
2e0a
024d
0000
900a
0000
026d
0000
920a
0010
020d
0000
940a
0000
022d
0000
960a
024d
0000
280a
026d
0000
2a0a
0010
020d
0000
2c0a
0000
022d
0000
2e0a
0000
024d
0000
280a
026d
0000
2a0a
021d
0000
2c0a
022d
0000
2e0a
024d
0000
280a
026d
0000
2a0a
021d
0000
2c0a
022d
0000
2e0a
0000
024d
0000
0000
026d
0000
0010
020d
0000
022d
0000
080a
024d
0000
0a0a
280a
0000
026d
0000
0c0a
2a0a
0010
020d
0000
0e0a
2c0a
022d
0000
2e0a
0000
024d
0000
280a
0000
026d
0000
2a0a
0010
020d
0000
2c0a
022d
0000
2e0a
024d
0000
900a
0000
026d
0000
920a
0010
020d
0000
940a
0000
022d
0000
960a
024d
0000
900a
0000
026d
0000
920a
0010
020d
0000
940a
0000
022d
0000
960a
024d
0000
0000
026d
0000
0010
020d
0000
0000
022d
0000
080a
0000
024d
0000
0a0a
280a
026d
0000
0c0a
2a0a
0010
0e0a
2c0a
0000
2e0a
0000
0000
0010
0000
0000
2ff0
030d
0000
0000
0001
7194
fd03
7f79
0000
0010
020d
0000
0000
0000
0000
0010
300a
0000
0010
020d
0000
0000
0000
0000
0010
0000
032d
0000
300a
0000
0000
0010
022d
0000
0000
0010
0000
0000
320a
0000
0010
0000
022d
0000
0000
0000
0010
0000
320a
0010
0000
0000
0000
0010
0000
0000
0000
0010
0000
0000
0000
0010
0000
0000
0050
034d
0000
0010
0000
0000
024d
0000
0000
0010
0000
0000
0000
340a
0010
0000
024d
0000
0010
0000
0000
0000
036d
0000
340a
0010
0000
0000
0000
026d
0000
0010
361a
0000
0000
026d
0000
0010
0000
0000
0000
0010
030d
0000
360a
0000
0000
0000
021d
0000
0000
0000
0010
0000
0000
0000
0010
0000
0000
0000
0010
0000
0000
0000
301a
0010
0000
0000
0000
0010
0000
0000
0000
0010
0000
0000
0000
0010
0000
0000
2ff0
030d
0000
0000
0001
77fc
fd03
7f79
0000
0010
020d
0000
0000
0000
0000
0010
0020
032d
0000
0000
0010
0000
012d
0000
300a
0000
0000
0010
020d
0000
0000
022d
0000
600a
0000
0010
0000
0000
0000
0010
0000
0000
0000
0010
0000
0000
0000
0010
320a
021d
0000
0000
032d
0000
0000
034d
0000
0000
0010
020d
0000
0000
012d
0000
080a
024d
0000
280a
0000
0010
020d
0000
0000
0000
0000
0010
0000
022d
0000
080a
021d
0000
0000
e00a
0000
0010
020d
0000
0000
0000
e00a
0000
340a
0010
020d
0000
034d
0000
e00a
021d
0000
0000
0000
024d
0000
e00a
320a
0000
0010
020d
0000
0000
022d
0000
900a
620a
0000
036d
0000
0010
020d
0000
0000
680a
0000
0000
016d
0000
021d
0000
0000
0000
0010
020d
0000
0000
080a
0000
0000
340a
0010
020d
0000
0000
080a
024d
0000
0000
640a
0010
020d
0000
0000
022d
0000
080a
0000
0000
026d
0000
021d
0000
022d
0000
080a
0000
0a0a
0000
2a0a
0010
020d
0000
0000
022d
0000
080a
021d
0000
080a
0000
0a0a
900a
0000
0010
020d
0000
0000
022d
0000
0000
024d
0000
280a
e20a
0010
020d
0000
360a
0000
022d
0000
0000
024d
0000
280a
0000
036d
0000
0c0a
e20a
021d
0000
2c0a
0000
022d
0000
0000
024d
0000
280a
0000
026d
0000
e20a
021d
0000
022d
0000
0000
280a
0000
0c0a
e20a
0010
020d
0000
0000
022d
0000
0000
024d
0000
280a
920a
0010
020d
0000
e40a
0000
022d
0000
0000
024d
0000
280a
6a0a
021d
0000
e40a
022d
0000
024d
0000
280a
0000
0010
020d
0000
e40a
360a
0000
022d
0000
024d
0000
0a0a
280a
0000
026d
0000
0010
020d
0000
e40a
660a
0000
022d
0000
024d
0000
0a0a
280a
0010
020d
0000
940a
0000
022d
0000
0000
024d
0000
0a0a
280a
6c0a
0010
022d
0000
0000
024d
0000
0a0a
0000
0010
0000
022d
0000
0000
024d
0000
0a0a
0c0a
0010
0000
022d
0000
0000
024d
0000
0a0a
0000
026d
0000
0c0a
920a
0010
022d
0000
024d
0000
0000
026d
0000
0c0a
2a0a
0010
020d
0000
0e0a
0000
022d
0000
2e0a
024d
0000
0000
026d
0000
0c0a
2a0a
0010
020d
0000
0000
022d
0000
080a
0000
024d
0000
900a
0c0a
2a0a
0010
0e0a
0000
022d
0000
0000
024d
0000
0000
026d
0000
0c0a
2a0a
941a
0000
022d
0000
e60a
0000
024d
0000
0000
026d
0000
2a0a
0010
2c0a
022d
0000
e60a
024d
0000
0000
026d
0000
2a0a
0010
2c0a
0000
022d
0000
e60a
0000
024d
0000
026d
0000
2a0a
0010
020d
0000
2c0a
0000
022d
0000
e60a
0000
024d
0000
026d
0000
2a0a
021d
0000
2c0a
0000
022d
0000
880a
960a
0000
024d
0000
0000
026d
0000
2a0a
021d
0000
2c0a
6e0a
0000
022d
0000
080a
0000
024d
0000
0000
026d
0000
2a0a
021d
0000
2c0a
0000
080a
0000
024d
0000
900a
0000
026d
0000
0010
020d
0000
0e0a
2c0a
0000
024d
0000
900a
0000
026d
0000
0010
020d
0000
0e0a
2c0a
0000
0000
024d
0000
900a
026d
0000
0010
020d
0000
0e0a
2c0a
0000
0000
024d
0000
900a
0000
026d
0000
021d
0000
0e0a
2c0a
0000
022d
0000
0000
900a
0000
026d
0000
0010
020d
0000
0e0a
022d
0000
0000
0a0a
900a
0000
026d
0000
920a
0010
020d
0000
0e0a
0000
960a
900a
0000
026d
0000
0010
020d
0000
0000
2e0a
0000
900a
0000
026d
0000
0010
020d
0000
2e0a
0000
024d
0000
900a
0000
026d
0000
0010
020d
0000
0000
2e0a
0000
024d
0000
900a
026d
0000
0c0a
0010
020d
0000
940a
0000
022d
0000
2e0a
0000
900a
026d
0000
021d
0000
0000
022d
0000
2e0a
0000
8a0a
900a
0000
026d
0000
0010
020d
0000
022d
0000
2e0a
0000
0a0a
900a
0000
026d
0000
0010
020d
0000
0000
022d
0000
2e0a
0a0a
900a
0000
026d
0000
920a
0010
020d
0000
0000
022d
0000
2e0a
0000
024d
0000
900a
026d
0000
920a
0010
020d
0000
0000
022d
0000
2e0a
0000
024d
0000
900a
026d
0000
8c0a
920a
021d
0000
0000
022d
0000
2e0a
0000
024d
0000
900a
0000
0c0a
920a
021d
0000
0000
022d
0000
0000
024d
0000
900a
0000
0c0a
920a
0010
020d
0000
940a
022d
0000
0000
024d
0000
900a
0000
920a
0010
020d
0000
940a
0000
022d
0000
024d
0000
900a
920a
0010
020d
0000
940a
0000
022d
0000
0000
024d
0000
900a
0000
026d
0000
920a
021d
0000
940a
0000
022d
0000
0000
024d
0000
900a
0000
026d
0000
920a
0e1a
940a
0000
022d
0000
960a
0000
024d
0000
0000
920a
0010
940a
0000
022d
0000
024d
0000
0000
920a
0010
940a
0000
022d
0000
0000
024d
0000
0000
920a
0010
940a
022d
0000
0000
024d
0000
0000
920a
0010
940a
0000
022d
0000
0000
024d
0000
026d
0000
920a
941a
0000
022d
0000
0000
024d
0000
0000
026d
0000
920a
0010
8e0a
940a
022d
0000
0000
024d
0000
0000
026d
0000
920a
0010
0e0a
940a
0000
022d
0000
024d
0000
026d
0000
920a
0010
0e0a
940a
0000
022d
0000
960a
0000
024d
0000
0000
026d
0000
920a
941a
0000
022d
0000
960a
0000
024d
0000
0000
026d
0000
920a
0010
940a
022d
0000
960a
0000
024d
0000
0000
026d
0000
920a
0010
940a
0000
022d
0000
960a
024d
0000
0000
026d
0000
920a
0010
940a
0000
022d
0000
960a
0000
024d
0000
026d
0000
920a
941a
0000
960a
0000
024d
0000
0000
026d
0000
0010
940a
0000
960a
024d
0000
026d
0000
0010
940a
0000
960a
0000
024d
0000
0000
026d
0000
0010
940a
960a
024d
0000
0000
026d
0000
0010
940a
0000
960a
0000
0000
026d
0000
0010
0000
960a
0000
026d
0000
0010
0000
960a
0000
0000
026d
0000
0010
0000
960a
0000
0000
026d
0000
0010
960a
0000
0000
026d
0000
0010
0000
960a
0000
0000
026d
0000
0010
960a
0000
026d
0000
0010
0000
960a
0000
0000
026d
0000
0010
0000
960a
0000
0000
026d
0000
0010
960a
0000
0000
026d
0000
0010
0000
960a
0000
0000
026d
0000
0010
960a
0000
026d
0000
0010
0000
960a
0000
0000
0010
0000
0000
0000
0010
0000
0000
0100
020d
0000
022d
0000
0000
024d
0000
900a
0000
026d
0000
920a
0010
020d
0000
940a
022d
0000
960a
0000
024d
0000
900a
0000
026d
0000
920a
0010
020d
0000
940a
022d
0000
960a
024d
0000
900a
0000
026d
0000
920a
0010
020d
0000
940a
0000
022d
0000
960a
024d
0000
900a
0000
026d
0000
920a
0010
020d
0000
940a
0000
022d
0000
960a
024d
0000
900a
0000
026d
0000
920a
0010
020d
0000
940a
0000
022d
0000
960a
024d
0000
900a
026d
0000
920a
0010
020d
0000
940a
0000
022d
0000
960a
0000
024d
0000
900a
026d
0000
920a
0010
020d
0000
940a
0000
022d
0000
960a
0000
024d
0000
900a
026d
0000
920a
0010
020d
0000
940a
0000
022d
0000
960a
0000
024d
0000
900a
026d
0000
920a
021d
0000
940a
0000
022d
0000
960a
0000
024d
0000
900a
0000
026d
0000
920a
021d
0000
940a
0000
022d
0000
960a
0000
024d
0000
900a
0000
026d
0000
920a
021d
0000
940a
0000
022d
0000
960a
0000
024d
0000
900a
0000
026d
0000
920a
021d
0000
940a
022d
0000
960a
0000
024d
0000
900a
0000
026d
0000
920a
0010
020d
0000
940a
022d
0000
960a
0000
024d
0000
900a
0000
026d
0000
920a
0010
020d
0000
940a
022d
0000
960a
0000
024d
0000
900a
0000
026d
0000
920a
0010
020d
0000
940a
022d
0000
960a
024d
0000
900a
0000
026d
0000
920a
0010
940a
0000
960a
0000
0000
0590
020d
0000
022d
0000
0000
024d
0000
900a
0000
026d
0000
920a
0010
020d
0000
940a
022d
0000
960a
0000
024d
0000
900a
0000
026d
0000
920a
0010
020d
0000
940a
022d
0000
960a
024d
0000
280a
0000
026d
0000
2a0a
0010
020d
0000
2c0a
0000
022d
0000
2e0a
024d
0000
900a
0000
026d
0000
920a
0010
020d
0000
940a
0000
022d
0000
960a
024d
0000
e00a
0000
026d
0000
e20a
0010
020d
0000
e40a
0000
022d
0000
e60a
024d
0000
e00a
026d
0000
e20a
0010
020d
0000
e40a
0000
022d
0000
e60a
0000
024d
0000
e00a
026d
0000
e20a
0010
020d
0000
e40a
0000
022d
0000
e60a
0000
024d
0000
e00a
026d
0000
e20a
0010
e40a
0000
e60a
0000
0000
0010
0000
0000
0000
0010
0000
0b10
020d
0000
022d
0000
0000
024d
0000
0000
026d
0000
0010
020d
0000
0000
022d
0000
880a
024d
0000
8a0a
900a
0000
026d
0000
8c0a
920a
0010
020d
0000
8e0a
940a
022d
0000
960a
024d
0000
900a
0000
026d
0000
920a
0010
020d
0000
940a
0000
022d
0000
960a
024d
0000
900a
0000
026d
0000
920a
0010
940a
0000
960a
0000
0000
0010
020d
0000
022d
0000
0000
024d
0000
900a
0000
026d
0000
920a
0010
020d
0000
940a
022d
0000
960a
024d
0000
900a
0000
026d
0000
920a
0010
020d
0000
940a
0000
022d
0000
960a
024d
0000
900a
0000
026d
0000
920a
0010
020d
0000
940a
0000
022d
0000
960a
024d
0000
900a
0000
026d
0000
920a
0010
940a
0000
960a
0000
0000
0010
020d
0000
022d
0000
0000
024d
0000
900a
0000
026d
0000
920a
0010
020d
0000
940a
0000
022d
0000
960a
024d
0000
900a
0000
026d
0000
920a
0010
020d
0000
940a
0000
022d
0000
960a
024d
0000
900a
0000
026d
0000
920a
0010
020d
0000
940a
0000
022d
0000
960a
024d
0000
900a
0000
026d
0000
920a
0010
940a
0000
960a
0000
0000
0010
020d
0000
022d
0000
0000
024d
0000
900a
0000
026d
0000
920a
0010
020d
0000
940a
0000
022d
0000
960a
024d
0000
900a
0000
026d
0000
920a
0010
020d
0000
940a
0000
022d
0000
960a
024d
0000
900a
0000
026d
0000
920a
0010
020d
0000
940a
0000
022d
0000
960a
024d
0000
900a
0000
026d
0000
920a
0010
940a
0000
960a
0000
0000
0010
0000
0560
020d
0000
022d
0000
0000
024d
0000
900a
0000
026d
0000
920a
0010
020d
0000
940a
022d
0000
960a
0000
024d
0000
900a
0000
026d
0000
920a
0010
020d
0000
940a
022d
0000
960a
024d
0000
900a
0000
026d
0000
920a
0010
020d
0000
940a
0000
022d
0000
960a
024d
0000
900a
0000
026d
0000
920a
0010
940a
0000
960a
0000
0000
0010
020d
0000
022d
0000
0000
024d
0000
900a
0000
026d
0000
920a
0010
020d
0000
940a
022d
0000
960a
024d
0000
900a
0000
026d
0000
920a
0010
020d
0000
940a
0000
022d
0000
960a
024d
0000
900a
0000
026d
0000
920a
0010
020d
0000
940a
0000
022d
0000
960a
024d
0000
900a
0000
026d
0000
920a
0010
940a
0000
960a
0000
0000
0010
0000
0060
020d
0000
022d
0000
0000
024d
0000
900a
0000
026d
0000
920a
0010
020d
0000
940a
022d
0000
960a
0000
024d
0000
900a
0000
026d
0000
920a
0010
020d
0000
940a
022d
0000
960a
024d
0000
900a
0000
026d
0000
920a
0010
020d
0000
940a
0000
022d
0000
960a
024d
0000
900a
0000
026d
0000
920a
0010
940a
0000
960a
0000
0000
0010
011d
0000
012d
0000
0000
014d
0000
0000
016d
0000
0010
0000
0000
0000
0010
020d
0000
700a
0000
0000
0010
020d
0000
0000
700a
0000
0000
0010
020d
0000
0000
700a
021d
0000
022d
0000
0000
280a
720a
0000
0010
020d
0000
0000
022d
0000
0000
900a
720a
0010
0000
022d
0000
0000
720a
0000
0010
0000
022d
0000
0000
024d
0000
0000
2a0a
740a
0010
022d
0000
0000
024d
0000
0000
920a
740a
0010
0000
0000
024d
0000
740a
0010
0000
024d
0000
0000
026d
0000
0010
2c0a
760a
0000
0000
024d
0000
0000
026d
0000
941a
760a
0000
0000
0000
026d
0000
0010
760a
0000
0000
0000
026d
0000
2e1a
026d
0000
0010
0000
960a
0000
0000
0010
0000
0000
0000
0010
0000
0000
0000
0410
020d
0000
0000
900a
0000
0010
030d
0000
0000
022d
0000
0000
024d
0000
0000
026d
0000
920a
021d
0000
940a
0000
032d
0000
960a
780a
0000
034d
0000
0000
036d
0000
0010
022d
0000
0000
024d
0000
7a0a
0000
026d
0000
7c0a
0010
030d
0000
7e0a
032d
0000
034d
0000
0000
036d
0000
0010
030d
0000
0000
032d
0000
0000
034d
0000
036d
0000
021d
0000
0000
012d
0000
300a
0000
024d
0000
0000
016d
0000
340a
0010
010d
0000
022d
0000
0000
014d
0000
320a
0000
026d
0000
0010
020d
0000
360a
0000
012d
0000
300a
024d
0000
0000
016d
0000
340a
0010
010d
0000
0000
022d
0000
0000
014d
0000
320a
026d
0000
0010
020d
0000
360a
0000
012d
0000
300a
0000
024d
0000
016d
0000
340a
011d
0000
0000
022d
0000
0000
014d
0000
320a
0000
026d
0000
0010
020d
0000
360a
012d
0000
300a
0000
024d
0000
0000
016d
0000
340a
0010
010d
0000
022d
0000
014d
0000
320a
0000
026d
0000
0010
020d
0000
360a
0000
012d
0000
300a
024d
0000
016d
0000
340a
0010
0000
022d
0000
0000
320a
0000
026d
0000
0010
360a
0080
020d
0000
012d
0000
300a
0000
024d
0000
0000
016d
0000
340a
0010
010d
0000
022d
0000
014d
0000
320a
0000
026d
0000
0010
020d
0000
360a
0000
012d
0000
300a
024d
0000
016d
0000
340a
0010
010d
0000
0000
022d
0000
0000
014d
0000
320a
0000
026d
0000
021d
0000
360a
0000
012d
0000
300a
0000
024d
0000
0000
016d
0000
340a
011d
0000
022d
0000
0000
014d
0000
320a
0000
026d
0000
0010
020d
0000
360a
0000
012d
0000
300a
024d
0000
0000
016d
0000
340a
0010
010d
0000
0000
022d
0000
0000
014d
0000
320a
026d
0000
0010
020d
0000
360a
0000
012d
0000
300a
0000
024d
0000
016d
0000
340a
011d
0000
0000
022d
0000
0000
014d
0000
320a
0000
026d
0000
0010
020d
0000
360a
012d
0000
300a
0000
024d
0000
0000
016d
0000
340a
0010
010d
0000
022d
0000
014d
0000
320a
0000
026d
0000
0010
020d
0000
360a
0000
012d
0000
300a
024d
0000
016d
0000
340a
0010
010d
0000
0000
022d
0000
0000
014d
0000
320a
0000
026d
0000
021d
0000
360a
0000
012d
0000
300a
0000
024d
0000
0000
016d
0000
340a
023d
0000
320a
026d
0000
0010
360a
0000
0000
0000
0010
0000
0000
0000
0010
0000
0e10
020d
0000
300a
0000
024d
0000
0000
340a
0010
020d
0000
0000
012d
0000
300a
024d
0000
016d
0000
340a
0010
010d
0000
0000
022d
0000
0000
014d
0000
320a
0000
026d
0000
021d
0000
360a
0000
012d
0000
300a
0000
024d
0000
0000
016d
0000
340a
011d
0000
022d
0000
0000
014d
0000
320a
0000
026d
0000
0010
020d
0000
360a
0000
012d
0000
300a
024d
0000
0000
016d
0000
340a
0010
010d
0000
0000
022d
0000
0000
014d
0000
320a
026d
0000
0010
020d
0000
360a
0000
012d
0000
300a
0000
024d
0000
016d
0000
340a
011d
0000
0000
022d
0000
0000
014d
0000
320a
0000
026d
0000
0010
020d
0000
360a
012d
0000
300a
0000
024d
0000
0000
016d
0000
340a
0010
010d
0000
022d
0000
014d
0000
320a
0000
026d
0000
0010
020d
0000
360a
0000
012d
0000
300a
024d
0000
016d
0000
340a
0010
010d
0000
0000
022d
0000
0000
014d
0000
320a
0000
026d
0000
021d
0000
360a
0000
012d
0000
300a
0000
024d
0000
0000
016d
0000
340a
011d
0000
022d
0000
0000
014d
0000
320a
0000
026d
0000
0010
020d
0000
360a
0000
012d
0000
300a
024d
0000
0000
016d
0000
340a
0010
010d
0000
0000
022d
0000
0000
014d
0000
320a
026d
0000
0010
020d
0000
360a
0000
012d
0000
300a
0000
024d
0000
016d
0000
340a
011d
0000
0000
022d
0000
0000
014d
0000
320a
0000
026d
0000
0010
020d
0000
360a
012d
0000
300a
0000
024d
0000
0000
016d
0000
340a
0010
010d
0000
022d
0000
014d
0000
320a
0000
026d
0000
0010
020d
0000
360a
0000
012d
0000
300a
024d
0000
016d
0000
340a
0010
010d
0000
0000
022d
0000
0000
014d
0000
320a
0000
026d
0000
021d
0000
360a
0000
012d
0000
300a
0000
024d
0000
0000
016d
0000
340a
011d
0000
022d
0000
0000
014d
0000
320a
0000
026d
0000
0010
020d
0000
360a
0000
012d
0000
300a
024d
0000
0000
016d
0000
340a
0010
010d
0000
0000
022d
0000
0000
014d
0000
320a
026d
0000
0010
020d
0000
360a
0000
012d
0000
300a
0000
024d
0000
016d
0000
340a
011d
0000
0000
022d
0000
0000
014d
0000
320a
0000
026d
0000
0010
020d
0000
360a
012d
0000
300a
0000
024d
0000
0000
016d
0000
340a
0010
0000
022d
0000
320a
0000
026d
0000
0010
360a
0000
022d
0000
0000
320a
0000
026d
0000
0010
360a
0000
0000
0010
0000
0000
0000
0010
0000
0000
0000
0010
0000
0000
0000
0010
03d0
020d
0000
300a
0000
024d
0000
0000
340a
0010
020d
0000
0000
012d
0000
300a
024d
0000
016d
0000
340a
0010
010d
0000
0000
022d
0000
0000
014d
0000
320a
0000
026d
0000
021d
0000
360a
0000
012d
0000
300a
0000
024d
0000
0000
016d
0000
340a
011d
0000
022d
0000
0000
014d
0000
320a
0000
026d
0000
0010
020d
0000
360a
0000
012d
0000
300a
024d
0000
0000
016d
0000
340a
0010
010d
0000
0000
022d
0000
0000
014d
0000
320a
026d
0000
0010
020d
0000
360a
0000
012d
0000
300a
0000
024d
0000
016d
0000
340a
011d
0000
0000
022d
0000
0000
014d
0000
320a
0000
026d
0000
0010
020d
0000
360a
012d
0000
300a
0000
024d
0000
0000
016d
0000
340a
0010
010d
0000
022d
0000
014d
0000
320a
0000
026d
0000
0010
020d
0000
360a
0000
012d
0000
300a
024d
0000
016d
0000
340a
0010
010d
0000
0000
022d
0000
0000
014d
0000
320a
0000
026d
0000
021d
0000
360a
0000
012d
0000
300a
0000
024d
0000
0000
016d
0000
340a
023d
0000
320a
026d
0000
0010
360a
0000
022d
0000
0000
320a
0000
026d
0000
0010
360a
0000
0000
0010
0000
0000
0000
0010
0000
0000
0000
0010
0000
0000
0000
0010
020d
0000
300a
0000
024d
0000
0000
340a
0010
020d
0000
0000
012d
0000
300a
0000
024d
0000
016d
0000
340a
0010
010d
0000
0000
022d
0000
0000
014d
0000
320a
0000
026d
0000
021d
0000
360a
0000
012d
0000
300a
0000
024d
0000
0000
016d
0000
340a
011d
0000
022d
0000
0000
014d
0000
320a
0000
026d
0000
0010
020d
0000
360a
0000
012d
0000
300a
024d
0000
0000
016d
0000
340a
0010
010d
0000
0000
022d
0000
0000
014d
0000
320a
026d
0000
0010
020d
0000
360a
0000
012d
0000
300a
0000
024d
0000
016d
0000
340a
011d
0000
0000
022d
0000
0000
014d
0000
320a
0000
026d
0000
0010
020d
0000
360a
012d
0000
300a
0000
024d
0000
0000
016d
0000
340a
0010
010d
0000
022d
0000
014d
0000
320a
0000
026d
0000
0010
020d
0000
360a
0000
012d
0000
300a
024d
0000
016d
0000
340a
0010
010d
0000
0000
022d
0000
0000
014d
0000
320a
0000
026d
0000
021d
0000
360a
0000
012d
0000
300a
0000
024d
0000
0000
016d
0000
340a
023d
0000
320a
026d
0000
0010
360a
0000
022d
0000
0000
320a
0000
026d
0000
0010
360a
0000
0000
0010
0000
0000
0000
0010
0000
0000
0000
0010
0000
0000
0000
0010
04f0
020d
0000
300a
0000
024d
0000
0000
340a
0010
020d
0000
0000
300a
0000
024d
0000
340a
0010
020d
0000
0000
300a
0000
024d
0000
0000
340a
0010
020d
0000
0000
300a
024d
0000
0000
340a
0010
0000
0000
0000
0010
020d
0000
0000
300a
0000
024d
0000
340a
0010
020d
0000
0000
300a
0000
024d
0000
0000
340a
0010
020d
0000
0000
300a
024d
0000
0000
340a
0010
020d
0000
0000
300a
0000
024d
0000
0000
340a
0010
0030
022d
0000
320a
0000
026d
0000
0010
020d
0000
360a
0000
012d
0000
300a
0000
024d
0000
016d
0000
340a
0010
010d
0000
0000
022d
0000
0000
014d
0000
320a
0000
026d
0000
021d
0000
360a
0000
012d
0000
300a
0000
024d
0000
0000
016d
0000
340a
011d
0000
022d
0000
0000
014d
0000
320a
0000
026d
0000
0010
020d
0000
360a
0000
012d
0000
300a
024d
0000
0000
016d
0000
340a
0010
010d
0000
0000
022d
0000
0000
014d
0000
320a
026d
0000
0010
020d
0000
360a
0000
012d
0000
300a
0000
024d
0000
016d
0000
340a
011d
0000
0000
022d
0000
0000
014d
0000
320a
0000
026d
0000
0010
020d
0000
360a
012d
0000
300a
0000
024d
0000
0000
016d
0000
340a
0010
010d
0000
022d
0000
014d
0000
320a
0000
026d
0000
0010
020d
0000
360a
0000
012d
0000
300a
024d
0000
016d
0000
340a
0010
010d
0000
0000
022d
0000
0000
014d
0000
320a
0000
026d
0000
021d
0000
360a
0000
012d
0000
300a
0000
024d
0000
0000
016d
0000
340a
011d
0000
022d
0000
0000
014d
0000
320a
0000
026d
0000
0010
020d
0000
360a
0000
012d
0000
300a
024d
0000
0000
016d
0000
340a
0010
0000
022d
0000
0000
320a
0000
026d
0000
361a
0000
022d
0000
0000
320a
0000
026d
0000
0010
360a
0000
022d
0000
320a
026d
0000
0010
360a
0000
022d
0000
0000
320a
0000
026d
0000
0010
360a
0000
023d
0000
320a
0000
026d
0000
0010
360a
0000
022d
0000
0000
320a
0000
026d
0000
361a
022d
0000
0000
320a
0000
026d
0000
0010
360a
0000
022d
0000
0000
320a
0000
026d
0000
361a
0000
0000
0000
0010
0000
0000
0000
0010
0000
0000
0000
0010
0000
07c0
020d
0000
012d
0000
300a
0000
024d
0000
0000
016d
0000
340a
0010
010d
0000
022d
0000
014d
0000
320a
0000
026d
0000
0010
020d
0000
360a
0000
012d
0000
300a
024d
0000
016d
0000
340a
0010
010d
0000
0000
022d
0000
0000
014d
0000
320a
0000
026d
0000
021d
0000
360a
0000
012d
0000
300a
0000
024d
0000
0000
016d
0000
340a
011d
0000
022d
0000
0000
014d
0000
320a
0000
026d
0000
0010
020d
0000
360a
0000
012d
0000
300a
024d
0000
0000
016d
0000
340a
0010
010d
0000
0000
022d
0000
0000
014d
0000
320a
026d
0000
0010
020d
0000
360a
0000
012d
0000
300a
0000
024d
0000
016d
0000
340a
031d
0000
0000
022d
0000
0000
034d
0000
320a
0000
026d
0000
0010
020d
0000
360a
032d
0000
0000
024d
0000
900a
0000
036d
0000
0010
020d
0000
940a
022d
0000
024d
0000
900a
0000
026d
0000
920a
0010
020d
0000
940a
0000
022d
0000
960a
024d
0000
900a
0000
026d
0000
920a
0010
020d
0000
940a
0000
022d
0000
960a
024d
0000
900a
026d
0000
920a
0010
940a
0000
022d
0000
960a
0000
0000
026d
0000
920a
0010
960a
0000
0000
0010
0000
0000
0000
0010
0000
0000
0000
0010
030d
0000
021d
0000
0000
034d
0000
e00a
0000
0010
020d
0000
0000
032d
0000
0000
024d
0000
900a
036d
0000
0010
020d
0000
e40a
0000
022d
0000
0000
024d
0000
e00a
0000
026d
0000
e20a
021d
0000
940a
0000
022d
0000
e60a
0000
024d
0000
900a
0000
026d
0000
920a
021d
0000
e40a
0000
022d
0000
960a
0000
024d
0000
900a
0000
026d
0000
e20a
021d
0000
940a
022d
0000
e60a
024d
0000
900a
026d
0000
920a
941a
022d
0000
960a
024d
0000
026d
0000
920a
0010
940a
0000
022d
0000
960a
0000
0000
026d
0000
920a
961a
0010
0000
0000
0000
0010
0000
0000
0000
0010
0000
0000
0000
0010
0000
0000
0510
020d
0000
0000
e00a
0000
0010
020d
0000
0000
0000
900a
0000
0010
020d
0000
e00a
021d
0000
0000
0000
900a
0000
0010
0000
0000
0000
0010
020d
0000
0000
0000
900a
0010
020d
0000
0000
0000
900a
0000
0010
020d
0000
0000
0000
e00a
0000
0010
020d
0000
0000
900a
0000
0010
0000
0000
0000
0010
0000
0000
0000
0010
0000
0000
0030
022d
0000
024d
0000
0000
026d
0000
e20a
0010
e40a
0000
022d
0000
e60a
0000
024d
0000
026d
0000
920a
0010
020d
0000
940a
0000
022d
0000
960a
0000
024d
0000
e00a
026d
0000
e20a
0010
020d
0000
e40a
0000
022d
0000
e60a
0000
024d
0000
900a
026d
0000
920a
021d
0000
940a
0000
960a
0000
900a
0000
0010
020d
0000
0000
022d
0000
024d
0000
900a
0000
026d
0000
920a
0010
940a
0000
022d
0000
960a
0000
024d
0000
026d
0000
920a
0010
020d
0000
940a
0000
022d
0000
960a
0000
024d
0000
e00a
026d
0000
e20a
021d
0000
e40a
0000
022d
0000
e60a
0000
024d
0000
900a
0000
026d
0000
920a
021d
0000
940a
0000
960a
0000
e00a
0000
0010
020d
0000
0000
022d
0000
024d
0000
900a
026d
0000
e20a
0010
e40a
0000
022d
0000
e60a
0000
024d
0000
0000
026d
0000
920a
941a
0000
022d
0000
960a
0000
024d
0000
0000
026d
0000
920a
0010
940a
022d
0000
960a
0000
024d
0000
0000
026d
0000
920a
0010
940a
0000
960a
0000
023d
0000
024d
0000
0000
026d
0000
e20a
0010
e40a
0000
022d
0000
e60a
0000
024d
0000
026d
0000
920a
0010
940a
0000
022d
0000
960a
0000
024d
0000
0000
026d
0000
e20a
e41a
0000
022d
0000
e60a
0000
024d
0000
0000
026d
0000
920a
0010
940a
0000
960a
0000
0010
0000
0000
0000
0010
0000
0000
0000
0010
0000
0000
0000
0010
0000
0a40
020d
0000
022d
0000
0000
024d
0000
900a
0000
026d
0000
920a
0010
020d
0000
940a
022d
0000
960a
0000
024d
0000
900a
0000
026d
0000
920a
0010
020d
0000
940a
022d
0000
960a
024d
0000
e00a
0000
026d
0000
e20a
0010
020d
0000
e40a
0000
022d
0000
e60a
024d
0000
900a
0000
026d
0000
920a
0010
940a
0000
960a
0000
0000
0010
020d
0000
022d
0000
0000
024d
0000
e00a
0000
e20a
0010
020d
0000
e40a
0000
022d
0000
024d
0000
900a
0000
026d
0000
920a
0010
020d
0000
940a
0000
022d
0000
e60a
024d
0000
900a
026d
0000
920a
0010
020d
0000
940a
0000
022d
0000
960a
0000
024d
0000
900a
026d
0000
920a
0010
940a
0000
960a
0000
0000
026d
0000
0010
020d
0000
022d
0000
960a
024d
0000
e00a
0000
e20a
0010
020d
0000
e40a
0000
022d
0000
0000
024d
0000
900a
026d
0000
920a
0010
020d
0000
940a
0000
022d
0000
e60a
0000
024d
0000
e00a
026d
0000
e20a
0010
020d
0000
e40a
0000
022d
0000
960a
0000
024d
0000
900a
026d
0000
920a
0010
940a
0000
e60a
0000
0000
026d
0000
0010
020d
0000
0000
022d
0000
960a
024d
0000
900a
0000
920a
0010
020d
0000
940a
0000
022d
0000
0000
024d
0000
900a
026d
0000
920a
0010
020d
0000
940a
0000
022d
0000
960a
0000
024d
0000
e00a
026d
0000
e20a
0010
020d
0000
e40a
0000
022d
0000
960a
0000
024d
0000
900a
026d
0000
920a
0010
940a
0000
e60a
0000
0000
026d
0000
0010
0000
960a
0000
0c00
020d
0000
022d
0000
0000
024d
0000
e00a
0000
e20a
0010
020d
0000
e40a
0000
022d
0000
024d
0000
900a
0000
026d
0000
920a
0010
030d
0000
940a
0000
032d
0000
e60a
034d
0000
0000
026d
0000
0010
020d
0000
0000
022d
0000
960a
0000
024d
0000
900a
036d
0000
920a
0010
020d
0000
940a
0000
022d
0000
0000
024d
0000
900a
0000
026d
0000
920a
021d
0000
940a
0000
022d
0000
960a
0000
024d
0000
e00a
0000
026d
0000
e20a
021d
0000
e40a
0000
022d
0000
960a
0000
024d
0000
0000
026d
0000
0010
020d
0000
022d
0000
080a
e60a
0000
024d
0000
0a0a
900a
0000
026d
0000
0c0a
920a
021d
0000
940a
022d
0000
0000
024d
0000
e00a
0000
026d
0000
e20a
0010
0e0a
e40a
960a
0000
026d
0000
0010
0000
e60a
0000
0000
0010
0000
0000
0000
0010
020d
0000
022d
0000
024d
0000
0000
0010
020d
0000
0000
022d
0000
080a
0000
024d
0000
0a0a
280a
026d
0000
0c0a
2a0a
0010
030d
0000
2c0a
0000
032d
0000
0000
034d
0000
0000
026d
0000
021d
0000
0e0a
0000
022d
0000
2e0a
780a
0000
024d
0000
7a0a
0000
036d
0000
7c0a
0010
0000
0000
026d
0000
0010
030d
0000
7e0a
0000
032d
0000
0000
034d
0000
036d
0000
0010
030d
0000
0000
032d
0000
0000
034d
0000
0000
036d
0000
0010
020d
0000
012d
0000
0000
024d
0000
0000
016d
0000
0010
0000
300a
0000
0000
340a
011d
0000
022d
0000
0000
014d
0000
0000
026d
0000
0010
0000
0000
320a
0000
0010
020d
0000
360a
012d
0000
0000
024d
0000
0000
016d
0000
0010
0000
300a
0000
0000
340a
031d
0000
0000
022d
0000
0000
034d
0000
0000
026d
0000
0010
010d
0000
0000
014d
0000
320a
0010
020d
0000
360a
0000
032d
0000
0000
024d
0000
0000
036d
0000
013d
0000
016d
0000
0010
0000
0000
0000
0010
0000
0000
0000
0010
0000
300a
0000
340a
031d
0000
0000
022d
0000
0000
034d
0000
0000
026d
0000
0010
010d
0000
0000
014d
0000
0010
0000
0000
0000
0010
0000
0000
0000
0010
0000
0000
320a
0000
0010
360a
032d
0000
0000
0000
036d
0000
0010
0000
012d
0000
0000
0000
016d
0000
0010
021d
0000
0000
0000
0010
0000
0000
0000
0010
0000
0000
024d
0000
0000
0010
0000
301a
0000
0010
020d
0000
0000
022d
0000
680a
0000
0000
0010
0000
0000
0000
340a
025d
0000
026d
0000
6c0a
0010
0000
0000
0000
0010
0000
0000
320a
0000
0010
0000
022d
0000
6a0a
0000
0010
0000
0000
0000
0010
360a
0000
0000
0000
026d
0000
0010
6e0a
0000
0000
0010
0000
0000
0000
0010
0000
0000
0000
0010
0000
0000
0000
0010
0410
020d
0000
0000
024d
0000
0000
0010
020d
0000
0000
022d
0000
880a
0000
024d
0000
900a
026d
0000
8c0a
0010
020d
0000
940a
0000
022d
0000
0000
024d
0000
8a0a
900a
026d
0000
920a
0010
020d
0000
8e0a
940a
0000
022d
0000
960a
0000
024d
0000
900a
026d
0000
920a
0010
940a
0000
022d
0000
960a
0000
0000
026d
0000
920a
0010
020d
0000
960a
0000
024d
0000
900a
0000
0010
020d
0000
940a
0000
022d
0000
0000
024d
0000
900a
026d
0000
920a
0010
020d
0000
940a
0000
022d
0000
960a
0000
024d
0000
900a
026d
0000
920a
0010
020d
0000
940a
0000
022d
0000
960a
0000
024d
0000
900a
026d
0000
920a
0010
940a
0000
022d
0000
960a
0000
0000
026d
0000
920a
0010
960a
0000
0010
0000
0000
0000
0010
0000
0000
0000
0010
0000
0000
0000
0010
0000
00e0
020d
0000
0000
024d
0000
900a
0000
0010
030d
0000
940a
0000
022d
0000
0000
034d
0000
026d
0000
920a
0010
020d
0000
0000
032d
0000
960a
780a
0000
024d
0000
036d
0000
7c0a
0010
022d
0000
0000
7a0a
0000
026d
0000
0010
030d
0000
7e0a
0000
032d
0000
034d
0000
0000
036d
0000
0010
030d
0000
0000
032d
0000
0000
034d
0000
036d
0000
021d
0000
0000
012d
0000
300a
0000
024d
0000
0000
016d
0000
340a
0010
010d
0000
022d
0000
0000
014d
0000
320a
0000
026d
0000
0010
020d
0000
360a
0000
012d
0000
300a
024d
0000
0000
016d
0000
340a
0010
010d
0000
0000
022d
0000
0000
014d
0000
320a
026d
0000
0010
020d
0000
360a
0000
012d
0000
300a
0000
024d
0000
016d
0000
340a
011d
0000
0000
022d
0000
0000
014d
0000
320a
0000
026d
0000
0010
020d
0000
360a
012d
0000
300a
0000
024d
0000
0000
016d
0000
340a
0010
010d
0000
022d
0000
014d
0000
320a
0000
026d
0000
0010
020d
0000
360a
0000
012d
0000
300a
024d
0000
016d
0000
340a
0010
010d
0000
0000
022d
0000
0000
014d
0000
320a
0000
026d
0000
021d
0000
360a
0000
012d
0000
300a
0000
0000
016d
0000
0010
0000
0000
024d
0000
340a
0010
0000
022d
0000
0000
320a
0000
026d
0000
0010
360a
0000
0000
0940
020d
0000
300a
0000
024d
0000
0000
340a
0010
020d
0000
0000
012d
0000
300a
024d
0000
016d
0000
340a
0010
020d
0000
0000
022d
0000
0000
024d
0000
900a
320a
026d
0000
021d
0000
940a
360a
0000
022d
0000
0000
024d
0000
900a
320a
0000
026d
0000
021d
0000
940a
360a
0000
022d
0000
0000
024d
0000
900a
0000
026d
0000
920a
021d
0000
940a
022d
0000
960a
0000
024d
0000
900a
0000
026d
0000
920a
0010
020d
0000
940a
022d
0000
960a
0000
024d
0000
900a
0000
026d
0000
920a
0010
020d
0000
940a
022d
0000
960a
0000
024d
0000
900a
0000
026d
0000
920a
0010
020d
0000
940a
022d
0000
960a
024d
0000
900a
0000
026d
0000
920a
0010
020d
0000
940a
0000
022d
0000
960a
024d
0000
900a
0000
026d
0000
920a
0010
940a
0000
022d
0000
960a
0000
026d
0000
920a
0010
022d
0000
960a
0000
0000
026d
0000
920a
0010
020d
0000
0000
960a
300a
024d
0000
0000
340a
0010
020d
0000
0000
300a
0000
024d
0000
0000
340a
021d
0000
012d
0000
300a
0000
024d
0000
0000
016d
0000
340a
0010
010d
0000
0000
022d
0000
014d
0000
320a
0000
026d
0000
0010
020d
0000
360a
0000
012d
0000
300a
024d
0000
016d
0000
340a
0010
010d
0000
0000
022d
0000
0000
014d
0000
320a
0000
026d
0000
021d
0000
360a
0000
012d
0000
300a
0000
024d
0000
0000
016d
0000
340a
011d
0000
022d
0000
0000
014d
0000
320a
0000
026d
0000
0010
020d
0000
360a
0000
012d
0000
300a
024d
0000
0000
016d
0000
340a
0010
0000
022d
0000
0000
320a
0000
026d
0000
361a
0000
022d
0000
0000
320a
0000
026d
0000
0010
360a
0000
022d
0000
320a
026d
0000
0010
360a
0000
0000
0000
0010
0000
0000
0000
0010
0000
0000
0000
06b0
020d
0000
012d
0000
300a
0000
024d
0000
0000
016d
0000
340a
0010
010d
0000
022d
0000
014d
0000
320a
0000
026d
0000
0010
020d
0000
360a
0000
012d
0000
300a
024d
0000
016d
0000
340a
0010
020d
0000
0000
022d
0000
0000
024d
0000
900a
320a
026d
0000
021d
0000
940a
360a
0000
022d
0000
0000
024d
0000
900a
0000
026d
0000
920a
021d
0000
940a
0000
022d
0000
960a
0000
024d
0000
900a
0000
026d
0000
920a
021d
0000
940a
022d
0000
960a
0000
024d
0000
900a
0000
026d
0000
920a
0010
020d
0000
940a
022d
0000
960a
0000
024d
0000
900a
0000
026d
0000
920a
0010
020d
0000
940a
022d
0000
960a
0000
024d
0000
900a
0000
026d
0000
920a
0010
940a
0000
022d
0000
960a
0000
026d
0000
920a
0010
0000
960a
0000
0000
0010
0000
0000
0000
0010
021d
0000
0000
024d
0000
900a
0000
0010
020d
0000
940a
0000
022d
0000
0000
024d
0000
900a
026d
0000
920a
0010
940a
0000
022d
0000
960a
0000
0000
026d
0000
920a
961a
0010
020d
0000
0000
300a
0000
024d
0000
0000
340a
0010
020d
0000
0000
012d
0000
300a
024d
0000
0000
016d
0000
340a
0010
010d
0000
0000
022d
0000
0000
014d
0000
320a
026d
0000
0010
020d
0000
360a
0000
012d
0000
300a
0000
024d
0000
0000
016d
0000
340a
011d
0000
0000
022d
0000
0000
014d
0000
320a
0000
026d
0000
0010
020d
0000
360a
012d
0000
300a
0000
024d
0000
0000
016d
0000
340a
0010
010d
0000
022d
0000
014d
0000
320a
0000
026d
0000
0010
020d
0000
360a
0000
012d
0000
300a
024d
0000
016d
0000
340a
0010
010d
0000
0000
022d
0000
0000
014d
0000
320a
0000
026d
0000
021d
0000
360a
0000
012d
0000
300a
0000
024d
0000
0000
016d
0000
340a
023d
0000
320a
026d
0000
361a
022d
0000
320a
026d
0000
361a
0000
0010
0000
0000
0be0
020d
0000
300a
0000
024d
0000
0000
340a
0010
020d
0000
0000
012d
0000
300a
024d
0000
016d
0000
340a
0010
020d
0000
0000
022d
0000
0000
024d
0000
900a
320a
026d
0000
021d
0000
940a
360a
0000
022d
0000
0000
024d
0000
900a
320a
0000
026d
0000
021d
0000
940a
360a
0000
022d
0000
0000
024d
0000
900a
0000
026d
0000
920a
021d
0000
940a
022d
0000
960a
0000
024d
0000
900a
0000
026d
0000
920a
0010
020d
0000
940a
022d
0000
960a
0000
024d
0000
900a
0000
026d
0000
920a
0010
020d
0000
940a
022d
0000
960a
0000
024d
0000
900a
0000
026d
0000
920a
0010
020d
0000
940a
022d
0000
960a
024d
0000
900a
0000
026d
0000
920a
0010
020d
0000
940a
0000
022d
0000
960a
024d
0000
900a
0000
026d
0000
920a
0010
940a
0000
022d
0000
960a
0000
026d
0000
920a
0010
022d
0000
960a
0000
0000
026d
0000
920a
0010
020d
0000
0000
960a
300a
024d
0000
0000
340a
0010
020d
0000
0000
300a
0000
024d
0000
0000
340a
021d
0000
012d
0000
300a
0000
024d
0000
0000
016d
0000
340a
0010
010d
0000
0000
022d
0000
014d
0000
320a
0000
026d
0000
0010
020d
0000
360a
0000
012d
0000
300a
024d
0000
016d
0000
340a
0010
010d
0000
0000
022d
0000
0000
014d
0000
320a
0000
026d
0000
021d
0000
360a
0000
012d
0000
300a
0000
024d
0000
0000
016d
0000
340a
011d
0000
022d
0000
0000
014d
0000
320a
0000
026d
0000
0010
020d
0000
360a
0000
012d
0000
300a
024d
0000
0000
016d
0000
340a
0010
0000
022d
0000
0000
320a
0000
026d
0000
361a
0000
022d
0000
0000
320a
0000
026d
0000
0010
360a
0000
022d
0000
320a
026d
0000
0010
360a
0000
0000
0000
0010
0000
0000
0000
0010
0000
0000
0000
0580
020d
0000
300a
0000
024d
0000
0000
340a
0010
020d
0000
0000
012d
0000
300a
024d
0000
016d
0000
340a
0010
020d
0000
0000
022d
0000
0000
024d
0000
900a
320a
026d
0000
021d
0000
940a
360a
0000
022d
0000
0000
024d
0000
900a
320a
0000
026d
0000
021d
0000
940a
360a
0000
022d
0000
0000
024d
0000
900a
0000
026d
0000
920a
021d
0000
940a
022d
0000
960a
0000
024d
0000
900a
0000
026d
0000
920a
0010
020d
0000
940a
022d
0000
960a
0000
024d
0000
900a
0000
026d
0000
920a
0010
020d
0000
940a
022d
0000
960a
0000
024d
0000
900a
0000
026d
0000
920a
0010
940a
0000
022d
0000
960a
0000
026d
0000
920a
0010
0000
022d
0000
960a
0000
0000
026d
0000
920a
021d
0000
022d
0000
960a
0000
024d
0000
900a
0000
920a
0010
020d
0000
940a
0000
022d
0000
024d
0000
900a
0000
026d
0000
920a
0010
940a
0000
960a
0000
0000
026d
0000
0010
960a
0000
0000
0010
020d
0000
0000
012d
0000
300a
0000
024d
0000
0000
340a
011d
0000
0000
022d
0000
0000
024d
0000
320a
0000
016d
0000
340a
0010
020d
0000
012d
0000
300a
0000
014d
0000
0000
026d
0000
0010
010d
0000
360a
0000
022d
0000
024d
0000
320a
0000
016d
0000
340a
0010
020d
0000
0000
012d
0000
300a
0000
014d
0000
026d
0000
0010
010d
0000
360a
0000
022d
0000
0000
024d
0000
320a
0000
016d
0000
340a
021d
0000
0000
012d
0000
300a
0000
014d
0000
0000
026d
0000
0010
010d
0000
360a
022d
0000
0000
024d
0000
320a
0000
016d
0000
340a
0010
020d
0000
012d
0000
300a
014d
0000
0000
026d
0000
0010
010d
0000
360a
0000
022d
0000
0000
024d
0000
320a
016d
0000
340a
0010
020d
0000
0000
012d
0000
300a
0000
0000
026d
0000
361a
0000
022d
0000
0000
320a
0000
026d
0000
0010
360a
0000
0000
0000
0010
0ae0
024d
0000
340a
0010
020d
0000
0000
012d
0000
300a
0000
024d
0000
0000
016d
0000
340a
011d
0000
0000
022d
0000
0000
024d
0000
320a
0000
026d
0000
0010
020d
0000
940a
360a
012d
0000
300a
0000
024d
0000
0000
026d
0000
0010
020d
0000
940a
360a
022d
0000
0000
024d
0000
900a
320a
0000
026d
0000
0010
020d
0000
940a
0000
022d
0000
960a
024d
0000
900a
0000
026d
0000
920a
0010
020d
0000
940a
0000
022d
0000
960a
024d
0000
900a
0000
026d
0000
920a
0010
020d
0000
940a
0000
022d
0000
960a
024d
0000
900a
0000
026d
0000
920a
0010
020d
0000
940a
0000
022d
0000
960a
024d
0000
900a
026d
0000
920a
0010
020d
0000
940a
0000
022d
0000
960a
0000
024d
0000
900a
026d
0000
920a
0010
020d
0000
940a
0000
022d
0000
960a
0000
900a
0000
026d
0000
920a
021d
0000
0000
022d
0000
960a
0000
900a
0000
026d
0000
920a
0010
022d
0000
960a
024d
0000
0000
920a
340a
0010
0000
0000
024d
0000
0000
340a
0010
020d
0000
300a
0000
024d
0000
0000
016d
0000
340a
0010
020d
0000
0000
012d
0000
300a
014d
0000
0000
026d
0000
0010
010d
0000
360a
0000
022d
0000
0000
024d
0000
320a
016d
0000
340a
0010
020d
0000
0000
012d
0000
300a
0000
014d
0000
0000
026d
0000
011d
0000
360a
0000
022d
0000
0000
024d
0000
320a
0000
016d
0000
340a
0010
020d
0000
012d
0000
300a
0000
014d
0000
0000
026d
0000
0010
010d
0000
360a
0000
022d
0000
024d
0000
320a
0000
016d
0000
340a
0010
020d
0000
0000
012d
0000
300a
026d
0000
011d
0000
360a
022d
0000
0000
320a
0000
026d
0000
0010
020d
0000
360a
012d
0000
300a
0000
026d
0000
0010
360a
0000
022d
0000
0000
320a
0000
0010
0000
022d
0000
320a
0000
0010
0000
0000
0000
0010
0000
0000
0000
0010
0000
0000
0000
0500
024d
0000
016d
0000
340a
0010
020d
0000
0000
012d
0000
300a
0000
014d
0000
026d
0000
011d
0000
360a
0000
022d
0000
0000
024d
0000
320a
0000
016d
0000
340a
021d
0000
012d
0000
300a
0000
024d
0000
0000
026d
0000
0010
020d
0000
940a
360a
022d
0000
024d
0000
900a
320a
0000
026d
0000
0010
020d
0000
940a
0000
022d
0000
960a
024d
0000
900a
0000
026d
0000
920a
0010
020d
0000
940a
0000
022d
0000
960a
024d
0000
900a
026d
0000
920a
0010
020d
0000
940a
0000
022d
0000
960a
0000
024d
0000
900a
026d
0000
920a
0010
020d
0000
940a
0000
022d
0000
960a
0000
024d
0000
900a
026d
0000
920a
0010
020d
0000
940a
0000
022d
0000
960a
0000
900a
0000
026d
0000
920a
0010
022d
0000
960a
0000
0000
026d
0000
920a
0010
0000
022d
0000
960a
024d
0000
026d
0000
920a
0010
020d
0000
940a
0000
022d
0000
960a
0000
024d
0000
900a
920a
0010
020d
0000
940a
0000
0000
900a
0000
0010
0000
0000
0000
026d
0000
361a
022d
0000
0000
024d
0000
320a
0000
016d
0000
340a
0010
020d
0000
0000
012d
0000
300a
014d
0000
0000
026d
0000
0010
010d
0000
360a
0000
022d
0000
0000
024d
0000
320a
016d
0000
340a
0010
020d
0000
0000
012d
0000
300a
0000
014d
0000
0000
026d
0000
011d
0000
360a
0000
022d
0000
0000
024d
0000
320a
0000
016d
0000
340a
021d
0000
012d
0000
300a
0000
014d
0000
0000
026d
0000
0010
010d
0000
360a
0000
022d
0000
024d
0000
320a
0000
016d
0000
340a
0010
020d
0000
0000
012d
0000
300a
014d
0000
026d
0000
0010
010d
0000
360a
0000
022d
0000
0000
024d
0000
320a
0000
016d
0000
340a
021d
0000
0000
012d
0000
300a
0000
014d
0000
0000
026d
0000
0010
010d
0000
360a
022d
0000
0000
024d
0000
320a
0000
340a
0010
020d
0000
0000
300a
0c00
026d
0000
361a
0000
022d
0000
0000
024d
0000
320a
0000
016d
0000
340a
0010
020d
0000
012d
0000
300a
0000
014d
0000
0000
026d
0000
0010
010d
0000
360a
0000
022d
0000
024d
0000
320a
0000
026d
0000
340a
0010
020d
0000
0000
022d
0000
960a
300a
024d
0000
0000
026d
0000
920a
0010
020d
0000
940a
0000
022d
0000
960a
0000
024d
0000
900a
026d
0000
920a
0010
020d
0000
940a
0000
022d
0000
960a
0000
024d
0000
900a
026d
0000
920a
0010
020d
0000
940a
0000
022d
0000
960a
0000
024d
0000
900a
026d
0000
920a
0010
020d
0000
940a
0000
022d
0000
960a
0000
024d
0000
900a
026d
0000
920a
021d
0000
940a
0000
022d
0000
960a
0000
024d
0000
900a
0000
026d
0000
920a
021d
0000
940a
0000
022d
0000
960a
0000
024d
0000
900a
0000
026d
0000
920a
021d
0000
940a
0000
022d
0000
960a
0000
024d
0000
900a
0000
920a
0010
020d
0000
940a
0000
900a
0000
0010
0000
0000
0000
026d
0000
0010
360a
0000
022d
0000
024d
0000
320a
016d
0000
340a
0010
020d
0000
0000
012d
0000
300a
0000
014d
0000
026d
0000
011d
0000
360a
0000
022d
0000
0000
024d
0000
320a
0000
016d
0000
340a
021d
0000
012d
0000
300a
0000
014d
0000
0000
026d
0000
0010
010d
0000
360a
0000
022d
0000
024d
0000
320a
0000
016d
0000
340a
0010
020d
0000
0000
012d
0000
300a
014d
0000
026d
0000
0010
010d
0000
360a
0000
022d
0000
0000
024d
0000
320a
0000
016d
0000
340a
021d
0000
0000
012d
0000
300a
0000
014d
0000
0000
026d
0000
0010
010d
0000
360a
022d
0000
0000
024d
0000
320a
0000
016d
0000
340a
0010
020d
0000
012d
0000
300a
014d
0000
0000
026d
0000
0010
010d
0000
360a
0000
022d
0000
0000
024d
0000
320a
340a
0010
020d
0000
0000
300a
0000
0000
0010
0000
0000
0000
0010
05d0
026d
0000
361a
0000
022d
0000
0000
024d
0000
320a
0000
016d
0000
340a
0010
020d
0000
012d
0000
300a
0000
014d
0000
0000
026d
0000
0010
010d
0000
360a
0000
022d
0000
024d
0000
320a
0000
026d
0000
340a
0010
020d
0000
0000
022d
0000
960a
300a
024d
0000
0000
920a
0010
020d
0000
940a
0000
0000
900a
0000
0010
0000
0000
026d
0000
361a
0000
022d
0000
0000
024d
0000
320a
0000
016d
0000
340a
0010
020d
0000
012d
0000
300a
0000
014d
0000
0000
026d
0000
0010
010d
0000
360a
0000
022d
0000
024d
0000
320a
0000
026d
0000
340a
0010
020d
0000
0000
022d
0000
300a
0000
024d
0000
036d
0000
0010
020d
0000
8e0a
0000
032d
0000
0000
034d
0000
8a0a
0000
026d
0000
8c0a
031d
0000
0000
022d
0000
880a
960a
0000
024d
0000
0000
026d
0000
920a
021d
0000
940a
0000
022d
0000
960a
0000
024d
0000
900a
0000
026d
0000
920a
021d
0000
940a
022d
0000
960a
0000
024d
0000
900a
0000
026d
0000
920a
0010
020d
0000
940a
022d
0000
960a
0000
024d
0000
900a
0000
920a
0010
020d
0000
940a
0000
900a
0010
0000
0000
0000
0010
0000
0000
0000
036d
0000
0010
0000
032d
0000
0000
026d
0000
0010
022d
0000
e60a
0000
034d
0000
0000
026d
0000
e20a
0010
030d
0000
022d
0000
960a
024d
0000
0000
026d
0000
920a
0010
020d
0000
e40a
0000
022d
0000
e60a
024d
0000
e00a
0000
026d
0000
e20a
0010
020d
0000
940a
0000
022d
0000
960a
024d
0000
900a
026d
0000
920a
0010
020d
0000
e40a
0000
022d
0000
960a
0000
024d
0000
e00a
920a
0010
020d
0000
940a
0000
0000
024d
0000
900a
0000
0010
020d
0000
940a
0000
900a
0000
0010
0000
0000
0000
0010
0000
0000
0000
0010
0000
0000
0000
0ad0
026d
0000
0010
022d
0000
960a
0000
024d
0000
0000
026d
0000
920a
0010
020d
0000
940a
022d
0000
e60a
0000
024d
0000
900a
0000
026d
0000
e20a
0010
020d
0000
e40a
022d
0000
960a
0000
024d
0000
e00a
0000
026d
0000
920a
0010
020d
0000
940a
022d
0000
e60a
024d
0000
900a
0000
026d
0000
e20a
0010
020d
0000
e40a
0000
022d
0000
960a
024d
0000
e00a
0000
026d
0000
920a
0010
020d
0000
940a
0000
022d
0000
960a
024d
0000
900a
0000
026d
0000
920a
0010
020d
0000
940a
0000
022d
0000
960a
024d
0000
900a
026d
0000
920a
0010
020d
0000
940a
0000
022d
0000
e60a
0000
024d
0000
900a
e20a
0010
020d
0000
e40a
0000
0000
e00a
0000
0010
0000
0000
0000
0010
0650
026d
0000
0010
022d
0000
960a
0000
024d
0000
0000
026d
0000
920a
0010
020d
0000
940a
022d
0000
e60a
0000
024d
0000
900a
0000
026d
0000
e20a
0010
020d
0000
e40a
022d
0000
960a
024d
0000
e00a
026d
0000
920a
021d
0000
940a
022d
0000
960a
024d
0000
900a
026d
0000
920a
021d
0000
940a
022d
0000
960a
0000
024d
0000
900a
026d
0000
920a
021d
0000
940a
0000
022d
0000
e60a
0000
024d
0000
900a
0000
026d
0000
e20a
021d
0000
e40a
0000
022d
0000
960a
0000
024d
0000
e00a
0000
026d
0000
920a
021d
0000
940a
0000
022d
0000
e60a
0000
024d
0000
900a
0000
e20a
0010
020d
0000
e40a
0000
e00a
0000
0010
0000
0000
0000
0010
0000
0000
0000
0010
0000
0000
0020
026d
0000
0010
022d
0000
960a
0000
0000
026d
0000
920a
0010
020d
0000
0000
022d
0000
960a
024d
0000
900a
0000
026d
0000
920a
0010
020d
0000
940a
0000
022d
0000
960a
024d
0000
900a
0000
026d
0000
920a
0010
020d
0000
940a
0000
022d
0000
e60a
024d
0000
900a
0000
026d
0000
e20a
0010
020d
0000
940a
0000
022d
0000
960a
024d
0000
e00a
026d
0000
920a
0010
020d
0000
e40a
0000
022d
0000
e60a
0000
024d
0000
900a
026d
0000
e20a
0010
020d
0000
940a
0000
022d
0000
960a
0000
024d
0000
e00a
026d
0000
920a
0010
020d
0000
e40a
0000
022d
0000
960a
0000
024d
0000
900a
920a
021d
0000
940a
0000
0000
024d
0000
900a
0000
0010
940a
0000
0000
0000
0010
0880
026d
0000
0010
022d
0000
960a
0000
0000
026d
0000
920a
0010
020d
0000
0000
022d
0000
e60a
024d
0000
900a
0000
026d
0000
e20a
0010
020d
0000
940a
0000
022d
0000
960a
024d
0000
e00a
0000
026d
0000
920a
0010
020d
0000
e40a
0000
022d
0000
e60a
024d
0000
900a
0000
026d
0000
e20a
0010
020d
0000
940a
0000
022d
0000
960a
024d
0000
e00a
026d
0000
920a
0010
020d
0000
e40a
0000
022d
0000
960a
0000
024d
0000
900a
026d
0000
920a
0010
020d
0000
940a
0000
022d
0000
960a
0000
024d
0000
900a
026d
0000
920a
0010
020d
0000
940a
0000
022d
0000
e60a
0000
024d
0000
900a
e20a
021d
0000
940a
0000
0000
024d
0000
e00a
0000
0010
e40a
0000
0000
0000
0010
0060
026d
0000
0010
022d
0000
960a
0000
0000
026d
0000
920a
0010
020d
0000
0000
022d
0000
e60a
900a
0000
026d
0000
e20a
0010
020d
0000
0000
022d
0000
960a
0000
e00a
026d
0000
920a
0010
020d
0000
0000
022d
0000
2e0a
0000
900a
0000
036d
0000
2a0a
021d
0000
0000
032d
0000
0000
280a
0000
026d
0000
0010
030d
0000
0000
022d
0000
960a
0000
026d
0000
920a
0010
020d
0000
0000
022d
0000
e60a
0000
900a
0000
026d
0000
e20a
021d
0000
0000
022d
0000
960a
0000
e00a
0000
026d
0000
920a
0010
020d
0000
022d
0000
0000
900a
0000
026d
0000
0010
020d
0000
0e0a
0000
022d
0000
2e0a
0a0a
0000
2a0a
0010
020d
0000
0000
080a
0000
280a
0000
0010
0000
0000
0000
0580
024d
0000
026d
0000
0010
940a
0000
022d
0000
e60a
0000
024d
0000
0000
026d
0000
e20a
021d
0000
e40a
0000
022d
0000
960a
0000
024d
0000
e00a
0000
026d
0000
920a
021d
0000
940a
0000
022d
0000
960a
0000
024d
0000
900a
0000
920a
0010
020d
0000
2c0a
0000
034d
0000
900a
0000
0010
0000
0000
024d
0000
0000
0010
940a
0000
024d
0000
026d
0000
0010
e40a
0000
022d
0000
0000
024d
0000
0000
026d
0000
0010
020d
0000
0e0a
940a
022d
0000
960a
0000
024d
0000
0a0a
0000
036d
0000
920a
0010
020d
0000
032d
0000
080a
0000
024d
0000
900a
0000
026d
0000
0c0a
0010
030d
0000
2c0a
7e0a
022d
0000
0000
024d
0000
7a0a
0000
0010
020d
0000
e40a
0000
780a
0000
024d
0000
0010
940a
0000
0000
024d
0000
0000
0010
940a
0000
0000
0000
0010
0000
0020
024d
0000
0010
0000
0000
024d
0000
0000
0c0a
0010
940a
0000
0000
034d
0000
025d
0000
036d
0000
7c0a
0010
030d
0000
0000
032d
0000
0000
034d
0000
0000
036d
0000
031d
0000
0000
032d
0000
0000
034d
0000
0000
026d
0000
0010
020d
0000
0000
012d
0000
014d
0000
0000
0010
360a
0000
300a
0000
024d
0000
0000
016d
0000
0010
010d
0000
022d
0000
0000
0000
340a
0010
0000
0000
014d
0000
320a
0000
026d
0000
021d
0000
012d
0000
0000
0000
0010
360a
0000
300a
0000
024d
0000
0000
0010
0000
022d
0000
0000
340a
0010
0000
0000
320a
0000
0010
0000
0000
0000
0010
0000
0000
09d0
026d
0000
0010
022d
0000
0000
014d
0000
0000
0010
010d
0000
360a
0000
0000
024d
0000
320a
016d
0000
0010
020d
0000
0000
012d
0000
0000
0000
340a
0010
0000
300a
014d
0000
0000
026d
0000
0010
010d
0000
0000
022d
0000
0000
0000
0010
360a
024d
0000
320a
021d
0000
0000
0000
0000
340a
0010
0000
300a
0000
0000
0010
0000
0080
036d
0000
0010
032d
0000
0000
0000
026d
0000
0010
7e0a
0000
022d
0000
0000
034d
0000
7a0a
0010
030d
0000
0000
0000
024d
0000
0000
7c0a
0010
020d
0000
0000
032d
0000
780a
034d
0000
0000
036d
0000
0010
030d
0000
0000
032d
0000
0000
034d
0000
036d
0000
0010
030d
0000
0000
022d
0000
0000
024d
0000
0000
026d
0000
0010
020d
0000
0000
0a0a
0000
0c0a
0010
0e0a
0000
022d
0000
080a
0000
024d
0000
6a0a
026d
0000
6c0a
021d
0000
6e0a
0000
022d
0000
680a
0000
024d
0000
0000
026d
0000
021d
0000
022d
0000
0000
024d
0000
0a0a
0000
026d
0000
0c0a
920a
0010
020d
0000
0e0a
940a
022d
0000
080a
960a
0000
024d
0000
900a
0000
026d
0000
920a
0010
020d
0000
940a
022d
0000
960a
0000
024d
0000
900a
0000
026d
0000
2a0a
0010
020d
0000
2c0a
022d
0000
2e0a
0000
024d
0000
280a
0000
026d
0000
920a
0010
940a
0000
022d
0000
960a
024d
0000
0000
026d
0000
920a
0010
020d
0000
940a
0000
960a
0000
900a
021d
0000
900a
0000
0010
0000
022d
0000
0000
024d
0000
320a
0000
016d
0000
340a
023d
0000
024d
0000
026d
0000
2a0a
0010
020d
0000
2c0a
360a
0000
022d
0000
300a
024d
0000
026d
0000
2a0a
0010
020d
0000
2c0a
0000
022d
0000
2e0a
0000
024d
0000
280a
026d
0000
2a0a
0010
020d
0000
2c0a
0000
022d
0000
2e0a
0000
024d
0000
280a
026d
0000
2a0a
021d
0000
2c0a
0000
022d
0000
2e0a
0000
024d
0000
280a
0000
026d
0000
920a
021d
0000
940a
0000
022d
0000
2e0a
0000
024d
0000
280a
0000
026d
0000
2a0a
021d
0000
2c0a
0000
022d
0000
960a
0000
024d
0000
900a
0000
026d
0000
2a0a
021d
0000
2c0a
2e0a
0000
280a
0000
026d
0000
0010
020d
0000
0000
2e0a
0000
280a
0030
022d
0000
024d
0000
0000
0010
0000
022d
0000
0000
024d
0000
0a0a
0000
026d
0000
0c0a
2a0a
021d
0000
2c0a
0000
022d
0000
0000
024d
0000
0000
026d
0000
2a0a
021d
0000
0e0a
2c0a
080a
2e0a
0000
280a
0000
026d
0000
0010
020d
0000
0000
2e0a
280a
0010
0000
0000
0000
0010
0000
0000
0000
0010
0000
0000
0000
0010
0000
0000
0a10
022d
0000
024d
0000
0000
2a0a
0010
2c0a
0000
022d
0000
0000
024d
0000
0000
026d
0000
920a
021d
0000
940a
0000
022d
0000
2e0a
0000
024d
0000
280a
0000
026d
0000
2a0a
021d
0000
2c0a
0000
022d
0000
960a
0000
024d
0000
900a
0000
026d
0000
2a0a
021d
0000
2c0a
0000
032d
0000
2e0a
0000
034d
0000
280a
0000
026d
0000
0010
020d
0000
2e0a
0000
280a
0000
036d
0000
0010
030d
0000
0000
012d
0000
0000
014d
0000
0010
0000
0000
0000
016d
0000
0010
010d
0000
0000
022d
0000
0000
220a
0000
013d
0000
0010
0000
0000
0000
0010
0000
022d
0000
0000
220a
0000
0010
0000
012d
0000
0000
0010
0000
022d
0000
0000
220a
0000
0010
0000
0000
024d
0000
0000
240a
015d
0000
0010
0000
0000
0000
0010
0000
0000
024d
0000
0000
240a
0010
0000
0000
014d
0000
0010
0000
0000
024d
0000
0000
240a
0010
0000
0000
0000
026d
0000
0010
260a
0000
0000
016d
0000
0010
0000
0000
0000
0010
0000
0000
0000
026d
0000
0010
260a
0000
0000
016d
0000
0010
0000
0000
0000
026d
0000
0010
020d
0000
260a
0000
200a
0000
0010
010d
0000
0000
0000
0000
0010
0000
0000
0000
0010
020d
0000
0000
200a
0000
0010
010d
0000
0000
0000
0000
0010
020d
0000
0000
200a
0000
0000
0010
0770
8046
0010
0000
0000
0010
0000
0000
0000
0010
0000
0000
0000
0010
0000
0000
0040
022d
0000
7a0a
0000
4006
0010
0000
0000
0000
0010
0000
0000
0000
0010
0000
8086
0000
0010
0000
0000
0000
0010
0000
0000
0000
0010
0000
0000
0000
0010
0000
0116
0010
0000
0000
0010
0000
00c6
0000
0000
0010
0000
0000
0000
0010
0000
0000
0020
8186
0010
0000
0000
0010
0000
0000
0000
0010
0000
0000
0000
0010
0000
0000
00f0
82c6
0010
01c6
0000
0000
0010
0000
0000
0000
0010
0000
0000
0000
0010
0000
8246
0010
0000
0010
0000
0000
0000
8206
0010
0000
0000
0000
0146
0010
0000
0000
0060
0306
0010
0000
0000
0010
0000
0000
0000
0010
0000
0000
0000
0010
0000
0000
c056
0010
0000
0000
0010
0000
0000
0000
0010
0000
0000
0000
0010
0000
0000
0000
c096
0010
0000
0000
0000
0010
0000
0000
0000
0010
0000
0000
0000
0010
0000
0000
0020
c186
0010
0000
0000
0010
0000
0000
0000
0010
0000
0000
0000
0010
0000
0000
4146
0010
40c6
0000
0000
0010
0000
0000
0000
0010
0000
41c6
0000
0000
0010
0000
c2c6
0000
0010
0000
0000
0000
0010
0000
0000
0000
0010
0000
0000
0000
0010
0000
0050
0286
0010
0000
024d
0000
0000
7c0a
8006
0010
0000
0000
0000
0010
0000
0000
c246
0010
0000
0000
0010
0000
0000
0000
0010
0000
0000
0000
0010
0000
0000
0000
0060
4106
0000
0010
0000
0000
0000
0010
0000
0000
0000
0010
0000
0000
0000
0010
0046
0000
026d
0000
0010
7e0a
0000
c006
0000
0000
0010
0000
c206
0000
0000
0010
0040
8146
0000
0010
0000
0000
0000
0010
0000
0000
0000
0010
0000
0000
0000
0086
0090
4286
0010
0000
0000
0010
0000
0000
0000
0010
0000
0000
0000
0010
0000
0000
4096
0010
0000
0000
0010
0000
0000
0000
0010
0000
0000
0000
0010
0000
0000
0000
0050
8106
0000
0010
0000
0000
0000
0010
0000
0000
0000
0010
0000
0000
0000
c106
0080
80c6
0010
0000
0000
0010
0000
0186
0000
0000
0010
0000
0206
0000
0000
0010
8286
0000
0010
0000
4306
0000
0000
4186
0010
0000
c146
0000
0000
4046
0010
0000
0040
0246
0000
0010
0000
0000
0000
0010
0000
0000
0000
0010
0000
0000
0000
0010
00f0
4246
0000
0010
0000
c286
0000
0000
c0c6
0010
0000
8306
0000
0000
0010
0000
0020
c306
0010
0000
0000
0010
0000
0000
0000
0010
0000
0000
0000
0010
0000
0000
0020
02c6
0000
81c6
0010
0000
0000
0000
0010
0000
0000
0000
4206
0010
0000
0000
42c6
0010
0000
0000
0010
0000
0000
0000
0010
0000
0000
0000
8646
0010
0000
0000
0030
c1c6
0010
0000
0000
0010
0000
0000
0000
0010
0000
0000
0000
0010
0000
0000
0040
c646
021d
0000
0000
780a
0006
0000
0000
0010
0000
0000
0000
0010
0000
0000
0696
0010
0000
0000
0010
0000
0000
0000
0010
0000
0000
0000
4686
0010
0000
0000
0020
8606
0010
0000
0000
0010
0000
0000
0000
0010
0000
0000
0000
0010
0000
c606
0180
8686
0000
0010
0000
0606
0000
0000
0010
0000
0000
0000
0010
0000
0000
0000
0040
0646
0000
0010
0000
0000
0000
0010
0000
0000
0000
0010
0000
0000
0000
0010
0150
c686
0000
0010
0000
0000
0000
0010
0000
0000
0000
0010
0000
0000
0000
4606
0020
4646
0000
0010
0000
0000
0000
0010
0000
0000
0000
0010
0000
0000
0000
0010
2ff0
fe85
0007
0000
0000
0001
cc08
fd03
7f79
0000
0010
0000
0000
0000
0010
0000
