2ff0
fe85
0007
0000
0000
0001
4682
fd03
7f79
0000
0010
0000
0000
0000
0010
0000
0b70
fe85
0007
0000
0000
0000
0010
0000
0000
0000
0010
0000
0000
0000
0010
0000
03a0
0e8f
0100
0000
108f
0001
0000
0000
0010
128f
0001
0000
0000
0000
0000
0010
0040
1c8f
0010
0000
0000
0000
0010
0000
0000
0000
0010
0000
0000
0000
0010
0000
2ff0
188f
f310
fba5
0000
1a8f
017e
0000
0000
0001
5091
fd03
7f79
0000
5a8f
002c
0000
249f
0096
00ac
0000
268f
00cc
000a
0000
808f
0000
af60
0000
828f
7efb
8000
849f
0000
00d0
868f
4fac
00ea
0000
888f
0680
a500
0000
8a8f
7efb
0000
0010
0000
0ab0
008f
0425
0000
0010
0000
0000
0000
0010
0000
0000
0000
0010
0000
0000
0000
0060
8203
1020
0000
0000
4203
1020
0010
0000
c203
1020
0000
0000
0010
0000
0000
0203
1020
0010
0000
0000
0000
0010
8243
1020
0000
0000
0000
4243
1020
0010
0000
c243
1020
0000
0010
0000
0000
0243
1020
0000
0010
0000
0000
0000
0010
8283
1020
4283
1020
0010
c283
1020
0000
0000
0010
0000
0000
0283
1020
0000
0010
0000
0000
82d3
1020
0000
42c3
1020
0010
0000
c2c3
1020
0000
0000
0010
0000
0000
02c3
1020
4313
1020
0010
c303
1020
0000
0000
0010
0000
0000
0303
1020
0000
0010
0000
0000
8313
1020
0000
4003
1020
0010
0000
c003
1020
0000
0000
0010
0000
0000
0003
1020
0020
8003
1020
0000
0000
4043
1020
0010
0000
c043
1020
0000
0000
0010
0000
0000
0043
1020
0010
0000
0000
0000
0010
8043
1020
0000
0000
0000
4083
1020
0010
0000
c083
1020
0000
0010
0000
0000
0083
1020
0000
0010
0000
0000
0000
0010
8083
1020
40c3
1020
0010
c0c3
1020
0000
0000
0010
0000
0000
00c3
1020
0000
0010
0000
0000
80d3
1020
0000
4103
1020
0010
0000
c103
1020
0000
0000
0010
0000
0000
0103
1020
0020
8103
1020
0000
0000
4143
1020
0010
0000
c143
1020
0000
0000
0010
0000
0000
0143
1020
0010
0000
0000
0000
0010
8143
1020
0000
0000
0000
4183
1020
0010
0000
c183
1020
0000
0010
0000
0000
0183
1020
0000
0010
0000
0000
0000
0010
8183
1020
41c3
1020
0010
c1c3
1020
0000
0000
0010
0000
0000
01c3
1020
0000
0010
0000
0000
81d3
1020
0000
4603
3020
0010
0000
c603
3020
0000
0000
0010
0000
0000
0603
3020
0020
8603
3020
0000
0000
4643
3020
0010
0000
c643
3020
0000
0000
0010
0000
0000
0643
3020
0010
0000
0000
0000
0010
8643
3020
0000
0000
0000
4683
3020
0010
0000
c683
3020
0000
0010
0000
0000
0683
3020
0000
0010
0000
0000
0000
0010
8683
3020
0540
fe85
0007
0000
0000
0010
0000
0000
0000
0010
0000
0000
0000
0010
0000
0000
0600
022d
0000
0000
026d
0000
0000
020d
0000
0010
022d
0000
0000
024d
0000
020a
026d
0000
020d
0000
060a
0010
022d
0000
000a
0000
024d
0000
020a
0000
026d
0000
040a
020d
0000
060a
0010
022d
0000
000a
0000
024d
0000
020a
0000
026d
0000
040a
020d
0000
060a
023d
0000
000a
0000
024d
0000
020a
0000
026d
0000
040a
2a0a
0000
020d
0000
060a
023d
0000
000a
2e0a
0000
024d
0000
280a
0000
026d
0000
040a
2a0a
020d
0000
2c0a
023d
0000
2e0a
0000
024d
0000
280a
0000
026d
0000
0000
020d
0000
2c0a
0010
024d
0000
0a0a
0000
0000
0e0a
0010
080a
0000
0000
0c0a
0000
0010
0000
2ff0
032d
0000
0000
036d
0000
0001
624d
fd03
7f79
0000
030d
0000
0010
022d
0000
034d
0000
026d
0000
0000
020d
0000
0010
022d
0000
0000
024d
0000
0a0a
0000
026d
0000
020d
0000
0e0a
0010
022d
0000
080a
0000
024d
0000
0a0a
0000
026d
0000
0c0a
020d
0000
0e0a
023d
0000
080a
0000
024d
0000
0a0a
0000
026d
0000
0c0a
0000
020d
0000
0e0a
023d
0000
080a
0000
024d
0000
0a0a
0000
026d
0000
0c0a
0000
020d
0000
0e0a
023d
0000
080a
0000
024d
0000
0a0a
0000
026d
0000
0c0a
0000
020d
0000
0e0a
023d
0000
080a
024d
0000
0a0a
0000
026d
0000
0c0a
0000
020d
0000
0e0a
0010
022d
0000
080a
024d
0000
0a0a
0000
026d
0000
0c0a
0000
020d
0000
0e0a
0010
022d
0000
080a
024d
0000
0a0a
0000
026d
0000
0c0a
2a0a
0000
020d
0000
0e0a
0010
022d
0000
080a
2e0a
024d
0000
280a
0000
026d
0000
0c0a
0000
020d
0000
2c0a
0010
022d
0000
024d
0000
0a0a
026d
0000
0000
020d
0000
0e0a
0010
022d
0000
080a
0000
024d
0000
0a0a
026d
0000
0c0a
0000
020d
0000
0e0a
0010
022d
0000
080a
0000
024d
0000
0a0a
026d
0000
0c0a
020d
0000
0e0a
0010
080a
0000
024d
0000
0000
0c0a
0000
0010
0000
2a1a
0010
022d
0000
2e0a
0000
280a
0000
026d
0000
0000
020d
0000
2c0a
0010
022d
0000
024d
0000
0a0a
0000
026d
0000
2a0a
0000
020d
0000
0e0a
0010
022d
0000
080a
2e0a
024d
0000
280a
0000
026d
0000
0c0a
920a
0000
020d
0000
2c0a
0010
022d
0000
960a
024d
0000
900a
0000
026d
0000
920a
0000
020d
0000
940a
0010
022d
0000
960a
024d
0000
900a
026d
0000
2a0a
0000
020d
0000
940a
0010
022d
0000
2e0a
0000
024d
0000
280a
026d
0000
2a0a
0000
020d
0000
2c0a
0010
022d
0000
2e0a
0000
024d
0000
280a
026d
0000
2a0a
0000
020d
0000
2c0a
0010
022d
0000
2e0a
0000
024d
0000
280a
026d
0000
920a
020d
0000
2c0a
0010
022d
0000
960a
0000
024d
0000
900a
0000
026d
0000
2a0a
020d
0000
940a
0010
2e0a
0000
024d
0000
280a
0000
0000
2c0a
0010
0000
0030
022d
0000
0000
026d
0000
0000
020d
0000
0010
022d
0000
0000
024d
0000
0a0a
026d
0000
020d
0000
0e0a
0010
022d
0000
080a
0000
024d
0000
0a0a
0000
026d
0000
0c0a
020d
0000
0e0a
0010
022d
0000
080a
0000
024d
0000
0a0a
0000
026d
0000
0c0a
020d
0000
0e0a
023d
0000
080a
0000
024d
0000
0a0a
0000
026d
0000
0c0a
0000
020d
0000
0e0a
023d
0000
080a
0000
024d
0000
0a0a
0000
026d
0000
0c0a
0000
020d
0000
0e0a
023d
0000
080a
0000
024d
0000
0a0a
0000
026d
0000
0c0a
0000
020d
0000
0e0a
023d
0000
080a
024d
0000
0a0a
0000
026d
0000
0c0a
0000
020d
0000
0e0a
0010
022d
0000
080a
024d
0000
0a0a
0000
026d
0000
0c0a
0000
020d
0000
0e0a
0010
022d
0000
080a
024d
0000
0a0a
0000
026d
0000
0c0a
0000
020d
0000
0e0a
0010
022d
0000
080a
024d
0000
0a0a
026d
0000
0c0a
0000
020d
0000
0e0a
0010
080a
0000
024d
0000
0a0a
0c0a
0e0a
0010
080a
0000
0000
0c0a
0000
0010
0000
0000
0000
0010
0000
0000
0000
0490
022d
0000
0000
026d
0000
0000
020d
0000
0010
022d
0000
0000
0a0a
0000
026d
0000
020d
0000
0e0a
0010
022d
0000
080a
0000
0a0a
0000
026d
0000
0000
020d
0000
0e0a
023d
0000
080a
0000
0a0a
0000
026d
0000
0000
020d
0000
0e0a
0010
022d
0000
080a
0a0a
0000
026d
0000
0000
020d
0000
0e0a
0010
022d
0000
080a
0000
0a0a
0000
026d
0000
920a
020d
0000
0e0a
0010
022d
0000
080a
960a
0000
900a
0000
026d
0000
920a
020d
0000
0010
022d
0000
960a
0000
900a
0000
026d
0000
2a0a
0000
020d
0000
023d
0000
2e0a
280a
0000
026d
0000
920a
0000
020d
0000
0010
022d
0000
960a
0000
900a
026d
0000
920a
0000
020d
0000
0010
022d
0000
960a
0000
900a
0000
026d
0000
2a0a
020d
0000
0010
022d
0000
2e0a
0000
280a
0000
026d
0000
2a0a
0000
020d
0000
2e1a
280a
0000
0000
0010
0000
0000
0000
0010
0000
0000
0000
0010
0000
0000
0000
0500
024d
0000
0000
0010
0000
024d
0000
0000
026d
0000
0c0a
0000
020d
0000
0010
022d
0000
2e0a
024d
0000
280a
0000
026d
0000
0c0a
2a0a
0000
020d
0000
0010
022d
0000
2e0a
024d
0000
280a
0000
026d
0000
0c0a
2a0a
0000
020d
0000
0010
022d
0000
960a
024d
0000
900a
0000
0c0a
920a
0000
0010
0000
024d
0000
0000
0c0a
0000
940a
025d
0000
026d
0000
020d
0000
940a
0010
022d
0000
0000
024d
0000
0000
026d
0000
020d
0000
0e0a
2c0a
023d
0000
080a
2e0a
0000
024d
0000
0a0a
280a
0000
026d
0000
2a0a
020d
0000
940a
0010
022d
0000
2e0a
0000
024d
0000
280a
0000
026d
0000
2a0a
020d
0000
940a
023d
0000
2e0a
0000
024d
0000
280a
0000
2a0a
0000
2c0a
0010
0000
024d
0000
0000
2c0a
0010
0000
024d
0000
0000
026d
0000
0000
020d
0000
2c0a
0010
022d
0000
024d
0000
0000
026d
0000
0000
020d
0000
0e0a
2c0a
0010
022d
0000
080a
2e0a
024d
0000
0a0a
280a
0000
026d
0000
2a0a
0000
020d
0000
940a
0010
022d
0000
960a
900a
0000
026d
0000
920a
0000
020d
0000
0010
022d
0000
960a
0000
900a
0000
026d
0000
920a
020d
0000
0010
022d
0000
2e0a
0000
024d
0000
280a
0000
2a0a
0000
025d
0000
026d
0000
0c0a
020d
0000
2c0a
0010
022d
0000
0000
024d
0000
0000
0000
0e0a
2c0a
081a
0000
024d
0000
0a0a
0000
0000
2c0a
0010
0000
0000
0000
0010
0000
025d
0000
0000
0010
0000
024d
0000
0000
0c0a
0000
2c0a
0010
0000
024d
0000
0000
940a
0010
024d
0000
0000
0000
940a
0010
0000
024d
0000
0000
0000
2c0a
0010
0000
025d
0000
0000
0010
0000
0000
0c0a
0000
0010
0000
0000
0000
0010
0000
0000
0000
0960
026d
0000
020d
0000
0010
022d
0000
2e0a
0000
024d
0000
280a
0000
026d
0000
2a0a
020d
0000
2c0a
0010
022d
0000
2e0a
0000
024d
0000
280a
0000
026d
0000
2a0a
020d
0000
2c0a
023d
0000
2e0a
0000
024d
0000
280a
0000
026d
0000
2a0a
0000
020d
0000
2c0a
023d
0000
2e0a
0000
024d
0000
280a
0000
026d
0000
2a0a
0000
020d
0000
2c0a
023d
0000
2e0a
0000
024d
0000
280a
0000
026d
0000
2a0a
0000
020d
0000
2c0a
023d
0000
960a
024d
0000
900a
0000
026d
0000
920a
0000
020d
0000
940a
0010
022d
0000
2e0a
024d
0000
280a
0000
026d
0000
2a0a
0000
020d
0000
2c0a
0010
022d
0000
2e0a
024d
0000
280a
0000
026d
0000
2a0a
0000
020d
0000
2c0a
0010
022d
0000
2e0a
024d
0000
280a
026d
0000
2a0a
0000
020d
0000
2c0a
0010
022d
0000
960a
0000
024d
0000
900a
026d
0000
920a
0000
020d
0000
940a
0010
022d
0000
2e0a
0000
024d
0000
280a
026d
0000
2a0a
0000
020d
0000
2c0a
0010
022d
0000
2e0a
0000
024d
0000
280a
026d
0000
2a0a
020d
0000
2c0a
0010
022d
0000
2e0a
0000
024d
0000
280a
0000
2a0a
2c0a
0010
0000
0000
0010
0000
0000
016d
0000
0000
010d
0000
0010
012d
0000
0000
014d
0000
0000
0010
0000
0000
026d
0000
0000
020d
0000
760a
0010
700a
0000
0000
026d
0000
020d
0000
0010
022d
0000
2e0a
0000
280a
720a
0000
0000
0010
022d
0000
024d
0000
2a0a
740a
0000
0010
0000
024d
0000
0000
026d
0000
0000
010d
0000
2c0a
760a
0010
0000
026d
0000
0000
020d
0000
760a
0010
012d
0000
700a
0000
0000
026d
0000
020d
0000
0010
2e0a
700a
0000
014d
0000
0000
026d
0000
0000
020d
0000
0010
022d
0000
2e0a
280a
720a
0000
026d
0000
0000
020d
0000
0010
022d
0000
2e0a
0000
280a
720a
026d
0000
0000
020d
0000
0010
022d
0000
2e0a
0000
024d
0000
280a
0000
026d
0000
2a0a
740a
020d
0000
0010
022d
0000
2e0a
0000
024d
0000
280a
0000
026d
0000
2a0a
740a
020d
0000
0010
022d
0000
2e0a
0000
024d
0000
280a
0000
026d
0000
2a0a
020d
0000
2c0a
0010
022d
0000
2e0a
0000
024d
0000
280a
0000
026d
0000
2a0a
020d
0000
2c0a
023d
0000
2e0a
0000
024d
0000
280a
0000
026d
0000
2a0a
0000
020d
0000
2c0a
023d
0000
2e0a
0000
024d
0000
280a
0000
026d
0000
2a0a
0000
020d
0000
2c0a
023d
0000
2e0a
0000
024d
0000
280a
0000
2a0a
0000
020d
0000
2c0a
0010
022d
0000
024d
0000
280a
0000
2a0a
0000
2c0a
0010
022d
0000
0000
024d
0000
0000
2a0a
2c0a
023d
0000
0000
024d
0000
0000
2a0a
0000
2c0a
0010
0000
024d
0000
0000
0000
2c0a
0010
024d
0000
0000
0000
2c0a
0010
0000
0000
0000
0010
0000
0000
0000
0010
0c70
026d
0000
020d
0000
0010
2e0a
0000
280a
0000
026d
0000
0000
020d
0000
0010
022d
0000
2e0a
024d
0000
280a
0000
026d
0000
2a0a
0000
020d
0000
2c0a
0010
022d
0000
2e0a
024d
0000
280a
0000
026d
0000
2a0a
0000
020d
0000
2c0a
0010
022d
0000
2e0a
024d
0000
280a
0000
026d
0000
2a0a
0000
020d
0000
2c0a
0010
022d
0000
960a
024d
0000
900a
026d
0000
2a0a
020d
0000
2c0a
023d
0000
2e0a
024d
0000
280a
026d
0000
920a
020d
0000
940a
023d
0000
2e0a
0000
024d
0000
280a
0000
026d
0000
2a0a
020d
0000
2c0a
023d
0000
2e0a
0000
024d
0000
280a
0000
026d
0000
2a0a
0000
020d
0000
2c0a
023d
0000
0000
024d
0000
0000
026d
0000
2a0a
0000
020d
0000
0e0a
2c0a
023d
0000
080a
2e0a
024d
0000
280a
0000
026d
0000
0000
020d
0000
0010
022d
0000
2e0a
024d
0000
0a0a
280a
0000
026d
0000
0c0a
2a0a
0000
020d
0000
2c0a
0010
022d
0000
960a
024d
0000
900a
0000
026d
0000
2a0a
0000
020d
0000
2c0a
0010
022d
0000
960a
024d
0000
900a
0000
026d
0000
920a
0000
020d
0000
940a
0010
022d
0000
0000
024d
0000
026d
0000
920a
0000
020d
0000
0e0a
940a
0010
022d
0000
080a
2e0a
0000
024d
0000
280a
0000
0010
022d
0000
0000
024d
0000
0a0a
0000
0c0a
2a0a
0000
2c0a
2ff0
036d
0000
0000
0001
713f
fd03
7f79
0000
0010
026d
0000
0000
0000
0000
0010
360a
0000
0010
026d
0000
0000
0000
0000
0010
0000
360a
0000
0000
0010
0000
0000
0170
030d
0000
0000
0010
0000
020d
0000
0000
0000
0010
0000
0000
300a
0000
0010
020d
0000
0000
0010
0000
0000
032d
0000
300a
0000
0010
0000
0000
022d
0000
0000
321a
0010
0000
022d
0000
0000
0010
0000
0000
0000
320a
0010
0000
0000
0000
0010
0070
034d
0000
0010
0000
0000
024d
0000
0010
0000
0000
0000
0010
340a
0000
0000
024d
0000
0010
0000
0000
0010
340a
0000
0000
0000
0010
0000
0000
0000
0010
0000
00f0
036d
0000
0000
0000
0010
026d
0000
0000
0000
0000
0010
0000
0000
0000
0010
0020
360a
0000
0010
036d
0000
0000
0000
0000
0010
026d
0000
0000
0000
0000
0010
030d
0000
0000
0010
0000
020d
0000
0000
0000
0010
0000
0000
0000
0010
0000
360a
027d
0000
660a
0000
0000
0010
0000
0000
300a
0000
0010
0000
030d
0000
0000
0000
021d
0000
0010
0000
0000
032d
0000
0000
0010
0000
0000
012d
0000
0000
0010
0000
301a
0010
0000
020d
0000
0000
600a
0000
0010
0000
0000
0000
0010
0000
0000
022d
0000
0010
0000
0000
0000
0010
0000
0000
0000
0010
0000
0000
0000
0010
0000
0000
320a
0010
0000
0000
0010
0000
0000
0000
0010
0000
0000
0000
0010
0000
0000
0000
0150
032d
0000
0010
0000
0000
022d
0000
0000
0010
0000
0000
0000
0010
0000
0000
0020
320a
0010
0000
022d
0000
0000
620a
0010
0000
0000
0000
0010
0000
0000
0000
02d0
026d
0000
020d
0000
0000
022d
0000
0000
0010
026d
0000
0000
020d
0000
0e0a
022d
0000
080a
2e0a
0a0a
280a
0010
026d
0000
2a0a
0000
020d
0000
0000
022d
0000
0e1a
080a
0000
0a0a
0010
0000
0000
0000
0010
0000
0000
0000
0010
0000
0000
0000
0020
026d
0000
020d
0000
0000
022d
0000
e60a
0000
e00a
0010
026d
0000
e20a
0000
020d
0000
022d
0000
e60a
0000
e00a
0010
026d
0000
e20a
0000
020d
0000
0000
022d
0000
e60a
e00a
0010
026d
0000
e20a
0000
020d
0000
0000
022d
0000
e60a
0000
e00a
027d
0000
e20a
020d
0000
0000
022d
0000
960a
0000
900a
0010
026d
0000
920a
0000
020d
0000
6e0a
022d
0000
680a
0000
6a0a
0010
026d
0000
0000
020d
0000
0000
022d
0000
0010
026d
0000
0000
020d
0000
0e0a
0000
022d
0000
080a
0000
0a0a
0010
026d
0000
020d
0000
0e0a
0000
022d
0000
080a
0000
034d
0000
0a0a
0010
026d
0000
0000
020d
0000
0e0a
022d
0000
080a
0000
024d
0000
0a0a
0010
026d
0000
0000
020d
0000
0e0a
022d
0000
080a
0000
0a0a
0010
0000
0e0a
0000
080a
0000
0a0a
0010
0000
0000
0020
340a
0000
0000
0010
0000
0000
0000
0010
0000
0000
0000
0010
0000
0000
0000
0430
026d
0000
020d
0000
0000
022d
0000
0000
0010
026d
0000
0000
020d
0000
0e0a
022d
0000
080a
960a
0a0a
900a
0010
026d
0000
920a
0000
020d
0000
0000
022d
0000
2e0a
280a
0010
026d
0000
2a0a
0000
020d
0000
0000
022d
0000
2e0a
0000
280a
0010
026d
0000
2a0a
020d
0000
0000
022d
0000
2e0a
0000
280a
0010
026d
0000
2a0a
0000
020d
0000
022d
0000
2e0a
0000
280a
0010
026d
0000
2a0a
0000
020d
0000
0000
022d
0000
2e0a
280a
0010
026d
0000
2a0a
0000
020d
0000
0000
022d
0000
2e0a
0000
280a
027d
0000
2a0a
020d
0000
0000
022d
0000
2e0a
0000
280a
0010
026d
0000
2a0a
0000
020d
0000
022d
0000
2e0a
0000
280a
0010
026d
0000
2a0a
0000
020d
0000
0000
022d
0000
2e0a
280a
0010
026d
0000
2a0a
0000
020d
0000
0000
022d
0000
2e0a
0000
280a
2a1a
0000
0000
0010
0000
0000
0000
0010
0000
0000
0000
0010
0000
0000
0000
0010
026d
0000
020d
0000
0000
022d
0000
0000
0010
026d
0000
0000
020d
0000
0e0a
0000
022d
0000
080a
960a
0a0a
900a
0010
920a
0000
0000
0000
0010
0000
0000
0000
0010
0020
026d
0000
020d
0000
0000
022d
0000
0000
0010
026d
0000
0000
020d
0000
8e0a
022d
0000
880a
8a0a
0010
026d
0000
0000
020d
0000
0e0a
0000
022d
0000
080a
0000
0a0a
027d
0000
0000
020d
0000
0e0a
0000
022d
0000
080a
960a
0000
0a0a
900a
0010
026d
0000
920a
020d
0000
0000
022d
0000
960a
0000
900a
0010
026d
0000
920a
0000
020d
0000
022d
0000
960a
0000
900a
0010
026d
0000
920a
0000
020d
0000
0000
022d
0000
960a
900a
0010
026d
0000
920a
0000
020d
0000
0000
022d
0000
960a
0000
900a
027d
0000
920a
020d
0000
0000
022d
0000
960a
0000
900a
0010
920a
0000
0000
0000
0580
026d
0000
020d
0000
0000
022d
0000
960a
0000
900a
0010
026d
0000
920a
0000
020d
0000
022d
0000
960a
0000
900a
0010
026d
0000
920a
0000
020d
0000
0000
022d
0000
960a
900a
0010
026d
0000
920a
0000
020d
0000
0000
022d
0000
960a
0000
900a
027d
0000
920a
020d
0000
0000
022d
0000
960a
0000
900a
0010
026d
0000
920a
0000
020d
0000
022d
0000
960a
0000
900a
0010
026d
0000
920a
0000
020d
0000
0000
022d
0000
960a
900a
0010
026d
0000
920a
0000
020d
0000
0000
022d
0000
960a
0000
900a
027d
0000
920a
020d
0000
0000
022d
0000
960a
0000
900a
0010
026d
0000
920a
0000
020d
0000
022d
0000
960a
0000
900a
0010
026d
0000
920a
0000
020d
0000
0000
022d
0000
960a
900a
0010
026d
0000
920a
0000
020d
0000
0000
022d
0000
960a
0000
900a
027d
0000
920a
020d
0000
0000
022d
0000
960a
0000
900a
0010
026d
0000
920a
0000
020d
0000
022d
0000
960a
0000
900a
0010
026d
0000
920a
0000
020d
0000
0000
022d
0000
960a
900a
0010
026d
0000
920a
0000
020d
0000
0000
022d
0000
960a
0000
900a
921a
0000
0000
0010
0000
0000
0000
0010
0000
0000
0000
0010
0000
0000
0000
0010
0500
034d
0000
0010
0000
0000
024d
0000
0010
0000
0000
0000
0010
0000
0000
0000
0030
340a
0000
0000
024d
0000
0010
640a
0000
0000
0000
0010
0000
0000
0000
0010
0020
024d
0000
0010
0000
0000
024d
0000
0010
0c0a
0000
2c0a
0000
0000
024d
0000
0020
0c0a
0000
0000
024d
0000
0010
0000
e40a
0000
0000
024d
0000
0010
0000
e40a
024d
0000
e41a
0000
0000
024d
0000
0010
0000
e40a
0000
0000
024d
0000
0010
0000
940a
0000
024d
0000
0010
6c0a
0000
0000
0000
024d
0000
0010
0000
0000
0000
024d
0000
0c1a
0000
0000
0000
024d
0000
0010
0c0a
0000
0000
0000
024d
0000
0010
0c0a
024d
0000
0c1a
0000
0000
0000
024d
0000
0010
0c0a
0000
0000
0000
024d
0000
0010
0c0a
940a
0000
0000
024d
0000
0010
0000
2c0a
0000
0000
024d
0000
0010
0000
2c0a
024d
0000
2c1a
0000
0000
024d
0000
0010
0000
2c0a
0000
0000
024d
0000
0010
0000
2c0a
0000
024d
0000
0010
0000
2c0a
0000
0000
024d
0000
0010
0000
2c0a
0000
0000
024d
0000
0010
2c0a
0000
0000
024d
0000
0010
0000
2c0a
0000
0000
024d
0000
0010
2c0a
0000
0010
0000
0000
0000
0010
0000
0000
0000
0010
0000
0000
0000
0010
0000
024d
0000
0010
0000
024d
0000
0010
0c0a
0000
940a
0000
0000
0010
0000
0000
0000
0030
024d
0000
0010
0000
0000
024d
0000
0010
8c0a
0000
0000
0000
024d
0000
0010
0c0a
0000
0000
024d
0000
0010
0c0a
0000
940a
0000
0000
024d
0000
0010
0000
940a
024d
0000
941a
0000
0000
024d
0000
0010
0000
940a
0000
0000
024d
0000
0010
0000
940a
0000
024d
0000
0010
0000
940a
0000
0000
024d
0000
0010
0000
940a
0000
0000
024d
0000
0010
940a
0000
0000
024d
0000
0010
0000
940a
0000
0000
024d
0000
0010
940a
0000
024d
0000
0010
0000
940a
0000
0000
024d
0000
0010
0000
940a
0000
0000
024d
0000
0010
940a
0000
0000
024d
0000
0010
0000
940a
0000
0000
024d
0000
0010
940a
0000
024d
0000
0010
0000
940a
0000
0000
024d
0000
0010
0000
940a
0000
0000
024d
0000
0010
940a
0000
0000
024d
0000
0010
0000
940a
0000
0000
024d
0000
0010
940a
0000
024d
0000
0010
026d
0000
0000
940a
0000
960a
0000
024d
0000
0010
026d
0000
020d
0000
940a
0000
022d
0000
960a
0000
024d
0000
900a
0010
026d
0000
920a
020d
0000
940a
022d
0000
960a
0000
024d
0000
900a
0010
026d
0000
920a
0000
020d
0000
940a
022d
0000
960a
0000
024d
0000
900a
0010
026d
0000
920a
0000
020d
0000
940a
022d
0000
960a
0000
024d
0000
900a
0010
026d
0000
920a
0000
020d
0000
940a
022d
0000
960a
024d
0000
900a
0010
026d
0000
920a
0000
020d
0000
940a
0000
022d
0000
960a
024d
0000
900a
0010
026d
0000
920a
0000
020d
0000
940a
0000
022d
0000
960a
024d
0000
900a
0010
026d
0000
920a
0000
020d
0000
940a
0000
022d
0000
960a
024d
0000
900a
027d
0000
920a
0000
020d
0000
940a
0000
022d
0000
960a
0000
024d
0000
900a
027d
0000
920a
0000
020d
0000
940a
0000
022d
0000
960a
0000
024d
0000
900a
027d
0000
920a
0000
020d
0000
940a
0000
022d
0000
960a
0000
024d
0000
900a
027d
0000
920a
020d
0000
940a
0000
022d
0000
960a
0000
024d
0000
900a
0010
026d
0000
920a
020d
0000
940a
0000
022d
0000
960a
0000
024d
0000
900a
0010
026d
0000
920a
020d
0000
940a
0000
022d
0000
960a
0000
024d
0000
900a
0010
026d
0000
920a
020d
0000
940a
022d
0000
960a
0000
024d
0000
900a
0010
920a
0000
020d
0000
940a
022d
0000
024d
0000
900a
0010
920a
0000
940a
0000
0000
0010
0000
0000
0000
0010
05b0
026d
0000
020d
0000
0000
022d
0000
960a
0000
024d
0000
900a
0010
026d
0000
920a
020d
0000
940a
0000
022d
0000
960a
0000
024d
0000
900a
0010
026d
0000
920a
020d
0000
940a
022d
0000
2e0a
0000
024d
0000
280a
0010
026d
0000
2a0a
0000
020d
0000
2c0a
022d
0000
960a
0000
024d
0000
900a
0010
026d
0000
920a
0000
020d
0000
940a
e60a
0000
e00a
0010
026d
0000
0000
020d
0000
0000
022d
0000
e60a
0000
024d
0000
e00a
027d
0000
e20a
0000
020d
0000
e40a
0000
022d
0000
e60a
0000
024d
0000
e00a
027d
0000
e20a
0000
020d
0000
e40a
0000
022d
0000
e60a
0000
024d
0000
e00a
e21a
e40a
0000
022d
0000
0000
024d
0000
0010
e20a
0000
e40a
0000
0000
0010
0000
0ab0
026d
0000
020d
0000
0000
0000
0010
026d
0000
0000
020d
0000
8e0a
0000
022d
0000
880a
960a
024d
0000
900a
0010
026d
0000
0000
020d
0000
0000
022d
0000
960a
024d
0000
8a0a
900a
027d
0000
8c0a
920a
0000
020d
0000
940a
0000
022d
0000
960a
024d
0000
900a
921a
0000
940a
0000
022d
0000
0000
024d
0000
0010
026d
0000
920a
020d
0000
940a
960a
0000
900a
0010
026d
0000
0000
020d
0000
0000
022d
0000
960a
024d
0000
900a
027d
0000
920a
0000
020d
0000
940a
0000
022d
0000
960a
0000
024d
0000
900a
027d
0000
920a
0000
020d
0000
940a
0000
022d
0000
960a
0000
024d
0000
900a
921a
0000
940a
0000
022d
0000
0000
024d
0000
0010
026d
0000
920a
0000
020d
0000
940a
960a
0000
900a
0010
026d
0000
0000
020d
0000
0000
022d
0000
960a
0000
024d
0000
900a
027d
0000
920a
020d
0000
940a
022d
0000
960a
024d
0000
900a
027d
0000
920a
020d
0000
940a
0000
022d
0000
960a
0000
024d
0000
900a
0010
920a
0000
940a
022d
0000
0000
024d
0000
0010
026d
0000
920a
0000
020d
0000
940a
0000
960a
900a
027d
0000
0000
020d
0000
0000
022d
0000
960a
0000
024d
0000
900a
0010
026d
0000
920a
020d
0000
940a
0000
022d
0000
960a
0000
024d
0000
900a
0010
026d
0000
920a
020d
0000
940a
0000
022d
0000
960a
0000
024d
0000
900a
0010
920a
0000
940a
022d
0000
024d
0000
0010
920a
0000
940a
0000
0000
0010
0000
0000
0000
0010
0000
0570
026d
0000
020d
0000
0000
960a
0000
900a
0010
026d
0000
0000
020d
0000
0000
960a
900a
0010
026d
0000
0000
020d
0000
0000
960a
0000
900a
0010
026d
0000
0000
020d
0000
960a
0000
900a
0010
0000
0000
0000
0010
026d
0000
0000
020d
0000
0000
960a
900a
0010
026d
0000
0000
020d
0000
0000
960a
0000
900a
0010
026d
0000
0000
020d
0000
960a
0000
900a
0010
026d
0000
0000
020d
0000
0000
960a
0000
900a
0010
0060
022d
0000
024d
0000
0010
026d
0000
920a
0000
020d
0000
940a
0000
022d
0000
960a
024d
0000
900a
0010
026d
0000
920a
0000
020d
0000
940a
0000
022d
0000
960a
024d
0000
900a
027d
0000
920a
0000
020d
0000
940a
0000
022d
0000
960a
0000
024d
0000
900a
027d
0000
920a
0000
020d
0000
940a
0000
960a
0000
900a
0010
0000
0000
022d
0000
024d
0000
0010
920a
0000
940a
0000
022d
0000
0000
024d
0000
0010
016d
0000
920a
010d
0000
940a
0000
022d
0000
0000
024d
0000
0010
920a
0000
940a
0000
022d
0000
024d
0000
0010
026d
0000
920a
0000
940a
760a
0000
0000
0010
026d
0000
760a
022d
0000
0000
024d
0000
0010
026d
0000
920a
0000
020d
0000
940a
760a
0000
022d
0000
700a
024d
0000
0010
026d
0000
920a
0000
020d
0000
940a
0000
022d
0000
2e0a
700a
024d
0000
0010
026d
0000
920a
0000
020d
0000
940a
0000
022d
0000
960a
700a
024d
0000
0010
920a
0000
020d
0000
940a
0000
0000
280a
0010
0000
020d
0000
900a
0010
022d
0000
0000
014d
0000
720a
0010
0000
0000
022d
0000
0000
720a
0010
022d
0000
720a
0010
0000
022d
0000
0000
024d
0000
0010
2a0a
740a
0000
0000
022d
0000
024d
0000
0010
920a
740a
0000
0000
0000
024d
0000
0010
740a
0000
0000
0000
024d
0000
0010
2c0a
0000
0000
024d
0000
0010
0000
940a
0000
0000
0010
0000
0000
0420
026d
0000
020d
0000
0000
022d
0000
960a
0000
024d
0000
900a
0010
036d
0000
920a
030d
0000
940a
0000
032d
0000
0000
034d
0000
0010
026d
0000
0000
020d
0000
7e0a
022d
0000
780a
0000
024d
0000
7a0a
0010
036d
0000
7c0a
0000
030d
0000
0000
032d
0000
034d
0000
0010
036d
0000
0000
030d
0000
0000
032d
0000
0000
034d
0000
027d
0000
020d
0000
360a
0000
012d
0000
300a
0000
024d
0000
0010
016d
0000
340a
010d
0000
022d
0000
0000
014d
0000
320a
0010
026d
0000
0000
020d
0000
360a
0000
012d
0000
300a
024d
0000
0010
016d
0000
340a
0000
010d
0000
0000
022d
0000
0000
014d
0000
320a
027d
0000
0000
020d
0000
360a
0000
012d
0000
300a
0000
024d
0000
017d
0000
340a
010d
0000
0000
022d
0000
0000
014d
0000
320a
0010
026d
0000
0000
020d
0000
360a
012d
0000
300a
0000
024d
0000
0010
016d
0000
340a
0000
010d
0000
022d
0000
014d
0000
320a
0010
026d
0000
0000
020d
0000
360a
0000
012d
0000
300a
024d
0000
341a
0000
0000
022d
0000
0000
320a
0010
0000
0000
0000
0010
0000
0000
00a0
026d
0000
020d
0000
360a
0000
300a
0000
024d
0000
0010
016d
0000
340a
0000
020d
0000
012d
0000
300a
0000
014d
0000
0010
026d
0000
0000
010d
0000
360a
0000
022d
0000
024d
0000
320a
0010
016d
0000
340a
0000
020d
0000
0000
012d
0000
300a
014d
0000
027d
0000
0000
010d
0000
360a
0000
022d
0000
0000
024d
0000
320a
0010
016d
0000
340a
020d
0000
0000
012d
0000
300a
0000
014d
0000
0010
026d
0000
0000
010d
0000
360a
022d
0000
0000
024d
0000
320a
0010
016d
0000
340a
0000
020d
0000
012d
0000
300a
014d
0000
0010
026d
0000
0000
010d
0000
360a
0000
022d
0000
0000
024d
0000
320a
017d
0000
340a
0000
020d
0000
0000
012d
0000
300a
0000
014d
0000
027d
0000
010d
0000
360a
0000
022d
0000
0000
024d
0000
320a
0010
016d
0000
340a
020d
0000
012d
0000
300a
0000
014d
0000
0010
026d
0000
0000
010d
0000
360a
0000
022d
0000
024d
0000
320a
0010
016d
0000
340a
0000
020d
0000
0000
012d
0000
300a
014d
0000
027d
0000
0000
360a
0000
022d
0000
0000
024d
0000
320a
0010
340a
0000
022d
0000
320a
0010
0000
0000
0000
0010
0000
0000
0000
0010
0000
0000
0000
0010
0e40
020d
0000
300a
0000
024d
0000
0010
016d
0000
340a
0000
020d
0000
0000
012d
0000
300a
014d
0000
0010
026d
0000
0000
010d
0000
360a
0000
022d
0000
0000
024d
0000
320a
017d
0000
340a
0000
020d
0000
0000
012d
0000
300a
0000
014d
0000
0010
026d
0000
010d
0000
360a
0000
022d
0000
0000
024d
0000
320a
0010
016d
0000
340a
020d
0000
012d
0000
300a
0000
014d
0000
0010
026d
0000
0000
010d
0000
360a
0000
022d
0000
024d
0000
320a
0010
016d
0000
340a
0000
020d
0000
0000
012d
0000
300a
014d
0000
027d
0000
0000
010d
0000
360a
0000
022d
0000
0000
024d
0000
320a
0010
016d
0000
340a
020d
0000
0000
012d
0000
300a
0000
014d
0000
0010
026d
0000
0000
010d
0000
360a
022d
0000
0000
024d
0000
320a
0010
016d
0000
340a
0000
020d
0000
012d
0000
300a
014d
0000
0010
026d
0000
0000
010d
0000
360a
0000
022d
0000
0000
024d
0000
320a
017d
0000
340a
0000
020d
0000
0000
012d
0000
300a
0000
014d
0000
027d
0000
010d
0000
360a
0000
022d
0000
0000
024d
0000
320a
0010
016d
0000
340a
020d
0000
012d
0000
300a
0000
014d
0000
0010
026d
0000
0000
010d
0000
360a
0000
022d
0000
024d
0000
320a
0010
016d
0000
340a
0000
020d
0000
0000
012d
0000
300a
014d
0000
027d
0000
0000
010d
0000
360a
0000
022d
0000
0000
024d
0000
320a
0010
016d
0000
340a
020d
0000
0000
012d
0000
300a
0000
014d
0000
0010
026d
0000
0000
010d
0000
360a
022d
0000
0000
024d
0000
320a
0010
016d
0000
340a
0000
020d
0000
012d
0000
300a
014d
0000
0010
026d
0000
0000
010d
0000
360a
0000
022d
0000
0000
024d
0000
320a
017d
0000
340a
0000
020d
0000
0000
012d
0000
300a
0000
014d
0000
027d
0000
010d
0000
360a
0000
022d
0000
0000
024d
0000
320a
0010
016d
0000
340a
020d
0000
012d
0000
300a
0000
014d
0000
0010
026d
0000
0000
010d
0000
360a
0000
022d
0000
024d
0000
320a
0010
016d
0000
340a
0000
020d
0000
0000
012d
0000
300a
014d
0000
027d
0000
0000
010d
0000
360a
0000
022d
0000
0000
024d
0000
320a
0010
016d
0000
340a
020d
0000
0000
012d
0000
300a
0000
014d
0000
0010
026d
0000
0000
360a
022d
0000
0000
024d
0000
320a
0010
016d
0000
340a
0000
0000
022d
0000
0000
320a
027d
0000
0000
360a
0000
0000
0010
0000
0000
0000
0010
0000
0000
0000
0010
0380
020d
0000
300a
0000
024d
0000
0010
016d
0000
340a
0000
020d
0000
0000
012d
0000
300a
014d
0000
0010
026d
0000
0000
010d
0000
360a
0000
022d
0000
0000
024d
0000
320a
017d
0000
340a
0000
020d
0000
0000
012d
0000
300a
0000
014d
0000
0010
026d
0000
010d
0000
360a
0000
022d
0000
0000
024d
0000
320a
0010
016d
0000
340a
020d
0000
012d
0000
300a
0000
014d
0000
0010
026d
0000
0000
010d
0000
360a
0000
022d
0000
024d
0000
320a
0010
016d
0000
340a
0000
020d
0000
0000
012d
0000
300a
014d
0000
027d
0000
0000
010d
0000
360a
0000
022d
0000
0000
024d
0000
320a
0010
016d
0000
340a
020d
0000
0000
012d
0000
300a
0000
014d
0000
0010
026d
0000
0000
010d
0000
360a
022d
0000
0000
024d
0000
320a
0010
016d
0000
340a
0000
020d
0000
012d
0000
300a
014d
0000
0010
026d
0000
0000
010d
0000
360a
0000
022d
0000
0000
024d
0000
320a
017d
0000
340a
0000
020d
0000
0000
012d
0000
300a
0000
014d
0000
027d
0000
360a
0000
022d
0000
0000
024d
0000
320a
0010
016d
0000
340a
0000
0000
022d
0000
320a
0010
026d
0000
0000
360a
0000
0000
0010
0000
0000
0000
0010
0000
0050
020d
0000
300a
0000
0010
0000
020d
0000
0000
300a
0000
024d
0000
0010
016d
0000
340a
020d
0000
0000
012d
0000
300a
0000
014d
0000
0010
026d
0000
0000
010d
0000
360a
022d
0000
0000
024d
0000
320a
0010
016d
0000
340a
0000
020d
0000
0000
012d
0000
300a
014d
0000
0010
026d
0000
0000
010d
0000
360a
0000
022d
0000
0000
024d
0000
320a
017d
0000
340a
0000
020d
0000
0000
012d
0000
300a
0000
014d
0000
027d
0000
010d
0000
360a
0000
022d
0000
0000
024d
0000
320a
0010
016d
0000
340a
020d
0000
012d
0000
300a
0000
014d
0000
0010
026d
0000
0000
010d
0000
360a
0000
022d
0000
024d
0000
320a
0010
016d
0000
340a
0000
020d
0000
0000
012d
0000
300a
014d
0000
027d
0000
0000
010d
0000
360a
0000
022d
0000
0000
024d
0000
320a
0010
016d
0000
340a
020d
0000
0000
012d
0000
300a
0000
014d
0000
0010
026d
0000
0000
360a
022d
0000
0000
024d
0000
320a
0010
016d
0000
340a
0000
0000
022d
0000
0000
014d
0000
320a
027d
0000
0000
360a
0000
022d
0000
0000
024d
0000
320a
0010
016d
0000
340a
0000
0000
0010
026d
0000
0000
360a
0000
0000
0010
0000
0000
0000
0010
0480
020d
0000
300a
0000
0010
0000
020d
0000
0000
300a
0000
0010
0000
020d
0000
300a
0010
0000
020d
0000
0000
300a
0000
0010
0000
0000
0000
0010
0000
020d
0000
300a
0010
0000
020d
0000
0000
300a
0000
0010
0000
020d
0000
0000
300a
0000
0010
020d
0000
300a
0000
0010
0000
0000
0000
0010
0000
0000
0000
0010
0000
0000
0000
024d
0000
017d
0000
340a
0000
020d
0000
0000
012d
0000
300a
0000
014d
0000
0010
026d
0000
010d
0000
360a
0000
022d
0000
0000
024d
0000
320a
0010
016d
0000
340a
020d
0000
012d
0000
300a
0000
014d
0000
0010
026d
0000
0000
010d
0000
360a
0000
022d
0000
024d
0000
320a
0010
016d
0000
340a
0000
020d
0000
0000
012d
0000
300a
014d
0000
027d
0000
0000
010d
0000
360a
0000
022d
0000
0000
024d
0000
320a
0010
016d
0000
340a
020d
0000
0000
012d
0000
300a
0000
014d
0000
0010
026d
0000
0000
010d
0000
360a
022d
0000
0000
024d
0000
320a
0010
016d
0000
340a
0000
020d
0000
012d
0000
300a
014d
0000
0010
026d
0000
0000
010d
0000
360a
0000
022d
0000
0000
024d
0000
320a
017d
0000
340a
0000
020d
0000
0000
012d
0000
300a
0000
014d
0000
027d
0000
010d
0000
360a
0000
022d
0000
0000
024d
0000
320a
0010
016d
0000
340a
020d
0000
012d
0000
300a
0000
014d
0000
0010
026d
0000
0000
010d
0000
360a
0000
022d
0000
024d
0000
320a
0010
016d
0000
340a
0000
020d
0000
0000
012d
0000
300a
014d
0000
027d
0000
0000
360a
0000
022d
0000
0000
024d
0000
320a
0010
016d
0000
340a
0000
022d
0000
0000
014d
0000
320a
0010
026d
0000
0000
360a
0000
022d
0000
024d
0000
320a
017d
0000
340a
0000
0000
022d
0000
0000
014d
0000
320a
0010
026d
0000
360a
0000
022d
0000
0000
024d
0000
320a
0010
016d
0000
340a
0000
0000
0000
014d
0000
027d
0000
0000
360a
0000
022d
0000
0000
024d
0000
320a
0010
016d
0000
340a
0000
022d
0000
0000
014d
0000
320a
0010
026d
0000
0000
360a
0000
022d
0000
024d
0000
320a
017d
0000
340a
0000
0000
022d
0000
0000
014d
0000
320a
0010
026d
0000
360a
0000
0000
024d
0000
0010
016d
0000
340a
0000
0000
0000
014d
0000
0010
026d
0000
360a
024d
0000
017d
0000
340a
0000
0000
0000
014d
0000
0010
026d
0000
360a
0000
024d
0000
0010
016d
0000
340a
0000
0000
0000
0010
026d
0000
0000
360a
07c0
020d
0000
012d
0000
300a
0000
0010
0000
010d
0000
0000
022d
0000
0000
024d
0000
320a
017d
0000
340a
0000
020d
0000
0000
012d
0000
300a
0000
014d
0000
0010
026d
0000
010d
0000
360a
0000
022d
0000
0000
024d
0000
320a
0010
016d
0000
340a
020d
0000
012d
0000
300a
0000
014d
0000
0010
026d
0000
0000
010d
0000
360a
0000
022d
0000
024d
0000
320a
0010
016d
0000
340a
0000
020d
0000
0000
012d
0000
300a
014d
0000
027d
0000
0000
010d
0000
360a
0000
022d
0000
0000
024d
0000
320a
0010
016d
0000
340a
020d
0000
0000
012d
0000
300a
0000
014d
0000
0010
026d
0000
0000
030d
0000
360a
022d
0000
0000
024d
0000
320a
0010
016d
0000
340a
0000
020d
0000
032d
0000
034d
0000
900a
0010
026d
0000
0000
020d
0000
360a
0000
022d
0000
0000
024d
0000
900a
037d
0000
920a
0000
020d
0000
940a
0000
022d
0000
0000
024d
0000
900a
027d
0000
920a
0000
940a
0000
022d
0000
960a
0000
024d
0000
0010
026d
0000
920a
940a
0000
960a
0000
0010
026d
0000
0000
0000
960a
0000
0010
0000
020d
0000
900a
027d
0000
0000
022d
0000
960a
0000
024d
0000
0010
920a
0000
030d
0000
940a
021d
0000
032d
0000
0000
e00a
0010
0000
020d
0000
0000
022d
0000
0000
034d
0000
900a
e21a
0000
020d
0000
0000
022d
0000
0000
024d
0000
e00a
0010
036d
0000
920a
020d
0000
e40a
022d
0000
0000
024d
0000
900a
0010
026d
0000
e20a
0000
020d
0000
940a
022d
0000
e60a
0000
024d
0000
900a
0010
026d
0000
920a
0000
020d
0000
e40a
022d
0000
960a
024d
0000
900a
0010
026d
0000
920a
0000
940a
0000
022d
0000
e60a
024d
0000
027d
0000
920a
0000
940a
0000
960a
0000
024d
0000
0010
026d
0000
0000
940a
960a
0000
0010
026d
0000
0000
0000
960a
0000
0010
0000
0000
0000
0010
0000
0500
020d
0000
0000
e00a
0010
0000
020d
0000
0000
0000
900a
0010
0000
020d
0000
e00a
021d
0000
0000
0000
900a
0010
0000
0000
0000
0010
0000
020d
0000
0000
0000
900a
0010
020d
0000
0000
0000
900a
0010
0000
020d
0000
0000
0000
e00a
0010
0000
020d
0000
0000
900a
0010
0000
0000
0000
0010
0000
0000
0000
0010
0000
0000
0000
00d0
022d
0000
024d
0000
0010
026d
0000
e20a
0000
020d
0000
e40a
0000
022d
0000
e60a
024d
0000
e00a
0010
026d
0000
920a
0000
020d
0000
940a
0000
022d
0000
960a
024d
0000
900a
027d
0000
e20a
0000
020d
0000
e40a
0000
022d
0000
e60a
0000
024d
0000
900a
027d
0000
920a
0000
020d
0000
940a
0000
960a
0000
900a
0010
0000
0000
022d
0000
024d
0000
0010
026d
0000
920a
0000
940a
0000
022d
0000
960a
0000
024d
0000
027d
0000
920a
0000
020d
0000
940a
0000
022d
0000
960a
0000
024d
0000
e00a
027d
0000
e20a
020d
0000
e40a
0000
022d
0000
e60a
0000
024d
0000
900a
0010
026d
0000
920a
020d
0000
940a
0000
960a
0000
e00a
0010
0000
020d
0000
0000
022d
0000
024d
0000
900a
027d
0000
e20a
0000
e40a
0000
022d
0000
e60a
0000
024d
0000
0010
026d
0000
920a
940a
0000
022d
0000
960a
0000
024d
0000
0010
026d
0000
920a
0000
940a
022d
0000
960a
0000
024d
0000
0010
026d
0000
920a
0000
940a
0000
960a
0000
023d
0000
024d
0000
0010
026d
0000
e20a
0000
e40a
0000
022d
0000
e60a
0000
024d
0000
027d
0000
920a
0000
940a
0000
022d
0000
960a
0000
024d
0000
0010
026d
0000
e20a
e40a
0000
022d
0000
e60a
0000
024d
0000
0010
026d
0000
920a
0000
940a
0000
960a
0010
0000
0000
0000
0010
0000
0000
0000
0010
0000
0000
0000
0010
0000
0000
0a10
020d
0000
022d
0000
0000
024d
0000
900a
0010
026d
0000
920a
0000
020d
0000
940a
022d
0000
960a
0000
024d
0000
900a
0010
026d
0000
920a
0000
020d
0000
940a
022d
0000
960a
024d
0000
e00a
0010
026d
0000
e20a
0000
020d
0000
e40a
0000
022d
0000
e60a
024d
0000
900a
0010
026d
0000
920a
0000
940a
0000
960a
0000
0010
0000
020d
0000
0000
e00a
0010
0000
020d
0000
0000
022d
0000
0000
024d
0000
900a
0010
026d
0000
e20a
020d
0000
e40a
0000
022d
0000
e60a
0000
024d
0000
900a
0010
026d
0000
920a
020d
0000
940a
0000
022d
0000
960a
0000
024d
0000
900a
0010
026d
0000
920a
940a
0000
022d
0000
960a
0000
024d
0000
0010
026d
0000
920a
0000
940a
0000
960a
0010
0000
0000
0000
024d
0000
0010
0000
020d
0000
e40a
0000
0000
024d
0000
e00a
027d
0000
0000
020d
0000
940a
0000
022d
0000
e60a
0000
024d
0000
900a
0010
026d
0000
e20a
020d
0000
e40a
0000
022d
0000
960a
0000
024d
0000
e00a
0010
026d
0000
920a
020d
0000
940a
0000
022d
0000
e60a
0000
900a
0010
026d
0000
e20a
0000
022d
0000
960a
024d
0000
0010
920a
0000
020d
0000
940a
0000
0000
024d
0000
900a
027d
0000
020d
0000
940a
0000
022d
0000
960a
0000
024d
0000
900a
0010
026d
0000
920a
020d
0000
e40a
0000
022d
0000
960a
0000
024d
0000
e00a
0010
026d
0000
920a
020d
0000
940a
022d
0000
e60a
0000
900a
0010
026d
0000
e20a
0000
0000
022d
0000
960a
0010
920a
0000
0000
0000
0010
0000
0000
0000
0010
0000
0000
0000
0010
0000
0bb0
024d
0000
0010
020d
0000
e40a
0000
0000
024d
0000
e00a
0010
026d
0000
0000
020d
0000
940a
022d
0000
e60a
0000
034d
0000
900a
0010
026d
0000
e20a
0000
030d
0000
022d
0000
960a
0000
024d
0000
0010
036d
0000
920a
0000
020d
0000
940a
0000
032d
0000
024d
0000
900a
0010
026d
0000
0000
020d
0000
940a
0000
022d
0000
960a
024d
0000
900a
027d
0000
920a
0000
020d
0000
e40a
0000
022d
0000
960a
0000
024d
0000
e00a
027d
0000
920a
0000
020d
0000
0000
022d
0000
e60a
0000
024d
0000
0010
026d
0000
0c0a
e20a
020d
0000
940a
0000
022d
0000
080a
0000
024d
0000
900a
0010
026d
0000
020d
0000
0e0a
e40a
0000
022d
0000
960a
0000
0a0a
e00a
0010
026d
0000
920a
0000
022d
0000
e60a
0000
0010
e20a
0000
0000
0000
0010
0000
0000
0000
024d
0000
0010
020d
0000
0000
0000
024d
0000
0010
026d
0000
0c0a
0000
020d
0000
2c0a
022d
0000
080a
034d
0000
280a
0010
026d
0000
0000
030d
0000
0e0a
0000
022d
0000
2e0a
024d
0000
0a0a
0010
036d
0000
2a0a
7c0a
0000
020d
0000
0000
032d
0000
780a
027d
0000
7e0a
022d
0000
0000
034d
0000
7a0a
0010
036d
0000
0000
030d
0000
0000
032d
0000
034d
0000
0010
036d
0000
0000
030d
0000
0000
032d
0000
0000
024d
0000
017d
0000
020d
0000
0000
012d
0000
0000
0010
340a
0000
0000
300a
0000
014d
0000
027d
0000
010d
0000
0000
022d
0000
0000
0010
0000
360a
0000
0000
024d
0000
320a
017d
0000
020d
0000
0000
012d
0000
0000
0010
340a
0000
0000
300a
0000
034d
0000
027d
0000
030d
0000
0000
022d
0000
0000
014d
0000
0010
0000
010d
0000
360a
0000
024d
0000
320a
037d
0000
0000
020d
0000
0000
032d
0000
0000
0010
016d
0000
0000
012d
0000
0010
0000
0000
0000
0010
0000
0000
0000
0010
340a
0000
0000
300a
0000
034d
0000
027d
0000
0000
030d
0000
0000
022d
0000
0000
014d
0000
0010
0000
010d
0000
0000
0010
0000
0000
0000
0010
0000
0000
0000
0010
0000
360a
0000
0000
320a
037d
0000
0000
032d
0000
0000
0010
016d
0000
0000
0000
012d
0000
0000
0010
0000
024d
0000
0010
0000
0010
0000
0000
0000
0010
0000
020d
0000
0000
0000
0010
0000
341a
0000
0000
024d
0000
0010
026d
0000
6c0a
0000
0000
0000
0010
0000
0000
300a
021d
0000
022d
0000
680a
0000
0010
0000
0000
0000
0010
0000
360a
0000
0000
0010
026d
0000
6e0a
0000
0000
0010
0000
0000
0000
320a
0010
0000
0000
022d
0000
0000
6a0a
0010
0000
0000
0010
0000
0000
0000
0010
0000
0000
0000
0010
0000
0000
0000
0400
024d
0000
0010
020d
0000
0000
0000
024d
0000
0010
026d
0000
8c0a
0000
020d
0000
940a
022d
0000
880a
0000
024d
0000
900a
0010
026d
0000
0000
020d
0000
8e0a
940a
022d
0000
960a
0000
024d
0000
8a0a
900a
0010
026d
0000
920a
0000
020d
0000
940a
022d
0000
960a
0000
900a
0010
026d
0000
920a
0000
0000
022d
0000
960a
0000
024d
0000
921a
0000
020d
0000
940a
0000
0000
024d
0000
900a
0010
026d
0000
0000
020d
0000
940a
022d
0000
960a
0000
024d
0000
900a
0010
026d
0000
920a
0000
020d
0000
940a
022d
0000
960a
0000
024d
0000
900a
0010
026d
0000
920a
0000
020d
0000
940a
022d
0000
960a
0000
900a
0010
026d
0000
920a
0000
0000
022d
0000
960a
0000
921a
0000
0000
0010
0000
0000
0000
0010
0000
0000
0000
0010
0000
0000
0000
0010
00e0
024d
0000
027d
0000
0000
020d
0000
940a
0000
022d
0000
960a
0000
034d
0000
900a
037d
0000
920a
0000
030d
0000
0000
032d
0000
0000
024d
0000
0010
026d
0000
7c0a
020d
0000
7e0a
0000
022d
0000
780a
0000
034d
0000
7a0a
0010
036d
0000
0000
030d
0000
032d
0000
0000
034d
0000
0010
036d
0000
0000
030d
0000
0000
032d
0000
024d
0000
017d
0000
340a
0000
020d
0000
0000
012d
0000
300a
0000
014d
0000
0010
026d
0000
010d
0000
360a
0000
022d
0000
0000
024d
0000
320a
0010
016d
0000
340a
020d
0000
012d
0000
300a
0000
014d
0000
0010
026d
0000
0000
010d
0000
360a
0000
022d
0000
024d
0000
320a
0010
016d
0000
340a
0000
020d
0000
0000
012d
0000
300a
014d
0000
027d
0000
0000
010d
0000
360a
0000
022d
0000
0000
024d
0000
320a
0010
016d
0000
340a
020d
0000
0000
012d
0000
300a
0000
014d
0000
0010
026d
0000
0000
010d
0000
360a
022d
0000
0000
024d
0000
320a
0010
016d
0000
340a
0000
020d
0000
012d
0000
300a
014d
0000
0010
026d
0000
0000
010d
0000
360a
0000
022d
0000
0000
024d
0000
320a
017d
0000
340a
0000
020d
0000
0000
012d
0000
300a
0000
0010
026d
0000
360a
0000
022d
0000
0000
320a
0010
0000
0000
0000
0010
0000
0000
0000
0010
0970
024d
0000
341a
0000
020d
0000
0000
300a
0000
024d
0000
0010
016d
0000
340a
020d
0000
012d
0000
300a
0000
024d
0000
0010
026d
0000
0000
020d
0000
940a
360a
022d
0000
024d
0000
900a
320a
0010
026d
0000
0000
020d
0000
940a
360a
0000
022d
0000
024d
0000
900a
320a
0010
026d
0000
0000
020d
0000
940a
0000
022d
0000
960a
024d
0000
900a
027d
0000
920a
0000
020d
0000
940a
0000
022d
0000
960a
0000
024d
0000
900a
027d
0000
920a
0000
020d
0000
940a
0000
022d
0000
960a
0000
024d
0000
900a
027d
0000
920a
0000
020d
0000
940a
0000
022d
0000
960a
0000
024d
0000
900a
027d
0000
920a
020d
0000
940a
0000
022d
0000
960a
0000
024d
0000
900a
0010
026d
0000
920a
020d
0000
940a
0000
022d
0000
960a
0000
900a
0010
026d
0000
920a
0000
022d
0000
960a
0010
026d
0000
920a
0000
0000
022d
0000
960a
0000
024d
0000
0010
920a
340a
020d
0000
0000
300a
0000
024d
0000
0010
340a
0000
020d
0000
0000
300a
024d
0000
017d
0000
340a
0000
020d
0000
0000
012d
0000
300a
0000
014d
0000
0010
026d
0000
010d
0000
360a
0000
022d
0000
0000
024d
0000
320a
0010
016d
0000
340a
020d
0000
012d
0000
300a
0000
014d
0000
0010
026d
0000
0000
010d
0000
360a
0000
022d
0000
024d
0000
320a
0010
016d
0000
340a
0000
020d
0000
0000
012d
0000
300a
014d
0000
027d
0000
0000
010d
0000
360a
0000
022d
0000
0000
024d
0000
320a
0010
016d
0000
340a
020d
0000
0000
012d
0000
300a
0000
0010
026d
0000
0000
360a
0000
022d
0000
320a
0010
026d
0000
0000
360a
0000
022d
0000
0000
320a
0010
026d
0000
360a
022d
0000
0000
320a
0010
0000
0000
0000
0010
0000
0000
0000
0010
0000
0000
0610
020d
0000
300a
0000
024d
0000
0010
340a
0000
020d
0000
0000
012d
0000
300a
024d
0000
017d
0000
340a
0000
020d
0000
0000
022d
0000
0000
024d
0000
900a
320a
027d
0000
020d
0000
940a
360a
0000
022d
0000
0000
024d
0000
900a
320a
0010
026d
0000
020d
0000
940a
360a
0000
022d
0000
0000
024d
0000
900a
0010
026d
0000
920a
020d
0000
940a
022d
0000
960a
0000
024d
0000
900a
0010
026d
0000
920a
0000
020d
0000
940a
022d
0000
960a
0000
024d
0000
900a
0010
026d
0000
920a
0000
020d
0000
940a
022d
0000
960a
0000
024d
0000
900a
0010
026d
0000
920a
0000
940a
0000
022d
0000
960a
0010
026d
0000
920a
0000
0000
022d
0000
960a
0000
0010
026d
0000
920a
960a
0010
0000
0000
0010
0000
0000
0000
0010
0000
0000
0000
0010
0000
0000
0000
0040
020d
0000
0000
024d
0000
900a
0010
0000
020d
0000
940a
0000
022d
0000
0000
024d
0000
900a
027d
0000
920a
0000
940a
0000
022d
0000
960a
0000
0010
026d
0000
920a
0000
960a
0000
0010
0000
020d
0000
0000
300a
0000
024d
0000
0010
340a
0000
020d
0000
012d
0000
300a
0000
024d
0000
0010
016d
0000
340a
0000
010d
0000
0000
022d
0000
014d
0000
320a
0010
026d
0000
0000
020d
0000
360a
0000
012d
0000
300a
024d
0000
017d
0000
340a
0000
010d
0000
0000
022d
0000
0000
014d
0000
320a
0010
026d
0000
020d
0000
360a
0000
012d
0000
300a
0000
024d
0000
0010
016d
0000
340a
010d
0000
022d
0000
0000
014d
0000
320a
0010
026d
0000
0000
020d
0000
360a
0000
012d
0000
300a
024d
0000
0010
016d
0000
340a
0000
010d
0000
0000
022d
0000
0000
014d
0000
320a
027d
0000
0000
020d
0000
360a
0000
012d
0000
300a
0000
024d
0000
017d
0000
340a
0000
022d
0000
0000
320a
0010
026d
0000
0000
360a
0000
022d
0000
320a
027d
0000
0000
360a
0000
0000
0010
0000
0000
0000
0010
0000
0000
0000
0010
0b30
020d
0000
300a
0000
024d
0000
0010
340a
0000
020d
0000
0000
012d
0000
300a
024d
0000
017d
0000
340a
0000
020d
0000
0000
022d
0000
0000
024d
0000
900a
320a
027d
0000
020d
0000
940a
360a
0000
022d
0000
0000
024d
0000
900a
320a
0010
026d
0000
020d
0000
940a
360a
0000
022d
0000
0000
024d
0000
900a
0010
026d
0000
920a
020d
0000
940a
022d
0000
960a
0000
024d
0000
900a
0010
026d
0000
920a
0000
020d
0000
940a
022d
0000
960a
0000
024d
0000
900a
0010
026d
0000
920a
0000
020d
0000
940a
022d
0000
960a
0000
024d
0000
900a
0010
026d
0000
920a
0000
020d
0000
940a
022d
0000
960a
024d
0000
900a
0010
026d
0000
920a
0000
020d
0000
940a
0000
022d
0000
960a
024d
0000
900a
0010
026d
0000
920a
0000
940a
0000
022d
0000
960a
0000
027d
0000
920a
0000
022d
0000
960a
0000
0010
026d
0000
920a
0000
020d
0000
0000
960a
300a
024d
0000
0010
340a
0000
020d
0000
0000
300a
0000
024d
0000
0010
340a
020d
0000
012d
0000
300a
0000
024d
0000
0010
016d
0000
340a
0000
010d
0000
0000
022d
0000
014d
0000
320a
0010
026d
0000
0000
020d
0000
360a
0000
012d
0000
300a
024d
0000
017d
0000
340a
0000
010d
0000
0000
022d
0000
0000
014d
0000
320a
0010
026d
0000
020d
0000
360a
0000
012d
0000
300a
0000
024d
0000
0010
016d
0000
340a
010d
0000
022d
0000
0000
014d
0000
320a
0010
026d
0000
0000
020d
0000
360a
0000
012d
0000
300a
024d
0000
0010
016d
0000
340a
0000
0000
022d
0000
0000
320a
0010
026d
0000
360a
0000
022d
0000
0000
320a
0010
026d
0000
0000
360a
0000
022d
0000
320a
027d
0000
0000
360a
0000
0000
0010
0000
0000
0000
0010
0000
0000
0000
0010
0600
024d
0000
341a
0000
020d
0000
0000
012d
0000
300a
0000
024d
0000
0010
016d
0000
340a
010d
0000
0000
022d
0000
0000
024d
0000
320a
0010
026d
0000
0000
020d
0000
940a
360a
012d
0000
300a
0000
024d
0000
0010
026d
0000
0000
020d
0000
940a
360a
022d
0000
0000
024d
0000
900a
320a
0010
026d
0000
0000
020d
0000
940a
0000
022d
0000
960a
024d
0000
900a
0010
026d
0000
920a
0000
020d
0000
940a
0000
022d
0000
960a
024d
0000
900a
0010
026d
0000
920a
0000
020d
0000
940a
0000
022d
0000
960a
024d
0000
900a
0010
026d
0000
920a
0000
020d
0000
940a
0000
022d
0000
960a
024d
0000
900a
027d
0000
920a
0000
020d
0000
940a
0000
022d
0000
960a
0000
024d
0000
900a
027d
0000
920a
0000
020d
0000
940a
0000
022d
0000
960a
0000
900a
0010
026d
0000
920a
020d
0000
0000
022d
0000
960a
0000
900a
0010
026d
0000
920a
0000
022d
0000
960a
024d
0000
0010
920a
340a
0000
0000
0000
024d
0000
0010
340a
0000
020d
0000
300a
0000
024d
0000
0010
016d
0000
340a
0000
020d
0000
0000
012d
0000
300a
014d
0000
0010
026d
0000
0000
010d
0000
360a
0000
022d
0000
0000
024d
0000
320a
017d
0000
340a
0000
020d
0000
0000
012d
0000
300a
0000
014d
0000
0010
026d
0000
010d
0000
360a
0000
022d
0000
0000
024d
0000
320a
0010
016d
0000
340a
0000
020d
0000
012d
0000
300a
0000
014d
0000
0010
026d
0000
0000
010d
0000
360a
0000
022d
0000
024d
0000
320a
0010
016d
0000
340a
0000
020d
0000
0000
012d
0000
300a
027d
0000
010d
0000
360a
022d
0000
0000
320a
0010
026d
0000
0000
020d
0000
360a
012d
0000
300a
0010
026d
0000
0000
360a
0000
022d
0000
0000
320a
0010
0000
0000
022d
0000
320a
0010
0000
0000
0000
0010
0000
0000
0000
0010
0000
0000
0000
0010
0a80
024d
0000
341a
0000
0000
0000
024d
0000
0010
016d
0000
340a
0000
020d
0000
012d
0000
300a
024d
0000
0010
026d
0000
0000
010d
0000
940a
360a
0000
022d
0000
024d
0000
320a
027d
0000
0000
020d
0000
940a
360a
0000
012d
0000
300a
0000
024d
0000
027d
0000
0000
020d
0000
940a
0000
022d
0000
960a
0000
024d
0000
900a
320a
027d
0000
020d
0000
940a
0000
022d
0000
960a
0000
024d
0000
900a
0010
026d
0000
920a
020d
0000
940a
0000
022d
0000
960a
0000
024d
0000
900a
0010
026d
0000
920a
020d
0000
940a
022d
0000
960a
0000
024d
0000
900a
0010
026d
0000
920a
0000
020d
0000
940a
022d
0000
960a
0000
024d
0000
900a
0010
026d
0000
920a
0000
020d
0000
940a
022d
0000
960a
0000
900a
0010
026d
0000
920a
0000
020d
0000
0000
022d
0000
960a
900a
0010
026d
0000
920a
0000
020d
0000
0000
022d
0000
960a
0000
024d
0000
900a
921a
340a
0000
0000
022d
0000
0000
024d
0000
0010
920a
340a
0000
0000
0000
024d
0000
017d
0000
340a
0000
020d
0000
0000
300a
0000
014d
0000
0010
026d
0000
020d
0000
360a
012d
0000
300a
0000
024d
0000
0010
016d
0000
340a
0000
010d
0000
022d
0000
014d
0000
320a
0010
026d
0000
0000
020d
0000
360a
0000
012d
0000
300a
024d
0000
017d
0000
340a
0000
010d
0000
0000
022d
0000
0000
014d
0000
320a
0010
026d
0000
020d
0000
360a
0000
012d
0000
300a
0000
024d
0000
0010
016d
0000
340a
010d
0000
022d
0000
0000
320a
0010
026d
0000
0000
020d
0000
360a
0000
012d
0000
300a
0010
026d
0000
0000
010d
0000
360a
0000
022d
0000
0000
320a
0010
026d
0000
020d
0000
360a
012d
0000
300a
0000
0010
0000
0000
022d
0000
0000
320a
0010
0000
022d
0000
320a
0010
0000
0000
0000
0010
0000
0000
0000
0010
0000
0000
0000
0010
0510
024d
0000
341a
0000
0000
0000
024d
0000
0010
016d
0000
340a
0000
020d
0000
012d
0000
300a
024d
0000
0010
026d
0000
0000
010d
0000
940a
360a
0000
022d
0000
024d
0000
320a
027d
0000
0000
020d
0000
940a
360a
0000
012d
0000
300a
0000
024d
0000
027d
0000
0000
020d
0000
940a
0000
022d
0000
960a
0000
024d
0000
900a
320a
027d
0000
020d
0000
940a
0000
022d
0000
960a
0000
024d
0000
900a
0010
026d
0000
920a
020d
0000
940a
0000
022d
0000
960a
0000
024d
0000
900a
0010
026d
0000
920a
020d
0000
940a
022d
0000
960a
0000
900a
0010
026d
0000
920a
0000
020d
0000
0000
022d
0000
960a
900a
0010
026d
0000
920a
0000
020d
0000
0000
022d
0000
960a
0000
900a
921a
0000
0000
022d
0000
0000
0010
920a
0000
0000
0000
0010
0000
0000
0000
024d
0000
0010
940a
0000
0000
024d
0000
0010
026d
0000
0000
020d
0000
940a
0000
022d
0000
960a
900a
0010
026d
0000
920a
0000
020d
0000
0000
022d
0000
960a
0000
900a
921a
0000
0000
0000
024d
0000
0010
340a
0000
0000
0000
024d
0000
0010
016d
0000
340a
020d
0000
0000
012d
0000
300a
0000
014d
0000
0010
026d
0000
0000
010d
0000
360a
022d
0000
0000
024d
0000
320a
0010
016d
0000
340a
0000
020d
0000
0000
012d
0000
300a
014d
0000
0010
026d
0000
0000
010d
0000
360a
0000
022d
0000
0000
024d
0000
320a
017d
0000
340a
0000
020d
0000
0000
012d
0000
300a
0000
014d
0000
027d
0000
010d
0000
360a
0000
022d
0000
0000
024d
0000
320a
0010
016d
0000
340a
020d
0000
012d
0000
300a
0000
014d
0000
0010
026d
0000
0000
010d
0000
360a
0000
022d
0000
024d
0000
320a
0010
016d
0000
340a
0000
020d
0000
0000
012d
0000
300a
027d
0000
010d
0000
360a
022d
0000
0000
320a
0010
026d
0000
0000
020d
0000
360a
012d
0000
300a
0010
0000
0000
022d
0000
0000
320a
0010
0000
0000
0000
0010
0000
0b80
024d
0000
341a
0000
0000
0000
024d
0000
0010
016d
0000
340a
0000
020d
0000
012d
0000
300a
024d
0000
0010
026d
0000
0000
010d
0000
940a
360a
0000
022d
0000
024d
0000
320a
027d
0000
0000
020d
0000
940a
360a
0000
012d
0000
300a
0000
024d
0000
027d
0000
0000
020d
0000
940a
0000
022d
0000
960a
0000
024d
0000
900a
320a
027d
0000
020d
0000
940a
0000
022d
0000
960a
0000
024d
0000
900a
0010
026d
0000
920a
020d
0000
940a
0000
022d
0000
960a
0000
024d
0000
900a
0010
026d
0000
920a
020d
0000
940a
022d
0000
960a
0000
024d
0000
900a
0010
026d
0000
920a
0000
020d
0000
940a
022d
0000
960a
0000
024d
0000
900a
0010
026d
0000
920a
0000
020d
0000
940a
022d
0000
960a
0000
900a
0010
026d
0000
920a
0000
020d
0000
0000
022d
0000
960a
900a
0010
026d
0000
920a
0000
020d
0000
0000
022d
0000
960a
0000
024d
0000
900a
921a
340a
0000
0000
022d
0000
0000
024d
0000
0010
920a
340a
0000
0000
0000
024d
0000
017d
0000
340a
0000
020d
0000
0000
300a
0000
014d
0000
0010
026d
0000
020d
0000
360a
012d
0000
300a
0000
024d
0000
0010
016d
0000
340a
0000
010d
0000
022d
0000
014d
0000
320a
0010
026d
0000
0000
020d
0000
360a
0000
012d
0000
300a
024d
0000
017d
0000
340a
0000
010d
0000
0000
022d
0000
0000
014d
0000
320a
0010
026d
0000
020d
0000
360a
0000
012d
0000
300a
0000
024d
0000
0010
016d
0000
340a
010d
0000
022d
0000
0000
320a
0010
026d
0000
0000
020d
0000
360a
0000
012d
0000
300a
0010
026d
0000
0000
010d
0000
360a
0000
022d
0000
0000
320a
0010
026d
0000
020d
0000
360a
012d
0000
300a
0000
0010
0000
0000
022d
0000
0000
320a
0010
0000
022d
0000
320a
0010
0000
0000
0000
0010
0000
0000
0000
0010
0000
0000
0000
0010
05f0
024d
0000
341a
0000
0000
0000
024d
0000
0010
016d
0000
340a
0000
020d
0000
012d
0000
300a
024d
0000
0010
026d
0000
0000
010d
0000
940a
360a
0000
022d
0000
320a
027d
0000
0000
020d
0000
360a
0000
012d
0000
300a
0000
0010
026d
0000
0000
020d
0000
022d
0000
960a
0000
024d
0000
900a
320a
0010
340a
0000
0000
022d
0000
024d
0000
921a
340a
0000
0000
0000
024d
0000
0010
026d
0000
0000
020d
0000
360a
300a
034d
0000
0010
026d
0000
8c0a
0000
020d
0000
360a
0000
012d
0000
300a
0000
024d
0000
027d
0000
0000
020d
0000
940a
0000
022d
0000
0000
024d
0000
320a
0010
036d
0000
030d
0000
8e0a
940a
022d
0000
880a
024d
0000
320a
027d
0000
020d
0000
940a
022d
0000
960a
024d
0000
900a
0010
026d
0000
0000
020d
0000
940a
0000
032d
0000
960a
8a0a
900a
0010
026d
0000
0000
020d
0000
0000
022d
0000
960a
0000
900a
027d
0000
920a
020d
0000
0000
022d
0000
960a
0000
900a
0010
920a
0000
0000
022d
0000
0010
920a
0000
0000
022d
0000
0000
034d
0000
0010
920a
0000
0000
0000
024d
0000
0010
e40a
0000
0000
024d
0000
0010
036d
0000
0000
030d
0000
940a
0000
0000
024d
0000
027d
0000
0000
020d
0000
e40a
0000
e60a
0000
024d
0000
e00a
0010
026d
0000
020d
0000
940a
0000
032d
0000
960a
0000
024d
0000
900a
0010
026d
0000
0000
020d
0000
940a
022d
0000
e60a
0000
e00a
0010
026d
0000
e20a
0000
020d
0000
0000
022d
0000
960a
900a
0010
026d
0000
920a
0000
020d
0000
0000
022d
0000
960a
0000
900a
e21a
0000
0000
022d
0000
0000
0010
920a
0000
0000
022d
0000
0000
0010
920a
0aa0
024d
0000
027d
0000
0000
020d
0000
940a
0000
960a
0000
024d
0000
900a
0010
026d
0000
020d
0000
e40a
0000
022d
0000
e60a
0000
024d
0000
e00a
0010
026d
0000
920a
020d
0000
940a
0000
022d
0000
960a
0000
024d
0000
900a
0010
026d
0000
e20a
020d
0000
e40a
022d
0000
e60a
0000
024d
0000
e00a
0010
026d
0000
920a
0000
940a
022d
0000
960a
024d
0000
0010
026d
0000
e20a
0000
020d
0000
940a
0000
022d
0000
960a
024d
0000
900a
0010
026d
0000
920a
0000
020d
0000
940a
0000
022d
0000
960a
024d
0000
900a
027d
0000
920a
0000
020d
0000
e40a
0000
022d
0000
e60a
0000
900a
921a
020d
0000
0000
022d
0000
0000
e00a
0010
e20a
0000
0000
0000
0010
0000
0000
0620
024d
0000
027d
0000
0000
940a
0000
960a
0000
024d
0000
0010
026d
0000
0000
020d
0000
e40a
022d
0000
e60a
0000
024d
0000
900a
0010
026d
0000
920a
0000
020d
0000
940a
022d
0000
960a
0000
024d
0000
e00a
0010
026d
0000
e20a
0000
020d
0000
940a
022d
0000
960a
0000
024d
0000
900a
0010
026d
0000
920a
0000
020d
0000
940a
022d
0000
960a
024d
0000
900a
0010
026d
0000
920a
0000
020d
0000
e40a
0000
022d
0000
e60a
024d
0000
900a
0010
026d
0000
920a
0000
020d
0000
940a
0000
022d
0000
960a
024d
0000
e00a
0010
026d
0000
e20a
0000
020d
0000
e40a
0000
022d
0000
e60a
900a
921a
0000
020d
0000
0000
022d
0000
0000
e00a
0010
e20a
0000
0000
0000
0010
0020
024d
0000
027d
0000
0000
940a
0000
960a
0000
024d
0000
0010
026d
0000
0000
020d
0000
940a
022d
0000
960a
0000
024d
0000
900a
0010
026d
0000
920a
0000
020d
0000
940a
022d
0000
960a
0000
024d
0000
900a
0010
026d
0000
920a
0000
020d
0000
e40a
022d
0000
e60a
0000
024d
0000
900a
0010
026d
0000
920a
0000
020d
0000
940a
022d
0000
960a
024d
0000
e00a
0010
026d
0000
e20a
0000
020d
0000
e40a
0000
022d
0000
e60a
024d
0000
900a
0010
026d
0000
920a
0000
020d
0000
940a
0000
022d
0000
960a
024d
0000
e00a
0010
026d
0000
e20a
0000
020d
0000
940a
0000
022d
0000
960a
900a
921a
0000
020d
0000
0000
022d
0000
0000
900a
0010
920a
0000
0000
0000
0010
08d0
024d
0000
0010
940a
0000
0000
024d
0000
0010
026d
0000
0000
020d
0000
e40a
022d
0000
960a
024d
0000
900a
0010
026d
0000
920a
0000
020d
0000
940a
0000
022d
0000
e60a
024d
0000
e00a
0010
026d
0000
e20a
0000
020d
0000
e40a
0000
022d
0000
960a
024d
0000
900a
0010
026d
0000
920a
0000
020d
0000
940a
0000
022d
0000
e60a
024d
0000
e00a
027d
0000
e20a
0000
020d
0000
940a
0000
960a
0000
024d
0000
900a
027d
0000
020d
0000
940a
0000
022d
0000
960a
0000
024d
0000
900a
0010
026d
0000
920a
020d
0000
e40a
0000
022d
0000
960a
0000
900a
0010
026d
0000
920a
0000
020d
0000
022d
0000
e60a
0000
e00a
0010
920a
0000
0000
022d
0000
0000
0010
e20a
0000
025d
0000
0010
940a
0000
0000
024d
0000
0010
0000
e40a
0000
0000
024d
0000
0010
940a
0000
024d
0000
0010
0000
2c0a
0000
0000
034d
0000
0010
0000
0000
0000
024d
0000
0010
940a
0000
0000
024d
0000
0010
0000
e40a
0000
0000
024d
0000
0010
0000
940a
0000
024d
0000
0010
0000
0000
0000
024d
0000
0010
0c0a
0000
2c0a
0000
0000
0580
026d
0000
020d
0000
0000
022d
0000
960a
0000
024d
0000
900a
0010
026d
0000
920a
020d
0000
e40a
0000
022d
0000
e60a
0000
024d
0000
e00a
0010
026d
0000
e20a
020d
0000
940a
022d
0000
960a
0000
024d
0000
900a
0010
026d
0000
920a
0000
020d
0000
940a
022d
0000
2e0a
0000
280a
0010
036d
0000
2a0a
0000
030d
0000
0000
032d
0000
0010
026d
0000
0000
020d
0000
0000
022d
0000
960a
0000
900a
0010
026d
0000
920a
020d
0000
0000
022d
0000
e60a
0000
024d
0000
e00a
0010
026d
0000
e20a
0000
020d
0000
022d
0000
960a
0000
024d
0000
900a
0010
026d
0000
0c0a
920a
0000
020d
0000
940a
022d
0000
0000
034d
0000
0010
026d
0000
0000
020d
0000
0e0a
0000
022d
0000
080a
2e0a
024d
0000
0a0a
280a
0010
026d
0000
2a0a
7c0a
0000
020d
0000
0000
022d
0000
e60a
e00a
0010
026d
0000
e20a
0000
020d
0000
0000
022d
0000
960a
0000
900a
027d
0000
920a
0000
020d
0000
0000
022d
0000
960a
0000
900a
0010
920a
0000
0030
026d
0000
020d
0000
0000
022d
0000
0000
0010
026d
0000
0000
020d
0000
0e0a
022d
0000
080a
960a
0a0a
900a
0010
036d
0000
920a
0000
030d
0000
0000
032d
0000
027d
0000
020d
0000
7e0a
022d
0000
780a
0000
034d
0000
7a0a
0010
036d
0000
0000
030d
0000
032d
0000
0000
034d
0000
0010
036d
0000
0000
030d
0000
0000
032d
0000
024d
0000
017d
0000
0000
020d
0000
0000
012d
0000
0000
0010
340a
0000
0000
300a
014d
0000
027d
0000
0000
010d
0000
0000
022d
0000
0000
0010
0000
360a
0000
0000
024d
0000
320a
017d
0000
0000
020d
0000
0000
012d
0000
0000
0010
340a
0000
0000
300a
0010
026d
0000
0000
0000
022d
0000
0000
0010
0000
360a
0000
0000
320a
0010
0a70
024d
0000
017d
0000
0000
020d
0000
0000
0000
0010
340a
0000
0000
012d
0000
300a
014d
0000
0010
026d
0000
0000
010d
0000
0000
022d
0000
0000
0010
0000
360a
024d
0000
320a
017d
0000
020d
0000
0000
012d
0000
0000
0010
340a
0000
0000
300a
027d
0000
022d
0000
0000
0010
0000
360a
0000
0000
320a
0010
0000
0000
0000
0010
0070
034d
0000
0010
030d
0000
0000
0000
024d
0000
0010
7c0a
0000
020d
0000
0000
780a
0010
036d
0000
0000
0000
032d
0000
0000
0010
026d
0000
0000
7e0a
0000
022d
0000
034d
0000
7a0a
0010
036d
0000
0000
030d
0000
0000
032d
0000
0000
034d
0000
037d
0000
030d
0000
0000
032d
0000
0000
024d
0000
0010
026d
0000
0000
020d
0000
022d
0000
0010
0c0a
0000
0e0a
0000
080a
0000
024d
0000
0a0a
0010
026d
0000
6c0a
020d
0000
6e0a
022d
0000
680a
0000
024d
0000
6a0a
0010
026d
0000
0000
020d
0000
022d
0000
024d
0000
0010
026d
0000
0c0a
0000
020d
0000
0e0a
940a
0000
022d
0000
080a
960a
024d
0000
0a0a
900a
0010
026d
0000
920a
0000
020d
0000
940a
0000
022d
0000
960a
024d
0000
900a
0010
026d
0000
920a
0000
020d
0000
2c0a
0000
022d
0000
2e0a
024d
0000
280a
0010
026d
0000
2a0a
0000
020d
0000
940a
0000
960a
0000
024d
0000
900a
027d
0000
0000
020d
0000
940a
0000
022d
0000
960a
0000
900a
0010
920a
022d
0000
921a
0000
0000
0000
024d
0000
0010
016d
0000
340a
0000
020d
0000
0000
300a
024d
0000
0010
026d
0000
0000
020d
0000
2c0a
360a
0000
022d
0000
0000
024d
0000
280a
320a
027d
0000
0000
020d
0000
2c0a
0000
022d
0000
2e0a
0000
024d
0000
280a
027d
0000
2a0a
0000
020d
0000
2c0a
0000
022d
0000
2e0a
0000
024d
0000
280a
027d
0000
2a0a
020d
0000
2c0a
0000
022d
0000
2e0a
0000
024d
0000
280a
0010
026d
0000
2a0a
020d
0000
940a
0000
022d
0000
2e0a
0000
024d
0000
900a
0010
026d
0000
2a0a
020d
0000
2c0a
0000
022d
0000
960a
0000
024d
0000
280a
0010
026d
0000
920a
020d
0000
2c0a
022d
0000
2e0a
0000
280a
0010
026d
0000
2a0a
0000
0000
022d
0000
2e0a
0010
2a0a
0000
0000
0000
0010
0000
0000
0000
0010
0000
0000
0000
024d
0000
021d
0000
024d
0000
0010
026d
0000
0c0a
0000
020d
0000
2c0a
0000
022d
0000
080a
024d
0000
280a
027d
0000
0000
020d
0000
0e0a
2c0a
0000
022d
0000
2e0a
0000
0a0a
280a
027d
0000
2a0a
0000
0000
022d
0000
2e0a
0000
0010
2a0a
0000
0000
0000
0010
09f0
024d
0000
0010
020d
0000
2c0a
0000
0000
024d
0000
280a
0010
026d
0000
0000
020d
0000
940a
022d
0000
2e0a
0000
024d
0000
900a
0010
026d
0000
2a0a
0000
020d
0000
2c0a
022d
0000
960a
0000
024d
0000
280a
0010
026d
0000
920a
0000
020d
0000
2c0a
022d
0000
2e0a
0000
034d
0000
280a
0010
026d
0000
2a0a
0000
030d
0000
0000
022d
0000
2e0a
0010
036d
0000
2a0a
0000
0000
032d
0000
0000
014d
0000
0010
0000
010d
0000
0000
0010
016d
0000
0000
0000
012d
0000
0000
024d
0000
0010
240a
0000
014d
0000
0010
0000
0010
0000
0000
0000
024d
0000
0010
240a
0000
0000
0000
014d
0000
0010
0000
0000
024d
0000
0010
240a
0000
0000
0000
0010
026d
0000
0000
260a
017d
0000
0000
0000
0010
0000
0000
0000
0010
026d
0000
0000
260a
0000
0000
0010
016d
0000
0000
0000
0010
026d
0000
0000
020d
0000
260a
0000
200a
0000
0010
0000
010d
0000
0000
0010
0000
0000
0000
0010
0000
020d
0000
0000
200a
0000
0010
0000
010d
0000
0000
0010
0000
020d
0000
0000
200a
0000
0010
0000
0000
022d
0000
0000
220a
0010
0000
012d
0000
0000
0010
0000
0000
0000
0010
0000
0000
022d
0000
0000
220a
0010
0000
012d
0000
0000
0010
0000
0000
022d
0000
0000
220a
0010
0000
0000
0760
0086
0000
0000
0010
0000
0000
0000
0010
0000
0000
0000
0010
0000
0000
0000
0080
024d
0000
7c1a
8006
0000
0000
0000
0010
0000
0000
0000
0010
0000
0000
0000
0030
8046
0000
0000
0010
0000
0000
0000
0010
0000
0000
0000
0010
0000
0000
0000
0040
8146
0010
0000
0000
0000
0010
0000
0000
0000
0010
0000
0000
0000
0010
0000
8106
0010
0000
0000
0000
0010
0000
0000
0000
0010
0000
0000
0000
0010
8206
0000
0070
8246
0000
0000
0010
0000
0000
c286
0000
0010
00c6
0000
0000
0000
0010
0000
0040
0186
0010
0000
0000
0000
0010
0000
0000
0000
0010
0000
0000
0000
0010
0000
4096
0000
0000
0010
01c6
0000
0000
0000
0010
0000
0000
0000
0010
0000
0000
0000
0100
02c6
0010
0000
0000
0000
0010
0000
0000
0000
0010
0000
0000
4186
0000
0010
0020
026d
0000
7e0a
0000
c006
0000
0010
0000
0000
0000
0010
0000
0000
0000
0010
0030
c046
0000
0000
0010
0306
0000
0000
0000
0010
0000
0000
0000
0010
0000
0000
0296
0000
0010
0000
0000
0000
0010
0000
0000
0000
0010
0000
0000
0000
0010
0000
c146
0010
c246
0000
0000
0000
0010
0000
0000
0000
0010
0000
0000
0000
0010
0000
0040
0046
0010
0000
0000
0000
0010
c106
0000
0000
0000
0010
0000
0000
0000
0010
00d0
0146
0000
0000
0010
0000
0000
0000
0010
0000
0000
0000
0010
0000
0000
0000
0020
020d
0000
780a
0006
0000
0010
0000
0000
0000
0010
0000
0000
0000
0010
0000
0030
42c6
0000
0000
0010
40c6
0000
0000
0000
0010
0000
0000
0000
0010
0106
0000
80c6
0010
4286
0000
0000
0000
0010
0000
0000
0000
0010
0000
0000
0000
0010
0000
0060
4146
0000
0000
0010
0000
0000
4046
0000
0010
0000
0000
0000
0010
82c6
0000
0060
c206
0010
0000
0000
4306
0000
0010
8286
0000
0000
41c6
0000
0010
0000
0000
0090
0246
0010
0000
0000
0000
0010
0000
0000
0000
0010
0000
0000
0000
0010
0000
0050
8086
0010
0000
0000
0000
0010
8186
0000
0000
0000
0010
0000
0000
0000
0010
0020
81c6
0010
0000
0000
0000
0010
0000
0000
0000
0010
0000
0000
c0c6
0000
0010
00d0
c2c6
0010
c086
0000
0000
0000
0010
0000
0000
4246
0000
0010
0000
0000
0000
0030
022d
0000
7a0a
0010
4006
0000
0000
0000
0010
8646
0000
0000
0000
0010
0000
0050
c186
0000
0000
0010
c1c6
0000
0000
0206
0000
0010
4106
0000
0000
0000
0010
c646
0000
0000
0010
0000
0000
0000
0010
0000
0000
0000
0010
0000
0000
0000
0010
0030
c686
0010
0000
0000
0000
0010
0000
0000
0000
0010
0000
0000
0000
0010
0000
0080
0686
0000
0000
0010
0000
0000
0000
0010
0000
0000
0000
0010
0000
0000
0000
0020
8306
0010
0000
0000
0000
0010
0000
0000
0000
0010
0000
0000
0000
0010
0000
0050
4206
0000
0000
0010
0000
0000
0000
0010
8606
0000
0000
0000
0010
0000
0000
0646
0010
0000
0000
0000
0010
c306
0000
0000
4686
0000
0010
c606
0000
0000
0000
0020
0606
0010
0000
0000
0000
0010
0000
0000
0000
0010
0000
0000
0000
0010
0000
0150
8686
0010
0000
0000
0000
0010
0000
0000
0000
0010
0000
0000
0000
0010
0000
0020
4606
0000
0000
0010
0000
0000
4646
0000
0010
0000
0000
0000
0010
0000
0000
2ff0
fe85
0007
0000
0000
0001
cc08
fd03
7f79
0000
0010
0000
0000
0000
0010
0000
